Log file open, 01/24/18 00:36:04
LogInit:Display: Running engine for game: BoringMachine
LogPlatformFile: Not using cached read wrapper
LogInit:Display: RandInit(220319988) SRandInit(220319989).
LogTaskGraph: Started task graph with 5 named threads and 8 total threads with 1 sets of task threads.
LogStats: Stats thread started at 0.109720
LogInit: Using libcurl 7.47.1
LogInit:  - built for x86_64-pc-win32
LogInit:  - supports SSL with OpenSSL/1.0.2g
LogInit:  - supports HTTP deflate (compression) using libz 1.2.8
LogInit:  - other features:
LogInit:      CURL_VERSION_SSL
LogInit:      CURL_VERSION_LIBZ
LogInit:      CURL_VERSION_IPV6
LogInit:      CURL_VERSION_ASYNCHDNS
LogInit:      CURL_VERSION_LARGEFILE
LogInit:      CURL_VERSION_IDN
LogInit:  CurlRequestOptions (configurable via config and command line):
LogInit:  - bVerifyPeer = false  - Libcurl will NOT verify peer certificate
LogInit:  - bUseHttpProxy = true  - Libcurl will use HTTP proxy
LogInit:  - HttpProxyAddress = '127.0.0.1:60034'
LogInit:  - bDontReuseConnections = false  - Libcurl will reuse connections
LogInit:  - CertBundlePath = nullptr  - Libcurl will use whatever was configured at build time.
LogInit: Build: ++UE4+Release-4.16-CL-3561208
LogInit: Engine Version: 4.16.3-3561208+++UE4+Release-4.16
LogInit: Compatible Engine Version: 4.16.0-3452394+++UE4+Release-4.16
LogInit: Net CL: 3452394
LogDevObjectVersion: Number of dev versions registered: 16
LogDevObjectVersion:   Dev-Blueprints (B0D832E4-1F89-4F0D-ACCF-7EB736FD4AA2): 9
LogDevObjectVersion:   Dev-Build (E1C64328-A22C-4D53-A36C-8E866417BD8C): 0
LogDevObjectVersion:   Dev-Core (375EC13C-06E4-48FB-B500-84F0262A717E): 2
LogDevObjectVersion:   Dev-Editor (E4B068ED-F494-42E9-A231-DA0B2E46BB41): 17
LogDevObjectVersion:   Dev-Framework (CFFC743F-43B0-4480-9391-14DF171D2073): 23
LogDevObjectVersion:   Dev-Mobile (B02B49B5-BB20-44E9-A304-32B752E40360): 0
LogDevObjectVersion:   Dev-Networking (A4E4105C-59A1-49B5-A7C5-40C4547EDFEE): 0
LogDevObjectVersion:   Dev-Online (39C831C9-5AE6-47DC-9A44-9C173E1C8E7C): 0
LogDevObjectVersion:   Dev-Physics (78F01B33-EBEA-4F98-B9B4-84EACCB95AA2): 0
LogDevObjectVersion:   Dev-Platform (6631380F-2D4D-43E0-8009-CF276956A95A): 0
LogDevObjectVersion:   Dev-Rendering (12F88B9F-8875-4AFC-A67C-D90C383ABD29): 15
LogDevObjectVersion:   Dev-Sequencer (7B5AE74C-D270-4C10-A958-57980B212A5A): 4
LogDevObjectVersion:   Dev-VR (D7296918-1DD6-4BDD-9DE2-64A83CC13884): 0
LogDevObjectVersion:   Dev-LoadTimes (C2A15278-BFE7-4AFE-6C17-90FF531DF755): 1
LogDevObjectVersion:   Private-Geometry (6EACA3D4-40EC-4CC1-B786-8BED09428FC5): 1
LogDevObjectVersion:   Dev-AnimPhys (29E575DD-E0A3-4627-9D10-D276232CDCEA): 3
LogInit: Compiled (64-bit): Jul 28 2017 11:49:47
LogInit: Compiled with Visual C++: 19.00.24215.01
LogInit: Build Configuration: Development
LogInit: Branch Name: ++UE4+Release-4.16
LogInit: Command line: 
LogInit: Base directory: D:/UE4_Version/UE_4.16/Engine/Binaries/Win64/
LogInit: Installed Engine Build: 1
LogInit: Presizing for max 8388607 objects, including 0 objects not considered by GC, pre-allocating 0 bytes for permanent pool.
LogInit: Object subsystem initialized
[2018.01.23-16.36.05:308][  0]LogInit: Selected Device Profile: [Windows]
[2018.01.23-16.36.05:308][  0]LogInit: Applying CVar settings loaded from the selected device profile: [Windows]
[2018.01.23-16.36.05:319][  0]LogInit: Computer: DESKTOP-B7IJ9EN
[2018.01.23-16.36.05:319][  0]LogInit: User: Liuxiang
[2018.01.23-16.36.05:319][  0]LogInit: CPU Page size=4096, Cores=4
[2018.01.23-16.36.05:319][  0]LogInit: High frequency timer resolution =2.835936 MHz
[2018.01.23-16.36.05:319][  0]LogMemory: Memory total: Physical=31.9GB (32GB approx)
[2018.01.23-16.36.05:319][  0]LogMemory: Platform Memory Stats for Windows
[2018.01.23-16.36.05:319][  0]LogMemory: Process Physical Memory: 272.50 MB used, 272.50 MB peak
[2018.01.23-16.36.05:319][  0]LogMemory: Process Virtual Memory: 263.07 MB used, 263.07 MB peak
[2018.01.23-16.36.05:319][  0]LogMemory: Physical Memory: 9309.30 MB used,  23328.09 MB free, 32637.40 MB total
[2018.01.23-16.36.05:319][  0]LogMemory: Virtual Memory: 672.28 MB used,  23328.09 MB free, 134217728.00 MB total
[2018.01.23-16.36.05:969][  0]LogInit: Using OS detected language (zh-CN).
[2018.01.23-16.36.05:969][  0]LogInit: Using OS detected locale (zh-CN).
[2018.01.23-16.36.06:946][  0]LogD3D11RHI: D3D11 adapters:
[2018.01.23-16.36.07:022][  0]LogD3D11RHI:    0. 'NVIDIA GeForce GTX 1070' (Feature Level 11_0)
[2018.01.23-16.36.07:022][  0]LogD3D11RHI:       8081/0/16318 MB DedicatedVideo/DedicatedSystem/SharedSystem, Outputs:1, VendorId:0x10de
[2018.01.23-16.36.07:049][  0]LogD3D11RHI:    1. 'Intel(R) HD Graphics 630' (Feature Level 11_0)
[2018.01.23-16.36.07:049][  0]LogD3D11RHI:       128/0/16318 MB DedicatedVideo/DedicatedSystem/SharedSystem, Outputs:0, VendorId:0x8086
[2018.01.23-16.36.07:052][  0]LogD3D11RHI:    2. 'Microsoft Basic Render Driver' (Feature Level 11_0)
[2018.01.23-16.36.07:052][  0]LogD3D11RHI:       0/0/16318 MB DedicatedVideo/DedicatedSystem/SharedSystem, Outputs:0, VendorId:0x1414
[2018.01.23-16.36.07:052][  0]LogD3D11RHI: Chosen D3D11 Adapter: 0
[2018.01.23-16.36.07:063][  0]LogD3D11RHI: Creating new Direct3DDevice
[2018.01.23-16.36.07:063][  0]LogD3D11RHI:     GPU DeviceId: 0x1ba1 (for the marketing name, search the web for "GPU Device Id")
[2018.01.23-16.36.07:063][  0]LogWindows: EnumDisplayDevices:
[2018.01.23-16.36.07:063][  0]LogWindows:    0. 'NVIDIA GeForce GTX 1070' (P:1 D:1)
[2018.01.23-16.36.07:064][  0]LogWindows:    1. 'NVIDIA GeForce GTX 1070' (P:0 D:0)
[2018.01.23-16.36.07:064][  0]LogWindows:    2. 'NVIDIA GeForce GTX 1070' (P:0 D:0)
[2018.01.23-16.36.07:064][  0]LogWindows:    3. 'NVIDIA GeForce GTX 1070' (P:0 D:0)
[2018.01.23-16.36.07:064][  0]LogWindows:    4. 'Intel(R) HD Graphics 630' (P:0 D:0)
[2018.01.23-16.36.07:064][  0]LogWindows:    5. 'Intel(R) HD Graphics 630' (P:0 D:0)
[2018.01.23-16.36.07:065][  0]LogWindows:    6. 'Intel(R) HD Graphics 630' (P:0 D:0)
[2018.01.23-16.36.07:065][  0]LogWindows: DebugString: GetVideoDriverDetailsInvalid PrimaryIsNotTheChoosenAdapter GetVideoDriverDetailsInvalid PrimaryIsNotTheChoosenAdapter GetVideoDriverDetailsInvalid PrimaryIsNotTheChoosenAdapter GetVideoDriverDetailsInvalid PrimaryIsNotTheChoosenAdapter GetVideoDriverDetailsInvalid PrimaryIsNotTheChoosenAdapter GetVideoDriverDetailsInvalid PrimaryIsNotTheChoosenAdapter GetVideoDriverDetailsInvalid PrimaryIsNotTheChoosenAdapter FoundDriverCount:0 
[2018.01.23-16.36.07:065][  0]LogD3D11RHI:     Adapter Name: NVIDIA GeForce GTX 1070
[2018.01.23-16.36.07:065][  0]LogD3D11RHI:   Driver Version: Unknown (internal:Unknown, unified:Unknown)
[2018.01.23-16.36.07:065][  0]LogD3D11RHI:      Driver Date: Unknown
[2018.01.23-16.36.07:065][  0]LogRHI: Texture pool is 1361 MB (70% of 1945 MB)
[2018.01.23-16.36.07:102][  0]LogD3D11RHI: Async texture creation enabled
[2018.01.23-16.36.07:129][  0]LogD3D11RHI: GPU Timing Frequency: 1000.000000 (Debug: 2 2)
[2018.01.23-16.36.07:172][  0]LogShaderCompilers: Guid format shader working directory is 4 characters bigger than the processId version (../../../../../UE4_Project/TEST/BoringMachine/Intermediate/Shaders/WorkingDirectory/1824/).
[2018.01.23-16.36.07:172][  0]LogShaderCompilers: Cleaned the shader compiler working directory 'C:/Users/Liuxiang/AppData/Local/Temp/UnrealShaderWorkingDir/192EB6CB418B738C704F1CA4AE2A1645/'.
[2018.01.23-16.36.07:172][  0]LogShaderCompilers:Display: Using Local Shader Compiler.
[2018.01.23-16.36.08:350][  0]LogTemp:Display: Loaded TP AllDesktopTargetPlatform
[2018.01.23-16.36.08:399][  0]LogTemp:Display: Loaded TP MacClientTargetPlatform
[2018.01.23-16.36.08:448][  0]LogTemp:Display: Loaded TP MacNoEditorTargetPlatform
[2018.01.23-16.36.08:499][  0]LogTemp:Display: Loaded TP MacServerTargetPlatform
[2018.01.23-16.36.08:556][  0]LogTemp:Display: Loaded TP MacTargetPlatform
[2018.01.23-16.36.08:605][  0]LogTemp:Display: Loaded TP WindowsClientTargetPlatform
[2018.01.23-16.36.08:664][  0]LogTemp:Display: Loaded TP WindowsNoEditorTargetPlatform
[2018.01.23-16.36.08:722][  0]LogTemp:Display: Loaded TP WindowsServerTargetPlatform
[2018.01.23-16.36.08:768][  0]LogTemp:Display: Loaded TP WindowsTargetPlatform
[2018.01.23-16.36.08:819][  0]LogTemp:Display: Loaded TP AndroidTargetPlatform
[2018.01.23-16.36.08:883][  0]LogTemp:Display: Loaded TP Android_ASTCTargetPlatform
[2018.01.23-16.36.08:949][  0]LogTemp:Display: Loaded TP Android_ATCTargetPlatform
[2018.01.23-16.36.09:010][  0]LogTemp:Display: Loaded TP Android_DXTTargetPlatform
[2018.01.23-16.36.09:065][  0]LogTemp:Display: Loaded TP Android_ETC1TargetPlatform
[2018.01.23-16.36.09:112][  0]LogTemp:Display: Loaded TP Android_ETC2TargetPlatform
[2018.01.23-16.36.09:217][  0]LogTemp:Display: Loaded TP Android_MultiTargetPlatform
[2018.01.23-16.36.09:217][  0]LogTemp:Display: Loaded TP Android_PVRTCTargetPlatform
[2018.01.23-16.36.09:256][  0]LogTemp:Display: Loaded TP HTML5TargetPlatform
[2018.01.23-16.36.09:350][  0]LogTemp:Display: Loaded TP IOSTargetPlatform
[2018.01.23-16.36.09:377][  0]LogTemp:Display: Loaded TP TVOSTargetPlatform
[2018.01.23-16.36.09:426][  0]LogTemp:Display: Loaded TP LinuxClientTargetPlatform
[2018.01.23-16.36.09:475][  0]LogTemp:Display: Loaded TP LinuxNoEditorTargetPlatform
[2018.01.23-16.36.09:528][  0]LogTemp:Display: Loaded TP LinuxServerTargetPlatform
[2018.01.23-16.36.09:583][  0]LogTemp:Display: Loaded TP LinuxTargetPlatform
[2018.01.23-16.36.09:583][  0]LogTargetPlatformManager:Display: Building Assets For Windows
[2018.01.23-16.36.10:052][  0]LogDerivedDataCache:Display: Max Cache Size: 512 MB
[2018.01.23-16.36.10:148][  0]LogDerivedDataCache: Loaded boot cache 0.10s 90MB C:/Users/Liuxiang/AppData/Local/UnrealEngine/4.16/DerivedDataCache/Boot.ddc.
[2018.01.23-16.36.10:148][  0]LogDerivedDataCache:Display: Loaded Boot cache: C:/Users/Liuxiang/AppData/Local/UnrealEngine/4.16/DerivedDataCache/Boot.ddc
[2018.01.23-16.36.10:148][  0]LogDerivedDataCache: FDerivedDataBackendGraph:  Pak pak cache file ../../../../../UE4_Project/TEST/BoringMachine/DerivedDataCache/DDC.ddp not found, will not use a pak cache.
[2018.01.23-16.36.10:148][  0]LogDerivedDataCache: Unable to find inner node Pak for hierarchical cache Hierarchy.
[2018.01.23-16.36.10:149][  0]LogDerivedDataCache: FDerivedDataBackendGraph:  CompressedPak pak cache file ../../../../../UE4_Project/TEST/BoringMachine/DerivedDataCache/Compressed.ddp not found, will not use a pak cache.
[2018.01.23-16.36.10:149][  0]LogDerivedDataCache: Unable to find inner node CompressedPak for hierarchical cache Hierarchy.
[2018.01.23-16.36.10:164][  0]LogDerivedDataCache:Display: Pak cache opened for reading ../../../Engine/DerivedDataCache/Compressed.ddp.
[2018.01.23-16.36.10:177][  0]LogDerivedDataCache: Using Local data cache path C:/Users/Liuxiang/AppData/Local/UnrealEngine/Common/DerivedDataCache: Writable
[2018.01.23-16.36.10:187][  0]LogMaterial: Verifying Global Shaders for PCD3D_SM5
[2018.01.23-16.36.10:187][  0]LogSlate: Using Freetype 2.6.0
[2018.01.23-16.36.10:188][  0]LogSlate: SlateFontCache - WITH_FREETYPE: 1, WITH_HARFBUZZ: 1
[2018.01.23-16.36.10:188][  0]LogSlate: SlateFontCache - WITH_FREETYPE: 1, WITH_HARFBUZZ: 1
[2018.01.23-16.36.10:579][  0]LogInit: Selected Device Profile: [Windows]
[2018.01.23-16.36.10:647][  0]LogContentStreaming: Texture pool size is 0.00 MB
[2018.01.23-16.36.10:807][  0]LogMeshUtilities: Using QuadricMeshReduction for automatic static mesh reduction
[2018.01.23-16.36.10:853][  0]LogSimplygon: Simplygon DLL not present - disabling.
[2018.01.23-16.36.10:905][  0]LogMeshUtilities: Using SimplygonSwarm for distributed automatic mesh merging
[2018.01.23-16.36.10:905][  0]LogMeshUtilities: No automatic skeletal mesh reduction module available
[2018.01.23-16.36.10:905][  0]LogMeshUtilities: No automatic mesh merging module available
[2018.01.23-16.36.11:467][  0]LogNetVersion: BoringMachine , NetCL: 3452394, EngineNetVer: 2, GameNetVer: 0 (Checksum: 1412956445)
[2018.01.23-16.36.11:526][  0]LogAssetRegistry: FAssetRegistry took 0.0256 seconds to start up
[2018.01.23-16.36.11:619][  0]LogPackageLocalizationCache: Processed 4 localized package path(s) for 4 prioritized culture(s) in 0.072199 seconds
[2018.01.23-16.36.11:627][  0]LogUObjectArray: 34137 objects as part of root set at end of initial load.
[2018.01.23-16.36.11:627][  0]LogUObjectAllocator: 7249632 out of 0 bytes used by permanent object pool.
[2018.01.23-16.36.11:627][  0]LogUObjectArray: CloseDisregardForGC: 0/0 objects in disregard for GC pool
[2018.01.23-16.36.11:684][  0]LogInit: WinSock: version 1.1 (2.2), MaxSocks=32767, MaxUdp=65467
[2018.01.23-16.36.14:300][  0]LogSubstanceCoreModule: Substance [CPU] Engine Loaded, Max Texture Size = 2048
[2018.01.23-16.36.14:332][  0]LogTcpMessaging: Initializing TcpMessaging bridge
[2018.01.23-16.36.14:374][  0]LogUdpMessaging: Initializing bridge on interface 0.0.0.0:0 to multicast group 230.0.0.1:6666.
[2018.01.23-16.36.14:944][  0]LogMaterial: Uniform references updated for custom material expression Custom.
[2018.01.23-16.36.15:379][  0]SourceControl: 信息 源码控制已禁用
[2018.01.23-16.36.15:383][  0]SourceControl: 信息 源码控制已禁用
[2018.01.23-16.36.15:436][  0]SourceControl: 信息 源码控制已禁用
[2018.01.23-16.36.15:485][  0]SourceControl: 信息 源码控制已禁用
[2018.01.23-16.36.16:217][  0]LogAndroidPermission: UAndroidPermissionCallbackProxy::GetInstance
[2018.01.23-16.36.16:704][  0]LogEngine: Initializing Engine...
[2018.01.23-16.36.16:912][  0]LogStats: UGameplayTagsManager::ConstructGameplayTagTree: Construct from data asset -  0.000 s
[2018.01.23-16.36.16:912][  0]LogStats: UGameplayTagsManager::ConstructGameplayTagTree: GameplayTagTreeChangedEvent.Broadcast -  0.000 s
[2018.01.23-16.36.17:043][  0]LogAIModule: Creating AISystem for world Untitled
[2018.01.23-16.36.17:056][  0]LogInit: XAudio2 using '扬声器/听筒 (Realtek Audio)' : 6 channels at 48 kHz using 32 bits per sample (channel mask 0x3f)
[2018.01.23-16.36.17:154][  0]LogInit: FAudioDevice initialized.
[2018.01.23-16.36.17:203][  0]LogDerivedDataCache: Saved boot cache 0.05s 90MB C:/Users/Liuxiang/AppData/Local/UnrealEngine/4.16/DerivedDataCache/Boot.ddc.
[2018.01.23-16.36.17:212][  0]LogInit: Texture streaming: Enabled
[2018.01.23-16.36.17:290][  0]LogEngineSessionManager: EngineSessionManager initialized
[2018.01.23-16.36.17:512][  0]LogInit: Transaction tracking system initialized
[2018.01.23-16.36.17:824][  0]BlueprintLog: New page: 编辑器加载
[2018.01.23-16.36.18:765][  0]LocalizationService: 信息 本地化服务已被禁用
[2018.01.23-16.36.19:456][  0]LogConsoleResponse:Display: 
[2018.01.23-16.36.19:607][  0]LogCook:Display: Max memory allowance for cook 16384mb min free memory 0mb
[2018.01.23-16.36.19:608][  0]LogCook:Display: Mobile HDR setting 1
[2018.01.23-16.36.19:766][  0]LogFileCache: Scanning file cache for directory 'D:/UE4_Project/TEST/BoringMachine/Content/' took 0.04s
[2018.01.23-16.36.20:674][  0]SourceControl: 信息 源码控制已禁用
[2018.01.23-16.36.20:674][  0]Cmd: MAP LOAD FILE="../../../Engine/Content/Maps/Templates/Template_Default.umap" TEMPLATE=1 SHOWPROGRESS=1 FEATURELEVEL=3
[2018.01.23-16.36.20:675][  0]LightingResults: New page: 光照构建
[2018.01.23-16.36.20:714][  0]MapCheck: New page: 地图检测
[2018.01.23-16.36.20:714][  0]LightingResults: New page: 光照构建
[2018.01.23-16.36.20:759][  0]LogLinker:Warning: 无法寻找到文件'/Game/TRT/FYTRT_1102/M/lambert58'
[2018.01.23-16.36.20:759][  0]LogLinker:Warning: 无法在加载../../../Engine/Content/EngineSky/BP_Sky_Sphere.uasset时寻找到资源'/Game/TRT/FYTRT_1102/M/lambert58'的文件。
[2018.01.23-16.36.20:759][  0]LoadErrors:Error: 错误 /Engine/EngineSky/BP_Sky_Sphere : 无法寻找到资源的文件。 /Game/TRT/FYTRT_1102/M/lambert58
[2018.01.23-16.36.20:760][  0]LogLinker:Warning: 无法寻找到文件'/Game/TRT/FYTRT_1102/M/lambert58'
[2018.01.23-16.36.20:760][  0]LogLinker:Warning: 无法在加载../../../Engine/Content/EngineSky/BP_Sky_Sphere.uasset时寻找到资源'/Game/TRT/FYTRT_1102/M/lambert58'的文件。
[2018.01.23-16.36.20:760][  0]LoadErrors:Error: 错误 /Engine/EngineSky/BP_Sky_Sphere : 无法寻找到资源的文件。 /Game/TRT/FYTRT_1102/M/lambert58
[2018.01.23-16.36.20:769][  0]LogLinker:Warning: 无法寻找到文件'/Game/TRT/FYTRT_1102/M/lambert58'
[2018.01.23-16.36.20:769][  0]LogLinker:Warning: 无法在加载../../../Engine/Content/Maps/Templates/Template_Default.umap时寻找到资源'/Game/TRT/FYTRT_1102/M/lambert58'的文件。
[2018.01.23-16.36.20:769][  0]LoadErrors:Error: 错误 /Engine/Maps/Templates/Template_Default : 无法寻找到资源的文件。 /Game/TRT/FYTRT_1102/M/lambert58
[2018.01.23-16.36.20:769][  0]LogLinker:Warning: 无法寻找到文件'/Game/TRT/FYTRT_1102/M/lambert58'
[2018.01.23-16.36.20:769][  0]LogLinker:Warning: 无法在加载../../../Engine/Content/Maps/Templates/Template_Default.umap时寻找到资源'/Game/TRT/FYTRT_1102/M/lambert58'的文件。
[2018.01.23-16.36.20:769][  0]LoadErrors:Error: 错误 /Engine/Maps/Templates/Template_Default : 无法寻找到资源的文件。 /Game/TRT/FYTRT_1102/M/lambert58
[2018.01.23-16.36.20:778][  0]LogLinker:Warning: 无法寻找到文件'/Game/TRT/FYTRT_1102/M/lambert58'
[2018.01.23-16.36.20:778][  0]LoadErrors: 信息 加载失败 /Game/TRT/FYTRT_1102/M/lambert58.lambert58 引用者 StaticMeshComponent_12
[2018.01.23-16.36.20:778][  0]LogLinker:Warning: 无法在加载../../../Engine/Content/Maps/Templates/Template_Default.umap时寻找到资源'/Game/TRT/FYTRT_1102/M/lambert58'的文件。
[2018.01.23-16.36.20:778][  0]LoadErrors: 信息 加载失败 /Game/TRT/FYTRT_1102/M/lambert58.lambert58 引用者 StaticMeshComponent_12
[2018.01.23-16.36.20:778][  0]LoadErrors:Error: 错误 /Engine/Maps/Templates/Template_Default : 无法寻找到资源的文件。 /Game/TRT/FYTRT_1102/M/lambert58
[2018.01.23-16.36.20:885][  0]LogAIModule: Creating AISystem for world Untitled_1
[2018.01.23-16.36.20:885][  0]LogActorComponent: RegisterComponentWithWorld: (/Temp/Untitled_1.Untitled_1:PersistentLevel.WorldSettings_1.StaticMeshComponent0) Trying to register component with IsPendingKill() == true. Aborting.
[2018.01.23-16.36.20:890][  0]LogEditorServer: Finished looking for orphan Actors (0.000 secs)
[2018.01.23-16.36.20:904][  0]Cmd: MAP CHECKDEP NOCLEARLOG
[2018.01.23-16.36.20:963][  0]MapCheck: 信息 地图检测完成：0个错误，0 个警告，用时59.149毫秒完成。
[2018.01.23-16.36.20:963][  0]LogFileHelpers: Loading map 'Template_Default' took 0.289
[2018.01.23-16.36.21:103][  0]LogCollectionManager: Loaded 0 collections in 0.001257 seconds
[2018.01.23-16.36.21:184][  0]LogFileCache: Scanning file cache for directory 'D:/UE4_Project/TEST/BoringMachine/Saved/Collections/' took 0.01s
[2018.01.23-16.36.21:184][  0]LogFileCache: Scanning file cache for directory 'D:/UE4_Project/TEST/BoringMachine/Content/Developers/Liuxiang/Collections/' took 0.01s
[2018.01.23-16.36.21:184][  0]LogFileCache: Scanning file cache for directory 'D:/UE4_Project/TEST/BoringMachine/Content/Collections/' took 0.01s
[2018.01.23-16.36.21:184][  0]LogCollectionManager: Rebuilt the GUID cache for 0 collections in 0.000002 seconds
[2018.01.23-16.36.21:195][  0]LogContentBrowser: Native class hierarchy populated in 0.0109 seconds. Added 2338 classes and 487 folders.
[2018.01.23-16.36.21:258][  0]LogContentBrowser: Native class hierarchy updated for 'WidgetCarousel' in 0.0006 seconds. Added 0 classes and 0 folders.
[2018.01.23-16.36.21:327][  0]LogContentBrowser: Native class hierarchy updated for 'AddContentDialog' in 0.0006 seconds. Added 0 classes and 0 folders.
[2018.01.23-16.36.21:380][  0]LogContentBrowser: Native class hierarchy updated for 'SceneOutliner' in 0.0007 seconds. Added 1 classes and 2 folders.
[2018.01.23-16.36.21:460][  0]LogCrashTracker: Crashtracker disabled due to settings.
[2018.01.23-16.36.21:473][  0]LogDirectoryWatcher:Warning: Failed to begin reading directory changes for ../../../../../UE4_Project/TEST/BoringMachine/Plugins/. Error: 系统找不到指定的文件。 (0x00000002)
[2018.01.23-16.36.21:508][  0]LogSlate: Took 0.000374 seconds to synchronously load lazily loaded font '../../../Engine/Content/Slate/Fonts/Roboto-Regular.ttf' (155K)
[2018.01.23-16.36.21:511][  0]LogSlate: Took 0.002302 seconds to synchronously load lazily loaded font '../../../Engine/Content/Slate/Fonts/DroidSansFallback.ttf' (3848K)
[2018.01.23-16.36.21:512][  0]LogSlate: Took 0.000226 seconds to synchronously load lazily loaded font '../../../Engine/Content/Slate/Fonts/Roboto-Bold.ttf' (160K)
[2018.01.23-16.36.21:516][  0]LogSlate: Took 0.000351 seconds to synchronously load lazily loaded font '../../../Engine/Content/Editor/Slate/Fonts/FontAwesome.ttf' (139K)
[2018.01.23-16.36.21:614][  0]LogRenderer: Reallocating scene render targets to support 1264x600 NumSamples 1 (Frame:1).
[2018.01.23-16.36.21:753][  0]LogUObjectGlobals:Warning: 寻找对象'Class 无.'失败
[2018.01.23-16.36.21:824][  0]LogContentBrowser: Native class hierarchy updated for 'HierarchicalLODOutliner' in 0.0011 seconds. Added 1 classes and 2 folders.
[2018.01.23-16.36.21:825][  0]LogLoad: (Engine Initialization) Total time: 18.23 seconds
[2018.01.23-16.36.21:825][  0]LogLoad: (Engine Initialization) Total Blueprint compile time: 0.08 seconds
[2018.01.23-16.36.21:825][  0]LogExternalProfiler: Found external profiler: VSPerf
[2018.01.23-16.36.21:825][  0]LogExternalProfiler: Using external profiler: VSPerf
[2018.01.23-16.36.22:171][  0]LogHMD: Starting GearVRController plugin
[2018.01.23-16.36.22:192][  0]LogContentStreaming: Texture pool size now 1000 MB
[2018.01.23-16.36.22:286][  0]LogSlate: Took 0.000352 seconds to synchronously load lazily loaded font '../../../Engine/Content/Slate/Fonts/Roboto-Light.ttf' (159K)
[2018.01.23-16.36.23:841][  5]LogAssetRegistry: Asset discovery search completed in 12.3375 seconds
[2018.01.23-16.36.23:856][  5]LogCollectionManager: Rebuilt the object cache for 0 collections in 0.000001 seconds (found 0 objects)
[2018.01.23-16.36.23:856][  5]LogCollectionManager: Fixed up redirectors for 0 collections in 0.000063 seconds (updated 0 objects)
[2018.01.23-16.37.38:414][764]LogDirectoryWatcher: A directory notification for '../../../Engine/Plugins/' was aborted.
[2018.01.23-16.37.47:994][289]LogSlate: Only BGRA pngs, bmps or icos are supported in by External Image Picker
[2018.01.23-16.37.48:180][297]LogTemp: Executing iPhonePackager certificates Engine -bundlename com.YourCompany.BoringMachine
[2018.01.23-16.37.48:181][297]LogTemp: CWD: D:\UE4_Version\UE_4.16\Engine\Binaries\DotNET\IOS
[2018.01.23-16.37.48:181][297]LogTemp: Initial Dir: D:\UE4_Version\UE_4.16
[2018.01.23-16.37.48:181][297]LogTemp: Env CWD: D:\UE4_Version\UE_4.16\Engine\Binaries\DotNET\IOS
[2018.01.23-16.37.48:181][297]LogTemp: BranchPath = DESKTOP-B7IJ9EN/D/UE4_Version/UE_4.16/Engine/Binaries --- GameBranchPath = DESKTOP-B7IJ9EN/D/UE4_Version/UE_4.16/Engine/Binaries
[2018.01.23-16.37.48:195][298]LogTemp: IPP ERROR: Could not find provision directory 'C:\Users\Liuxiang\AppData\Local/Apple Computer/MobileDevice/Provisioning Profiles/'.
[2018.01.23-16.41.23:650][941]LogWindowsTextInputMethodSystem:Display: IME system now activated using TSF (搜狗拼音输入法).
[2018.01.23-16.41.23:839][942]Cmd: QUIT_EDITOR
[2018.01.23-16.41.23:873][942]LogExit: Preparing to exit.
[2018.01.23-16.41.24:599][942]LogDirectoryWatcher: A directory notification for 'D:/UE4_Project/TEST/BoringMachine/Content/' was aborted.
[2018.01.23-16.41.24:614][942]LogExit: Editor shut down
[2018.01.23-16.41.24:618][942]LogExit: Transaction tracking system shut down
[2018.01.23-16.41.24:678][942]LogObj: Freed 0b from 0 cluster array pools.
[2018.01.23-16.41.24:678][942]LogExit: Object subsystem successfully closed.
[2018.01.23-16.41.24:703][942]LogD3D11RHI: Shutdown
[2018.01.23-16.41.24:703][942]LogD3D11RHI: CleanupD3DDevice
[2018.01.23-16.41.24:813][942]LogD3D11RHI: ~FD3D11DynamicRHI
[2018.01.23-16.41.24:825][942]LogModuleManager: Shutting down and abandoning module ExternalImagePicker (520)
[2018.01.23-16.41.24:826][942]LogModuleManager: Shutting down and abandoning module HierarchicalLODOutliner (518)
[2018.01.23-16.41.24:826][942]LogModuleManager: Shutting down and abandoning module CrashTracker (516)
[2018.01.23-16.41.24:826][942]LogModuleManager: Shutting down and abandoning module SceneOutliner (514)
[2018.01.23-16.41.24:826][942]LogModuleManager: Shutting down and abandoning module AddContentDialog (512)
[2018.01.23-16.41.24:826][942]LogDirectoryWatcher: A directory notification for 'D:/UE4_Version/UE_4.16/FeaturePacks/' was aborted.
[2018.01.23-16.41.24:827][942]LogModuleManager: Shutting down and abandoning module WidgetCarousel (511)
[2018.01.23-16.41.24:827][942]LogModuleManager: Shutting down and abandoning module EditorWidgets (508)
[2018.01.23-16.41.24:827][942]LogModuleManager: Shutting down and abandoning module CollectionManager (506)
[2018.01.23-16.41.24:827][942]LogDirectoryWatcher: A directory notification for 'D:/UE4_Project/TEST/BoringMachine/Content/Collections/' was aborted.
[2018.01.23-16.41.24:827][942]LogDirectoryWatcher: A directory notification for 'D:/UE4_Project/TEST/BoringMachine/Content/Developers/Liuxiang/Collections/' was aborted.
[2018.01.23-16.41.24:827][942]LogDirectoryWatcher: A directory notification for 'D:/UE4_Project/TEST/BoringMachine/Saved/Collections/' was aborted.
[2018.01.23-16.41.24:827][942]LogModuleManager: Shutting down and abandoning module StatsViewer (504)
[2018.01.23-16.41.24:827][942]LogModuleManager: Shutting down and abandoning module FoliageEdit (502)
[2018.01.23-16.41.24:827][942]LogModuleManager: Shutting down and abandoning module LandscapeEditor (500)
[2018.01.23-16.41.24:827][942]LogModuleManager: Shutting down and abandoning module MeshPaintMode (498)
[2018.01.23-16.41.24:827][942]LogModuleManager: Shutting down and abandoning module SceneDepthPickerMode (496)
[2018.01.23-16.41.24:827][942]LogModuleManager: Shutting down and abandoning module ActorPickerMode (494)
[2018.01.23-16.41.24:827][942]LogModuleManager: Shutting down and abandoning module GeometryMode (492)
[2018.01.23-16.41.24:827][942]LogModuleManager: Shutting down and abandoning module TextureAlignMode (490)
[2018.01.23-16.41.24:827][942]LogModuleManager: Shutting down and abandoning module BspMode (488)
[2018.01.23-16.41.24:827][942]LogModuleManager: Shutting down and abandoning module HardwareSurvey (486)
[2018.01.23-16.41.24:827][942]LogModuleManager: Shutting down and abandoning module SequenceRecorderSections (484)
[2018.01.23-16.41.24:827][942]LogModuleManager: Shutting down and abandoning module AutomationWorker (482)
[2018.01.23-16.41.24:827][942]LogModuleManager: Shutting down and abandoning module MatineeToLevelSequence (480)
[2018.01.23-16.41.24:827][942]LogModuleManager: Shutting down and abandoning module LevelSequenceEditor (478)
[2018.01.23-16.41.24:827][942]LogModuleManager: Shutting down and abandoning module PlacementMode (477)
[2018.01.23-16.41.24:827][942]LogModuleManager: Shutting down and abandoning module WmfMediaFactory (474)
[2018.01.23-16.41.24:827][942]LogModuleManager: Shutting down and abandoning module WmfMediaEditor (472)
[2018.01.23-16.41.24:827][942]LogModuleManager: Shutting down and abandoning module AvfMediaFactory (470)
[2018.01.23-16.41.24:827][942]LogModuleManager: Shutting down and abandoning module AvfMediaEditor (468)
[2018.01.23-16.41.24:827][942]LogModuleManager: Shutting down and abandoning module AndroidMediaFactory (466)
[2018.01.23-16.41.24:827][942]LogModuleManager: Shutting down and abandoning module Media (465)
[2018.01.23-16.41.24:827][942]LogModuleManager: Shutting down and abandoning module AndroidMediaEditor (462)
[2018.01.23-16.41.24:827][942]LogModuleManager: Shutting down and abandoning module CharacterAI (460)
[2018.01.23-16.41.24:827][942]LogModuleManager: Shutting down and abandoning module AudioCapture (458)
[2018.01.23-16.41.24:827][942]LogModuleManager: Shutting down and abandoning module SequenceRecorder (457)
[2018.01.23-16.41.24:827][942]LogModuleManager: Shutting down and abandoning module SmartSnapping (454)
[2018.01.23-16.41.24:827][942]LogModuleManager: Shutting down and abandoning module SessionServices (452)
[2018.01.23-16.41.24:827][942]LogModuleManager: Shutting down and abandoning module ViewportSnapping (450)
[2018.01.23-16.41.24:827][942]LogModuleManager: Shutting down and abandoning module ViewportInteraction (448)
[2018.01.23-16.41.24:827][942]LogModuleManager: Shutting down and abandoning module ClothPainter (446)
[2018.01.23-16.41.24:827][942]LogModuleManager: Shutting down and abandoning module LogVisualizer (444)
[2018.01.23-16.41.24:828][942]LogModuleManager: Shutting down and abandoning module IntroTutorials (442)
[2018.01.23-16.41.24:828][942]LogModuleManager: Shutting down and abandoning module GameProjectGeneration (441)
[2018.01.23-16.41.24:828][942]LogModuleManager: Shutting down and abandoning module EditorLiveStreaming (438)
[2018.01.23-16.41.24:828][942]LogModuleManager: Shutting down and abandoning module IOSPlatformEditor (436)
[2018.01.23-16.41.24:828][942]LogModuleManager: Shutting down and abandoning module HTML5PlatformEditor (434)
[2018.01.23-16.41.24:828][942]LogModuleManager: Shutting down and abandoning module AndroidPlatformEditor (432)
[2018.01.23-16.41.24:828][942]LogModuleManager: Shutting down and abandoning module AndroidDeviceDetection (431)
[2018.01.23-16.41.25:202][942]LogModuleManager: Shutting down and abandoning module IOSRuntimeSettings (428)
[2018.01.23-16.41.25:202][942]LogModuleManager: Shutting down and abandoning module AndroidRuntimeSettings (426)
[2018.01.23-16.41.25:202][942]LogModuleManager: Shutting down and abandoning module InputBindingEditor (424)
[2018.01.23-16.41.25:202][942]LogModuleManager: Shutting down and abandoning module MergeActors (422)
[2018.01.23-16.41.25:202][942]LogModuleManager: Shutting down and abandoning module SizeMap (420)
[2018.01.23-16.41.25:202][942]LogModuleManager: Shutting down and abandoning module TreeMap (418)
[2018.01.23-16.41.25:202][942]LogModuleManager: Shutting down and abandoning module ReferenceViewer (416)
[2018.01.23-16.41.25:202][942]LogModuleManager: Shutting down and abandoning module LocalizationDashboard (414)
[2018.01.23-16.41.25:202][942]LogModuleManager: Shutting down and abandoning module LocalizationService (413)
[2018.01.23-16.41.25:202][942]LogModuleManager: Shutting down and abandoning module HardwareTargeting (410)
[2018.01.23-16.41.25:202][942]LogModuleManager: Shutting down and abandoning module DeviceProfileEditor (408)
[2018.01.23-16.41.25:202][942]LogModuleManager: Shutting down and abandoning module UndoHistory (406)
[2018.01.23-16.41.25:202][942]LogModuleManager: Shutting down and abandoning module UserFeedback (404)
[2018.01.23-16.41.25:202][942]LogModuleManager: Shutting down and abandoning module XmlParser (402)
[2018.01.23-16.41.25:202][942]LogModuleManager: Shutting down and abandoning module Blutility (400)
[2018.01.23-16.41.25:202][942]LogModuleManager: Shutting down and abandoning module ProjectSettingsViewer (398)
[2018.01.23-16.41.25:203][942]LogModuleManager: Shutting down and abandoning module ProjectTargetPlatformEditor (397)
[2018.01.23-16.41.25:203][942]LogModuleManager: Shutting down and abandoning module EditorSettingsViewer (394)
[2018.01.23-16.41.25:203][942]LogModuleManager: Shutting down and abandoning module SettingsEditor (392)
[2018.01.23-16.41.25:203][942]LogModuleManager: Shutting down and abandoning module ProjectLauncher (390)
[2018.01.23-16.41.25:203][942]LogModuleManager: Shutting down and abandoning module SessionFrontend (388)
[2018.01.23-16.41.25:203][942]LogModuleManager: Shutting down and abandoning module ProfilerClient (386)
[2018.01.23-16.41.25:203][942]LogModuleManager: Shutting down and abandoning module DeviceManager (384)
[2018.01.23-16.41.25:203][942]LogModuleManager: Shutting down and abandoning module TargetDeviceServices (383)
[2018.01.23-16.41.25:268][942]LogModuleManager: Shutting down and abandoning module AutomationController (380)
[2018.01.23-16.41.25:268][942]LogModuleManager: Shutting down and abandoning module AutomationWindow (378)
[2018.01.23-16.41.25:268][942]LogModuleManager: Shutting down and abandoning module Layers (376)
[2018.01.23-16.41.25:268][942]LogModuleManager: Shutting down and abandoning module ComponentVisualizers (374)
[2018.01.23-16.41.25:268][942]LogModuleManager: Shutting down and abandoning module DetailCustomizations (372)
[2018.01.23-16.41.25:268][942]LogModuleManager: Shutting down and abandoning module PackagesDialog (370)
[2018.01.23-16.41.25:268][942]LogModuleManager: Shutting down and abandoning module Persona (368)
[2018.01.23-16.41.25:268][942]LogModuleManager: Shutting down and abandoning module AdvancedPreviewScene (367)
[2018.01.23-16.41.25:268][942]LogModuleManager: Shutting down and abandoning module AnimGraph (365)
[2018.01.23-16.41.25:268][942]LogModuleManager: Shutting down and abandoning module Kismet (362)
[2018.01.23-16.41.25:269][942]LogModuleManager: Shutting down and abandoning module ClassViewer (360)
[2018.01.23-16.41.25:269][942]LogModuleManager: Shutting down and abandoning module Toolbox (358)
[2018.01.23-16.41.25:269][942]LogModuleManager: Shutting down and abandoning module ModuleUI (356)
[2018.01.23-16.41.25:269][942]LogModuleManager: Shutting down and abandoning module MovieSceneTools (354)
[2018.01.23-16.41.25:269][942]LogModuleManager: Shutting down and abandoning module OutputLog (352)
[2018.01.23-16.41.25:269][942]LogModuleManager: Shutting down and abandoning module GammaUI (350)
[2018.01.23-16.41.25:269][942]LogModuleManager: Shutting down and abandoning module Documentation (348)
[2018.01.23-16.41.25:269][942]LogModuleManager: Shutting down and abandoning module MovieSceneTracks (346)
[2018.01.23-16.41.25:269][942]LogModuleManager: Shutting down and abandoning module MovieScene (344)
[2018.01.23-16.41.25:269][942]LogModuleManager: Shutting down and abandoning module Niagara (342)
[2018.01.23-16.41.25:269][942]LogModuleManager: Shutting down and abandoning module NiagaraEditor (341)
[2018.01.23-16.41.25:269][942]LogModuleManager: Shutting down and abandoning module StreamingPauseRendering (338)
[2018.01.23-16.41.25:269][942]LogModuleManager: Shutting down and abandoning module AnalyticsET (336)
[2018.01.23-16.41.25:269][942]LogModuleManager: Shutting down and abandoning module PortalServices (334)
[2018.01.23-16.41.25:269][942]LogModuleManager: Shutting down and abandoning module PortalRpc (332)
[2018.01.23-16.41.25:269][942]LogModuleManager: Shutting down and abandoning module MessagingRpc (330)
[2018.01.23-16.41.25:269][942]LogModuleManager: Shutting down and abandoning module AIModule (328)
[2018.01.23-16.41.25:269][942]LogModuleManager: Shutting down and abandoning module GameplayDebugger (327)
[2018.01.23-16.41.25:269][942]LogModuleManager: Shutting down and abandoning module AITestSuite (325)
[2018.01.23-16.41.25:269][942]LogModuleManager: Shutting down and abandoning module ProfilerService (322)
[2018.01.23-16.41.25:289][942]LogModuleManager: Shutting down and abandoning module TaskGraph (320)
[2018.01.23-16.41.25:289][942]LogModuleManager: Shutting down and abandoning module SubstanceEditor (318)
[2018.01.23-16.41.25:289][942]LogModuleManager: Shutting down and abandoning module ProceduralMeshComponentEditor (316)
[2018.01.23-16.41.25:289][942]LogModuleManager: Shutting down and abandoning module ProceduralMeshComponent (314)
[2018.01.23-16.41.25:289][942]LogModuleManager: Shutting down and abandoning module MobilePatchingUtils (312)
[2018.01.23-16.41.25:289][942]LogModuleManager: Shutting down and abandoning module CustomMeshComponent (310)
[2018.01.23-16.41.25:289][942]LogModuleManager: Shutting down and abandoning module CableComponent (308)
[2018.01.23-16.41.25:289][942]LogModuleManager: Shutting down and abandoning module ArchVisCharacter (306)
[2018.01.23-16.41.25:289][942]LogModuleManager: Shutting down and abandoning module AndroidPermission (304)
[2018.01.23-16.41.25:289][942]LogModuleManager: Shutting down and abandoning module MediaPlayerEditor (300)
[2018.01.23-16.41.25:289][942]LogModuleManager: Shutting down and abandoning module HTML5Networking (298)
[2018.01.23-16.41.25:289][942]LogModuleManager: Shutting down and abandoning module AlembicImporter (296)
[2018.01.23-16.41.25:289][942]LogModuleManager: Shutting down and abandoning module AlembicLibrary (295)
[2018.01.23-16.41.25:289][942]LogModuleManager: Shutting down and abandoning module GeometryCache (294)
[2018.01.23-16.41.25:289][942]LogModuleManager: Shutting down and abandoning module GeometryCacheEd (293)
[2018.01.23-16.41.25:289][942]LogModuleManager: Shutting down and abandoning module SuperSearchEditor (288)
[2018.01.23-16.41.25:289][942]LogModuleManager: Shutting down and abandoning module SuperSearch (287)
[2018.01.23-16.41.25:289][942]LogModuleManager: Shutting down and abandoning module SpeedTreeImporter (284)
[2018.01.23-16.41.25:289][942]LogModuleManager: Shutting down and abandoning module PluginBrowser (282)
[2018.01.23-16.41.25:289][942]LogModuleManager: Shutting down and abandoning module MobileLauncherProfileWizard (280)
[2018.01.23-16.41.25:289][942]LogModuleManager: Shutting down and abandoning module VisualStudioSourceCodeAccess (278)
[2018.01.23-16.41.25:289][942]LogModuleManager: Shutting down and abandoning module DesktopPlatform (277)
[2018.01.23-16.41.25:289][942]LogModuleManager: Shutting down and abandoning module UObjectPlugin (274)
[2018.01.23-16.41.25:289][942]LogModuleManager: Shutting down and abandoning module SubversionSourceControl (272)
[2018.01.23-16.41.25:289][942]LogModuleManager: Shutting down and abandoning module PerforceSourceControl (270)
[2018.01.23-16.41.25:289][942]LogModuleManager: Shutting down and abandoning module GitSourceControl (268)
[2018.01.23-16.41.25:290][942]LogModuleManager: Shutting down and abandoning module SourceControl (267)
[2018.01.23-16.41.25:290][942]LogModuleManager: Shutting down and abandoning module LightPropagationVolumeEditor (264)
[2018.01.23-16.41.25:290][942]LogModuleManager: Shutting down and abandoning module PaperTiledImporter (262)
[2018.01.23-16.41.25:290][942]LogModuleManager: Shutting down and abandoning module PaperSpriteSheetImporter (260)
[2018.01.23-16.41.25:290][942]LogModuleManager: Shutting down and abandoning module Paper2DEditor (258)
[2018.01.23-16.41.25:290][942]LogModuleManager: Shutting down and abandoning module MeshPaint (257)
[2018.01.23-16.41.25:290][942]LogModuleManager: Shutting down and abandoning module LevelEditor (255)
[2018.01.23-16.41.25:290][942]LogModuleManager: Shutting down and abandoning module PixelInspectorModule (254)
[2018.01.23-16.41.25:290][942]LogModuleManager: Shutting down and abandoning module MainFrame (252)
[2018.01.23-16.41.25:290][942]LogModuleManager: Shutting down and abandoning module HotReload (251)
[2018.01.23-16.41.25:291][942]LogModuleManager: Shutting down and abandoning module PhysXVehiclesEditor (246)
[2018.01.23-16.41.25:291][942]LogModuleManager: Shutting down and abandoning module PhysXVehicles (244)
[2018.01.23-16.41.25:291][942]LogModuleManager: Shutting down and abandoning module LocationServicesBPLibrary (242)
[2018.01.23-16.41.25:291][942]LogModuleManager: Shutting down and abandoning module ImmediatePhysicsEditor (240)
[2018.01.23-16.41.25:291][942]LogModuleManager: Shutting down and abandoning module ImmediatePhysics (238)
[2018.01.23-16.41.25:291][942]LogModuleManager: Shutting down and abandoning module UdpMessaging (236)
[2018.01.23-16.41.25:392][942]LogModuleManager: Shutting down and abandoning module TcpMessaging (234)
[2018.01.23-16.41.25:493][942]LogModuleManager: Shutting down and abandoning module SubstanceCore (232)
[2018.01.23-16.41.25:493][942]LogModuleManager: Shutting down and abandoning module GameplayTagsEditor (230)
[2018.01.23-16.41.25:493][942]LogModuleManager: Shutting down and abandoning module FacialAnimationEditor (228)
[2018.01.23-16.41.25:493][942]LogModuleManager: Shutting down and abandoning module FacialAnimation (226)
[2018.01.23-16.41.25:493][942]LogModuleManager: Shutting down and abandoning module AssetManagerEditor (224)
[2018.01.23-16.41.25:493][942]LogModuleManager: Shutting down and abandoning module GraphEditor (223)
[2018.01.23-16.41.25:493][942]LogModuleManager: Shutting down and abandoning module ContentBrowser (221)
[2018.01.23-16.41.25:494][942]LogModuleManager: Shutting down and abandoning module LightPropagationVolumeRuntime (218)
[2018.01.23-16.41.25:494][942]LogModuleManager: Shutting down and abandoning module Paper2D (216)
[2018.01.23-16.41.25:494][942]LogModuleManager: Shutting down and abandoning module WindowsMoviePlayer (214)
[2018.01.23-16.41.25:494][942]LogModuleManager: Shutting down and abandoning module WmfMedia (212)
[2018.01.23-16.41.25:496][942]LogModuleManager: Shutting down and abandoning module ClothingSystemEditor (210)
[2018.01.23-16.41.25:496][942]LogModuleManager: Shutting down and abandoning module ClothingSystemRuntime (208)
[2018.01.23-16.41.25:496][942]LogModuleManager: Shutting down and abandoning module MediaAssets (206)
[2018.01.23-16.41.25:496][942]LogModuleManager: Shutting down and abandoning module GameLiveStreaming (204)
[2018.01.23-16.41.25:497][942]LogModuleManager: Shutting down and abandoning module VREditor (202)
[2018.01.23-16.41.25:497][942]LogModuleManager: Shutting down and abandoning module StringTableEditor (200)
[2018.01.23-16.41.25:497][942]LogModuleManager: Shutting down and abandoning module GameplayTasksEditor (198)
[2018.01.23-16.41.25:497][942]LogModuleManager: Shutting down and abandoning module BehaviorTreeEditor (196)
[2018.01.23-16.41.25:497][942]LogModuleManager: Shutting down and abandoning module FunctionalTesting (194)
[2018.01.23-16.41.25:497][942]LogModuleManager: Shutting down and abandoning module CollisionAnalyzer (192)
[2018.01.23-16.41.25:497][942]LogModuleManager: Shutting down and abandoning module UMG (190)
[2018.01.23-16.41.25:497][942]LogModuleManager: Shutting down and abandoning module UMGEditor (189)
[2018.01.23-16.41.25:497][942]LogModuleManager: Shutting down and abandoning module Sequencer (188)
[2018.01.23-16.41.25:497][942]LogModuleManager: Shutting down and abandoning module AssetTools (186)
[2018.01.23-16.41.25:497][942]LogModuleManager: Shutting down and abandoning module MessageLog (185)
[2018.01.23-16.41.25:497][942]LogModuleManager: Shutting down and abandoning module WorkspaceMenuStructure (184)
[2018.01.23-16.41.25:497][942]LogModuleManager: Shutting down and abandoning module SlateReflector (178)
[2018.01.23-16.41.25:497][942]LogModuleManager: Shutting down and abandoning module Slate (176)
[2018.01.23-16.41.25:497][942]LogModuleManager: Shutting down and abandoning module EditorStyle (174)
[2018.01.23-16.41.25:499][942]LogModuleManager: Shutting down and abandoning module SourceCodeAccess (172)
[2018.01.23-16.41.25:499][942]LogModuleManager: Shutting down and abandoning module HeadMountedDisplay (170)
[2018.01.23-16.41.25:499][942]LogModuleManager: Shutting down and abandoning module XAudio2 (168)
[2018.01.23-16.41.25:499][942]LogModuleManager: Shutting down and abandoning module Networking (166)
[2018.01.23-16.41.25:499][942]LogModuleManager: Shutting down and abandoning module Core (162)
[2018.01.23-16.41.25:499][942]LogModuleManager: Shutting down and abandoning module AssetRegistry (160)
[2018.01.23-16.41.25:694][942]LogDirectoryWatcher: A directory notification for '../../../Engine/Content/' was aborted.
[2018.01.23-16.41.25:694][942]LogDirectoryWatcher: A directory notification for '../../../../../UE4_Project/TEST/BoringMachine/Content/' was aborted.
[2018.01.23-16.41.25:694][942]LogDirectoryWatcher: A directory notification for '../../../Engine/Plugins/2D/Paper2D/Content/' was aborted.
[2018.01.23-16.41.25:694][942]LogDirectoryWatcher: A directory notification for '../../../Engine/Plugins/Runtime/GearVR/Content/' was aborted.
[2018.01.23-16.41.25:709][942]LogModuleManager: Shutting down and abandoning module DirectoryWatcher (159)
[2018.01.23-16.41.25:709][942]LogModuleManager: Shutting down and abandoning module KismetCompiler (156)
[2018.01.23-16.41.25:709][942]LogModuleManager: Shutting down and abandoning module LevelSequence (154)
[2018.01.23-16.41.25:709][942]LogModuleManager: Shutting down and abandoning module PhysXFormats (152)
[2018.01.23-16.41.25:709][942]LogModuleManager: Shutting down and abandoning module MeshUtilities (150)
[2018.01.23-16.41.25:709][942]LogModuleManager: Shutting down and abandoning module SimplygonSwarm (149)
[2018.01.23-16.41.25:709][942]LogModuleManager: Shutting down and abandoning module SimplygonMeshReduction (147)
[2018.01.23-16.41.25:709][942]LogModuleManager: Shutting down and abandoning module QuadricMeshReduction (145)
[2018.01.23-16.41.25:709][942]LogModuleManager: Shutting down and abandoning module DerivedDataCache (142)
[2018.01.23-16.41.25:719][942]LogDerivedDataCache: Shutdown
[2018.01.23-16.41.25:719][942]LogModuleManager: Shutting down and abandoning module TargetPlatform (140)
[2018.01.23-16.41.25:719][942]LogModuleManager: Shutting down and abandoning module VulkanShaderFormat (139)
[2018.01.23-16.41.25:719][942]LogModuleManager: Shutting down and abandoning module ShaderFormatVectorVM (137)
[2018.01.23-16.41.25:719][942]LogModuleManager: Shutting down and abandoning module ShaderFormatOpenGL (135)
[2018.01.23-16.41.25:719][942]LogModuleManager: Shutting down and abandoning module ShaderFormatD3D (133)
[2018.01.23-16.41.25:719][942]LogModuleManager: Shutting down and abandoning module MetalShaderFormat (131)
[2018.01.23-16.41.25:719][942]LogModuleManager: Shutting down and abandoning module TextureFormatUncompressed (129)
[2018.01.23-16.41.25:719][942]LogModuleManager: Shutting down and abandoning module TextureFormatPVR (127)
[2018.01.23-16.41.25:719][942]LogModuleManager: Shutting down and abandoning module TextureFormatDXT (125)
[2018.01.23-16.41.25:719][942]LogModuleManager: Shutting down and abandoning module TextureFormatIntelISPCTexComp (123)
[2018.01.23-16.41.25:719][942]LogModuleManager: Shutting down and abandoning module TextureFormatASTC (121)
[2018.01.23-16.41.25:719][942]LogModuleManager: Shutting down and abandoning module ImageWrapper (120)
[2018.01.23-16.41.25:719][942]LogModuleManager: Shutting down and abandoning module TextureFormatAndroid (117)
[2018.01.23-16.41.25:719][942]LogModuleManager: Shutting down and abandoning module AudioFormatOpus (115)
[2018.01.23-16.41.25:719][942]LogModuleManager: Shutting down and abandoning module AudioFormatOgg (113)
[2018.01.23-16.41.25:719][942]LogModuleManager: Shutting down and abandoning module AudioFormatADPCM (111)
[2018.01.23-16.41.25:719][942]LogModuleManager: Shutting down and abandoning module LinuxTargetPlatform (109)
[2018.01.23-16.41.25:719][942]LogModuleManager: Shutting down and abandoning module LinuxServerTargetPlatform (107)
[2018.01.23-16.41.25:719][942]LogModuleManager: Shutting down and abandoning module LinuxNoEditorTargetPlatform (105)
[2018.01.23-16.41.25:719][942]LogModuleManager: Shutting down and abandoning module LinuxClientTargetPlatform (103)
[2018.01.23-16.41.25:719][942]LogModuleManager: Shutting down and abandoning module TVOSTargetPlatform (101)
[2018.01.23-16.41.25:719][942]LogModuleManager: Shutting down and abandoning module Messaging (99)
[2018.01.23-16.41.25:720][942]LogModuleManager: Shutting down and abandoning module IOSTargetPlatform (97)
[2018.01.23-16.41.25:720][942]LogModuleManager: Shutting down and abandoning module HTML5TargetPlatform (95)
[2018.01.23-16.41.25:720][942]LogModuleManager: Shutting down and abandoning module Android_PVRTCTargetPlatform (93)
[2018.01.23-16.41.25:720][942]LogModuleManager: Shutting down and abandoning module Android_MultiTargetPlatform (91)
[2018.01.23-16.41.25:720][942]LogModuleManager: Shutting down and abandoning module Android_ETC2TargetPlatform (89)
[2018.01.23-16.41.25:720][942]LogModuleManager: Shutting down and abandoning module Android_ETC1TargetPlatform (87)
[2018.01.23-16.41.25:720][942]LogModuleManager: Shutting down and abandoning module Android_DXTTargetPlatform (85)
[2018.01.23-16.41.25:720][942]LogModuleManager: Shutting down and abandoning module Android_ATCTargetPlatform (83)
[2018.01.23-16.41.25:720][942]LogModuleManager: Shutting down and abandoning module Android_ASTCTargetPlatform (81)
[2018.01.23-16.41.25:720][942]LogModuleManager: Shutting down and abandoning module AndroidTargetPlatform (79)
[2018.01.23-16.41.25:720][942]LogModuleManager: Shutting down and abandoning module WindowsTargetPlatform (77)
[2018.01.23-16.41.25:720][942]LogModuleManager: Shutting down and abandoning module WindowsServerTargetPlatform (75)
[2018.01.23-16.41.25:720][942]LogModuleManager: Shutting down and abandoning module WindowsNoEditorTargetPlatform (73)
[2018.01.23-16.41.25:720][942]LogModuleManager: Shutting down and abandoning module WindowsClientTargetPlatform (71)
[2018.01.23-16.41.25:720][942]LogModuleManager: Shutting down and abandoning module MacTargetPlatform (69)
[2018.01.23-16.41.25:720][942]LogModuleManager: Shutting down and abandoning module MacServerTargetPlatform (67)
[2018.01.23-16.41.25:720][942]LogModuleManager: Shutting down and abandoning module MacNoEditorTargetPlatform (65)
[2018.01.23-16.41.25:720][942]LogModuleManager: Shutting down and abandoning module MacClientTargetPlatform (63)
[2018.01.23-16.41.25:720][942]LogModuleManager: Shutting down and abandoning module AllDesktopTargetPlatform (61)
[2018.01.23-16.41.25:720][942]LogModuleManager: Shutting down and abandoning module InputCore (58)
[2018.01.23-16.41.25:720][942]LogModuleManager: Shutting down and abandoning module Settings (56)
[2018.01.23-16.41.25:720][942]LogModuleManager: Shutting down and abandoning module GearVRController (54)
[2018.01.23-16.41.25:720][942]LogModuleManager: Shutting down and abandoning module GearVR (52)
[2018.01.23-16.41.25:720][942]LogModuleManager: Shutting down and abandoning module ExampleDeviceProfileSelector (50)
[2018.01.23-16.41.25:720][942]LogModuleManager: Shutting down and abandoning module OnlineBlueprintSupport (48)
[2018.01.23-16.41.25:720][942]LogModuleManager: Shutting down and abandoning module OnlineSubsystem (44)
[2018.01.23-16.41.25:720][942]LogOnline:Display: Unloading online subsystem: NULL
[2018.01.23-16.41.25:720][942]LogModuleManager: Shutting down and abandoning module XMPP (43)
[2018.01.23-16.41.25:720][942]LogModuleManager: Shutting down and abandoning module HTTP (41)
[2018.01.23-16.41.25:720][942]LogHttp:Display: Http module shutting down, but needs to wait on 1 outstanding Http requests:
[2018.01.23-16.41.25:720][942]LogHttp:Display: 	verb=[POST] url=[https://datarouter.ol.epicgames.com/datarouter/api/v1/public/data?SessionID=%7B1F7B6359-4FCF-F091-309A-9AB80F67C7F1%7D&AppID=UEEditor.Rocket.Release&AppVersion=4.16.3-3561208%2B%2B%2BUE4%2BRelease-4.16&UserID=ff1163694f33f79656fd72a56a9dd0c2%7C9b78482a5632474b97854dec7515c72e%7C457b8a5b-5b52-4830-b230-b39bec575c9b&AppEnvironment=datacollector-binary&UploadType=eteventstream] status=Processing
[2018.01.23-16.41.25:738][942]LogModuleManager: Shutting down and abandoning module SSL (40)
[2018.01.23-16.41.25:739][942]LogModuleManager: Shutting down and abandoning module HTTPChunkInstaller (36)
[2018.01.23-16.41.25:739][942]LogModuleManager: Shutting down and abandoning module AnimationModifiers (34)
[2018.01.23-16.41.25:739][942]LogModuleManager: Shutting down and abandoning module PropertyEditor (33)
[2018.01.23-16.41.25:739][942]LogModuleManager: Shutting down and abandoning module AudioEditor (30)
[2018.01.23-16.41.25:739][942]LogModuleManager: Shutting down and abandoning module TextureCompressor (28)
[2018.01.23-16.41.25:739][942]LogModuleManager: Shutting down and abandoning module ShaderCore (26)
[2018.01.23-16.41.25:739][942]LogModuleManager: Shutting down and abandoning module Landscape (24)
[2018.01.23-16.41.25:739][942]LogModuleManager: Shutting down and abandoning module SlateRHIRenderer (22)
[2018.01.23-16.41.25:740][942]LogModuleManager: Shutting down and abandoning module OpenGLDrv (20)
[2018.01.23-16.41.25:740][942]LogModuleManager: Shutting down and abandoning module D3D11RHI (18)
[2018.01.23-16.41.25:740][942]LogModuleManager: Shutting down and abandoning module AnimGraphRuntime (16)
[2018.01.23-16.41.25:740][942]LogModuleManager: Shutting down and abandoning module Renderer (14)
[2018.01.23-16.41.25:740][942]LogModuleManager: Shutting down and abandoning module Engine (12)
[2018.01.23-16.41.25:740][942]LogModuleManager: Shutting down and abandoning module CoreUObject (10)
[2018.01.23-16.41.25:740][942]LogModuleManager: Shutting down and abandoning module NetworkFile (8)
[2018.01.23-16.41.25:740][942]LogModuleManager: Shutting down and abandoning module StreamingFile (6)
[2018.01.23-16.41.25:740][942]LogModuleManager: Shutting down and abandoning module SandboxFile (4)
[2018.01.23-16.41.25:740][942]LogModuleManager: Shutting down and abandoning module PakFile (2)
[2018.01.23-16.41.25:742][942]LogExit: Exiting.
[2018.01.23-16.41.25:752][942]Log file closed, 01/24/18 00:41:25
