Log file open, 01/25/18 12:55:04
LogInit:Display: Running engine for game: BoringMachine
LogPlatformFile: Not using cached read wrapper
LogInit:Display: RandInit(665234147) SRandInit(665234147).
LogTaskGraph: Started task graph with 5 named threads and 8 total threads with 1 sets of task threads.
LogStats: Stats thread started at 0.078920
LogInit: Using libcurl 7.47.1
LogInit:  - built for x86_64-pc-win32
LogInit:  - supports SSL with OpenSSL/1.0.2g
LogInit:  - supports HTTP deflate (compression) using libz 1.2.8
LogInit:  - other features:
LogInit:      CURL_VERSION_SSL
LogInit:      CURL_VERSION_LIBZ
LogInit:      CURL_VERSION_IPV6
LogInit:      CURL_VERSION_ASYNCHDNS
LogInit:      CURL_VERSION_LARGEFILE
LogInit:      CURL_VERSION_IDN
LogInit:  CurlRequestOptions (configurable via config and command line):
LogInit:  - bVerifyPeer = false  - Libcurl will NOT verify peer certificate
LogInit:  - bUseHttpProxy = false  - Libcurl will NOT use HTTP proxy
LogInit:  - bDontReuseConnections = false  - Libcurl will reuse connections
LogInit:  - CertBundlePath = nullptr  - Libcurl will use whatever was configured at build time.
LogInit: Build: ++UE4+Release-4.16-CL-3561208
LogInit: Engine Version: 4.16.3-3561208+++UE4+Release-4.16
LogInit: Compatible Engine Version: 4.16.0-3452394+++UE4+Release-4.16
LogInit: Net CL: 3452394
LogDevObjectVersion: Number of dev versions registered: 16
LogDevObjectVersion:   Dev-Blueprints (B0D832E4-1F89-4F0D-ACCF-7EB736FD4AA2): 9
LogDevObjectVersion:   Dev-Build (E1C64328-A22C-4D53-A36C-8E866417BD8C): 0
LogDevObjectVersion:   Dev-Core (375EC13C-06E4-48FB-B500-84F0262A717E): 2
LogDevObjectVersion:   Dev-Editor (E4B068ED-F494-42E9-A231-DA0B2E46BB41): 17
LogDevObjectVersion:   Dev-Framework (CFFC743F-43B0-4480-9391-14DF171D2073): 23
LogDevObjectVersion:   Dev-Mobile (B02B49B5-BB20-44E9-A304-32B752E40360): 0
LogDevObjectVersion:   Dev-Networking (A4E4105C-59A1-49B5-A7C5-40C4547EDFEE): 0
LogDevObjectVersion:   Dev-Online (39C831C9-5AE6-47DC-9A44-9C173E1C8E7C): 0
LogDevObjectVersion:   Dev-Physics (78F01B33-EBEA-4F98-B9B4-84EACCB95AA2): 0
LogDevObjectVersion:   Dev-Platform (6631380F-2D4D-43E0-8009-CF276956A95A): 0
LogDevObjectVersion:   Dev-Rendering (12F88B9F-8875-4AFC-A67C-D90C383ABD29): 15
LogDevObjectVersion:   Dev-Sequencer (7B5AE74C-D270-4C10-A958-57980B212A5A): 4
LogDevObjectVersion:   Dev-VR (D7296918-1DD6-4BDD-9DE2-64A83CC13884): 0
LogDevObjectVersion:   Dev-LoadTimes (C2A15278-BFE7-4AFE-6C17-90FF531DF755): 1
LogDevObjectVersion:   Private-Geometry (6EACA3D4-40EC-4CC1-B786-8BED09428FC5): 1
LogDevObjectVersion:   Dev-AnimPhys (29E575DD-E0A3-4627-9D10-D276232CDCEA): 3
LogInit: Compiled (64-bit): Jul 28 2017 11:49:47
LogInit: Compiled with Visual C++: 19.00.24215.01
LogInit: Build Configuration: Development
LogInit: Branch Name: ++UE4+Release-4.16
LogInit: Command line:  
LogInit: Base directory: C:/Program Files/Epic Games/UE_4.16/Engine/Binaries/Win64/
LogInit: Installed Engine Build: 1
LogInit: Presizing for max 8388607 objects, including 0 objects not considered by GC, pre-allocating 0 bytes for permanent pool.
LogInit: Object subsystem initialized
[2018.01.25-04.55.05:041][  0]LogInit: Selected Device Profile: [Windows]
[2018.01.25-04.55.05:041][  0]LogInit: Applying CVar settings loaded from the selected device profile: [Windows]
[2018.01.25-04.55.05:048][  0]LogInit: Computer: VR1-PC
[2018.01.25-04.55.05:048][  0]LogInit: User: Vr1
[2018.01.25-04.55.05:048][  0]LogInit: CPU Page size=4096, Cores=4
[2018.01.25-04.55.05:048][  0]LogInit: High frequency timer resolution =3.421923 MHz
[2018.01.25-04.55.05:048][  0]LogMemory: Memory total: Physical=16.0GB (16GB approx)
[2018.01.25-04.55.05:048][  0]LogMemory: Platform Memory Stats for Windows
[2018.01.25-04.55.05:048][  0]LogMemory: Process Physical Memory: 272.59 MB used, 272.59 MB peak
[2018.01.25-04.55.05:048][  0]LogMemory: Process Virtual Memory: 259.59 MB used, 259.59 MB peak
[2018.01.25-04.55.05:048][  0]LogMemory: Physical Memory: 4494.18 MB used,  11838.91 MB free, 16333.09 MB total
[2018.01.25-04.55.05:048][  0]LogMemory: Virtual Memory: 607.47 MB used,  11838.91 MB free, 8388608.00 MB total
[2018.01.25-04.55.05:114][  0]LogInit: Overriding language with editor language configuration option (en).
[2018.01.25-04.55.05:114][  0]LogInit: Overriding locale with editor locale configuration option (en).
[2018.01.25-04.55.05:846][  0]LogD3D11RHI: D3D11 adapters:
[2018.01.25-04.55.05:872][  0]LogD3D11RHI:    0. 'NVIDIA GeForce GTX 1080' (Feature Level 11_0)
[2018.01.25-04.55.05:872][  0]LogD3D11RHI:       8084/0/7910 MB DedicatedVideo/DedicatedSystem/SharedSystem, Outputs:1, VendorId:0x10de
[2018.01.25-04.55.05:872][  0]LogD3D11RHI: Chosen D3D11 Adapter: 0
[2018.01.25-04.55.05:875][  0]LogD3D11RHI: Creating new Direct3DDevice
[2018.01.25-04.55.05:875][  0]LogD3D11RHI:     GPU DeviceId: 0x1b80 (for the marketing name, search the web for "GPU Device Id")
[2018.01.25-04.55.05:875][  0]LogWindows: EnumDisplayDevices:
[2018.01.25-04.55.05:876][  0]LogWindows:    0. 'NVIDIA GeForce GTX 1080' (P:1 D:1)
[2018.01.25-04.55.05:876][  0]LogWindows:    1. 'NVIDIA GeForce GTX 1080' (P:0 D:0)
[2018.01.25-04.55.05:876][  0]LogWindows:    2. 'NVIDIA GeForce GTX 1080' (P:0 D:0)
[2018.01.25-04.55.05:877][  0]LogWindows:    3. 'NVIDIA GeForce GTX 1080' (P:0 D:0)
[2018.01.25-04.55.05:877][  0]LogWindows:    4. 'RDPDD Chained DD' (P:0 D:0)
[2018.01.25-04.55.05:877][  0]LogWindows:    5. 'RDP Encoder Mirror Driver' (P:0 D:0)
[2018.01.25-04.55.05:877][  0]LogWindows:    6. 'RDP Reflector Display Driver' (P:0 D:0)
[2018.01.25-04.55.05:877][  0]LogWindows: DebugString: GetVideoDriverDetailsInvalid PrimaryIsNotTheChoosenAdapter GetVideoDriverDetailsInvalid PrimaryIsNotTheChoosenAdapter GetVideoDriverDetailsInvalid PrimaryIsNotTheChoosenAdapter FoundDriverCount:4 
[2018.01.25-04.55.05:877][  0]LogD3D11RHI:     Adapter Name: NVIDIA GeForce GTX 1080
[2018.01.25-04.55.05:877][  0]LogD3D11RHI:   Driver Version: 376.33 (internal:21.21.13.7633, unified:376.33)
[2018.01.25-04.55.05:877][  0]LogD3D11RHI:      Driver Date: 12-11-2016
[2018.01.25-04.55.05:877][  0]LogRHI: Texture pool is 1361 MB (70% of 1945 MB)
[2018.01.25-04.55.05:887][  0]LogD3D11RHI: Async texture creation enabled
[2018.01.25-04.55.05:900][  0]LogD3D11RHI: GPU Timing Frequency: 1000.000000 (Debug: 2 2)
[2018.01.25-04.55.05:942][  0]LogShaderCompilers: Guid format shader working directory is 15 characters bigger than the processId version (E:/Projects/UE4/BoringMachine/Intermediate/Shaders/WorkingDirectory/5656/).
[2018.01.25-04.55.05:943][  0]LogShaderCompilers: Cleaned the shader compiler working directory 'C:/Users/Vr1/AppData/Local/Temp/UnrealShaderWorkingDir/250DCA1244646A2F600CFC946D1FFC27/'.
[2018.01.25-04.55.05:943][  0]LogShaderCompilers:Display: Using Local Shader Compiler.
[2018.01.25-04.55.06:809][  0]LogTemp:Display: Loaded TP AllDesktopTargetPlatform
[2018.01.25-04.55.06:851][  0]LogTemp:Display: Loaded TP MacClientTargetPlatform
[2018.01.25-04.55.06:894][  0]LogTemp:Display: Loaded TP MacNoEditorTargetPlatform
[2018.01.25-04.55.06:937][  0]LogTemp:Display: Loaded TP MacServerTargetPlatform
[2018.01.25-04.55.06:980][  0]LogTemp:Display: Loaded TP MacTargetPlatform
[2018.01.25-04.55.07:023][  0]LogTemp:Display: Loaded TP WindowsClientTargetPlatform
[2018.01.25-04.55.07:065][  0]LogTemp:Display: Loaded TP WindowsNoEditorTargetPlatform
[2018.01.25-04.55.07:107][  0]LogTemp:Display: Loaded TP WindowsServerTargetPlatform
[2018.01.25-04.55.07:145][  0]LogTemp:Display: Loaded TP WindowsTargetPlatform
[2018.01.25-04.55.07:186][  0]LogTemp:Display: Loaded TP AndroidTargetPlatform
[2018.01.25-04.55.07:226][  0]LogTemp:Display: Loaded TP Android_ASTCTargetPlatform
[2018.01.25-04.55.07:267][  0]LogTemp:Display: Loaded TP Android_ATCTargetPlatform
[2018.01.25-04.55.07:308][  0]LogTemp:Display: Loaded TP Android_DXTTargetPlatform
[2018.01.25-04.55.07:349][  0]LogTemp:Display: Loaded TP Android_ETC1TargetPlatform
[2018.01.25-04.55.07:390][  0]LogTemp:Display: Loaded TP Android_ETC2TargetPlatform
[2018.01.25-04.55.07:473][  0]LogTemp:Display: Loaded TP Android_MultiTargetPlatform
[2018.01.25-04.55.07:473][  0]LogTemp:Display: Loaded TP Android_PVRTCTargetPlatform
[2018.01.25-04.55.07:507][  0]LogTemp:Display: Loaded TP HTML5TargetPlatform
[2018.01.25-04.55.07:585][  0]LogTemp:Display: Loaded TP IOSTargetPlatform
[2018.01.25-04.55.07:607][  0]LogTemp:Display: Loaded TP TVOSTargetPlatform
[2018.01.25-04.55.07:648][  0]LogTemp:Display: Loaded TP LinuxClientTargetPlatform
[2018.01.25-04.55.07:689][  0]LogTemp:Display: Loaded TP LinuxNoEditorTargetPlatform
[2018.01.25-04.55.07:730][  0]LogTemp:Display: Loaded TP LinuxServerTargetPlatform
[2018.01.25-04.55.07:772][  0]LogTemp:Display: Loaded TP LinuxTargetPlatform
[2018.01.25-04.55.07:772][  0]LogTargetPlatformManager:Display: Building Assets For Windows
[2018.01.25-04.55.08:142][  0]LogDerivedDataCache:Display: Max Cache Size: 512 MB
[2018.01.25-04.55.08:221][  0]LogDerivedDataCache: Loaded boot cache 0.08s 90MB C:/Users/Vr1/AppData/Local/UnrealEngine/4.16/DerivedDataCache/Boot.ddc.
[2018.01.25-04.55.08:221][  0]LogDerivedDataCache:Display: Loaded Boot cache: C:/Users/Vr1/AppData/Local/UnrealEngine/4.16/DerivedDataCache/Boot.ddc
[2018.01.25-04.55.08:221][  0]LogDerivedDataCache: FDerivedDataBackendGraph:  Pak pak cache file E:/Projects/UE4/BoringMachine/DerivedDataCache/DDC.ddp not found, will not use a pak cache.
[2018.01.25-04.55.08:221][  0]LogDerivedDataCache: Unable to find inner node Pak for hierarchical cache Hierarchy.
[2018.01.25-04.55.08:221][  0]LogDerivedDataCache: FDerivedDataBackendGraph:  CompressedPak pak cache file E:/Projects/UE4/BoringMachine/DerivedDataCache/Compressed.ddp not found, will not use a pak cache.
[2018.01.25-04.55.08:221][  0]LogDerivedDataCache: Unable to find inner node CompressedPak for hierarchical cache Hierarchy.
[2018.01.25-04.55.08:235][  0]LogDerivedDataCache:Display: Pak cache opened for reading ../../../Engine/DerivedDataCache/Compressed.ddp.
[2018.01.25-04.55.08:248][  0]LogDerivedDataCache: Using Local data cache path C:/Users/Vr1/AppData/Local/UnrealEngine/Common/DerivedDataCache: Writable
[2018.01.25-04.55.08:256][  0]LogMaterial: Verifying Global Shaders for PCD3D_SM5
[2018.01.25-04.55.08:256][  0]LogSlate: Using Freetype 2.6.0
[2018.01.25-04.55.08:256][  0]LogSlate: SlateFontCache - WITH_FREETYPE: 1, WITH_HARFBUZZ: 1
[2018.01.25-04.55.08:256][  0]LogSlate: SlateFontCache - WITH_FREETYPE: 1, WITH_HARFBUZZ: 1
[2018.01.25-04.55.08:558][  0]LogInit: Selected Device Profile: [Windows]
[2018.01.25-04.55.08:560][  0]LogContentStreaming: Texture pool size is 0.00 MB
[2018.01.25-04.55.08:758][  0]LogMeshUtilities: Using QuadricMeshReduction for automatic static mesh reduction
[2018.01.25-04.55.08:798][  0]LogSimplygon: Simplygon DLL not present - disabling.
[2018.01.25-04.55.08:838][  0]LogMeshUtilities: Using SimplygonSwarm for distributed automatic mesh merging
[2018.01.25-04.55.08:838][  0]LogMeshUtilities: No automatic skeletal mesh reduction module available
[2018.01.25-04.55.08:838][  0]LogMeshUtilities: No automatic mesh merging module available
[2018.01.25-04.55.09:289][  0]LogNetVersion: BoringMachine , NetCL: 3452394, EngineNetVer: 2, GameNetVer: 0 (Checksum: 1412956445)
[2018.01.25-04.55.09:340][  0]LogAssetRegistry: FAssetRegistry took 0.0229 seconds to start up
[2018.01.25-04.55.09:371][  0]LogPackageLocalizationCache: Processed 4 localized package path(s) for 1 prioritized culture(s) in 0.014736 seconds
[2018.01.25-04.55.09:376][  0]LogUObjectArray: 34136 objects as part of root set at end of initial load.
[2018.01.25-04.55.09:376][  0]LogUObjectAllocator: 7249416 out of 0 bytes used by permanent object pool.
[2018.01.25-04.55.09:376][  0]LogUObjectArray: CloseDisregardForGC: 0/0 objects in disregard for GC pool
[2018.01.25-04.55.09:423][  0]LogInit: WinSock: version 1.1 (2.2), MaxSocks=32767, MaxUdp=65467
[2018.01.25-04.55.11:356][  0]LogSubstanceCoreModule: Substance [CPU] Engine Loaded, Max Texture Size = 2048
[2018.01.25-04.55.11:377][  0]LogTcpMessaging: Initializing TcpMessaging bridge
[2018.01.25-04.55.11:406][  0]LogUdpMessaging: Initializing bridge on interface 0.0.0.0:0 to multicast group 230.0.0.1:6666.
[2018.01.25-04.55.11:844][  0]LogMaterial: Uniform references updated for custom material expression Custom.
[2018.01.25-04.55.12:189][  0]SourceControl: Info Source control is disabled
[2018.01.25-04.55.12:189][  0]SourceControl: Info Source control is disabled
[2018.01.25-04.55.12:227][  0]SourceControl: Info Source control is disabled
[2018.01.25-04.55.12:264][  0]SourceControl: Info Source control is disabled
[2018.01.25-04.55.12:798][  0]LogAndroidPermission: UAndroidPermissionCallbackProxy::GetInstance
[2018.01.25-04.55.13:162][  0]LogEngine: Initializing Engine...
[2018.01.25-04.55.13:348][  0]LogStats: UGameplayTagsManager::ConstructGameplayTagTree: Construct from data asset -  0.000 s
[2018.01.25-04.55.13:348][  0]LogStats: UGameplayTagsManager::ConstructGameplayTagTree: GameplayTagTreeChangedEvent.Broadcast -  0.000 s
[2018.01.25-04.55.13:456][  0]LogAIModule: Creating AISystem for world Untitled
[2018.01.25-04.55.13:494][  0]LogInit: XAudio2 using 'Realtek HD Audio 2nd output (Realtek High Definition Audio)' : 2 channels at 48 kHz using 32 bits per sample (channel mask 0x3)
[2018.01.25-04.55.13:511][  0]LogInit: FAudioDevice initialized.
[2018.01.25-04.55.13:546][  0]LogDerivedDataCache: Saved boot cache 0.04s 90MB C:/Users/Vr1/AppData/Local/UnrealEngine/4.16/DerivedDataCache/Boot.ddc.
[2018.01.25-04.55.13:550][  0]LogInit: Texture streaming: Enabled
[2018.01.25-04.55.13:620][  0]LogEngineSessionManager: EngineSessionManager initialized
[2018.01.25-04.55.13:802][  0]LogInit: Transaction tracking system initialized
[2018.01.25-04.55.14:059][  0]BlueprintLog: New page: Editor Load
[2018.01.25-04.55.14:833][  0]LocalizationService: Info Localization service is disabled
[2018.01.25-04.55.15:393][  0]LogConsoleResponse:Display: 
[2018.01.25-04.55.15:524][  0]LogCook:Display: Max memory allowance for cook 16384mb min free memory 0mb
[2018.01.25-04.55.15:524][  0]LogCook:Display: Mobile HDR setting 1
[2018.01.25-04.55.15:916][  0]LogFileCache: Scanning file cache for directory 'E:/Projects/UE4/BoringMachine/Content/' took 0.01s
[2018.01.25-04.55.16:342][  0]SourceControl: Info Source control is disabled
[2018.01.25-04.55.16:342][  0]Cmd: MAP LOAD FILE="../../../Engine/Content/Maps/Templates/Template_Default.umap" TEMPLATE=1 SHOWPROGRESS=1 FEATURELEVEL=3
[2018.01.25-04.55.16:343][  0]LightingResults: New page: Lighting Build
[2018.01.25-04.55.16:379][  0]MapCheck: New page: Map Check
[2018.01.25-04.55.16:379][  0]LightingResults: New page: Lighting Build
[2018.01.25-04.55.16:552][  0]LogAIModule: Creating AISystem for world Untitled_1
[2018.01.25-04.55.16:553][  0]LogActorComponent: RegisterComponentWithWorld: (/Temp/Untitled_1.Untitled_1:PersistentLevel.WorldSettings_1.StaticMeshComponent0) Trying to register component with IsPendingKill() == true. Aborting.
[2018.01.25-04.55.16:556][  0]LogEditorServer: Finished looking for orphan Actors (0.000 secs)
[2018.01.25-04.55.16:568][  0]Cmd: MAP CHECKDEP NOCLEARLOG
[2018.01.25-04.55.16:596][  0]MapCheck: Info Map check complete: 0 Error(s), 0 Warning(s), took 27.244ms to complete.
[2018.01.25-04.55.16:596][  0]LogFileHelpers: Loading map 'Template_Default' took 0.253
[2018.01.25-04.55.16:712][  0]LogCollectionManager: Loaded 0 collections in 0.001077 seconds
[2018.01.25-04.55.16:784][  0]LogFileCache: Scanning file cache for directory 'E:/Projects/UE4/BoringMachine/Saved/Collections/' took 0.01s
[2018.01.25-04.55.16:784][  0]LogFileCache: Scanning file cache for directory 'E:/Projects/UE4/BoringMachine/Content/Developers/Vr1/Collections/' took 0.01s
[2018.01.25-04.55.16:784][  0]LogFileCache: Scanning file cache for directory 'E:/Projects/UE4/BoringMachine/Content/Collections/' took 0.01s
[2018.01.25-04.55.16:784][  0]LogCollectionManager: Rebuilt the GUID cache for 0 collections in 0.000001 seconds
[2018.01.25-04.55.16:791][  0]LogContentBrowser: Native class hierarchy populated in 0.0075 seconds. Added 2338 classes and 487 folders.
[2018.01.25-04.55.16:844][  0]LogContentBrowser: Native class hierarchy updated for 'WidgetCarousel' in 0.0005 seconds. Added 0 classes and 0 folders.
[2018.01.25-04.55.16:870][  0]LogContentBrowser: Native class hierarchy updated for 'AddContentDialog' in 0.0004 seconds. Added 0 classes and 0 folders.
[2018.01.25-04.55.16:906][  0]LogContentBrowser: Native class hierarchy updated for 'SceneOutliner' in 0.0005 seconds. Added 1 classes and 2 folders.
[2018.01.25-04.55.16:936][  0]LogCrashTracker: Crashtracker disabled due to settings.
[2018.01.25-04.55.16:941][  0]LogSlate: Took 0.000139 seconds to synchronously load lazily loaded font '../../../Engine/Content/Slate/Fonts/Roboto-Regular.ttf' (155K)
[2018.01.25-04.55.16:943][  0]LogSlate: Took 0.000118 seconds to synchronously load lazily loaded font '../../../Engine/Content/Slate/Fonts/Roboto-Bold.ttf' (160K)
[2018.01.25-04.55.16:947][  0]LogSlate: Took 0.000144 seconds to synchronously load lazily loaded font '../../../Engine/Content/Editor/Slate/Fonts/FontAwesome.ttf' (139K)
[2018.01.25-04.55.17:046][  0]LogRenderer: Reallocating scene render targets to support 1208x576 NumSamples 1 (Frame:1).
[2018.01.25-04.55.17:173][  0]LogUObjectGlobals:Warning: Failed to find object 'Class None.'
[2018.01.25-04.55.17:231][  0]LogContentBrowser: Native class hierarchy updated for 'HierarchicalLODOutliner' in 0.0005 seconds. Added 1 classes and 2 folders.
[2018.01.25-04.55.17:231][  0]LogLoad: (Engine Initialization) Total time: 13.32 seconds
[2018.01.25-04.55.17:231][  0]LogLoad: (Engine Initialization) Total Blueprint compile time: 0.07 seconds
[2018.01.25-04.55.17:231][  0]LogExternalProfiler: Found external profiler: VSPerf
[2018.01.25-04.55.17:231][  0]LogExternalProfiler: Using external profiler: VSPerf
[2018.01.25-04.55.17:242][  0]LogHMD: Starting GearVRController plugin
[2018.01.25-04.55.17:262][  0]LogContentStreaming: Texture pool size now 1000 MB
[2018.01.25-04.55.17:306][  0]LogSlate: Took 0.000114 seconds to synchronously load lazily loaded font '../../../Engine/Content/Slate/Fonts/Roboto-Light.ttf' (159K)
[2018.01.25-04.55.17:312][  1]LogAssetRegistry: Asset discovery search completed in 7.9924 seconds
[2018.01.25-04.55.17:316][  1]LogCollectionManager: Rebuilt the object cache for 0 collections in 0.000000 seconds (found 0 objects)
[2018.01.25-04.55.17:316][  1]LogCollectionManager: Fixed up redirectors for 0 collections in 0.000023 seconds (updated 0 objects)
[2018.01.25-04.55.18:257][110]LogSlate: Took 0.000145 seconds to synchronously load lazily loaded font '../../../Engine/Content/Slate/Fonts/Roboto-Light.ttf' (159K)
[2018.01.25-04.55.20:803][395]LogLinker:Warning: Can't find file '/Game/Substance_Material/Textures/Other/metal_aluminium_directional'
[2018.01.25-04.55.20:803][395]LogLinker:Warning: Can't find file for asset '/Game/Substance_Material/Textures/Other/metal_aluminium_directional' while loading E:/Projects/UE4/BoringMachine/Content/My/Metarial/02/Aluminum_INST.uasset.
[2018.01.25-04.55.20:803][395]LoadErrors:Error: Error /Game/My/Metarial/02/Aluminum_INST : Can't find file for asset. /Game/Substance_Material/Textures/Other/metal_aluminium_directional
[2018.01.25-04.55.20:803][395]LogLinker:Warning: Can't find file '/Game/Substance_Material/Textures/Other/metal_aluminium_directional'
[2018.01.25-04.55.20:803][395]LogLinker:Warning: Can't find file for asset '/Game/Substance_Material/Textures/Other/metal_aluminium_directional' while loading E:/Projects/UE4/BoringMachine/Content/My/Metarial/02/Aluminum_INST.uasset.
[2018.01.25-04.55.20:807][395]LogLinker:Warning: Can't find file '/Game/Substance_Material/Textures/Other/Aluminum_INST_ambient_occlusion'
[2018.01.25-04.55.20:807][395]LogLinker:Warning: Can't find file for asset '/Game/Substance_Material/Textures/Other/Aluminum_INST_ambient_occlusion' while loading E:/Projects/UE4/BoringMachine/Content/My/Metarial/02/Aluminum_MAT.uasset.
[2018.01.25-04.55.20:807][395]LoadErrors:Error: Error /Game/My/Metarial/02/Aluminum_MAT : Can't find file for asset. /Game/Substance_Material/Textures/Other/Aluminum_INST_ambient_occlusion
[2018.01.25-04.55.20:807][395]LogLinker:Warning: Can't find file '/Game/Substance_Material/Textures/Other/Aluminum_INST_basecolor'
[2018.01.25-04.55.20:807][395]LogLinker:Warning: Can't find file for asset '/Game/Substance_Material/Textures/Other/Aluminum_INST_basecolor' while loading E:/Projects/UE4/BoringMachine/Content/My/Metarial/02/Aluminum_MAT.uasset.
[2018.01.25-04.55.20:807][395]LoadErrors:Error: Error /Game/My/Metarial/02/Aluminum_MAT : Can't find file for asset. /Game/Substance_Material/Textures/Other/Aluminum_INST_basecolor
[2018.01.25-04.55.20:807][395]LogLinker:Warning: Can't find file '/Game/Substance_Material/Textures/Other/Aluminum_INST_metallic'
[2018.01.25-04.55.20:807][395]LogLinker:Warning: Can't find file for asset '/Game/Substance_Material/Textures/Other/Aluminum_INST_metallic' while loading E:/Projects/UE4/BoringMachine/Content/My/Metarial/02/Aluminum_MAT.uasset.
[2018.01.25-04.55.20:807][395]LoadErrors:Error: Error /Game/My/Metarial/02/Aluminum_MAT : Can't find file for asset. /Game/Substance_Material/Textures/Other/Aluminum_INST_metallic
[2018.01.25-04.55.20:808][395]LogLinker:Warning: Can't find file '/Game/Substance_Material/Textures/Other/Aluminum_INST_normal'
[2018.01.25-04.55.20:808][395]LogLinker:Warning: Can't find file for asset '/Game/Substance_Material/Textures/Other/Aluminum_INST_normal' while loading E:/Projects/UE4/BoringMachine/Content/My/Metarial/02/Aluminum_MAT.uasset.
[2018.01.25-04.55.20:808][395]LoadErrors:Error: Error /Game/My/Metarial/02/Aluminum_MAT : Can't find file for asset. /Game/Substance_Material/Textures/Other/Aluminum_INST_normal
[2018.01.25-04.55.20:808][395]LogLinker:Warning: Can't find file '/Game/Substance_Material/Textures/Other/Aluminum_INST_roughness'
[2018.01.25-04.55.20:808][395]LogLinker:Warning: Can't find file for asset '/Game/Substance_Material/Textures/Other/Aluminum_INST_roughness' while loading E:/Projects/UE4/BoringMachine/Content/My/Metarial/02/Aluminum_MAT.uasset.
[2018.01.25-04.55.20:808][395]LoadErrors:Error: Error /Game/My/Metarial/02/Aluminum_MAT : Can't find file for asset. /Game/Substance_Material/Textures/Other/Aluminum_INST_roughness
[2018.01.25-04.55.20:808][395]LogLinker:Warning: Can't find file '/Game/Substance_Material/Textures/Other/Aluminum_INST_ambient_occlusion'
[2018.01.25-04.55.20:808][395]LogLinker:Warning: Can't find file for asset '/Game/Substance_Material/Textures/Other/Aluminum_INST_ambient_occlusion' while loading E:/Projects/UE4/BoringMachine/Content/My/Metarial/02/Aluminum_MAT.uasset.
[2018.01.25-04.55.20:808][395]LogLinker:Warning: Can't find file '/Game/Substance_Material/Textures/Other/Aluminum_INST_basecolor'
[2018.01.25-04.55.20:808][395]LogLinker:Warning: Can't find file for asset '/Game/Substance_Material/Textures/Other/Aluminum_INST_basecolor' while loading E:/Projects/UE4/BoringMachine/Content/My/Metarial/02/Aluminum_MAT.uasset.
[2018.01.25-04.55.20:808][395]LogLinker:Warning: Can't find file '/Game/Substance_Material/Textures/Other/Aluminum_INST_metallic'
[2018.01.25-04.55.20:808][395]LogLinker:Warning: Can't find file for asset '/Game/Substance_Material/Textures/Other/Aluminum_INST_metallic' while loading E:/Projects/UE4/BoringMachine/Content/My/Metarial/02/Aluminum_MAT.uasset.
[2018.01.25-04.55.20:808][395]LogLinker:Warning: Can't find file '/Game/Substance_Material/Textures/Other/Aluminum_INST_normal'
[2018.01.25-04.55.20:808][395]LogLinker:Warning: Can't find file for asset '/Game/Substance_Material/Textures/Other/Aluminum_INST_normal' while loading E:/Projects/UE4/BoringMachine/Content/My/Metarial/02/Aluminum_MAT.uasset.
[2018.01.25-04.55.20:808][395]LogLinker:Warning: Can't find file '/Game/Substance_Material/Textures/Other/Aluminum_INST_roughness'
[2018.01.25-04.55.20:808][395]LogLinker:Warning: Can't find file for asset '/Game/Substance_Material/Textures/Other/Aluminum_INST_roughness' while loading E:/Projects/UE4/BoringMachine/Content/My/Metarial/02/Aluminum_MAT.uasset.
[2018.01.25-04.55.20:810][395]LogLinker:Warning: Can't find file '/Game/Substance_Material/Materials/Metal/Brushed_Copper_INST'
[2018.01.25-04.55.20:810][395]LogLinker:Warning: Can't find file for asset '/Game/Substance_Material/Materials/Metal/Brushed_Copper_INST' while loading E:/Projects/UE4/BoringMachine/Content/My/Metarial/02/Brushed_Copper_INST_basecolor.uasset.
[2018.01.25-04.55.20:810][395]LoadErrors:Error: Error /Game/My/Metarial/02/Brushed_Copper_INST_basecolor : Can't find file for asset. /Game/Substance_Material/Materials/Metal/Brushed_Copper_INST
[2018.01.25-04.55.20:810][395]LogLinker:Warning: Can't find file '/Game/Substance_Material/Materials/Metal/Brushed_Copper_INST'
[2018.01.25-04.55.20:810][395]LogLinker:Warning: Can't find file for asset '/Game/Substance_Material/Materials/Metal/Brushed_Copper_INST' while loading E:/Projects/UE4/BoringMachine/Content/My/Metarial/02/Brushed_Copper_INST_basecolor.uasset.
[2018.01.25-04.55.20:811][395]LogLinker:Warning: Can't find file '/Game/Substance_Material/Materials/Metal/Brushed_Copper_INST'
[2018.01.25-04.55.20:811][395]LogLinker:Warning: Can't find file for asset '/Game/Substance_Material/Materials/Metal/Brushed_Copper_INST' while loading E:/Projects/UE4/BoringMachine/Content/My/Metarial/02/Brushed_Copper_INST_metallic.uasset.
[2018.01.25-04.55.20:811][395]LoadErrors:Error: Error /Game/My/Metarial/02/Brushed_Copper_INST_metallic : Can't find file for asset. /Game/Substance_Material/Materials/Metal/Brushed_Copper_INST
[2018.01.25-04.55.20:811][395]LogLinker:Warning: Can't find file '/Game/Substance_Material/Materials/Metal/Brushed_Copper_INST'
[2018.01.25-04.55.20:811][395]LogLinker:Warning: Can't find file for asset '/Game/Substance_Material/Materials/Metal/Brushed_Copper_INST' while loading E:/Projects/UE4/BoringMachine/Content/My/Metarial/02/Brushed_Copper_INST_metallic.uasset.
[2018.01.25-04.55.20:812][395]LogLinker:Warning: Can't find file '/Game/Substance_Material/Materials/Metal/Brushed_Copper_INST'
[2018.01.25-04.55.20:812][395]LogLinker:Warning: Can't find file for asset '/Game/Substance_Material/Materials/Metal/Brushed_Copper_INST' while loading E:/Projects/UE4/BoringMachine/Content/My/Metarial/02/Brushed_Copper_INST_normal.uasset.
[2018.01.25-04.55.20:812][395]LoadErrors:Error: Error /Game/My/Metarial/02/Brushed_Copper_INST_normal : Can't find file for asset. /Game/Substance_Material/Materials/Metal/Brushed_Copper_INST
[2018.01.25-04.55.20:813][395]LogLinker:Warning: Can't find file '/Game/Substance_Material/Materials/Metal/Brushed_Copper_INST'
[2018.01.25-04.55.20:813][395]LogLinker:Warning: Can't find file for asset '/Game/Substance_Material/Materials/Metal/Brushed_Copper_INST' while loading E:/Projects/UE4/BoringMachine/Content/My/Metarial/02/Brushed_Copper_INST_normal.uasset.
[2018.01.25-04.55.20:813][395]LogLinker:Warning: Can't find file '/Game/Substance_Material/Materials/Metal/Brushed_Copper_INST'
[2018.01.25-04.55.20:813][395]LogLinker:Warning: Can't find file for asset '/Game/Substance_Material/Materials/Metal/Brushed_Copper_INST' while loading E:/Projects/UE4/BoringMachine/Content/My/Metarial/02/Brushed_Copper_INST_roughness.uasset.
[2018.01.25-04.55.20:813][395]LoadErrors:Error: Error /Game/My/Metarial/02/Brushed_Copper_INST_roughness : Can't find file for asset. /Game/Substance_Material/Materials/Metal/Brushed_Copper_INST
[2018.01.25-04.55.20:814][395]LogLinker:Warning: Can't find file '/Game/Substance_Material/Materials/Metal/Brushed_Copper_INST'
[2018.01.25-04.55.20:814][395]LogLinker:Warning: Can't find file for asset '/Game/Substance_Material/Materials/Metal/Brushed_Copper_INST' while loading E:/Projects/UE4/BoringMachine/Content/My/Metarial/02/Brushed_Copper_INST_roughness.uasset.
[2018.01.25-04.55.20:814][395]LogLinker:Warning: Can't find file '/Game/Substance_Material/Textures/Other/Brushed_Copper_INST_ambient_occlusion'
[2018.01.25-04.55.20:814][395]LogLinker:Warning: Can't find file for asset '/Game/Substance_Material/Textures/Other/Brushed_Copper_INST_ambient_occlusion' while loading E:/Projects/UE4/BoringMachine/Content/My/Metarial/02/Brushed_Copper_MAT.uasset.
[2018.01.25-04.55.20:814][395]LoadErrors:Error: Error /Game/My/Metarial/02/Brushed_Copper_MAT : Can't find file for asset. /Game/Substance_Material/Textures/Other/Brushed_Copper_INST_ambient_occlusion
[2018.01.25-04.55.20:814][395]LogLinker:Warning: Can't find file '/Game/Substance_Material/Textures/Other/Brushed_Copper_INST_ambient_occlusion'
[2018.01.25-04.55.20:814][395]LogLinker:Warning: Can't find file for asset '/Game/Substance_Material/Textures/Other/Brushed_Copper_INST_ambient_occlusion' while loading E:/Projects/UE4/BoringMachine/Content/My/Metarial/02/Brushed_Copper_MAT.uasset.
[2018.01.25-04.55.20:824][395]LogLinker:Warning: Can't find file '/Game/Substance_Material/Textures/Other/metal_trashed_steel'
[2018.01.25-04.55.20:824][395]LogLinker:Warning: Can't find file for asset '/Game/Substance_Material/Textures/Other/metal_trashed_steel' while loading E:/Projects/UE4/BoringMachine/Content/My/Metarial/02/Trashed_Steel_INST.uasset.
[2018.01.25-04.55.20:824][395]LoadErrors:Error: Error /Game/My/Metarial/02/Trashed_Steel_INST : Can't find file for asset. /Game/Substance_Material/Textures/Other/metal_trashed_steel
[2018.01.25-04.55.20:824][395]LogLinker:Warning: Can't find file '/Game/Substance_Material/Textures/Other/metal_trashed_steel'
[2018.01.25-04.55.20:824][395]LogLinker:Warning: Can't find file for asset '/Game/Substance_Material/Textures/Other/metal_trashed_steel' while loading E:/Projects/UE4/BoringMachine/Content/My/Metarial/02/Trashed_Steel_INST.uasset.
[2018.01.25-04.55.20:866][395]LogLinker:Warning: Can't find file '/Game/Substance_Material/Textures/Other/Brushed_Copper_INST_ambient_occlusion'
[2018.01.25-04.55.20:866][395]LogLinker:Warning: Can't find file for asset '/Game/Substance_Material/Textures/Other/Brushed_Copper_INST_ambient_occlusion' while loading E:/Projects/UE4/BoringMachine/Content/My/Wajueji_0123/12_-_Default.uasset.
[2018.01.25-04.55.20:866][395]LoadErrors:Error: Error /Game/My/Wajueji_0123/12_-_Default : Can't find file for asset. /Game/Substance_Material/Textures/Other/Brushed_Copper_INST_ambient_occlusion
[2018.01.25-04.55.20:867][395]LogLinker:Warning: Can't find file '/Game/Substance_Material/Textures/Other/Brushed_Copper_INST_ambient_occlusion'
[2018.01.25-04.55.20:867][395]LogLinker:Warning: Can't find file for asset '/Game/Substance_Material/Textures/Other/Brushed_Copper_INST_ambient_occlusion' while loading E:/Projects/UE4/BoringMachine/Content/My/Wajueji_0123/12_-_Default.uasset.
[2018.01.25-04.55.20:875][395]LogLinker:Warning: Can't find file '/Game/Substance_Material/Textures/Other/Brushed_Copper_INST_ambient_occlusion'
[2018.01.25-04.55.20:875][395]LogLinker:Warning: Can't find file for asset '/Game/Substance_Material/Textures/Other/Brushed_Copper_INST_ambient_occlusion' while loading E:/Projects/UE4/BoringMachine/Content/My/Wajueji_0123/Material__670.uasset.
[2018.01.25-04.55.20:875][395]LoadErrors:Error: Error /Game/My/Wajueji_0123/Material__670 : Can't find file for asset. /Game/Substance_Material/Textures/Other/Brushed_Copper_INST_ambient_occlusion
[2018.01.25-04.55.20:876][395]LogLinker:Warning: Can't find file '/Game/Substance_Material/Textures/Other/Brushed_Copper_INST_ambient_occlusion'
[2018.01.25-04.55.20:876][395]LogLinker:Warning: Can't find file for asset '/Game/Substance_Material/Textures/Other/Brushed_Copper_INST_ambient_occlusion' while loading E:/Projects/UE4/BoringMachine/Content/My/Wajueji_0123/Material__670.uasset.
[2018.01.25-04.55.20:947][395]LogLinker:Warning: Can't find file '/Game/Substance_Material/Textures/Other/metal_trashed_steel'
[2018.01.25-04.55.20:947][395]LoadErrors: Info Failed to load /Game/Substance_Material/Textures/Other/metal_trashed_steel.metal_trashed_steel Referenced by Trashed_Steel_INST
[2018.01.25-04.55.20:947][395]LogLinker:Warning: Can't find file for asset '/Game/Substance_Material/Textures/Other/metal_trashed_steel' while loading NULL.
[2018.01.25-04.55.20:947][395]LogLinker:Warning: Can't find file '/Game/Substance_Material/Textures/Other/metal_trashed_steel'
[2018.01.25-04.55.20:947][395]LogLinker:Warning: Can't find file for asset '/Game/Substance_Material/Textures/Other/metal_trashed_steel' while loading NULL.
[2018.01.25-04.55.20:951][395]LogLinker:Warning: Can't find file '/Game/Substance_Material/Materials/Metal/Brushed_Copper_INST'
[2018.01.25-04.55.20:951][395]LoadErrors: Info Failed to load /Game/Substance_Material/Materials/Metal/Brushed_Copper_INST.Brushed_Copper_INST Referenced by Brushed_Copper_INST_roughness
[2018.01.25-04.55.20:951][395]LogLinker:Warning: Can't find file for asset '/Game/Substance_Material/Materials/Metal/Brushed_Copper_INST' while loading NULL.
[2018.01.25-04.55.20:951][395]LogLinker:Warning: Can't find file '/Game/Substance_Material/Materials/Metal/Brushed_Copper_INST'
[2018.01.25-04.55.20:951][395]LogLinker:Warning: Can't find file for asset '/Game/Substance_Material/Materials/Metal/Brushed_Copper_INST' while loading NULL.
[2018.01.25-04.55.20:952][395]LogLinker:Warning: Can't find file '/Game/Substance_Material/Materials/Metal/Brushed_Copper_INST'
[2018.01.25-04.55.20:952][395]LoadErrors: Info Failed to load /Game/Substance_Material/Materials/Metal/Brushed_Copper_INST.Brushed_Copper_INST Referenced by Brushed_Copper_INST_normal
[2018.01.25-04.55.20:952][395]LogLinker:Warning: Can't find file for asset '/Game/Substance_Material/Materials/Metal/Brushed_Copper_INST' while loading NULL.
[2018.01.25-04.55.20:952][395]LogLinker:Warning: Can't find file '/Game/Substance_Material/Materials/Metal/Brushed_Copper_INST'
[2018.01.25-04.55.20:952][395]LogLinker:Warning: Can't find file for asset '/Game/Substance_Material/Materials/Metal/Brushed_Copper_INST' while loading NULL.
[2018.01.25-04.55.20:953][395]LogLinker:Warning: Can't find file '/Game/Substance_Material/Textures/Other/metal_aluminium_directional'
[2018.01.25-04.55.20:953][395]LoadErrors: Info Failed to load /Game/Substance_Material/Textures/Other/metal_aluminium_directional.metal_aluminium_directional Referenced by Aluminum_INST
[2018.01.25-04.55.20:953][395]LogLinker:Warning: Can't find file for asset '/Game/Substance_Material/Textures/Other/metal_aluminium_directional' while loading NULL.
[2018.01.25-04.55.20:953][395]LogLinker:Warning: Can't find file '/Game/Substance_Material/Textures/Other/metal_aluminium_directional'
[2018.01.25-04.55.20:953][395]LogLinker:Warning: Can't find file for asset '/Game/Substance_Material/Textures/Other/metal_aluminium_directional' while loading NULL.
[2018.01.25-04.55.20:959][395]LogLinker:Warning: Can't find file '/Game/Substance_Material/Textures/Other/Aluminum_INST_basecolor'
[2018.01.25-04.55.20:959][395]LoadErrors: Info Failed to load /Game/Substance_Material/Textures/Other/Aluminum_INST_basecolor.Aluminum_INST_basecolor Referenced by MaterialExpressionTextureSampleParameter2D_0
[2018.01.25-04.55.20:959][395]LogLinker:Warning: Can't find file for asset '/Game/Substance_Material/Textures/Other/Aluminum_INST_basecolor' while loading NULL.
[2018.01.25-04.55.20:959][395]LogLinker:Warning: Can't find file '/Game/Substance_Material/Textures/Other/Aluminum_INST_normal'
[2018.01.25-04.55.20:959][395]LoadErrors: Info Failed to load /Game/Substance_Material/Textures/Other/Aluminum_INST_normal.Aluminum_INST_normal Referenced by MaterialExpressionTextureSampleParameter2D_1
[2018.01.25-04.55.20:959][395]LogLinker:Warning: Can't find file for asset '/Game/Substance_Material/Textures/Other/Aluminum_INST_normal' while loading NULL.
[2018.01.25-04.55.20:959][395]LogLinker:Warning: Can't find file '/Game/Substance_Material/Textures/Other/Aluminum_INST_roughness'
[2018.01.25-04.55.20:959][395]LoadErrors: Info Failed to load /Game/Substance_Material/Textures/Other/Aluminum_INST_roughness.Aluminum_INST_roughness Referenced by MaterialExpressionTextureSampleParameter2D_2
[2018.01.25-04.55.20:959][395]LogLinker:Warning: Can't find file for asset '/Game/Substance_Material/Textures/Other/Aluminum_INST_roughness' while loading NULL.
[2018.01.25-04.55.20:959][395]LogLinker:Warning: Can't find file '/Game/Substance_Material/Textures/Other/Aluminum_INST_metallic'
[2018.01.25-04.55.20:959][395]LoadErrors: Info Failed to load /Game/Substance_Material/Textures/Other/Aluminum_INST_metallic.Aluminum_INST_metallic Referenced by MaterialExpressionTextureSampleParameter2D_3
[2018.01.25-04.55.20:959][395]LogLinker:Warning: Can't find file for asset '/Game/Substance_Material/Textures/Other/Aluminum_INST_metallic' while loading NULL.
[2018.01.25-04.55.20:959][395]LogLinker:Warning: Can't find file '/Game/Substance_Material/Textures/Other/Aluminum_INST_ambient_occlusion'
[2018.01.25-04.55.20:959][395]LoadErrors: Info Failed to load /Game/Substance_Material/Textures/Other/Aluminum_INST_ambient_occlusion.Aluminum_INST_ambient_occlusion Referenced by MaterialExpressionTextureSampleParameter2D_4
[2018.01.25-04.55.20:959][395]LogLinker:Warning: Can't find file for asset '/Game/Substance_Material/Textures/Other/Aluminum_INST_ambient_occlusion' while loading NULL.
[2018.01.25-04.55.20:960][395]LogLinker:Warning: Can't find file '/Game/Substance_Material/Textures/Other/Brushed_Copper_INST_ambient_occlusion'
[2018.01.25-04.55.20:960][395]LoadErrors: Info Failed to load /Game/Substance_Material/Textures/Other/Brushed_Copper_INST_ambient_occlusion.Brushed_Copper_INST_ambient_occlusion Referenced by MaterialExpressionTextureSampleParameter2D_4
[2018.01.25-04.55.20:960][395]LogLinker:Warning: Can't find file for asset '/Game/Substance_Material/Textures/Other/Brushed_Copper_INST_ambient_occlusion' while loading NULL.
[2018.01.25-04.55.20:961][395]LogLinker:Warning: Can't find file '/Game/Substance_Material/Materials/Metal/Brushed_Copper_INST'
[2018.01.25-04.55.20:961][395]LoadErrors: Info Failed to load /Game/Substance_Material/Materials/Metal/Brushed_Copper_INST.Brushed_Copper_INST Referenced by Brushed_Copper_INST_metallic
[2018.01.25-04.55.20:961][395]LogLinker:Warning: Can't find file for asset '/Game/Substance_Material/Materials/Metal/Brushed_Copper_INST' while loading NULL.
[2018.01.25-04.55.20:961][395]LogLinker:Warning: Can't find file '/Game/Substance_Material/Materials/Metal/Brushed_Copper_INST'
[2018.01.25-04.55.20:961][395]LogLinker:Warning: Can't find file for asset '/Game/Substance_Material/Materials/Metal/Brushed_Copper_INST' while loading NULL.
[2018.01.25-04.55.20:961][395]LogLinker:Warning: Can't find file '/Game/Substance_Material/Materials/Metal/Brushed_Copper_INST'
[2018.01.25-04.55.20:961][395]LoadErrors: Info Failed to load /Game/Substance_Material/Materials/Metal/Brushed_Copper_INST.Brushed_Copper_INST Referenced by Brushed_Copper_INST_basecolor
[2018.01.25-04.55.20:962][395]LogLinker:Warning: Can't find file for asset '/Game/Substance_Material/Materials/Metal/Brushed_Copper_INST' while loading NULL.
[2018.01.25-04.55.20:962][395]LogLinker:Warning: Can't find file '/Game/Substance_Material/Materials/Metal/Brushed_Copper_INST'
[2018.01.25-04.55.20:962][395]LogLinker:Warning: Can't find file for asset '/Game/Substance_Material/Materials/Metal/Brushed_Copper_INST' while loading NULL.
[2018.01.25-04.55.20:968][395]LogLinker:Warning: Can't find file '/Game/Substance_Material/Textures/Other/Brushed_Copper_INST_ambient_occlusion'
[2018.01.25-04.55.20:968][395]LogLinker:Warning: Can't find file for asset '/Game/Substance_Material/Textures/Other/Brushed_Copper_INST_ambient_occlusion' while loading NULL.
[2018.01.25-04.55.20:971][395]LogLinker:Warning: Can't find file '/Game/Substance_Material/Textures/Other/Brushed_Copper_INST_ambient_occlusion'
[2018.01.25-04.55.20:971][395]LogLinker:Warning: Can't find file for asset '/Game/Substance_Material/Textures/Other/Brushed_Copper_INST_ambient_occlusion' while loading NULL.
[2018.01.25-04.55.21:225][395]LogMaterial: Missing cached shader map for material Aluminum_MAT, compiling. 
[2018.01.25-04.55.21:226][395]LogMaterial:Warning: Failed to compile Material /Game/My/Metarial/02/Aluminum_MAT.Aluminum_MAT for platform PCD3D_SM5, Default Material will be used in game.
[2018.01.25-04.55.21:226][395]LogMaterial:Warning: 	(Node TextureSampleParameter2D) Param2D> Requires Texture2D
[2018.01.25-04.55.21:251][395]LogMaterial: Missing cached shader map for material Brushed_Copper_MAT, compiling. 
[2018.01.25-04.55.21:251][395]LogMaterial:Warning: Failed to compile Material /Game/My/Metarial/02/Brushed_Copper_MAT.Brushed_Copper_MAT for platform PCD3D_SM5, Default Material will be used in game.
[2018.01.25-04.55.21:251][395]LogMaterial:Warning: 	(Node TextureSampleParameter2D) Param2D> Requires Texture2D
[2018.01.25-04.55.21:364][395]LogMaterial: Missing cached shader map for material 12_-_Default, compiling. 
[2018.01.25-04.55.21:364][395]LogMaterial:Warning: Failed to compile Material /Game/My/Wajueji_0123/12_-_Default.12_-_Default for platform PCD3D_SM5, Default Material will be used in game.
[2018.01.25-04.55.21:364][395]LogMaterial:Warning: 	(Node TextureSampleParameter2D) Param2D> Requires Texture2D
[2018.01.25-04.55.21:371][395]LogSlate: Took 0.000121 seconds to synchronously load lazily loaded font '../../../Engine/Content/Slate/Fonts/Roboto-Light.ttf' (159K)
[2018.01.25-04.55.21:688][395]LogContentBrowser: Native class hierarchy updated for 'BlueprintGraph' in 0.0008 seconds. Added 112 classes and 0 folders.
[2018.01.25-04.55.22:206][395]LogSlate: Took 0.000124 seconds to synchronously load lazily loaded font '../../../Engine/Content/Editor/Slate/Fonts/Roboto-BoldCondensed.ttf' (158K)
[2018.01.25-04.55.22:233][395]LogSlate: Took 0.001845 seconds to synchronously load lazily loaded font '../../../Engine/Content/Slate/Fonts/DroidSansFallback.ttf' (3848K)
[2018.01.25-04.55.26:846][915]LogContentBrowser: Native class hierarchy updated for 'Cascade' in 0.0004 seconds. Added 2 classes and 2 folders.
[2018.01.25-04.55.28:390][ 65]LogCascade: Quitting Cascade. FXSystem=0x0000000080191F80
[2018.01.25-04.55.31:923][452]LogAIModule: Creating AISystem for world 07
[2018.01.25-04.55.31:961][452]Cmd: MAP LOAD FILE="E:/Projects/UE4/BoringMachine/Content/My/MAP/07.umap" TEMPLATE=0 SHOWPROGRESS=1 FEATURELEVEL=3
[2018.01.25-04.55.31:961][452]LightingResults: New page: Lighting Build
[2018.01.25-04.55.31:962][452]LoadErrors: New page: Loading map: 07.umap
[2018.01.25-04.55.31:962][452]MapCheck: New page: Map Check
[2018.01.25-04.55.31:962][452]LightingResults: New page: Lighting Build
[2018.01.25-04.55.31:987][452]LogEditorServer: Finished looking for orphan Actors (0.000 secs)
[2018.01.25-04.55.32:015][452]Cmd: MAP CHECKDEP NOCLEARLOG
[2018.01.25-04.55.32:058][452]MapCheck: Info Map check complete: 0 Error(s), 0 Warning(s), took 42.76ms to complete.
[2018.01.25-04.55.32:058][452]LogFileHelpers: Loading map '07' took 0.097
[2018.01.25-04.55.40:758][455]LogTemp: Repeting last play command: Selected Viewport
[2018.01.25-04.55.40:791][455]LogPlayLevel: PlayLevel: No blueprints needed recompiling
[2018.01.25-04.55.40:791][455]PIE: New page: PIE session: 07 (Jan 25, 2018, 8:55:40 PM)
[2018.01.25-04.55.40:791][455]LogPlayLevel: Creating play world package: /Game/My/MAP/UEDPIE_0_07
[2018.01.25-04.55.40:804][455]LogPlayLevel: PIE: StaticDuplicateObject took: (0.012635s)
[2018.01.25-04.55.40:804][455]LogAIModule: Creating AISystem for world 07
[2018.01.25-04.55.40:804][455]LogPlayLevel: PIE: World Init took: (0.000474s)
[2018.01.25-04.55.40:805][455]LogPlayLevel: PIE: Created PIE world by copying editor world from /Game/My/MAP/07.07 to /Game/My/MAP/UEDPIE_0_07.07 (0.013397s)
[2018.01.25-04.55.40:833][455]LogInit: XAudio2 using 'Realtek HD Audio 2nd output (Realtek High Definition Audio)' : 2 channels at 48 kHz using 32 bits per sample (channel mask 0x3)
[2018.01.25-04.55.40:847][455]LogInit: FAudioDevice initialized.
[2018.01.25-04.55.40:888][455]LogLoad: Game class is 'GameModeBase'
[2018.01.25-04.55.40:896][455]LogWorld: Bringing World /Game/My/MAP/UEDPIE_0_07.07 up for play (max tick rate 0) at 2018.01.25-12.55.40
[2018.01.25-04.55.40:897][455]LogWorld: Bringing up level for play took: 0.007262
[2018.01.25-04.55.40:933][455]LogContentBrowser: Native class hierarchy updated for 'MovieSceneCapture' in 0.0005 seconds. Added 11 classes and 0 folders.
[2018.01.25-04.55.40:934][455]PIE: Info Play in editor start time for /Game/My/MAP/UEDPIE_0_07 -0.752
[2018.01.25-05.08.13:456][252]LogAudio:Warning: Current Audio Device with ID {0.0.0.00000000}.{22a7c3dc-d75b-4080-8e1b-b1f2ed6ed766} was removed. Shutting down audio device.
[2018.01.25-05.08.39:808][348]LogTemp: Repeting last play command: Selected Viewport
[2018.01.25-05.08.39:819][348]LogPlayLevel: PlayLevel: No blueprints needed recompiling
[2018.01.25-05.08.39:819][348]PIE: New page: PIE session: 07 (Jan 25, 2018, 9:08:39 PM)
[2018.01.25-05.08.39:819][348]LogPlayLevel: Creating play world package: /Game/My/MAP/UEDPIE_0_07
[2018.01.25-05.08.39:833][348]LogPlayLevel: PIE: StaticDuplicateObject took: (0.013537s)
[2018.01.25-05.08.39:833][348]LogAIModule: Creating AISystem for world 07
[2018.01.25-05.08.39:833][348]LogPlayLevel: PIE: World Init took: (0.000479s)
[2018.01.25-05.08.39:833][348]LogPlayLevel: PIE: Created PIE world by copying editor world from /Game/My/MAP/07.07 to /Game/My/MAP/UEDPIE_0_07.07 (0.014218s)
[2018.01.25-05.08.39:860][348]LogInit: XAudio2 using 'Realtek HD Audio 2nd output (Realtek High Definition Audio)' : 2 channels at 48 kHz using 32 bits per sample (channel mask 0x3)
[2018.01.25-05.08.39:872][348]LogInit: FAudioDevice initialized.
[2018.01.25-05.08.39:903][348]LogLoad: Game class is 'GameModeBase'
[2018.01.25-05.08.39:912][348]LogWorld: Bringing World /Game/My/MAP/UEDPIE_0_07.07 up for play (max tick rate 0) at 2018.01.25-13.08.39
[2018.01.25-05.08.39:912][348]LogWorld: Bringing up level for play took: 0.007445
[2018.01.25-05.08.39:914][348]PIE: Info Play in editor start time for /Game/My/MAP/UEDPIE_0_07 0.217
[2018.01.25-05.09.25:455][803]LogAudio:Warning: Current Audio Device with ID {0.0.0.00000000}.{22a7c3dc-d75b-4080-8e1b-b1f2ed6ed766} was removed. Shutting down audio device.
[2018.01.25-05.09.42:976][901]Cmd: MAP LOAD FILE="E:/Projects/UE4/BoringMachine/Content/My/MAP/07.umap" TEMPLATE=0 SHOWPROGRESS=1 FEATURELEVEL=3
[2018.01.25-05.09.42:976][901]LightingResults: New page: Lighting Build
[2018.01.25-05.09.42:976][901]LoadErrors: New page: Loading map: 07.umap
[2018.01.25-05.09.42:978][901]MapCheck: New page: Map Check
[2018.01.25-05.09.42:978][901]LightingResults: New page: Lighting Build
[2018.01.25-05.09.43:032][901]LogAIModule: Creating AISystem for world 07
[2018.01.25-05.09.43:048][901]LogEditorServer: Finished looking for orphan Actors (0.000 secs)
[2018.01.25-05.09.43:078][901]Cmd: MAP CHECKDEP NOCLEARLOG
[2018.01.25-05.09.43:122][901]MapCheck: Info Map check complete: 0 Error(s), 0 Warning(s), took 43.421ms to complete.
[2018.01.25-05.09.43:122][901]LogFileHelpers: Loading map '07' took 0.147
[2018.01.25-05.09.51:981][892]LogSlate: Took 0.000159 seconds to synchronously load lazily loaded font '../../../Engine/Content/Editor/Slate/Fonts/Roboto-Italic.ttf' (157K)
[2018.01.25-05.09.56:284][232]Cmd: OBJ SAVEPACKAGE PACKAGE="/Game/My/Wajueji_0123/BP_Wajueji" FILE="E:/Projects/UE4/BoringMachine/Content/My/Wajueji_0123/BP_Wajueji.uasset" SILENT=true
[2018.01.25-05.09.56:389][232]LogSavePackage: Save=96.57ms
[2018.01.25-05.09.56:389][232]LogSavePackage: Moving 'E:/Projects/UE4/BoringMachine/Saved/BP_Wajueji676D19B049BB1016E8BB3FB9B1D1CE9E.tmp' to 'E:/Projects/UE4/BoringMachine/Content/My/Wajueji_0123/BP_Wajueji.uasset'
[2018.01.25-05.09.56:391][232]LogSavePackage:Display: Finished SavePackage E:/Projects/UE4/BoringMachine/Content/My/Wajueji_0123/BP_Wajueji.uasset
[2018.01.25-05.09.56:577][246]Cmd: OBJ SAVEPACKAGE PACKAGE="/Game/My/MAP/07" FILE="E:/Projects/UE4/BoringMachine/Content/My/MAP/07.umap" SILENT=true AUTOSAVING=false KEEPDIRTY=false
[2018.01.25-05.09.57:077][246]LogSavePackage: Save=479.80ms
[2018.01.25-05.09.57:077][246]LogSavePackage: Moving 'E:/Projects/UE4/BoringMachine/Saved/07D2C30D52492507093A946B8932090CC8.tmp' to 'E:/Projects/UE4/BoringMachine/Content/My/MAP/07.umap'
[2018.01.25-05.09.57:080][246]LogSavePackage:Display: Finished SavePackage E:/Projects/UE4/BoringMachine/Content/My/MAP/07.umap
[2018.01.25-05.10.05:864][ 42]LogUProjectInfo: Found projects:
[2018.01.25-05.10.08:844][396]Cmd: CLOSE_SLATE_MAINFRAME
[2018.01.25-05.10.09:176][397]Cmd: QUIT_EDITOR
[2018.01.25-05.10.09:214][397]LogExit: Preparing to exit.
[2018.01.25-05.10.09:554][397]LogExit: Editor shut down
[2018.01.25-05.10.09:555][397]LogExit: Transaction tracking system shut down
[2018.01.25-05.10.09:642][397]LogObj: Freed 0b from 0 cluster array pools.
[2018.01.25-05.10.09:642][397]LogExit: Object subsystem successfully closed.
[2018.01.25-05.10.09:657][397]LogD3D11RHI: Shutdown
[2018.01.25-05.10.09:657][397]LogD3D11RHI: CleanupD3DDevice
[2018.01.25-05.10.09:728][397]LogD3D11RHI: ~FD3D11DynamicRHI
[2018.01.25-05.10.09:737][397]LogModuleManager: Shutting down and abandoning module MovieSceneCapture (528)
[2018.01.25-05.10.09:737][397]LogModuleManager: Shutting down and abandoning module DistCurveEditor (526)
[2018.01.25-05.10.09:737][397]LogModuleManager: Shutting down and abandoning module Cascade (524)
[2018.01.25-05.10.09:737][397]LogModuleManager: Shutting down and abandoning module BlueprintGraph (522)
[2018.01.25-05.10.09:737][397]LogModuleManager: Shutting down and abandoning module BlueprintProfiler (520)
[2018.01.25-05.10.09:737][397]LogModuleManager: Shutting down and abandoning module HierarchicalLODOutliner (518)
[2018.01.25-05.10.09:737][397]LogModuleManager: Shutting down and abandoning module CrashTracker (516)
[2018.01.25-05.10.09:737][397]LogModuleManager: Shutting down and abandoning module SceneOutliner (514)
[2018.01.25-05.10.09:737][397]LogModuleManager: Shutting down and abandoning module AddContentDialog (512)
[2018.01.25-05.10.09:737][397]LogDirectoryWatcher: A directory notification for 'C:/Program Files/Epic Games/UE_4.16/FeaturePacks/' was aborted.
[2018.01.25-05.10.09:738][397]LogModuleManager: Shutting down and abandoning module WidgetCarousel (511)
[2018.01.25-05.10.09:738][397]LogModuleManager: Shutting down and abandoning module EditorWidgets (508)
[2018.01.25-05.10.09:738][397]LogModuleManager: Shutting down and abandoning module CollectionManager (506)
[2018.01.25-05.10.09:738][397]LogDirectoryWatcher: A directory notification for 'E:/Projects/UE4/BoringMachine/Content/Collections/' was aborted.
[2018.01.25-05.10.09:738][397]LogDirectoryWatcher: A directory notification for 'E:/Projects/UE4/BoringMachine/Content/Developers/Vr1/Collections/' was aborted.
[2018.01.25-05.10.09:738][397]LogDirectoryWatcher: A directory notification for 'E:/Projects/UE4/BoringMachine/Saved/Collections/' was aborted.
[2018.01.25-05.10.09:738][397]LogModuleManager: Shutting down and abandoning module StatsViewer (504)
[2018.01.25-05.10.09:738][397]LogModuleManager: Shutting down and abandoning module FoliageEdit (502)
[2018.01.25-05.10.09:738][397]LogModuleManager: Shutting down and abandoning module LandscapeEditor (500)
[2018.01.25-05.10.09:738][397]LogModuleManager: Shutting down and abandoning module MeshPaintMode (498)
[2018.01.25-05.10.09:738][397]LogModuleManager: Shutting down and abandoning module SceneDepthPickerMode (496)
[2018.01.25-05.10.09:738][397]LogModuleManager: Shutting down and abandoning module ActorPickerMode (494)
[2018.01.25-05.10.09:738][397]LogModuleManager: Shutting down and abandoning module GeometryMode (492)
[2018.01.25-05.10.09:738][397]LogModuleManager: Shutting down and abandoning module TextureAlignMode (490)
[2018.01.25-05.10.09:738][397]LogModuleManager: Shutting down and abandoning module BspMode (488)
[2018.01.25-05.10.09:738][397]LogModuleManager: Shutting down and abandoning module HardwareSurvey (486)
[2018.01.25-05.10.09:738][397]LogModuleManager: Shutting down and abandoning module SequenceRecorderSections (484)
[2018.01.25-05.10.09:738][397]LogModuleManager: Shutting down and abandoning module AutomationWorker (482)
[2018.01.25-05.10.09:738][397]LogModuleManager: Shutting down and abandoning module MatineeToLevelSequence (480)
[2018.01.25-05.10.09:738][397]LogModuleManager: Shutting down and abandoning module LevelSequenceEditor (478)
[2018.01.25-05.10.09:738][397]LogModuleManager: Shutting down and abandoning module PlacementMode (477)
[2018.01.25-05.10.09:738][397]LogModuleManager: Shutting down and abandoning module WmfMediaFactory (474)
[2018.01.25-05.10.09:738][397]LogModuleManager: Shutting down and abandoning module WmfMediaEditor (472)
[2018.01.25-05.10.09:738][397]LogModuleManager: Shutting down and abandoning module AvfMediaFactory (470)
[2018.01.25-05.10.09:738][397]LogModuleManager: Shutting down and abandoning module AvfMediaEditor (468)
[2018.01.25-05.10.09:738][397]LogModuleManager: Shutting down and abandoning module AndroidMediaFactory (466)
[2018.01.25-05.10.09:738][397]LogModuleManager: Shutting down and abandoning module Media (465)
[2018.01.25-05.10.09:738][397]LogModuleManager: Shutting down and abandoning module AndroidMediaEditor (462)
[2018.01.25-05.10.09:738][397]LogModuleManager: Shutting down and abandoning module CharacterAI (460)
[2018.01.25-05.10.09:738][397]LogModuleManager: Shutting down and abandoning module AudioCapture (458)
[2018.01.25-05.10.09:738][397]LogModuleManager: Shutting down and abandoning module SequenceRecorder (457)
[2018.01.25-05.10.09:738][397]LogModuleManager: Shutting down and abandoning module SmartSnapping (454)
[2018.01.25-05.10.09:738][397]LogModuleManager: Shutting down and abandoning module SessionServices (452)
[2018.01.25-05.10.09:738][397]LogModuleManager: Shutting down and abandoning module ViewportSnapping (450)
[2018.01.25-05.10.09:738][397]LogModuleManager: Shutting down and abandoning module ViewportInteraction (448)
[2018.01.25-05.10.09:738][397]LogModuleManager: Shutting down and abandoning module ClothPainter (446)
[2018.01.25-05.10.09:738][397]LogModuleManager: Shutting down and abandoning module LogVisualizer (444)
[2018.01.25-05.10.09:738][397]LogModuleManager: Shutting down and abandoning module IntroTutorials (442)
[2018.01.25-05.10.09:738][397]LogModuleManager: Shutting down and abandoning module GameProjectGeneration (441)
[2018.01.25-05.10.09:738][397]LogModuleManager: Shutting down and abandoning module EditorLiveStreaming (438)
[2018.01.25-05.10.09:738][397]LogModuleManager: Shutting down and abandoning module IOSPlatformEditor (436)
[2018.01.25-05.10.09:738][397]LogModuleManager: Shutting down and abandoning module HTML5PlatformEditor (434)
[2018.01.25-05.10.09:738][397]LogModuleManager: Shutting down and abandoning module AndroidPlatformEditor (432)
[2018.01.25-05.10.09:738][397]LogModuleManager: Shutting down and abandoning module AndroidDeviceDetection (431)
[2018.01.25-05.10.10:099][397]LogModuleManager: Shutting down and abandoning module IOSRuntimeSettings (428)
[2018.01.25-05.10.10:099][397]LogModuleManager: Shutting down and abandoning module AndroidRuntimeSettings (426)
[2018.01.25-05.10.10:099][397]LogModuleManager: Shutting down and abandoning module InputBindingEditor (424)
[2018.01.25-05.10.10:099][397]LogModuleManager: Shutting down and abandoning module MergeActors (422)
[2018.01.25-05.10.10:099][397]LogModuleManager: Shutting down and abandoning module SizeMap (420)
[2018.01.25-05.10.10:099][397]LogModuleManager: Shutting down and abandoning module TreeMap (418)
[2018.01.25-05.10.10:099][397]LogModuleManager: Shutting down and abandoning module ReferenceViewer (416)
[2018.01.25-05.10.10:099][397]LogModuleManager: Shutting down and abandoning module LocalizationDashboard (414)
[2018.01.25-05.10.10:100][397]LogModuleManager: Shutting down and abandoning module LocalizationService (413)
[2018.01.25-05.10.10:100][397]LogModuleManager: Shutting down and abandoning module HardwareTargeting (410)
[2018.01.25-05.10.10:100][397]LogModuleManager: Shutting down and abandoning module DeviceProfileEditor (408)
[2018.01.25-05.10.10:100][397]LogModuleManager: Shutting down and abandoning module UndoHistory (406)
[2018.01.25-05.10.10:100][397]LogModuleManager: Shutting down and abandoning module UserFeedback (404)
[2018.01.25-05.10.10:100][397]LogModuleManager: Shutting down and abandoning module XmlParser (402)
[2018.01.25-05.10.10:100][397]LogModuleManager: Shutting down and abandoning module Blutility (400)
[2018.01.25-05.10.10:100][397]LogModuleManager: Shutting down and abandoning module ProjectSettingsViewer (398)
[2018.01.25-05.10.10:100][397]LogModuleManager: Shutting down and abandoning module ProjectTargetPlatformEditor (397)
[2018.01.25-05.10.10:100][397]LogModuleManager: Shutting down and abandoning module EditorSettingsViewer (394)
[2018.01.25-05.10.10:100][397]LogModuleManager: Shutting down and abandoning module SettingsEditor (392)
[2018.01.25-05.10.10:100][397]LogModuleManager: Shutting down and abandoning module ProjectLauncher (390)
[2018.01.25-05.10.10:100][397]LogModuleManager: Shutting down and abandoning module SessionFrontend (388)
[2018.01.25-05.10.10:100][397]LogModuleManager: Shutting down and abandoning module ProfilerClient (386)
[2018.01.25-05.10.10:100][397]LogModuleManager: Shutting down and abandoning module DeviceManager (384)
[2018.01.25-05.10.10:100][397]LogModuleManager: Shutting down and abandoning module TargetDeviceServices (383)
[2018.01.25-05.10.10:160][397]LogModuleManager: Shutting down and abandoning module AutomationController (380)
[2018.01.25-05.10.10:160][397]LogModuleManager: Shutting down and abandoning module AutomationWindow (378)
[2018.01.25-05.10.10:160][397]LogModuleManager: Shutting down and abandoning module Layers (376)
[2018.01.25-05.10.10:160][397]LogModuleManager: Shutting down and abandoning module ComponentVisualizers (374)
[2018.01.25-05.10.10:160][397]LogModuleManager: Shutting down and abandoning module DetailCustomizations (372)
[2018.01.25-05.10.10:160][397]LogModuleManager: Shutting down and abandoning module PackagesDialog (370)
[2018.01.25-05.10.10:160][397]LogModuleManager: Shutting down and abandoning module Persona (368)
[2018.01.25-05.10.10:160][397]LogModuleManager: Shutting down and abandoning module AdvancedPreviewScene (367)
[2018.01.25-05.10.10:160][397]LogModuleManager: Shutting down and abandoning module AnimGraph (365)
[2018.01.25-05.10.10:160][397]LogModuleManager: Shutting down and abandoning module Kismet (362)
[2018.01.25-05.10.10:165][397]LogModuleManager: Shutting down and abandoning module ClassViewer (360)
[2018.01.25-05.10.10:165][397]LogModuleManager: Shutting down and abandoning module Toolbox (358)
[2018.01.25-05.10.10:165][397]LogModuleManager: Shutting down and abandoning module ModuleUI (356)
[2018.01.25-05.10.10:165][397]LogModuleManager: Shutting down and abandoning module MovieSceneTools (354)
[2018.01.25-05.10.10:165][397]LogModuleManager: Shutting down and abandoning module OutputLog (352)
[2018.01.25-05.10.10:165][397]LogModuleManager: Shutting down and abandoning module GammaUI (350)
[2018.01.25-05.10.10:165][397]LogModuleManager: Shutting down and abandoning module Documentation (348)
[2018.01.25-05.10.10:165][397]LogModuleManager: Shutting down and abandoning module MovieSceneTracks (346)
[2018.01.25-05.10.10:165][397]LogModuleManager: Shutting down and abandoning module MovieScene (344)
[2018.01.25-05.10.10:165][397]LogModuleManager: Shutting down and abandoning module Niagara (342)
[2018.01.25-05.10.10:165][397]LogModuleManager: Shutting down and abandoning module NiagaraEditor (341)
[2018.01.25-05.10.10:165][397]LogModuleManager: Shutting down and abandoning module StreamingPauseRendering (338)
[2018.01.25-05.10.10:165][397]LogModuleManager: Shutting down and abandoning module AnalyticsET (336)
[2018.01.25-05.10.10:165][397]LogModuleManager: Shutting down and abandoning module PortalServices (334)
[2018.01.25-05.10.10:165][397]LogModuleManager: Shutting down and abandoning module PortalRpc (332)
[2018.01.25-05.10.10:165][397]LogModuleManager: Shutting down and abandoning module MessagingRpc (330)
[2018.01.25-05.10.10:165][397]LogModuleManager: Shutting down and abandoning module AIModule (328)
[2018.01.25-05.10.10:165][397]LogModuleManager: Shutting down and abandoning module GameplayDebugger (327)
[2018.01.25-05.10.10:165][397]LogModuleManager: Shutting down and abandoning module AITestSuite (325)
[2018.01.25-05.10.10:165][397]LogModuleManager: Shutting down and abandoning module ProfilerService (322)
[2018.01.25-05.10.10:391][397]LogModuleManager: Shutting down and abandoning module TaskGraph (320)
[2018.01.25-05.10.10:391][397]LogModuleManager: Shutting down and abandoning module SubstanceEditor (318)
[2018.01.25-05.10.10:391][397]LogModuleManager: Shutting down and abandoning module ProceduralMeshComponentEditor (316)
[2018.01.25-05.10.10:391][397]LogModuleManager: Shutting down and abandoning module ProceduralMeshComponent (314)
[2018.01.25-05.10.10:391][397]LogModuleManager: Shutting down and abandoning module MobilePatchingUtils (312)
[2018.01.25-05.10.10:391][397]LogModuleManager: Shutting down and abandoning module CustomMeshComponent (310)
[2018.01.25-05.10.10:391][397]LogModuleManager: Shutting down and abandoning module CableComponent (308)
[2018.01.25-05.10.10:391][397]LogModuleManager: Shutting down and abandoning module ArchVisCharacter (306)
[2018.01.25-05.10.10:391][397]LogModuleManager: Shutting down and abandoning module AndroidPermission (304)
[2018.01.25-05.10.10:391][397]LogModuleManager: Shutting down and abandoning module MediaPlayerEditor (300)
[2018.01.25-05.10.10:391][397]LogModuleManager: Shutting down and abandoning module HTML5Networking (298)
[2018.01.25-05.10.10:392][397]LogModuleManager: Shutting down and abandoning module AlembicImporter (296)
[2018.01.25-05.10.10:392][397]LogModuleManager: Shutting down and abandoning module AlembicLibrary (295)
[2018.01.25-05.10.10:392][397]LogModuleManager: Shutting down and abandoning module GeometryCache (294)
[2018.01.25-05.10.10:392][397]LogModuleManager: Shutting down and abandoning module GeometryCacheEd (293)
[2018.01.25-05.10.10:392][397]LogModuleManager: Shutting down and abandoning module SuperSearchEditor (288)
[2018.01.25-05.10.10:392][397]LogModuleManager: Shutting down and abandoning module SuperSearch (287)
[2018.01.25-05.10.10:392][397]LogModuleManager: Shutting down and abandoning module SpeedTreeImporter (284)
[2018.01.25-05.10.10:392][397]LogModuleManager: Shutting down and abandoning module PluginBrowser (282)
[2018.01.25-05.10.10:392][397]LogModuleManager: Shutting down and abandoning module MobileLauncherProfileWizard (280)
[2018.01.25-05.10.10:392][397]LogModuleManager: Shutting down and abandoning module VisualStudioSourceCodeAccess (278)
[2018.01.25-05.10.10:392][397]LogModuleManager: Shutting down and abandoning module DesktopPlatform (277)
[2018.01.25-05.10.10:392][397]LogModuleManager: Shutting down and abandoning module UObjectPlugin (274)
[2018.01.25-05.10.10:392][397]LogModuleManager: Shutting down and abandoning module SubversionSourceControl (272)
[2018.01.25-05.10.10:392][397]LogModuleManager: Shutting down and abandoning module PerforceSourceControl (270)
[2018.01.25-05.10.10:392][397]LogModuleManager: Shutting down and abandoning module GitSourceControl (268)
[2018.01.25-05.10.10:392][397]LogModuleManager: Shutting down and abandoning module SourceControl (267)
[2018.01.25-05.10.10:392][397]LogModuleManager: Shutting down and abandoning module LightPropagationVolumeEditor (264)
[2018.01.25-05.10.10:392][397]LogModuleManager: Shutting down and abandoning module PaperTiledImporter (262)
[2018.01.25-05.10.10:392][397]LogModuleManager: Shutting down and abandoning module PaperSpriteSheetImporter (260)
[2018.01.25-05.10.10:392][397]LogModuleManager: Shutting down and abandoning module Paper2DEditor (258)
[2018.01.25-05.10.10:392][397]LogModuleManager: Shutting down and abandoning module MeshPaint (257)
[2018.01.25-05.10.10:392][397]LogModuleManager: Shutting down and abandoning module LevelEditor (255)
[2018.01.25-05.10.10:392][397]LogModuleManager: Shutting down and abandoning module PixelInspectorModule (254)
[2018.01.25-05.10.10:392][397]LogModuleManager: Shutting down and abandoning module MainFrame (252)
[2018.01.25-05.10.10:392][397]LogModuleManager: Shutting down and abandoning module HotReload (251)
[2018.01.25-05.10.10:393][397]LogModuleManager: Shutting down and abandoning module PhysXVehiclesEditor (246)
[2018.01.25-05.10.10:393][397]LogModuleManager: Shutting down and abandoning module PhysXVehicles (244)
[2018.01.25-05.10.10:393][397]LogModuleManager: Shutting down and abandoning module LocationServicesBPLibrary (242)
[2018.01.25-05.10.10:393][397]LogModuleManager: Shutting down and abandoning module ImmediatePhysicsEditor (240)
[2018.01.25-05.10.10:393][397]LogModuleManager: Shutting down and abandoning module ImmediatePhysics (238)
[2018.01.25-05.10.10:393][397]LogModuleManager: Shutting down and abandoning module UdpMessaging (236)
[2018.01.25-05.10.10:493][397]LogModuleManager: Shutting down and abandoning module TcpMessaging (234)
[2018.01.25-05.10.10:593][397]LogModuleManager: Shutting down and abandoning module SubstanceCore (232)
[2018.01.25-05.10.10:593][397]LogModuleManager: Shutting down and abandoning module GameplayTagsEditor (230)
[2018.01.25-05.10.10:593][397]LogModuleManager: Shutting down and abandoning module FacialAnimationEditor (228)
[2018.01.25-05.10.10:593][397]LogModuleManager: Shutting down and abandoning module FacialAnimation (226)
[2018.01.25-05.10.10:593][397]LogModuleManager: Shutting down and abandoning module AssetManagerEditor (224)
[2018.01.25-05.10.10:593][397]LogModuleManager: Shutting down and abandoning module GraphEditor (223)
[2018.01.25-05.10.10:593][397]LogModuleManager: Shutting down and abandoning module ContentBrowser (221)
[2018.01.25-05.10.10:593][397]LogModuleManager: Shutting down and abandoning module LightPropagationVolumeRuntime (218)
[2018.01.25-05.10.10:593][397]LogModuleManager: Shutting down and abandoning module Paper2D (216)
[2018.01.25-05.10.10:593][397]LogModuleManager: Shutting down and abandoning module WindowsMoviePlayer (214)
[2018.01.25-05.10.10:593][397]LogModuleManager: Shutting down and abandoning module WmfMedia (212)
[2018.01.25-05.10.10:594][397]LogModuleManager: Shutting down and abandoning module ClothingSystemEditor (210)
[2018.01.25-05.10.10:594][397]LogModuleManager: Shutting down and abandoning module ClothingSystemRuntime (208)
[2018.01.25-05.10.10:594][397]LogModuleManager: Shutting down and abandoning module MediaAssets (206)
[2018.01.25-05.10.10:594][397]LogModuleManager: Shutting down and abandoning module GameLiveStreaming (204)
[2018.01.25-05.10.10:594][397]LogModuleManager: Shutting down and abandoning module VREditor (202)
[2018.01.25-05.10.10:594][397]LogModuleManager: Shutting down and abandoning module StringTableEditor (200)
[2018.01.25-05.10.10:594][397]LogModuleManager: Shutting down and abandoning module GameplayTasksEditor (198)
[2018.01.25-05.10.10:594][397]LogModuleManager: Shutting down and abandoning module BehaviorTreeEditor (196)
[2018.01.25-05.10.10:594][397]LogModuleManager: Shutting down and abandoning module FunctionalTesting (194)
[2018.01.25-05.10.10:594][397]LogModuleManager: Shutting down and abandoning module CollisionAnalyzer (192)
[2018.01.25-05.10.10:594][397]LogModuleManager: Shutting down and abandoning module UMG (190)
[2018.01.25-05.10.10:594][397]LogModuleManager: Shutting down and abandoning module UMGEditor (189)
[2018.01.25-05.10.10:594][397]LogModuleManager: Shutting down and abandoning module Sequencer (188)
[2018.01.25-05.10.10:594][397]LogModuleManager: Shutting down and abandoning module AssetTools (186)
[2018.01.25-05.10.10:594][397]LogModuleManager: Shutting down and abandoning module MessageLog (185)
[2018.01.25-05.10.10:594][397]LogModuleManager: Shutting down and abandoning module WorkspaceMenuStructure (184)
[2018.01.25-05.10.10:594][397]LogModuleManager: Shutting down and abandoning module SlateReflector (178)
[2018.01.25-05.10.10:594][397]LogModuleManager: Shutting down and abandoning module Slate (176)
[2018.01.25-05.10.10:594][397]LogModuleManager: Shutting down and abandoning module EditorStyle (174)
[2018.01.25-05.10.10:596][397]LogModuleManager: Shutting down and abandoning module SourceCodeAccess (172)
[2018.01.25-05.10.10:596][397]LogModuleManager: Shutting down and abandoning module HeadMountedDisplay (170)
[2018.01.25-05.10.10:596][397]LogModuleManager: Shutting down and abandoning module XAudio2 (168)
[2018.01.25-05.10.10:596][397]LogModuleManager: Shutting down and abandoning module Networking (166)
[2018.01.25-05.10.10:596][397]LogModuleManager: Shutting down and abandoning module Core (162)
[2018.01.25-05.10.10:596][397]LogModuleManager: Shutting down and abandoning module AssetRegistry (160)
[2018.01.25-05.10.10:717][397]LogDirectoryWatcher: A directory notification for '../../../Engine/Content/' was aborted.
[2018.01.25-05.10.10:717][397]LogDirectoryWatcher: A directory notification for 'E:/Projects/UE4/BoringMachine/Content/' was aborted.
[2018.01.25-05.10.10:717][397]LogDirectoryWatcher: A directory notification for '../../../Engine/Plugins/2D/Paper2D/Content/' was aborted.
[2018.01.25-05.10.10:717][397]LogDirectoryWatcher: A directory notification for '../../../Engine/Plugins/Runtime/GearVR/Content/' was aborted.
[2018.01.25-05.10.10:719][397]LogModuleManager: Shutting down and abandoning module DirectoryWatcher (159)
[2018.01.25-05.10.10:719][397]LogModuleManager: Shutting down and abandoning module KismetCompiler (156)
[2018.01.25-05.10.10:719][397]LogModuleManager: Shutting down and abandoning module PhysXFormats (154)
[2018.01.25-05.10.10:719][397]LogModuleManager: Shutting down and abandoning module MeshUtilities (152)
[2018.01.25-05.10.10:719][397]LogModuleManager: Shutting down and abandoning module SimplygonSwarm (151)
[2018.01.25-05.10.10:719][397]LogModuleManager: Shutting down and abandoning module SimplygonMeshReduction (149)
[2018.01.25-05.10.10:719][397]LogModuleManager: Shutting down and abandoning module QuadricMeshReduction (147)
[2018.01.25-05.10.10:719][397]LogModuleManager: Shutting down and abandoning module LevelSequence (144)
[2018.01.25-05.10.10:719][397]LogModuleManager: Shutting down and abandoning module DerivedDataCache (142)
[2018.01.25-05.10.10:805][397]LogDerivedDataCache: Shutdown
[2018.01.25-05.10.10:805][397]LogModuleManager: Shutting down and abandoning module TargetPlatform (140)
[2018.01.25-05.10.10:805][397]LogModuleManager: Shutting down and abandoning module VulkanShaderFormat (139)
[2018.01.25-05.10.10:805][397]LogModuleManager: Shutting down and abandoning module ShaderFormatVectorVM (137)
[2018.01.25-05.10.10:805][397]LogModuleManager: Shutting down and abandoning module ShaderFormatOpenGL (135)
[2018.01.25-05.10.10:805][397]LogModuleManager: Shutting down and abandoning module ShaderFormatD3D (133)
[2018.01.25-05.10.10:805][397]LogModuleManager: Shutting down and abandoning module MetalShaderFormat (131)
[2018.01.25-05.10.10:805][397]LogModuleManager: Shutting down and abandoning module TextureFormatUncompressed (129)
[2018.01.25-05.10.10:805][397]LogModuleManager: Shutting down and abandoning module TextureFormatPVR (127)
[2018.01.25-05.10.10:805][397]LogModuleManager: Shutting down and abandoning module TextureFormatDXT (125)
[2018.01.25-05.10.10:805][397]LogModuleManager: Shutting down and abandoning module TextureFormatIntelISPCTexComp (123)
[2018.01.25-05.10.10:805][397]LogModuleManager: Shutting down and abandoning module TextureFormatASTC (121)
[2018.01.25-05.10.10:805][397]LogModuleManager: Shutting down and abandoning module ImageWrapper (120)
[2018.01.25-05.10.10:805][397]LogModuleManager: Shutting down and abandoning module TextureFormatAndroid (117)
[2018.01.25-05.10.10:805][397]LogModuleManager: Shutting down and abandoning module AudioFormatOpus (115)
[2018.01.25-05.10.10:805][397]LogModuleManager: Shutting down and abandoning module AudioFormatOgg (113)
[2018.01.25-05.10.10:805][397]LogModuleManager: Shutting down and abandoning module AudioFormatADPCM (111)
[2018.01.25-05.10.10:805][397]LogModuleManager: Shutting down and abandoning module LinuxTargetPlatform (109)
[2018.01.25-05.10.10:805][397]LogModuleManager: Shutting down and abandoning module LinuxServerTargetPlatform (107)
[2018.01.25-05.10.10:805][397]LogModuleManager: Shutting down and abandoning module LinuxNoEditorTargetPlatform (105)
[2018.01.25-05.10.10:805][397]LogModuleManager: Shutting down and abandoning module LinuxClientTargetPlatform (103)
[2018.01.25-05.10.10:805][397]LogModuleManager: Shutting down and abandoning module TVOSTargetPlatform (101)
[2018.01.25-05.10.10:805][397]LogModuleManager: Shutting down and abandoning module Messaging (99)
[2018.01.25-05.10.10:805][397]LogModuleManager: Shutting down and abandoning module IOSTargetPlatform (97)
[2018.01.25-05.10.10:805][397]LogModuleManager: Shutting down and abandoning module HTML5TargetPlatform (95)
[2018.01.25-05.10.10:805][397]LogModuleManager: Shutting down and abandoning module Android_PVRTCTargetPlatform (93)
[2018.01.25-05.10.10:805][397]LogModuleManager: Shutting down and abandoning module Android_MultiTargetPlatform (91)
[2018.01.25-05.10.10:805][397]LogModuleManager: Shutting down and abandoning module Android_ETC2TargetPlatform (89)
[2018.01.25-05.10.10:805][397]LogModuleManager: Shutting down and abandoning module Android_ETC1TargetPlatform (87)
[2018.01.25-05.10.10:805][397]LogModuleManager: Shutting down and abandoning module Android_DXTTargetPlatform (85)
[2018.01.25-05.10.10:805][397]LogModuleManager: Shutting down and abandoning module Android_ATCTargetPlatform (83)
[2018.01.25-05.10.10:805][397]LogModuleManager: Shutting down and abandoning module Android_ASTCTargetPlatform (81)
[2018.01.25-05.10.10:805][397]LogModuleManager: Shutting down and abandoning module AndroidTargetPlatform (79)
[2018.01.25-05.10.10:805][397]LogModuleManager: Shutting down and abandoning module WindowsTargetPlatform (77)
[2018.01.25-05.10.10:805][397]LogModuleManager: Shutting down and abandoning module WindowsServerTargetPlatform (75)
[2018.01.25-05.10.10:805][397]LogModuleManager: Shutting down and abandoning module WindowsNoEditorTargetPlatform (73)
[2018.01.25-05.10.10:805][397]LogModuleManager: Shutting down and abandoning module WindowsClientTargetPlatform (71)
[2018.01.25-05.10.10:805][397]LogModuleManager: Shutting down and abandoning module MacTargetPlatform (69)
[2018.01.25-05.10.10:805][397]LogModuleManager: Shutting down and abandoning module MacServerTargetPlatform (67)
[2018.01.25-05.10.10:805][397]LogModuleManager: Shutting down and abandoning module MacNoEditorTargetPlatform (65)
[2018.01.25-05.10.10:805][397]LogModuleManager: Shutting down and abandoning module MacClientTargetPlatform (63)
[2018.01.25-05.10.10:805][397]LogModuleManager: Shutting down and abandoning module AllDesktopTargetPlatform (61)
[2018.01.25-05.10.10:805][397]LogModuleManager: Shutting down and abandoning module InputCore (58)
[2018.01.25-05.10.10:805][397]LogModuleManager: Shutting down and abandoning module Settings (56)
[2018.01.25-05.10.10:806][397]LogModuleManager: Shutting down and abandoning module GearVRController (54)
[2018.01.25-05.10.10:806][397]LogModuleManager: Shutting down and abandoning module GearVR (52)
[2018.01.25-05.10.10:806][397]LogModuleManager: Shutting down and abandoning module ExampleDeviceProfileSelector (50)
[2018.01.25-05.10.10:806][397]LogModuleManager: Shutting down and abandoning module OnlineBlueprintSupport (48)
[2018.01.25-05.10.10:806][397]LogModuleManager: Shutting down and abandoning module OnlineSubsystem (44)
[2018.01.25-05.10.10:806][397]LogOnline:Display: Unloading online subsystem: NULL
[2018.01.25-05.10.10:806][397]LogModuleManager: Shutting down and abandoning module XMPP (43)
[2018.01.25-05.10.10:806][397]LogModuleManager: Shutting down and abandoning module HTTP (41)
[2018.01.25-05.10.10:806][397]LogHttp:Display: Http module shutting down, but needs to wait on 1 outstanding Http requests:
[2018.01.25-05.10.10:806][397]LogHttp:Display: 	verb=[POST] url=[https://datarouter.ol.epicgames.com/datarouter/api/v1/public/data?SessionID=%7B7D7B3EE3-4D8F-8A95-7FBC-62B527150A97%7D&AppID=UEEditor.Rocket.Release&AppVersion=4.16.3-3561208%2B%2B%2BUE4%2BRelease-4.16&UserID=871bc2ea4251745466dd20a3a7c75c13%7C17b9900037344c10b9b9506380a9cbb5%7C5bfdc309-bfdd-4641-a80f-cdc1840afaf6&AppEnvironment=datacollector-binary&UploadType=eteventstream] status=Processing
[2018.01.25-05.10.10:829][397]LogModuleManager: Shutting down and abandoning module SSL (40)
[2018.01.25-05.10.10:830][397]LogModuleManager: Shutting down and abandoning module HTTPChunkInstaller (36)
[2018.01.25-05.10.10:830][397]LogModuleManager: Shutting down and abandoning module AnimationModifiers (34)
[2018.01.25-05.10.10:830][397]LogModuleManager: Shutting down and abandoning module PropertyEditor (33)
[2018.01.25-05.10.10:830][397]LogModuleManager: Shutting down and abandoning module AudioEditor (30)
[2018.01.25-05.10.10:830][397]LogModuleManager: Shutting down and abandoning module TextureCompressor (28)
[2018.01.25-05.10.10:830][397]LogModuleManager: Shutting down and abandoning module ShaderCore (26)
[2018.01.25-05.10.10:830][397]LogModuleManager: Shutting down and abandoning module Landscape (24)
[2018.01.25-05.10.10:830][397]LogModuleManager: Shutting down and abandoning module SlateRHIRenderer (22)
[2018.01.25-05.10.10:831][397]LogModuleManager: Shutting down and abandoning module OpenGLDrv (20)
[2018.01.25-05.10.10:831][397]LogModuleManager: Shutting down and abandoning module D3D11RHI (18)
[2018.01.25-05.10.10:831][397]LogModuleManager: Shutting down and abandoning module AnimGraphRuntime (16)
[2018.01.25-05.10.10:831][397]LogModuleManager: Shutting down and abandoning module Renderer (14)
[2018.01.25-05.10.10:831][397]LogModuleManager: Shutting down and abandoning module Engine (12)
[2018.01.25-05.10.10:831][397]LogModuleManager: Shutting down and abandoning module CoreUObject (10)
[2018.01.25-05.10.10:831][397]LogModuleManager: Shutting down and abandoning module NetworkFile (8)
[2018.01.25-05.10.10:831][397]LogModuleManager: Shutting down and abandoning module StreamingFile (6)
[2018.01.25-05.10.10:831][397]LogModuleManager: Shutting down and abandoning module SandboxFile (4)
[2018.01.25-05.10.10:831][397]LogModuleManager: Shutting down and abandoning module PakFile (2)
[2018.01.25-05.10.10:832][397]LogExit: Exiting.
[2018.01.25-05.10.10:841][397]Log file closed, 01/25/18 13:10:10
