Log file open, 01/21/18 21:37:24
LogInit:Display: Running engine for game: BoringMachine
LogPlatformFile: Not using cached read wrapper
LogInit:Display: RandInit(-1076362618) SRandInit(-1076362618).
LogTaskGraph: Started task graph with 5 named threads and 8 total threads with 1 sets of task threads.
LogStats: Stats thread started at 0.121169
LogInit: Using libcurl 7.47.1
LogInit:  - built for x86_64-pc-win32
LogInit:  - supports SSL with OpenSSL/1.0.2g
LogInit:  - supports HTTP deflate (compression) using libz 1.2.8
LogInit:  - other features:
LogInit:      CURL_VERSION_SSL
LogInit:      CURL_VERSION_LIBZ
LogInit:      CURL_VERSION_IPV6
LogInit:      CURL_VERSION_ASYNCHDNS
LogInit:      CURL_VERSION_LARGEFILE
LogInit:      CURL_VERSION_IDN
LogInit:  CurlRequestOptions (configurable via config and command line):
LogInit:  - bVerifyPeer = false  - Libcurl will NOT verify peer certificate
LogInit:  - bUseHttpProxy = true  - Libcurl will use HTTP proxy
LogInit:  - HttpProxyAddress = '127.0.0.1:60034'
LogInit:  - bDontReuseConnections = false  - Libcurl will reuse connections
LogInit:  - CertBundlePath = nullptr  - Libcurl will use whatever was configured at build time.
OCULUS: Info: [CAPI] LibOVR module is located at C:\Program Files\Oculus\Support\oculus-runtime\LibOVRRT64_1.dll
OCULUS: Debug: Connected to the server running version (prod = 1).1.20.0(build = 501061) feature version = 0. Client runs version (prod = 1).1.20.0(build = 501061) feature version = 0
LogHMD: GearVR: Emulating GearVR using Oculus Rift!
LogInit: Build: ++UE4+Release-4.16-CL-3561208
LogInit: Engine Version: 4.16.3-3561208+++UE4+Release-4.16
LogInit: Compatible Engine Version: 4.16.0-3452394+++UE4+Release-4.16
LogInit: Net CL: 3452394
LogDevObjectVersion: Number of dev versions registered: 16
LogDevObjectVersion:   Dev-Blueprints (B0D832E4-1F89-4F0D-ACCF-7EB736FD4AA2): 9
LogDevObjectVersion:   Dev-Build (E1C64328-A22C-4D53-A36C-8E866417BD8C): 0
LogDevObjectVersion:   Dev-Core (375EC13C-06E4-48FB-B500-84F0262A717E): 2
LogDevObjectVersion:   Dev-Editor (E4B068ED-F494-42E9-A231-DA0B2E46BB41): 17
LogDevObjectVersion:   Dev-Framework (CFFC743F-43B0-4480-9391-14DF171D2073): 23
LogDevObjectVersion:   Dev-Mobile (B02B49B5-BB20-44E9-A304-32B752E40360): 0
LogDevObjectVersion:   Dev-Networking (A4E4105C-59A1-49B5-A7C5-40C4547EDFEE): 0
LogDevObjectVersion:   Dev-Online (39C831C9-5AE6-47DC-9A44-9C173E1C8E7C): 0
LogDevObjectVersion:   Dev-Physics (78F01B33-EBEA-4F98-B9B4-84EACCB95AA2): 0
LogDevObjectVersion:   Dev-Platform (6631380F-2D4D-43E0-8009-CF276956A95A): 0
LogDevObjectVersion:   Dev-Rendering (12F88B9F-8875-4AFC-A67C-D90C383ABD29): 15
LogDevObjectVersion:   Dev-Sequencer (7B5AE74C-D270-4C10-A958-57980B212A5A): 4
LogDevObjectVersion:   Dev-VR (D7296918-1DD6-4BDD-9DE2-64A83CC13884): 0
LogDevObjectVersion:   Dev-LoadTimes (C2A15278-BFE7-4AFE-6C17-90FF531DF755): 1
LogDevObjectVersion:   Private-Geometry (6EACA3D4-40EC-4CC1-B786-8BED09428FC5): 1
LogDevObjectVersion:   Dev-AnimPhys (29E575DD-E0A3-4627-9D10-D276232CDCEA): 3
LogInit: Compiled (64-bit): Jul 28 2017 11:49:47
LogInit: Compiled with Visual C++: 19.00.24215.01
LogInit: Build Configuration: Development
LogInit: Branch Name: ++UE4+Release-4.16
LogInit: Command line: 
LogInit: Base directory: D:/UE4_Version/UE_4.16/Engine/Binaries/Win64/
LogInit: Installed Engine Build: 1
LogInit: Presizing for max 8388607 objects, including 0 objects not considered by GC, pre-allocating 0 bytes for permanent pool.
LogInit: Object subsystem initialized
[2018.01.21-13.37.25:991][  0]LogInit: Selected Device Profile: [Windows]
[2018.01.21-13.37.25:991][  0]LogInit: Applying CVar settings loaded from the selected device profile: [Windows]
[2018.01.21-13.37.26:000][  0]LogInit: Computer: DESKTOP-B7IJ9EN
[2018.01.21-13.37.26:000][  0]LogInit: User: Liuxiang
[2018.01.21-13.37.26:000][  0]LogInit: CPU Page size=4096, Cores=4
[2018.01.21-13.37.26:000][  0]LogInit: High frequency timer resolution =2.835936 MHz
[2018.01.21-13.37.26:000][  0]LogMemory: Memory total: Physical=31.9GB (32GB approx)
[2018.01.21-13.37.26:000][  0]LogMemory: Platform Memory Stats for Windows
[2018.01.21-13.37.26:000][  0]LogMemory: Process Physical Memory: 280.70 MB used, 280.70 MB peak
[2018.01.21-13.37.26:000][  0]LogMemory: Process Virtual Memory: 266.44 MB used, 266.44 MB peak
[2018.01.21-13.37.26:000][  0]LogMemory: Physical Memory: 6334.11 MB used,  26303.29 MB free, 32637.40 MB total
[2018.01.21-13.37.26:000][  0]LogMemory: Virtual Memory: 716.20 MB used,  26303.29 MB free, 134217728.00 MB total
[2018.01.21-13.37.26:593][  0]LogInit: Using OS detected language (zh-CN).
[2018.01.21-13.37.26:593][  0]LogInit: Using OS detected locale (zh-CN).
[2018.01.21-13.37.27:465][  0]LogD3D11RHI: D3D11 adapters:
[2018.01.21-13.37.27:520][  0]LogD3D11RHI:    0. 'NVIDIA GeForce GTX 1070' (Feature Level 11_0)
[2018.01.21-13.37.27:520][  0]LogD3D11RHI:       8081/0/16318 MB DedicatedVideo/DedicatedSystem/SharedSystem, Outputs:1, VendorId:0x10de
[2018.01.21-13.37.28:062][  0]LogD3D11RHI:    1. 'Intel(R) HD Graphics 630' (Feature Level 11_0)
[2018.01.21-13.37.28:062][  0]LogD3D11RHI:       128/0/16318 MB DedicatedVideo/DedicatedSystem/SharedSystem, Outputs:0, VendorId:0x8086
[2018.01.21-13.37.28:066][  0]LogD3D11RHI:    2. 'Microsoft Basic Render Driver' (Feature Level 11_0)
[2018.01.21-13.37.28:066][  0]LogD3D11RHI:       0/0/16318 MB DedicatedVideo/DedicatedSystem/SharedSystem, Outputs:0, VendorId:0x1414
[2018.01.21-13.37.28:066][  0]LogD3D11RHI: Chosen D3D11 Adapter: 0
[2018.01.21-13.37.28:076][  0]LogD3D11RHI: Creating new Direct3DDevice
[2018.01.21-13.37.28:076][  0]LogD3D11RHI:     GPU DeviceId: 0x1ba1 (for the marketing name, search the web for "GPU Device Id")
[2018.01.21-13.37.28:076][  0]LogWindows: EnumDisplayDevices:
[2018.01.21-13.37.28:076][  0]LogWindows:    0. 'NVIDIA GeForce GTX 1070' (P:1 D:1)
[2018.01.21-13.37.28:076][  0]LogWindows:    1. 'NVIDIA GeForce GTX 1070' (P:0 D:0)
[2018.01.21-13.37.28:076][  0]LogWindows:    2. 'NVIDIA GeForce GTX 1070' (P:0 D:0)
[2018.01.21-13.37.28:076][  0]LogWindows:    3. 'NVIDIA GeForce GTX 1070' (P:0 D:0)
[2018.01.21-13.37.28:077][  0]LogWindows:    4. 'Intel(R) HD Graphics 630' (P:0 D:0)
[2018.01.21-13.37.28:077][  0]LogWindows:    5. 'Intel(R) HD Graphics 630' (P:0 D:0)
[2018.01.21-13.37.28:077][  0]LogWindows:    6. 'Intel(R) HD Graphics 630' (P:0 D:0)
[2018.01.21-13.37.28:077][  0]LogWindows: DebugString: GetVideoDriverDetailsInvalid PrimaryIsNotTheChoosenAdapter GetVideoDriverDetailsInvalid PrimaryIsNotTheChoosenAdapter GetVideoDriverDetailsInvalid PrimaryIsNotTheChoosenAdapter GetVideoDriverDetailsInvalid PrimaryIsNotTheChoosenAdapter GetVideoDriverDetailsInvalid PrimaryIsNotTheChoosenAdapter GetVideoDriverDetailsInvalid PrimaryIsNotTheChoosenAdapter GetVideoDriverDetailsInvalid PrimaryIsNotTheChoosenAdapter FoundDriverCount:0 
[2018.01.21-13.37.28:077][  0]LogD3D11RHI:     Adapter Name: NVIDIA GeForce GTX 1070
[2018.01.21-13.37.28:077][  0]LogD3D11RHI:   Driver Version: Unknown (internal:Unknown, unified:Unknown)
[2018.01.21-13.37.28:077][  0]LogD3D11RHI:      Driver Date: Unknown
[2018.01.21-13.37.28:077][  0]LogRHI: Texture pool is 1361 MB (70% of 1945 MB)
[2018.01.21-13.37.28:116][  0]LogD3D11RHI: Async texture creation enabled
[2018.01.21-13.37.28:142][  0]LogD3D11RHI: GPU Timing Frequency: 1000.000000 (Debug: 2 2)
[2018.01.21-13.37.28:186][  0]LogShaderCompilers: Guid format shader working directory is 3 characters bigger than the processId version (../../../../../UE4_Project/TEST/BoringMachine/Intermediate/Shaders/WorkingDirectory/20036/).
[2018.01.21-13.37.28:186][  0]LogShaderCompilers: Cleaned the shader compiler working directory 'C:/Users/Liuxiang/AppData/Local/Temp/UnrealShaderWorkingDir/B2404A5149A0C8E6F1B609BF3F3D9DF2/'.
[2018.01.21-13.37.28:186][  0]LogShaderCompilers:Display: Using Local Shader Compiler.
[2018.01.21-13.37.29:264][  0]LogTemp:Display: Loaded TP AllDesktopTargetPlatform
[2018.01.21-13.37.29:314][  0]LogTemp:Display: Loaded TP MacClientTargetPlatform
[2018.01.21-13.37.29:365][  0]LogTemp:Display: Loaded TP MacNoEditorTargetPlatform
[2018.01.21-13.37.29:413][  0]LogTemp:Display: Loaded TP MacServerTargetPlatform
[2018.01.21-13.37.29:465][  0]LogTemp:Display: Loaded TP MacTargetPlatform
[2018.01.21-13.37.29:515][  0]LogTemp:Display: Loaded TP WindowsClientTargetPlatform
[2018.01.21-13.37.29:571][  0]LogTemp:Display: Loaded TP WindowsNoEditorTargetPlatform
[2018.01.21-13.37.29:624][  0]LogTemp:Display: Loaded TP WindowsServerTargetPlatform
[2018.01.21-13.37.29:667][  0]LogTemp:Display: Loaded TP WindowsTargetPlatform
[2018.01.21-13.37.29:721][  0]LogTemp:Display: Loaded TP AndroidTargetPlatform
[2018.01.21-13.37.29:770][  0]LogTemp:Display: Loaded TP Android_ASTCTargetPlatform
[2018.01.21-13.37.29:817][  0]LogTemp:Display: Loaded TP Android_ATCTargetPlatform
[2018.01.21-13.37.29:863][  0]LogTemp:Display: Loaded TP Android_DXTTargetPlatform
[2018.01.21-13.37.29:912][  0]LogTemp:Display: Loaded TP Android_ETC1TargetPlatform
[2018.01.21-13.37.29:960][  0]LogTemp:Display: Loaded TP Android_ETC2TargetPlatform
[2018.01.21-13.37.30:054][  0]LogTemp:Display: Loaded TP Android_MultiTargetPlatform
[2018.01.21-13.37.30:054][  0]LogTemp:Display: Loaded TP Android_PVRTCTargetPlatform
[2018.01.21-13.37.30:091][  0]LogTemp:Display: Loaded TP HTML5TargetPlatform
[2018.01.21-13.37.30:180][  0]LogTemp:Display: Loaded TP IOSTargetPlatform
[2018.01.21-13.37.30:206][  0]LogTemp:Display: Loaded TP TVOSTargetPlatform
[2018.01.21-13.37.30:259][  0]LogTemp:Display: Loaded TP LinuxClientTargetPlatform
[2018.01.21-13.37.30:311][  0]LogTemp:Display: Loaded TP LinuxNoEditorTargetPlatform
[2018.01.21-13.37.30:365][  0]LogTemp:Display: Loaded TP LinuxServerTargetPlatform
[2018.01.21-13.37.30:418][  0]LogTemp:Display: Loaded TP LinuxTargetPlatform
[2018.01.21-13.37.30:418][  0]LogTargetPlatformManager:Display: Building Assets For Windows
[2018.01.21-13.37.30:887][  0]LogDerivedDataCache:Display: Max Cache Size: 512 MB
[2018.01.21-13.37.30:986][  0]LogDerivedDataCache: Loaded boot cache 0.10s 99MB C:/Users/Liuxiang/AppData/Local/UnrealEngine/4.16/DerivedDataCache/Boot.ddc.
[2018.01.21-13.37.30:986][  0]LogDerivedDataCache:Display: Loaded Boot cache: C:/Users/Liuxiang/AppData/Local/UnrealEngine/4.16/DerivedDataCache/Boot.ddc
[2018.01.21-13.37.30:986][  0]LogDerivedDataCache: FDerivedDataBackendGraph:  Pak pak cache file ../../../../../UE4_Project/TEST/BoringMachine/DerivedDataCache/DDC.ddp not found, will not use a pak cache.
[2018.01.21-13.37.30:986][  0]LogDerivedDataCache: Unable to find inner node Pak for hierarchical cache Hierarchy.
[2018.01.21-13.37.30:986][  0]LogDerivedDataCache: FDerivedDataBackendGraph:  CompressedPak pak cache file ../../../../../UE4_Project/TEST/BoringMachine/DerivedDataCache/Compressed.ddp not found, will not use a pak cache.
[2018.01.21-13.37.30:986][  0]LogDerivedDataCache: Unable to find inner node CompressedPak for hierarchical cache Hierarchy.
[2018.01.21-13.37.31:003][  0]LogDerivedDataCache:Display: Pak cache opened for reading ../../../Engine/DerivedDataCache/Compressed.ddp.
[2018.01.21-13.37.31:016][  0]LogDerivedDataCache: Using Local data cache path C:/Users/Liuxiang/AppData/Local/UnrealEngine/Common/DerivedDataCache: Writable
[2018.01.21-13.37.31:025][  0]LogMaterial: Verifying Global Shaders for PCD3D_SM5
[2018.01.21-13.37.31:026][  0]LogSlate: Using Freetype 2.6.0
[2018.01.21-13.37.31:026][  0]LogSlate: SlateFontCache - WITH_FREETYPE: 1, WITH_HARFBUZZ: 1
[2018.01.21-13.37.31:026][  0]LogSlate: SlateFontCache - WITH_FREETYPE: 1, WITH_HARFBUZZ: 1
[2018.01.21-13.37.31:415][  0]LogInit: Selected Device Profile: [Windows]
[2018.01.21-13.37.31:489][  0]LogContentStreaming: Texture pool size is 0.00 MB
[2018.01.21-13.37.31:644][  0]LogMeshUtilities: Using QuadricMeshReduction for automatic static mesh reduction
[2018.01.21-13.37.31:687][  0]LogSimplygon: Simplygon DLL not present - disabling.
[2018.01.21-13.37.31:741][  0]LogMeshUtilities: Using SimplygonSwarm for distributed automatic mesh merging
[2018.01.21-13.37.31:741][  0]LogMeshUtilities: No automatic skeletal mesh reduction module available
[2018.01.21-13.37.31:741][  0]LogMeshUtilities: No automatic mesh merging module available
[2018.01.21-13.37.32:325][  0]LogNetVersion: BoringMachine , NetCL: 3452394, EngineNetVer: 2, GameNetVer: 0 (Checksum: 1412956445)
[2018.01.21-13.37.32:392][  0]LogAssetRegistry: FAssetRegistry took 0.0277 seconds to start up
[2018.01.21-13.37.32:485][  0]LogPackageLocalizationCache: Processed 4 localized package path(s) for 4 prioritized culture(s) in 0.073012 seconds
[2018.01.21-13.37.32:491][  0]LogUObjectArray: 34195 objects as part of root set at end of initial load.
[2018.01.21-13.37.32:491][  0]LogUObjectAllocator: 7260648 out of 0 bytes used by permanent object pool.
[2018.01.21-13.37.32:491][  0]LogUObjectArray: CloseDisregardForGC: 0/0 objects in disregard for GC pool
[2018.01.21-13.37.32:548][  0]LogInit: WinSock: version 1.1 (2.2), MaxSocks=32767, MaxUdp=65467
[2018.01.21-13.37.35:116][  0]LogSubstanceCoreModule: Substance [CPU] Engine Loaded, Max Texture Size = 2048
[2018.01.21-13.37.35:152][  0]LogTcpMessaging: Initializing TcpMessaging bridge
[2018.01.21-13.37.35:193][  0]LogUdpMessaging: Initializing bridge on interface 0.0.0.0:0 to multicast group 230.0.0.1:6666.
[2018.01.21-13.37.35:733][  0]LogMaterial: Uniform references updated for custom material expression Custom.
[2018.01.21-13.37.36:155][  0]SourceControl: 信息 源码控制已禁用
[2018.01.21-13.37.36:158][  0]SourceControl: 信息 源码控制已禁用
[2018.01.21-13.37.36:211][  0]SourceControl: 信息 源码控制已禁用
[2018.01.21-13.37.36:261][  0]SourceControl: 信息 源码控制已禁用
[2018.01.21-13.37.36:953][  0]LogAndroidPermission: UAndroidPermissionCallbackProxy::GetInstance
[2018.01.21-13.37.37:645][  0]LogEngine: Initializing Engine...
[2018.01.21-13.37.37:659][  0]LogHMD: Oculus plugin initialized. Version: 4.16.3-3561208+++UE4+Release-4.16, LibOVR: 1.20.0, SDK: 1.12.0, built Jul 28 2017, 11:57:22
[2018.01.21-13.37.37:878][  0]LogStats: UGameplayTagsManager::ConstructGameplayTagTree: Construct from data asset -  0.000 s
[2018.01.21-13.37.37:878][  0]LogStats: UGameplayTagsManager::ConstructGameplayTagTree: GameplayTagTreeChangedEvent.Broadcast -  0.000 s
[2018.01.21-13.37.38:029][  0]LogAIModule: Creating AISystem for world Untitled
[2018.01.21-13.37.38:044][  0]LogInit: XAudio2 using '扬声器/听筒 (Realtek Audio)' : 6 channels at 48 kHz using 32 bits per sample (channel mask 0x3f)
[2018.01.21-13.37.38:230][  0]LogInit: FAudioDevice initialized.
[2018.01.21-13.37.38:286][  0]LogDerivedDataCache: Saved boot cache 0.06s 99MB C:/Users/Liuxiang/AppData/Local/UnrealEngine/4.16/DerivedDataCache/Boot.ddc.
[2018.01.21-13.37.38:296][  0]LogInit: Texture streaming: Enabled
[2018.01.21-13.37.38:383][  0]LogEngineSessionManager: EngineSessionManager initialized
[2018.01.21-13.37.38:603][  0]LogInit: Transaction tracking system initialized
[2018.01.21-13.37.38:906][  0]BlueprintLog: New page: 编辑器加载
[2018.01.21-13.37.39:813][  0]LocalizationService: 信息 本地化服务已被禁用
[2018.01.21-13.37.40:459][  0]LogConsoleResponse:Display: 
[2018.01.21-13.37.40:607][  0]LogCook:Display: Max memory allowance for cook 16384mb min free memory 0mb
[2018.01.21-13.37.40:607][  0]LogCook:Display: Mobile HDR setting 1
[2018.01.21-13.37.41:585][  0]LogFileCache: Scanning file cache for directory 'D:/UE4_Project/TEST/BoringMachine/Content/' took 0.02s
[2018.01.21-13.37.41:628][  0]SourceControl: 信息 源码控制已禁用
[2018.01.21-13.37.41:628][  0]Cmd: MAP LOAD FILE="../../../Engine/Content/Maps/Templates/Template_Default.umap" TEMPLATE=1 SHOWPROGRESS=1 FEATURELEVEL=3
[2018.01.21-13.37.41:629][  0]LightingResults: New page: 光照构建
[2018.01.21-13.37.41:670][  0]MapCheck: New page: 地图检测
[2018.01.21-13.37.41:670][  0]LightingResults: New page: 光照构建
[2018.01.21-13.37.41:716][  0]LogLinker:Warning: 无法寻找到文件'/Game/TRT/FYTRT_1102/M/lambert58'
[2018.01.21-13.37.41:716][  0]LogLinker:Warning: 无法在加载../../../Engine/Content/EngineSky/BP_Sky_Sphere.uasset时寻找到资源'/Game/TRT/FYTRT_1102/M/lambert58'的文件。
[2018.01.21-13.37.41:716][  0]LoadErrors:Error: 错误 /Engine/EngineSky/BP_Sky_Sphere : 无法寻找到资源的文件。 /Game/TRT/FYTRT_1102/M/lambert58
[2018.01.21-13.37.41:718][  0]LogLinker:Warning: 无法寻找到文件'/Game/TRT/FYTRT_1102/M/lambert58'
[2018.01.21-13.37.41:718][  0]LogLinker:Warning: 无法在加载../../../Engine/Content/EngineSky/BP_Sky_Sphere.uasset时寻找到资源'/Game/TRT/FYTRT_1102/M/lambert58'的文件。
[2018.01.21-13.37.41:718][  0]LoadErrors:Error: 错误 /Engine/EngineSky/BP_Sky_Sphere : 无法寻找到资源的文件。 /Game/TRT/FYTRT_1102/M/lambert58
[2018.01.21-13.37.41:725][  0]LogLinker:Warning: 无法寻找到文件'/Game/TRT/FYTRT_1102/M/lambert58'
[2018.01.21-13.37.41:726][  0]LogLinker:Warning: 无法在加载../../../Engine/Content/Maps/Templates/Template_Default.umap时寻找到资源'/Game/TRT/FYTRT_1102/M/lambert58'的文件。
[2018.01.21-13.37.41:726][  0]LoadErrors:Error: 错误 /Engine/Maps/Templates/Template_Default : 无法寻找到资源的文件。 /Game/TRT/FYTRT_1102/M/lambert58
[2018.01.21-13.37.41:726][  0]LogLinker:Warning: 无法寻找到文件'/Game/TRT/FYTRT_1102/M/lambert58'
[2018.01.21-13.37.41:726][  0]LogLinker:Warning: 无法在加载../../../Engine/Content/Maps/Templates/Template_Default.umap时寻找到资源'/Game/TRT/FYTRT_1102/M/lambert58'的文件。
[2018.01.21-13.37.41:726][  0]LoadErrors:Error: 错误 /Engine/Maps/Templates/Template_Default : 无法寻找到资源的文件。 /Game/TRT/FYTRT_1102/M/lambert58
[2018.01.21-13.37.41:733][  0]LogLinker:Warning: 无法寻找到文件'/Game/TRT/FYTRT_1102/M/lambert58'
[2018.01.21-13.37.41:733][  0]LoadErrors: 信息 加载失败 /Game/TRT/FYTRT_1102/M/lambert58.lambert58 引用者 StaticMeshComponent_12
[2018.01.21-13.37.41:733][  0]LogLinker:Warning: 无法在加载../../../Engine/Content/Maps/Templates/Template_Default.umap时寻找到资源'/Game/TRT/FYTRT_1102/M/lambert58'的文件。
[2018.01.21-13.37.41:733][  0]LoadErrors: 信息 加载失败 /Game/TRT/FYTRT_1102/M/lambert58.lambert58 引用者 StaticMeshComponent_12
[2018.01.21-13.37.41:733][  0]LoadErrors:Error: 错误 /Engine/Maps/Templates/Template_Default : 无法寻找到资源的文件。 /Game/TRT/FYTRT_1102/M/lambert58
[2018.01.21-13.37.41:841][  0]LogAIModule: Creating AISystem for world Untitled_1
[2018.01.21-13.37.41:842][  0]LogActorComponent: RegisterComponentWithWorld: (/Temp/Untitled_1.Untitled_1:PersistentLevel.WorldSettings_1.StaticMeshComponent0) Trying to register component with IsPendingKill() == true. Aborting.
[2018.01.21-13.37.41:847][  0]LogEditorServer: Finished looking for orphan Actors (0.000 secs)
[2018.01.21-13.37.41:860][  0]Cmd: MAP CHECKDEP NOCLEARLOG
[2018.01.21-13.37.41:914][  0]MapCheck: 信息 地图检测完成：0个错误，0 个警告，用时53.928毫秒完成。
[2018.01.21-13.37.41:914][  0]LogFileHelpers: Loading map 'Template_Default' took 0.286
[2018.01.21-13.37.42:079][  0]LogCollectionManager: Loaded 0 collections in 0.001295 seconds
[2018.01.21-13.37.42:182][  0]LogFileCache: Scanning file cache for directory 'D:/UE4_Project/TEST/BoringMachine/Saved/Collections/' took 0.01s
[2018.01.21-13.37.42:182][  0]LogFileCache: Scanning file cache for directory 'D:/UE4_Project/TEST/BoringMachine/Content/Developers/Liuxiang/Collections/' took 0.01s
[2018.01.21-13.37.42:182][  0]LogFileCache: Scanning file cache for directory 'D:/UE4_Project/TEST/BoringMachine/Content/Collections/' took 0.01s
[2018.01.21-13.37.42:182][  0]LogCollectionManager: Rebuilt the GUID cache for 0 collections in 0.000002 seconds
[2018.01.21-13.37.42:193][  0]LogContentBrowser: Native class hierarchy populated in 0.0091 seconds. Added 2343 classes and 497 folders.
[2018.01.21-13.37.42:258][  0]LogContentBrowser: Native class hierarchy updated for 'WidgetCarousel' in 0.0008 seconds. Added 0 classes and 0 folders.
[2018.01.21-13.37.42:404][  0]LogContentBrowser: Native class hierarchy updated for 'AddContentDialog' in 0.0007 seconds. Added 0 classes and 0 folders.
[2018.01.21-13.37.42:470][  0]LogContentBrowser: Native class hierarchy updated for 'SceneOutliner' in 0.0007 seconds. Added 1 classes and 2 folders.
[2018.01.21-13.37.42:553][  0]LogCrashTracker: Crashtracker disabled due to settings.
[2018.01.21-13.37.42:564][  0]LogSlate: Took 0.000218 seconds to synchronously load lazily loaded font '../../../Engine/Content/Slate/Fonts/Roboto-Regular.ttf' (155K)
[2018.01.21-13.37.42:569][  0]LogSlate: Took 0.004009 seconds to synchronously load lazily loaded font '../../../Engine/Content/Slate/Fonts/DroidSansFallback.ttf' (3848K)
[2018.01.21-13.37.42:570][  0]LogSlate: Took 0.000238 seconds to synchronously load lazily loaded font '../../../Engine/Content/Slate/Fonts/Roboto-Bold.ttf' (160K)
[2018.01.21-13.37.42:582][  0]LogSlate: Took 0.001939 seconds to synchronously load lazily loaded font '../../../Engine/Content/Editor/Slate/Fonts/FontAwesome.ttf' (139K)
[2018.01.21-13.37.42:700][  0]LogRenderer: Reallocating scene render targets to support 1196x548 NumSamples 1 (Frame:1).
[2018.01.21-13.37.42:843][  0]LogUObjectGlobals:Warning: 寻找对象'Class 无.'失败
[2018.01.21-13.37.42:912][  0]LogContentBrowser: Native class hierarchy updated for 'HierarchicalLODOutliner' in 0.0007 seconds. Added 1 classes and 2 folders.
[2018.01.21-13.37.42:912][  0]LogLoad: (Engine Initialization) Total time: 19.43 seconds
[2018.01.21-13.37.42:912][  0]LogLoad: (Engine Initialization) Total Blueprint compile time: 0.07 seconds
[2018.01.21-13.37.42:912][  0]LogExternalProfiler: Found external profiler: VSPerf
[2018.01.21-13.37.42:912][  0]LogExternalProfiler: Using external profiler: VSPerf
[2018.01.21-13.37.43:253][  0]LogOcInput: OculusInput pre-init called
[2018.01.21-13.37.43:271][  0]LogOcInput: OculusInput is initialized. Init status 0. Runtime version: 1.20.0
[2018.01.21-13.37.43:271][  0]LogHMD: Starting GearVRController plugin
[2018.01.21-13.37.43:291][  0]LogContentStreaming: Texture pool size now 1000 MB
[2018.01.21-13.37.43:362][  0]LogSlate: Took 0.001834 seconds to synchronously load lazily loaded font '../../../Engine/Content/Slate/Fonts/Roboto-Light.ttf' (159K)
[2018.01.21-13.37.43:596][  1]LogAssetRegistry: Asset discovery search completed in 11.2272 seconds
[2018.01.21-13.37.43:598][  1]LogCollectionManager: Rebuilt the object cache for 0 collections in 0.000001 seconds (found 0 objects)
[2018.01.21-13.37.43:598][  1]LogCollectionManager: Fixed up redirectors for 0 collections in 0.000028 seconds (updated 0 objects)
[2018.01.21-13.37.44:254][  3]LogSlate: Took 0.000340 seconds to synchronously load lazily loaded font '../../../Engine/Content/Slate/Fonts/Roboto-Light.ttf' (159K)
[2018.01.21-13.37.52:565][253]LogSlate: Took 0.000238 seconds to synchronously load lazily loaded font '../../../Engine/Content/Slate/Fonts/Roboto-Light.ttf' (159K)
[2018.01.21-13.37.53:579][253]LogAIModule: Creating AISystem for world 05
[2018.01.21-13.37.53:630][253]Cmd: MAP LOAD FILE="../../../../../UE4_Project/TEST/BoringMachine/Content/My/MAP/05.umap" TEMPLATE=0 SHOWPROGRESS=1 FEATURELEVEL=3
[2018.01.21-13.37.53:630][253]LightingResults: New page: 光照构建
[2018.01.21-13.37.53:631][253]LoadErrors: New page: 正在加载地图： 05.umap
[2018.01.21-13.37.53:632][253]MapCheck: New page: 地图检测
[2018.01.21-13.37.53:632][253]LightingResults: New page: 光照构建
[2018.01.21-13.37.53:655][253]LogEditorServer: Finished looking for orphan Actors (0.000 secs)
[2018.01.21-13.37.53:693][253]Cmd: MAP CHECKDEP NOCLEARLOG
[2018.01.21-13.37.53:774][253]MapCheck: 信息 地图检测完成：0个错误，0 个警告，用时80.875毫秒完成。
[2018.01.21-13.37.53:774][253]LogFileHelpers: Loading map '05' took 0.145
[2018.01.21-13.38.04:928][907]LogRenderer: Reallocating scene render targets to support 1196x556 NumSamples 1 (Frame:679).
[2018.01.21-13.38.04:991][908]LogRenderer: Reallocating scene render targets to support 1196x572 NumSamples 1 (Frame:681).
[2018.01.21-13.38.05:050][909]LogRenderer: Reallocating scene render targets to support 1196x624 NumSamples 1 (Frame:683).
[2018.01.21-13.38.05:113][910]LogRenderer: Reallocating scene render targets to support 1196x656 NumSamples 1 (Frame:685).
[2018.01.21-13.38.05:173][911]LogRenderer: Reallocating scene render targets to support 1196x680 NumSamples 1 (Frame:687).
[2018.01.21-13.38.05:222][912]LogRenderer: Reallocating scene render targets to support 1196x696 NumSamples 1 (Frame:689).
[2018.01.21-13.38.05:279][913]LogRenderer: Reallocating scene render targets to support 1196x704 NumSamples 1 (Frame:691).
[2018.01.21-13.38.05:327][914]LogRenderer: Reallocating scene render targets to support 1196x708 NumSamples 1 (Frame:693).
[2018.01.21-13.38.05:561][925]LogRenderer: Reallocating scene render targets to support 1196x712 NumSamples 1 (Frame:697).
[2018.01.21-13.38.05:618][926]LogRenderer: Reallocating scene render targets to support 1196x720 NumSamples 1 (Frame:699).
[2018.01.21-13.38.05:668][927]LogRenderer: Reallocating scene render targets to support 1196x728 NumSamples 1 (Frame:701).
[2018.01.21-13.38.05:764][929]LogRenderer: Reallocating scene render targets to support 1196x732 NumSamples 1 (Frame:705).
[2018.01.21-13.38.29:626][302]LogEditorViewport: Clicking on Actor (LMB): StaticMeshActor (cavewall_04)
[2018.01.21-13.38.30:380][336]LogEditorViewport: Clicking on Actor (LMB): StaticMeshActor (cavewall_04)
[2018.01.21-13.38.41:788][840]LogEditorViewport: Clicking on Actor (LMB): StaticMeshActor (jitou_0120_002)
[2018.01.21-13.39.24:420][147]LogEditorViewport: Clicking on Actor (LMB): StaticMeshActor (cavewall_108)
[2018.01.21-13.39.25:431][187]LogEditorViewport: Clicking on Actor (LMB): StaticMeshActor (20180119_jiazi_001)
[2018.01.21-13.40.09:541][657]LogEditorViewport: Clicking on Actor (LMB): PointLight (PointLight27)
[2018.01.21-13.41.50:928][688]LogEditorViewport: Clicking on Actor (LMB): SpotLight (SpotLight3)
[2018.01.21-13.41.52:344][769]LogSlate: Took 0.001647 seconds to synchronously load lazily loaded font '../../../Engine/Content/Editor/Slate/Fonts/Roboto-Italic.ttf' (157K)
[2018.01.21-13.42.03:562][427]LogEditorViewport: Clicking on Actor (LMB): StaticMeshActor (20180114_plane_17)
[2018.01.21-13.42.04:676][489]LogEditorViewport: Clicking on Actor (LMB): StaticMeshActor (cavewall_17)
[2018.01.21-13.45.01:226][587]LogEditorViewport: Clicking on Actor (LMB): StaticMeshActor (jitou_0120_002)
[2018.01.21-13.45.24:078][940]LogEditorViewport: Clicking on Actor (LMB): StaticMeshActor (jitou_0120_002)
[2018.01.21-13.45.31:710][388]LogTemp: Repeting last play command: 选中的视口
[2018.01.21-13.45.31:781][388]LogPlayLevel: PlayLevel: No blueprints needed recompiling
[2018.01.21-13.45.31:783][388]PIE: New page: PIE会话: 05 (2018年1月22日 上午5:45:31)
[2018.01.21-13.45.31:783][388]LogPlayLevel: Creating play world package: /Game/My/MAP/UEDPIE_0_05
[2018.01.21-13.45.31:799][388]LogPlayLevel: PIE: StaticDuplicateObject took: (0.016317s)
[2018.01.21-13.45.31:800][388]LogAIModule: Creating AISystem for world 05
[2018.01.21-13.45.31:800][388]LogPlayLevel: PIE: World Init took: (0.000853s)
[2018.01.21-13.45.31:800][388]LogPlayLevel: PIE: Created PIE world by copying editor world from /Game/My/MAP/05.05 to /Game/My/MAP/UEDPIE_0_05.05 (0.017502s)
[2018.01.21-13.45.31:824][388]LogInit: XAudio2 using '扬声器/听筒 (Realtek Audio)' : 6 channels at 48 kHz using 32 bits per sample (channel mask 0x3f)
[2018.01.21-13.45.31:924][388]LogInit: FAudioDevice initialized.
[2018.01.21-13.45.31:972][388]LogLoad: Game class is 'GameModeBase'
[2018.01.21-13.45.31:982][388]LogWorld: Bringing World /Game/My/MAP/UEDPIE_0_05.05 up for play (max tick rate 60) at 2018.01.21-21.45.31
[2018.01.21-13.45.31:983][388]LogWorld: Bringing up level for play took: 0.007819
[2018.01.21-13.45.32:039][388]LogContentBrowser: Native class hierarchy updated for 'MovieSceneCapture' in 0.0010 seconds. Added 11 classes and 0 folders.
[2018.01.21-13.45.32:042][388]PIE: 信息 /Game/My/MAP/UEDPIE_0_05的‘在编辑器中播放’的起始时间-0.215
[2018.01.21-13.46.08:392][549]LogEditorViewport: Clicking on Actor (LMB): StaticMeshActor (jitou_0120_002)
[2018.01.21-13.48.29:354][882]Cmd: OBJ SAVEPACKAGE PACKAGE="/Game/My/MAP/05" FILE="../../../../../UE4_Project/TEST/BoringMachine/Saved/Autosaves/Game/My/MAP/05_Auto1.umap" SILENT=true AUTOSAVING=true KEEPDIRTY=false
[2018.01.21-13.48.30:040][882]LogSavePackage: Save=664.96ms
[2018.01.21-13.48.30:040][882]LogSavePackage: Moving '../../../../../UE4_Project/TEST/BoringMachine/Saved/05_Auto18F379D1A43B9B90F840572941BF20CA7.tmp' to '../../../../../UE4_Project/TEST/BoringMachine/Saved/Autosaves/Game/My/MAP/05_Auto1.umap'
[2018.01.21-13.48.30:043][882]LogSavePackage:Display: Finished SavePackage ../../../../../UE4_Project/TEST/BoringMachine/Saved/Autosaves/Game/My/MAP/05_Auto1.umap
[2018.01.21-13.48.30:045][882]LogFileHelpers: Editor autosave (incl. sublevels) for '/Game/My/MAP/05' took 0.707
[2018.01.21-13.48.30:045][882]LogFileHelpers: Editor autosave (incl. sublevels) for all levels took 0.707
[2018.01.21-13.49.25:938][212]LogEditorViewport: Clicking on Actor (LMB): StaticMeshActor (jitou_0120_002)
[2018.01.21-13.51.22:526][157]Cmd: TRANSACTION UNDO
[2018.01.21-13.51.22:526][157]LogEditorTransaction: Undo 设置actor缩放比例
[2018.01.21-13.52.16:796][400]LogNavigationPoint: PostEditMove Clear paths rebuilt
[2018.01.21-13.52.35:906][533]LogEditorViewport: Clicking on Actor (LMB): StaticMeshActor (20180114_plane_4)
[2018.01.21-13.52.39:960][771]LogEditorViewport: Clicking on Actor (LMB): PlayerStart (PlayerStart)
[2018.01.21-13.52.43:048][953]LogNavigationPoint: PostEditMove Clear paths rebuilt
[2018.01.21-13.52.51:752][462]LogNavigationPoint: PostEditMove Clear paths rebuilt
[2018.01.21-13.58.30:727][980]Cmd: OBJ SAVEPACKAGE PACKAGE="/Game/My/MAP/05" FILE="../../../../../UE4_Project/TEST/BoringMachine/Saved/Autosaves/Game/My/MAP/05_Auto2.umap" SILENT=true AUTOSAVING=true KEEPDIRTY=false
[2018.01.21-13.58.31:212][980]LogSavePackage: Save=476.38ms
[2018.01.21-13.58.31:212][980]LogSavePackage: Moving '../../../../../UE4_Project/TEST/BoringMachine/Saved/05_Auto2D20E0E1144AB9DDE67B446B58708907A.tmp' to '../../../../../UE4_Project/TEST/BoringMachine/Saved/Autosaves/Game/My/MAP/05_Auto2.umap'
[2018.01.21-13.58.31:214][980]LogSavePackage:Display: Finished SavePackage ../../../../../UE4_Project/TEST/BoringMachine/Saved/Autosaves/Game/My/MAP/05_Auto2.umap
[2018.01.21-13.58.31:215][980]LogFileHelpers: Editor autosave (incl. sublevels) for '/Game/My/MAP/05' took 0.502
[2018.01.21-13.58.31:215][980]LogFileHelpers: Editor autosave (incl. sublevels) for all levels took 0.502
[2018.01.21-13.58.59:291][828]LogEditorViewport: Clicking on Actor (LMB): StaticMeshActor (jitou_0120_002)
[2018.01.21-14.00.10:207][430]LogEditorViewport: Clicking on Actor (LMB): StaticMeshActor (jitou_0120_002)
[2018.01.21-14.00.44:772][420]LogEditorViewport: Clicking on Actor (LMB): StaticMeshActor (jitou_0120_002)
[2018.01.21-14.03.16:519][282]LogRenderer: Reallocating scene render targets to support 1196x800 NumSamples 1 (Frame:1).
[2018.01.21-14.03.38:340][284]LogMaterial: Missing cached shader map for material 18_-_Default, compiling. 
[2018.01.21-14.03.38:505][284]LogMaterial: Missing cached shader map for material 18_-_Default, compiling. 
[2018.01.21-14.03.38:528][284]LogMaterial: Missing cached shader map for material 18_-_Default, compiling. 
[2018.01.21-14.03.38:580][284]LogMaterial: Missing cached shader map for material FMatExpressionPreview MaterialExpressionTextureSample_0, compiling. 
[2018.01.21-14.03.38:594][284]LogMaterial: Missing cached shader map for material FMatExpressionPreview MaterialExpressionTextureSample_1, compiling. 
[2018.01.21-14.03.38:618][284]LogSlate: Took 0.001738 seconds to synchronously load lazily loaded font '../../../Engine/Content/Editor/Slate/Fonts/Roboto-BoldCondensed.ttf' (158K)
[2018.01.21-14.03.42:632][564]MaterialEditorStats: 信息 Base pass shader: 87 instructions
[2018.01.21-14.03.42:632][564]MaterialEditorStats: 信息 Vertex shader: 31 instructions
[2018.01.21-14.03.42:632][564]MaterialEditorStats: 信息 Texture samplers: 3/16
[2018.01.21-14.03.42:632][564]MaterialEditorStats: 信息 User interpolators: 2/4 Scalars (1/4 Vectors) (TexCoords: 2, Custom: 0)
[2018.01.21-14.03.52:516][ 92]LogMaterial: Missing cached shader map for material liantiao_2, compiling. 
[2018.01.21-14.03.52:650][ 92]LogMaterial: Missing cached shader map for material liantiao_2, compiling. 
[2018.01.21-14.03.52:684][ 92]LogMaterial: Missing cached shader map for material liantiao_2, compiling. 
[2018.01.21-14.03.52:739][ 92]LogMaterial: Missing cached shader map for material FMatExpressionPreview MaterialExpressionTextureSample_3, compiling. 
[2018.01.21-14.03.52:750][ 92]LogMaterial: Missing cached shader map for material FMatExpressionPreview MaterialExpressionTextureSample_2, compiling. 
[2018.01.21-14.03.52:759][ 92]LogMaterial: Missing cached shader map for material FMatExpressionPreview MaterialExpressionTextureSample_79, compiling. 
[2018.01.21-14.03.52:770][ 92]LogMaterial: Missing cached shader map for material FMatExpressionPreview MaterialExpressionTextureSample_78, compiling. 
[2018.01.21-14.03.52:781][ 92]LogMaterial: Missing cached shader map for material FMatExpressionPreview MaterialExpressionTextureSample_81, compiling. 
[2018.01.21-14.03.52:791][ 92]LogMaterial: Missing cached shader map for material FMatExpressionPreview MaterialExpressionTextureSample_82, compiling. 
[2018.01.21-14.03.52:803][ 92]LogMaterial: Missing cached shader map for material FMatExpressionPreview MaterialExpressionTextureSample_83, compiling. 
[2018.01.21-14.03.52:816][ 92]LogMaterial: Missing cached shader map for material FMatExpressionPreview MaterialExpressionConstant3Vector_27, compiling. 
[2018.01.21-14.03.52:827][ 92]LogMaterial: Missing cached shader map for material FMatExpressionPreview MaterialExpressionConstant3Vector_0, compiling. 
[2018.01.21-14.03.52:839][ 92]LogMaterial: Missing cached shader map for material FMatExpressionPreview MaterialExpressionMultiply_1, compiling. 
[2018.01.21-14.03.56:162][322]MaterialEditorStats: 信息 Base pass shader: 108 instructions
[2018.01.21-14.03.56:162][322]MaterialEditorStats: 信息 Vertex shader: 31 instructions
[2018.01.21-14.03.56:162][322]MaterialEditorStats: 信息 Texture samplers: 7/16
[2018.01.21-14.03.56:162][322]MaterialEditorStats: 信息 User interpolators: 2/4 Scalars (1/4 Vectors) (TexCoords: 2, Custom: 0)
[2018.01.21-14.04.08:160][402]LogContentBrowser: Native class hierarchy updated for 'TextureEditor' in 0.0013 seconds. Added 1 classes and 2 folders.
[2018.01.21-14.08.33:246][601]Cmd: OBJ SAVEPACKAGE PACKAGE="/Game/My/MAP/05" FILE="../../../../../UE4_Project/TEST/BoringMachine/Saved/Autosaves/Game/My/MAP/05_Auto3.umap" SILENT=true AUTOSAVING=true KEEPDIRTY=false
[2018.01.21-14.08.33:754][601]LogSavePackage: Save=500.80ms
[2018.01.21-14.08.33:754][601]LogSavePackage: Moving '../../../../../UE4_Project/TEST/BoringMachine/Saved/05_Auto36B0FCEB8468B43DA7AFDC48FFC14274E.tmp' to '../../../../../UE4_Project/TEST/BoringMachine/Saved/Autosaves/Game/My/MAP/05_Auto3.umap'
[2018.01.21-14.08.33:756][601]LogSavePackage:Display: Finished SavePackage ../../../../../UE4_Project/TEST/BoringMachine/Saved/Autosaves/Game/My/MAP/05_Auto3.umap
[2018.01.21-14.08.33:758][601]LogFileHelpers: Editor autosave (incl. sublevels) for '/Game/My/MAP/05' took 0.525
[2018.01.21-14.08.33:758][601]LogFileHelpers: Editor autosave (incl. sublevels) for all levels took 0.525
[2018.01.21-14.10.05:554][946]LogEditorViewport: Clicking on Actor (LMB): StaticMeshActor (jitou_0120_002)
[2018.01.21-14.10.23:098][414]LogEditorViewport: Clicking on Actor (LMB): StaticMeshActor (jitou_0120_002)
[2018.01.21-14.18.34:415][333]Cmd: OBJ SAVEPACKAGE PACKAGE="/Game/My/MAP/05" FILE="../../../../../UE4_Project/TEST/BoringMachine/Saved/Autosaves/Game/My/MAP/05_Auto4.umap" SILENT=true AUTOSAVING=true KEEPDIRTY=false
[2018.01.21-14.18.34:938][333]LogSavePackage: Save=515.51ms
[2018.01.21-14.18.34:938][333]LogSavePackage: Moving '../../../../../UE4_Project/TEST/BoringMachine/Saved/05_Auto45C2605AA4442F97113F0DB9925F4D89F.tmp' to '../../../../../UE4_Project/TEST/BoringMachine/Saved/Autosaves/Game/My/MAP/05_Auto4.umap'
[2018.01.21-14.18.34:940][333]LogSavePackage:Display: Finished SavePackage ../../../../../UE4_Project/TEST/BoringMachine/Saved/Autosaves/Game/My/MAP/05_Auto4.umap
[2018.01.21-14.18.34:941][333]LogFileHelpers: Editor autosave (incl. sublevels) for '/Game/My/MAP/05' took 0.538
[2018.01.21-14.18.34:941][333]LogFileHelpers: Editor autosave (incl. sublevels) for all levels took 0.538
[2018.01.21-14.26.17:631][ 75]LogRenderer: Reallocating scene render targets to support 1196x804 NumSamples 1 (Frame:114333).
[2018.01.21-14.26.42:373][453]LogEditorViewport: Clicking on Actor (LMB): StaticMeshActor (jitou_0120_002)
[2018.01.22-00.58.32:985][904]LogD3D11RHI: Timed out while waiting for GPU to catch up. (0.5 s)
[2018.01.22-00.58.34:962][908]LogHttp:Warning: 00000213A1DA9C00: request failed, libcurl error: 35 (SSL connect error)
[2018.01.22-00.58.34:962][908]LogHttp:Warning: 00000213A1DA9C00: libcurl info message cache 0 (Found bundle for host datarouter.ol.epicgames.com: 0x21343b17fb8 [can pipeline])
[2018.01.22-00.58.34:962][908]LogHttp:Warning: 00000213A1DA9C00: libcurl info message cache 1 (Re-using existing connection! (#13) with proxy 127.0.0.1)
[2018.01.22-00.58.34:962][908]LogHttp:Warning: 00000213A1DA9C00: libcurl info message cache 2 (Connected to 127.0.0.1 (127.0.0.1) port 60034 (#13))
[2018.01.22-00.58.34:962][908]LogHttp:Warning: 00000213A1DA9C00: libcurl info message cache 3 (SSL read: error:00000000:lib(0):func(0):reason(0), errno 10054)
[2018.01.22-00.58.34:962][908]LogHttp:Warning: 00000213A1DA9C00: libcurl info message cache 4 (Connection died, retrying a fresh connect)
[2018.01.22-00.58.34:962][908]LogHttp:Warning: 00000213A1DA9C00: libcurl info message cache 5 (Closing connection 13)
[2018.01.22-00.58.34:962][908]LogHttp:Warning: 00000213A1DA9C00: libcurl info message cache 6 (Issue another request to this URL: 'https://datarouter.ol.epicgames.com/datarouter/api/v1/public/data?SessionID=%7BE1221D98-47C3-B800-A06C-E4821A9A4C57%7D&AppID=UEEditor.Rocket.Release&AppVersion=4.16.3-3561208%2B%2B%2BUE4%2BRelease-4.16&UserID=ff1163694f33f79656fd72a56a9dd0c2%7C9b78482a5632474b97854dec7515c72e%7C457b8a5b-5b52-4830-b230-b39bec575c9b&AppEnvironment=datacollector-binary&UploadType=eteventstream')
[2018.01.22-00.58.34:962][908]LogHttp:Warning: 00000213A1DA9C00: libcurl info message cache 7 (  Trying 127.0.0.1...)
[2018.01.22-00.58.34:962][908]LogHttp:Warning: 00000213A1DA9C00: libcurl info message cache 8 (Connected to 127.0.0.1 (127.0.0.1) port 60034 (#14))
[2018.01.22-00.58.34:962][908]LogHttp:Warning: 00000213A1DA9C00: libcurl info message cache 9 (Establish HTTP proxy tunnel to datarouter.ol.epicgames.com:443)
[2018.01.22-00.58.34:962][908]LogHttp:Warning: 00000213A1DA9C00: libcurl info message cache 10 (Proxy replied OK to CONNECT request)
[2018.01.22-00.58.34:962][908]LogHttp:Warning: 00000213A1DA9C00: libcurl info message cache 11 (ALPN, offering http/1.1)
[2018.01.22-00.58.34:962][908]LogHttp:Warning: 00000213A1DA9C00: libcurl info message cache 12 (Cipher selection: ALL:!EXPORT:!EXPORT40:!EXPORT56:!aNULL:!LOW:!RC4:@STRENGTH)
[2018.01.22-00.58.34:962][908]LogHttp:Warning: 00000213A1DA9C00: libcurl info message cache 13 (SSL re-using session ID)
[2018.01.22-00.58.34:962][908]LogHttp:Warning: 00000213A1DA9C00: libcurl info message cache 14 (TLSv1.2 (OUT), TLS handshake, Client hello (1):)
[2018.01.22-00.58.34:962][908]LogHttp:Warning: 00000213A1DA9C00: libcurl info message cache 15 (Unknown SSL protocol error in connection to datarouter.ol.epicgames.com:443 )
[2018.01.22-00.58.34:962][908]LogHttp:Warning: 00000213A1DA9C00: libcurl info message cache 16 (Closing connection 14)
[2018.01.22-00.59.47:286][124]LogWindowsTextInputMethodSystem:Display: IME system now deactivated.
[2018.01.22-00.59.47:382][124]LogWindowsTextInputMethodSystem:Display: IME system now activated using TSF (搜狗拼音输入法).
[2018.01.22-01.00.03:095][231]LogEditorViewport: Clicking on Actor (LMB): StaticMeshActor (20180120_deng3)
[2018.01.22-01.00.06:580][444]LogEditorViewport: Clicking on Actor (LMB): SpotLight (SpotLight)
[2018.01.22-01.00.48:499][629]LogEditorViewport: Clicking on Actor (LMB): StaticMeshActor (20180120_deng4)
[2018.01.22-01.03.18:619][207]LogEditorViewport: Clicking on Actor (LMB): StaticMeshActor (20180120_deng6)
[2018.01.22-01.03.53:361][164]LogEditorViewport: Clicking on Actor (LMB): StaticMeshActor (20180120_deng4)
[2018.01.22-01.04.52:884][754]LogEditorViewport: Clicking on Actor (LMB): PointLight (PointLight5)
[2018.01.22-01.08.20:474][511]LogAIModule: Creating AISystem for world 06
[2018.01.22-01.08.20:499][511]Cmd: OBJ SAVEPACKAGE PACKAGE="/Game/My/MAP/06" FILE="../../../../../UE4_Project/TEST/BoringMachine/Content/My/MAP/06.umap" SILENT=true AUTOSAVING=false KEEPDIRTY=false
[2018.01.22-01.08.21:017][511]LogSavePackage: Save=488.72ms
[2018.01.22-01.08.21:017][511]LogSavePackage: Moving '../../../../../UE4_Project/TEST/BoringMachine/Saved/06BD22E90745E4AB3ABAC957878832E2E0.tmp' to '../../../../../UE4_Project/TEST/BoringMachine/Content/My/MAP/06.umap'
[2018.01.22-01.08.21:020][511]LogSavePackage:Display: Finished SavePackage ../../../../../UE4_Project/TEST/BoringMachine/Content/My/MAP/06.umap
[2018.01.22-01.08.21:034][511]LogFileHelpers: Saving map '06' took 0.830
[2018.01.22-01.08.21:036][511]Cmd: MAP LOAD FILE="../../../../../UE4_Project/TEST/BoringMachine/Content/My/MAP/06.umap" TEMPLATE=0 SHOWPROGRESS=1 FEATURELEVEL=3
[2018.01.22-01.08.21:052][511]LightingResults: New page: 光照构建
[2018.01.22-01.08.21:055][511]LoadErrors: New page: 正在加载地图： 06.umap
[2018.01.22-01.08.21:058][511]MapCheck: New page: 地图检测
[2018.01.22-01.08.21:058][511]LightingResults: New page: 光照构建
[2018.01.22-01.08.21:084][511]LogEditorServer: Finished looking for orphan Actors (0.000 secs)
[2018.01.22-01.08.21:117][511]Cmd: MAP CHECKDEP NOCLEARLOG
[2018.01.22-01.08.21:195][511]MapCheck: 信息 地图检测完成：0个错误，0 个警告，用时77.585毫秒完成。
[2018.01.22-01.08.21:195][511]LogFileHelpers: Loading map '06' took 0.161
[2018.01.22-01.08.33:624][337]LogMaterial: Missing cached shader map for material liantiao_2, compiling. 
[2018.01.22-01.08.33:687][337]LogMaterial: Missing cached shader map for material liantiao_2, compiling. 
[2018.01.22-01.08.33:748][337]LogMaterial: Missing cached shader map for material liantiao_2, compiling. 
[2018.01.22-01.08.33:801][337]LogMaterial: Missing cached shader map for material FDebugViewModeMaterialProxy liantiao_2, compiling. 
[2018.01.22-01.08.35:135][337]TextureStreamingBuild:Display: Compiling optional shaders took 1.343 seconds.
[2018.01.22-01.08.37:233][337]LogSlate: Took 0.001108 seconds to synchronously load lazily loaded font '../../../Engine/Content/Slate/Fonts/Roboto-Regular.ttf' (155K)
[2018.01.22-01.08.37:251][337]Cmd: OBJ SAVEPACKAGE PACKAGE="/Game/My/TEST/MAT/liantiao_2" FILE="../../../../../UE4_Project/TEST/BoringMachine/Content/My/TEST/MAT/liantiao_2.uasset" SILENT=true
[2018.01.22-01.08.37:284][337]LogSavePackage: Save=22.18ms
[2018.01.22-01.08.37:284][337]LogSavePackage: Moving '../../../../../UE4_Project/TEST/BoringMachine/Saved/liantiao_27E9628CB4FA21B22672B1F8ED4F087EC.tmp' to '../../../../../UE4_Project/TEST/BoringMachine/Content/My/TEST/MAT/liantiao_2.uasset'
[2018.01.22-01.08.37:287][337]LogSavePackage:Display: Finished SavePackage ../../../../../UE4_Project/TEST/BoringMachine/Content/My/TEST/MAT/liantiao_2.uasset
[2018.01.22-01.08.37:795][337]LogWindowsTextInputMethodSystem:Display: IME system now activated using TSF (搜狗拼音输入法).
[2018.01.22-01.08.37:990][338]Cmd: QUIT_EDITOR
[2018.01.22-01.08.38:046][338]LogExit: Preparing to exit.
[2018.01.22-01.08.39:148][338]LogDirectoryWatcher: A directory notification for 'D:/UE4_Project/TEST/BoringMachine/Content/' was aborted.
[2018.01.22-01.08.39:180][338]LogExit: Editor shut down
[2018.01.22-01.08.39:184][338]LogExit: Transaction tracking system shut down
[2018.01.22-01.08.39:376][338]LogObj: Freed 0b from 0 cluster array pools.
[2018.01.22-01.08.39:377][338]LogExit: Object subsystem successfully closed.
[2018.01.22-01.08.39:416][338]LogD3D11RHI: Shutdown
[2018.01.22-01.08.39:416][338]LogD3D11RHI: CleanupD3DDevice
[2018.01.22-01.08.39:702][338]LogD3D11RHI: ~FD3D11DynamicRHI
[2018.01.22-01.08.39:744][338]LogModuleManager: Shutting down and abandoning module TextureEditor (536)
[2018.01.22-01.08.39:746][338]LogModuleManager: Shutting down and abandoning module MaterialEditor (534)
[2018.01.22-01.08.39:746][338]LogModuleManager: Shutting down and abandoning module StaticMeshEditor (532)
[2018.01.22-01.08.39:746][338]LogModuleManager: Shutting down and abandoning module MovieSceneCapture (530)
[2018.01.22-01.08.39:746][338]LogModuleManager: Shutting down and abandoning module HierarchicalLODOutliner (528)
[2018.01.22-01.08.39:746][338]LogModuleManager: Shutting down and abandoning module CrashTracker (526)
[2018.01.22-01.08.39:746][338]LogModuleManager: Shutting down and abandoning module SceneOutliner (524)
[2018.01.22-01.08.39:746][338]LogModuleManager: Shutting down and abandoning module AddContentDialog (522)
[2018.01.22-01.08.39:747][338]LogDirectoryWatcher: A directory notification for 'D:/UE4_Version/UE_4.16/FeaturePacks/' was aborted.
[2018.01.22-01.08.39:748][338]LogModuleManager: Shutting down and abandoning module WidgetCarousel (521)
[2018.01.22-01.08.39:748][338]LogModuleManager: Shutting down and abandoning module EditorWidgets (518)
[2018.01.22-01.08.39:748][338]LogModuleManager: Shutting down and abandoning module CollectionManager (516)
[2018.01.22-01.08.39:748][338]LogDirectoryWatcher: A directory notification for 'D:/UE4_Project/TEST/BoringMachine/Content/Collections/' was aborted.
[2018.01.22-01.08.39:748][338]LogDirectoryWatcher: A directory notification for 'D:/UE4_Project/TEST/BoringMachine/Content/Developers/Liuxiang/Collections/' was aborted.
[2018.01.22-01.08.39:748][338]LogDirectoryWatcher: A directory notification for 'D:/UE4_Project/TEST/BoringMachine/Saved/Collections/' was aborted.
[2018.01.22-01.08.39:748][338]LogModuleManager: Shutting down and abandoning module StatsViewer (514)
[2018.01.22-01.08.39:749][338]LogModuleManager: Shutting down and abandoning module FoliageEdit (512)
[2018.01.22-01.08.39:749][338]LogModuleManager: Shutting down and abandoning module LandscapeEditor (510)
[2018.01.22-01.08.39:750][338]LogModuleManager: Shutting down and abandoning module MeshPaintMode (508)
[2018.01.22-01.08.39:750][338]LogModuleManager: Shutting down and abandoning module SceneDepthPickerMode (506)
[2018.01.22-01.08.39:750][338]LogModuleManager: Shutting down and abandoning module ActorPickerMode (504)
[2018.01.22-01.08.39:750][338]LogModuleManager: Shutting down and abandoning module GeometryMode (502)
[2018.01.22-01.08.39:750][338]LogModuleManager: Shutting down and abandoning module TextureAlignMode (500)
[2018.01.22-01.08.39:750][338]LogModuleManager: Shutting down and abandoning module BspMode (498)
[2018.01.22-01.08.39:750][338]LogModuleManager: Shutting down and abandoning module HardwareSurvey (496)
[2018.01.22-01.08.39:751][338]LogModuleManager: Shutting down and abandoning module SequenceRecorderSections (494)
[2018.01.22-01.08.39:751][338]LogModuleManager: Shutting down and abandoning module AutomationWorker (492)
[2018.01.22-01.08.39:752][338]LogModuleManager: Shutting down and abandoning module MatineeToLevelSequence (490)
[2018.01.22-01.08.39:752][338]LogModuleManager: Shutting down and abandoning module LevelSequenceEditor (488)
[2018.01.22-01.08.39:755][338]LogModuleManager: Shutting down and abandoning module PlacementMode (487)
[2018.01.22-01.08.39:755][338]LogModuleManager: Shutting down and abandoning module WmfMediaFactory (484)
[2018.01.22-01.08.39:755][338]LogModuleManager: Shutting down and abandoning module WmfMediaEditor (482)
[2018.01.22-01.08.39:755][338]LogModuleManager: Shutting down and abandoning module AvfMediaFactory (480)
[2018.01.22-01.08.39:755][338]LogModuleManager: Shutting down and abandoning module AvfMediaEditor (478)
[2018.01.22-01.08.39:755][338]LogModuleManager: Shutting down and abandoning module AndroidMediaFactory (476)
[2018.01.22-01.08.39:755][338]LogModuleManager: Shutting down and abandoning module Media (475)
[2018.01.22-01.08.39:755][338]LogModuleManager: Shutting down and abandoning module AndroidMediaEditor (472)
[2018.01.22-01.08.39:755][338]LogModuleManager: Shutting down and abandoning module CharacterAI (470)
[2018.01.22-01.08.39:755][338]LogModuleManager: Shutting down and abandoning module AudioCapture (468)
[2018.01.22-01.08.39:756][338]LogModuleManager: Shutting down and abandoning module SequenceRecorder (467)
[2018.01.22-01.08.39:757][338]LogModuleManager: Shutting down and abandoning module SmartSnapping (464)
[2018.01.22-01.08.39:757][338]LogModuleManager: Shutting down and abandoning module SessionServices (462)
[2018.01.22-01.08.39:757][338]LogModuleManager: Shutting down and abandoning module ViewportSnapping (460)
[2018.01.22-01.08.39:757][338]LogModuleManager: Shutting down and abandoning module ViewportInteraction (458)
[2018.01.22-01.08.39:757][338]LogModuleManager: Shutting down and abandoning module ClothPainter (456)
[2018.01.22-01.08.39:758][338]LogModuleManager: Shutting down and abandoning module LogVisualizer (454)
[2018.01.22-01.08.39:759][338]LogModuleManager: Shutting down and abandoning module IntroTutorials (452)
[2018.01.22-01.08.39:760][338]LogModuleManager: Shutting down and abandoning module GameProjectGeneration (451)
[2018.01.22-01.08.39:762][338]LogModuleManager: Shutting down and abandoning module EditorLiveStreaming (448)
[2018.01.22-01.08.39:762][338]LogModuleManager: Shutting down and abandoning module IOSPlatformEditor (446)
[2018.01.22-01.08.39:763][338]LogModuleManager: Shutting down and abandoning module HTML5PlatformEditor (444)
[2018.01.22-01.08.39:763][338]LogModuleManager: Shutting down and abandoning module AndroidPlatformEditor (442)
[2018.01.22-01.08.39:763][338]LogModuleManager: Shutting down and abandoning module AndroidDeviceDetection (441)
[2018.01.22-01.08.39:977][338]LogModuleManager: Shutting down and abandoning module IOSRuntimeSettings (438)
[2018.01.22-01.08.39:977][338]LogModuleManager: Shutting down and abandoning module AndroidRuntimeSettings (436)
[2018.01.22-01.08.39:977][338]LogModuleManager: Shutting down and abandoning module InputBindingEditor (434)
[2018.01.22-01.08.39:978][338]LogModuleManager: Shutting down and abandoning module MergeActors (432)
[2018.01.22-01.08.39:979][338]LogModuleManager: Shutting down and abandoning module SizeMap (430)
[2018.01.22-01.08.39:979][338]LogModuleManager: Shutting down and abandoning module TreeMap (428)
[2018.01.22-01.08.39:979][338]LogModuleManager: Shutting down and abandoning module ReferenceViewer (426)
[2018.01.22-01.08.39:980][338]LogModuleManager: Shutting down and abandoning module LocalizationDashboard (424)
[2018.01.22-01.08.39:981][338]LogModuleManager: Shutting down and abandoning module LocalizationService (423)
[2018.01.22-01.08.39:982][338]LogModuleManager: Shutting down and abandoning module HardwareTargeting (420)
[2018.01.22-01.08.39:982][338]LogModuleManager: Shutting down and abandoning module DeviceProfileEditor (418)
[2018.01.22-01.08.39:983][338]LogModuleManager: Shutting down and abandoning module UndoHistory (416)
[2018.01.22-01.08.39:984][338]LogModuleManager: Shutting down and abandoning module UserFeedback (414)
[2018.01.22-01.08.39:984][338]LogModuleManager: Shutting down and abandoning module XmlParser (412)
[2018.01.22-01.08.39:984][338]LogModuleManager: Shutting down and abandoning module Blutility (410)
[2018.01.22-01.08.39:985][338]LogModuleManager: Shutting down and abandoning module ProjectSettingsViewer (408)
[2018.01.22-01.08.39:985][338]LogModuleManager: Shutting down and abandoning module ProjectTargetPlatformEditor (407)
[2018.01.22-01.08.39:985][338]LogModuleManager: Shutting down and abandoning module EditorSettingsViewer (404)
[2018.01.22-01.08.39:985][338]LogModuleManager: Shutting down and abandoning module SettingsEditor (402)
[2018.01.22-01.08.39:986][338]LogModuleManager: Shutting down and abandoning module ProjectLauncher (400)
[2018.01.22-01.08.39:988][338]LogModuleManager: Shutting down and abandoning module SessionFrontend (398)
[2018.01.22-01.08.39:989][338]LogModuleManager: Shutting down and abandoning module ProfilerClient (396)
[2018.01.22-01.08.39:990][338]LogModuleManager: Shutting down and abandoning module DeviceManager (394)
[2018.01.22-01.08.39:990][338]LogModuleManager: Shutting down and abandoning module TargetDeviceServices (393)
[2018.01.22-01.08.40:055][338]LogModuleManager: Shutting down and abandoning module AutomationController (390)
[2018.01.22-01.08.40:056][338]LogModuleManager: Shutting down and abandoning module AutomationWindow (388)
[2018.01.22-01.08.40:057][338]LogModuleManager: Shutting down and abandoning module Layers (386)
[2018.01.22-01.08.40:059][338]LogModuleManager: Shutting down and abandoning module ComponentVisualizers (384)
[2018.01.22-01.08.40:059][338]LogModuleManager: Shutting down and abandoning module DetailCustomizations (382)
[2018.01.22-01.08.40:060][338]LogModuleManager: Shutting down and abandoning module PackagesDialog (380)
[2018.01.22-01.08.40:061][338]LogModuleManager: Shutting down and abandoning module Persona (378)
[2018.01.22-01.08.40:062][338]LogModuleManager: Shutting down and abandoning module AdvancedPreviewScene (377)
[2018.01.22-01.08.40:062][338]LogModuleManager: Shutting down and abandoning module AnimGraph (375)
[2018.01.22-01.08.40:062][338]LogModuleManager: Shutting down and abandoning module Kismet (372)
[2018.01.22-01.08.40:063][338]LogModuleManager: Shutting down and abandoning module ClassViewer (370)
[2018.01.22-01.08.40:063][338]LogModuleManager: Shutting down and abandoning module Toolbox (368)
[2018.01.22-01.08.40:064][338]LogModuleManager: Shutting down and abandoning module ModuleUI (366)
[2018.01.22-01.08.40:065][338]LogModuleManager: Shutting down and abandoning module MovieSceneTools (364)
[2018.01.22-01.08.40:066][338]LogModuleManager: Shutting down and abandoning module OutputLog (362)
[2018.01.22-01.08.40:067][338]LogModuleManager: Shutting down and abandoning module GammaUI (360)
[2018.01.22-01.08.40:068][338]LogModuleManager: Shutting down and abandoning module Documentation (358)
[2018.01.22-01.08.40:068][338]LogModuleManager: Shutting down and abandoning module MovieSceneTracks (356)
[2018.01.22-01.08.40:068][338]LogModuleManager: Shutting down and abandoning module MovieScene (354)
[2018.01.22-01.08.40:068][338]LogModuleManager: Shutting down and abandoning module Niagara (352)
[2018.01.22-01.08.40:068][338]LogModuleManager: Shutting down and abandoning module NiagaraEditor (351)
[2018.01.22-01.08.40:071][338]LogModuleManager: Shutting down and abandoning module StreamingPauseRendering (348)
[2018.01.22-01.08.40:071][338]LogModuleManager: Shutting down and abandoning module AnalyticsET (346)
[2018.01.22-01.08.40:071][338]LogModuleManager: Shutting down and abandoning module PortalServices (344)
[2018.01.22-01.08.40:071][338]LogModuleManager: Shutting down and abandoning module PortalRpc (342)
[2018.01.22-01.08.40:071][338]LogModuleManager: Shutting down and abandoning module MessagingRpc (340)
[2018.01.22-01.08.40:071][338]LogModuleManager: Shutting down and abandoning module AIModule (338)
[2018.01.22-01.08.40:071][338]LogModuleManager: Shutting down and abandoning module GameplayDebugger (337)
[2018.01.22-01.08.40:071][338]LogModuleManager: Shutting down and abandoning module AITestSuite (335)
[2018.01.22-01.08.40:071][338]LogModuleManager: Shutting down and abandoning module ProfilerService (332)
[2018.01.22-01.08.40:220][338]LogModuleManager: Shutting down and abandoning module TaskGraph (330)
[2018.01.22-01.08.40:222][338]LogModuleManager: Shutting down and abandoning module SubstanceEditor (328)
[2018.01.22-01.08.40:224][338]LogModuleManager: Shutting down and abandoning module SteamVRController (326)
[2018.01.22-01.08.40:224][338]LogModuleManager: Shutting down and abandoning module SteamVR (324)
[2018.01.22-01.08.40:224][338]LogModuleManager: Shutting down and abandoning module ProceduralMeshComponentEditor (322)
[2018.01.22-01.08.40:225][338]LogModuleManager: Shutting down and abandoning module ProceduralMeshComponent (320)
[2018.01.22-01.08.40:225][338]LogModuleManager: Shutting down and abandoning module OculusLibrary (318)
[2018.01.22-01.08.40:225][338]LogModuleManager: Shutting down and abandoning module OculusInput (316)
[2018.01.22-01.08.40:225][338]LogModuleManager: Shutting down and abandoning module MobilePatchingUtils (314)
[2018.01.22-01.08.40:225][338]LogModuleManager: Shutting down and abandoning module CustomMeshComponent (312)
[2018.01.22-01.08.40:225][338]LogModuleManager: Shutting down and abandoning module CableComponent (310)
[2018.01.22-01.08.40:225][338]LogModuleManager: Shutting down and abandoning module ArchVisCharacter (308)
[2018.01.22-01.08.40:225][338]LogModuleManager: Shutting down and abandoning module AndroidPermission (306)
[2018.01.22-01.08.40:225][338]LogModuleManager: Shutting down and abandoning module MediaPlayerEditor (302)
[2018.01.22-01.08.40:228][338]LogModuleManager: Shutting down and abandoning module HTML5Networking (300)
[2018.01.22-01.08.40:228][338]LogModuleManager: Shutting down and abandoning module AlembicImporter (298)
[2018.01.22-01.08.40:228][338]LogModuleManager: Shutting down and abandoning module AlembicLibrary (297)
[2018.01.22-01.08.40:228][338]LogModuleManager: Shutting down and abandoning module GeometryCache (296)
[2018.01.22-01.08.40:228][338]LogModuleManager: Shutting down and abandoning module GeometryCacheEd (295)
[2018.01.22-01.08.40:228][338]LogModuleManager: Shutting down and abandoning module SuperSearchEditor (290)
[2018.01.22-01.08.40:228][338]LogModuleManager: Shutting down and abandoning module SuperSearch (289)
[2018.01.22-01.08.40:228][338]LogModuleManager: Shutting down and abandoning module SpeedTreeImporter (286)
[2018.01.22-01.08.40:228][338]LogModuleManager: Shutting down and abandoning module PluginBrowser (284)
[2018.01.22-01.08.40:230][338]LogModuleManager: Shutting down and abandoning module MobileLauncherProfileWizard (282)
[2018.01.22-01.08.40:232][338]LogModuleManager: Shutting down and abandoning module VisualStudioSourceCodeAccess (280)
[2018.01.22-01.08.40:232][338]LogModuleManager: Shutting down and abandoning module DesktopPlatform (279)
[2018.01.22-01.08.40:232][338]LogModuleManager: Shutting down and abandoning module UObjectPlugin (276)
[2018.01.22-01.08.40:232][338]LogModuleManager: Shutting down and abandoning module SubversionSourceControl (274)
[2018.01.22-01.08.40:233][338]LogModuleManager: Shutting down and abandoning module PerforceSourceControl (272)
[2018.01.22-01.08.40:234][338]LogModuleManager: Shutting down and abandoning module GitSourceControl (270)
[2018.01.22-01.08.40:235][338]LogModuleManager: Shutting down and abandoning module SourceControl (269)
[2018.01.22-01.08.40:235][338]LogModuleManager: Shutting down and abandoning module LightPropagationVolumeEditor (266)
[2018.01.22-01.08.40:235][338]LogModuleManager: Shutting down and abandoning module PaperTiledImporter (264)
[2018.01.22-01.08.40:235][338]LogModuleManager: Shutting down and abandoning module PaperSpriteSheetImporter (262)
[2018.01.22-01.08.40:235][338]LogModuleManager: Shutting down and abandoning module Paper2DEditor (260)
[2018.01.22-01.08.40:236][338]LogModuleManager: Shutting down and abandoning module MeshPaint (259)
[2018.01.22-01.08.40:236][338]LogModuleManager: Shutting down and abandoning module LevelEditor (257)
[2018.01.22-01.08.40:237][338]LogModuleManager: Shutting down and abandoning module PixelInspectorModule (256)
[2018.01.22-01.08.40:238][338]LogModuleManager: Shutting down and abandoning module MainFrame (254)
[2018.01.22-01.08.40:239][338]LogModuleManager: Shutting down and abandoning module HotReload (253)
[2018.01.22-01.08.40:240][338]LogModuleManager: Shutting down and abandoning module PhysXVehiclesEditor (248)
[2018.01.22-01.08.40:240][338]LogModuleManager: Shutting down and abandoning module PhysXVehicles (246)
[2018.01.22-01.08.40:240][338]LogModuleManager: Shutting down and abandoning module LocationServicesBPLibrary (244)
[2018.01.22-01.08.40:240][338]LogModuleManager: Shutting down and abandoning module ImmediatePhysicsEditor (242)
[2018.01.22-01.08.40:240][338]LogModuleManager: Shutting down and abandoning module ImmediatePhysics (240)
[2018.01.22-01.08.40:241][338]LogModuleManager: Shutting down and abandoning module UdpMessaging (238)
[2018.01.22-01.08.40:343][338]LogModuleManager: Shutting down and abandoning module TcpMessaging (236)
[2018.01.22-01.08.40:444][338]LogModuleManager: Shutting down and abandoning module SubstanceCore (234)
[2018.01.22-01.08.40:445][338]LogModuleManager: Shutting down and abandoning module GameplayTagsEditor (232)
[2018.01.22-01.08.40:447][338]LogModuleManager: Shutting down and abandoning module FacialAnimationEditor (230)
[2018.01.22-01.08.40:447][338]LogModuleManager: Shutting down and abandoning module FacialAnimation (228)
[2018.01.22-01.08.40:447][338]LogModuleManager: Shutting down and abandoning module AssetManagerEditor (226)
[2018.01.22-01.08.40:449][338]LogModuleManager: Shutting down and abandoning module GraphEditor (225)
[2018.01.22-01.08.40:449][338]LogModuleManager: Shutting down and abandoning module ContentBrowser (223)
[2018.01.22-01.08.40:449][338]LogModuleManager: Shutting down and abandoning module LightPropagationVolumeRuntime (220)
[2018.01.22-01.08.40:449][338]LogModuleManager: Shutting down and abandoning module Paper2D (218)
[2018.01.22-01.08.40:450][338]LogModuleManager: Shutting down and abandoning module WindowsMoviePlayer (216)
[2018.01.22-01.08.40:450][338]LogModuleManager: Shutting down and abandoning module WmfMedia (214)
[2018.01.22-01.08.40:453][338]LogModuleManager: Shutting down and abandoning module ClothingSystemEditor (212)
[2018.01.22-01.08.40:453][338]LogModuleManager: Shutting down and abandoning module ClothingSystemRuntime (210)
[2018.01.22-01.08.40:454][338]LogModuleManager: Shutting down and abandoning module MediaAssets (208)
[2018.01.22-01.08.40:454][338]LogModuleManager: Shutting down and abandoning module GameLiveStreaming (206)
[2018.01.22-01.08.40:455][338]LogModuleManager: Shutting down and abandoning module VREditor (204)
[2018.01.22-01.08.40:456][338]LogModuleManager: Shutting down and abandoning module StringTableEditor (202)
[2018.01.22-01.08.40:457][338]LogModuleManager: Shutting down and abandoning module GameplayTasksEditor (200)
[2018.01.22-01.08.40:457][338]LogModuleManager: Shutting down and abandoning module BehaviorTreeEditor (198)
[2018.01.22-01.08.40:460][338]LogModuleManager: Shutting down and abandoning module FunctionalTesting (196)
[2018.01.22-01.08.40:460][338]LogModuleManager: Shutting down and abandoning module CollisionAnalyzer (194)
[2018.01.22-01.08.40:462][338]LogModuleManager: Shutting down and abandoning module UMG (192)
[2018.01.22-01.08.40:462][338]LogModuleManager: Shutting down and abandoning module UMGEditor (191)
[2018.01.22-01.08.40:464][338]LogModuleManager: Shutting down and abandoning module Sequencer (190)
[2018.01.22-01.08.40:466][338]LogModuleManager: Shutting down and abandoning module AssetTools (188)
[2018.01.22-01.08.40:470][338]LogModuleManager: Shutting down and abandoning module MessageLog (187)
[2018.01.22-01.08.40:470][338]LogModuleManager: Shutting down and abandoning module WorkspaceMenuStructure (186)
[2018.01.22-01.08.40:470][338]LogModuleManager: Shutting down and abandoning module SlateReflector (180)
[2018.01.22-01.08.40:474][338]LogModuleManager: Shutting down and abandoning module Slate (178)
[2018.01.22-01.08.40:474][338]LogModuleManager: Shutting down and abandoning module EditorStyle (176)
[2018.01.22-01.08.40:475][338]LogModuleManager: Shutting down and abandoning module SourceCodeAccess (174)
[2018.01.22-01.08.40:475][338]LogModuleManager: Shutting down and abandoning module HeadMountedDisplay (172)
[2018.01.22-01.08.40:475][338]LogModuleManager: Shutting down and abandoning module XAudio2 (170)
[2018.01.22-01.08.40:475][338]LogModuleManager: Shutting down and abandoning module Networking (168)
[2018.01.22-01.08.40:475][338]LogModuleManager: Shutting down and abandoning module Core (164)
[2018.01.22-01.08.40:475][338]LogModuleManager: Shutting down and abandoning module AssetRegistry (162)
[2018.01.22-01.08.40:649][338]LogDirectoryWatcher: A directory notification for '../../../Engine/Content/' was aborted.
[2018.01.22-01.08.40:650][338]LogDirectoryWatcher: A directory notification for '../../../../../UE4_Project/TEST/BoringMachine/Content/' was aborted.
[2018.01.22-01.08.40:650][338]LogDirectoryWatcher: A directory notification for '../../../Engine/Plugins/2D/Paper2D/Content/' was aborted.
[2018.01.22-01.08.40:650][338]LogDirectoryWatcher: A directory notification for '../../../Engine/Plugins/Runtime/GearVR/Content/' was aborted.
[2018.01.22-01.08.40:652][338]LogModuleManager: Shutting down and abandoning module DirectoryWatcher (161)
[2018.01.22-01.08.40:652][338]LogModuleManager: Shutting down and abandoning module KismetCompiler (158)
[2018.01.22-01.08.40:652][338]LogModuleManager: Shutting down and abandoning module LevelSequence (156)
[2018.01.22-01.08.40:652][338]LogModuleManager: Shutting down and abandoning module PhysXFormats (154)
[2018.01.22-01.08.40:652][338]LogModuleManager: Shutting down and abandoning module MeshUtilities (152)
[2018.01.22-01.08.40:654][338]LogModuleManager: Shutting down and abandoning module SimplygonSwarm (151)
[2018.01.22-01.08.40:655][338]LogModuleManager: Shutting down and abandoning module SimplygonMeshReduction (149)
[2018.01.22-01.08.40:655][338]LogModuleManager: Shutting down and abandoning module QuadricMeshReduction (147)
[2018.01.22-01.08.40:657][338]LogModuleManager: Shutting down and abandoning module DerivedDataCache (144)
[2018.01.22-01.08.40:667][338]LogDerivedDataCache: Shutdown
[2018.01.22-01.08.40:667][338]LogModuleManager: Shutting down and abandoning module TargetPlatform (142)
[2018.01.22-01.08.40:667][338]LogModuleManager: Shutting down and abandoning module VulkanShaderFormat (141)
[2018.01.22-01.08.40:669][338]LogModuleManager: Shutting down and abandoning module ShaderFormatVectorVM (139)
[2018.01.22-01.08.40:670][338]LogModuleManager: Shutting down and abandoning module ShaderFormatOpenGL (137)
[2018.01.22-01.08.40:671][338]LogModuleManager: Shutting down and abandoning module ShaderFormatD3D (135)
[2018.01.22-01.08.40:672][338]LogModuleManager: Shutting down and abandoning module MetalShaderFormat (133)
[2018.01.22-01.08.40:674][338]LogModuleManager: Shutting down and abandoning module TextureFormatUncompressed (131)
[2018.01.22-01.08.40:674][338]LogModuleManager: Shutting down and abandoning module TextureFormatPVR (129)
[2018.01.22-01.08.40:674][338]LogModuleManager: Shutting down and abandoning module TextureFormatDXT (127)
[2018.01.22-01.08.40:675][338]LogModuleManager: Shutting down and abandoning module TextureFormatIntelISPCTexComp (125)
[2018.01.22-01.08.40:675][338]LogModuleManager: Shutting down and abandoning module TextureFormatASTC (123)
[2018.01.22-01.08.40:675][338]LogModuleManager: Shutting down and abandoning module ImageWrapper (122)
[2018.01.22-01.08.40:675][338]LogModuleManager: Shutting down and abandoning module TextureFormatAndroid (119)
[2018.01.22-01.08.40:675][338]LogModuleManager: Shutting down and abandoning module AudioFormatOpus (117)
[2018.01.22-01.08.40:675][338]LogModuleManager: Shutting down and abandoning module AudioFormatOgg (115)
[2018.01.22-01.08.40:675][338]LogModuleManager: Shutting down and abandoning module AudioFormatADPCM (113)
[2018.01.22-01.08.40:675][338]LogModuleManager: Shutting down and abandoning module LinuxTargetPlatform (111)
[2018.01.22-01.08.40:675][338]LogModuleManager: Shutting down and abandoning module LinuxServerTargetPlatform (109)
[2018.01.22-01.08.40:675][338]LogModuleManager: Shutting down and abandoning module LinuxNoEditorTargetPlatform (107)
[2018.01.22-01.08.40:675][338]LogModuleManager: Shutting down and abandoning module LinuxClientTargetPlatform (105)
[2018.01.22-01.08.40:675][338]LogModuleManager: Shutting down and abandoning module TVOSTargetPlatform (103)
[2018.01.22-01.08.40:675][338]LogModuleManager: Shutting down and abandoning module Messaging (101)
[2018.01.22-01.08.40:675][338]LogModuleManager: Shutting down and abandoning module IOSTargetPlatform (99)
[2018.01.22-01.08.40:675][338]LogModuleManager: Shutting down and abandoning module HTML5TargetPlatform (97)
[2018.01.22-01.08.40:675][338]LogModuleManager: Shutting down and abandoning module Android_PVRTCTargetPlatform (95)
[2018.01.22-01.08.40:675][338]LogModuleManager: Shutting down and abandoning module Android_MultiTargetPlatform (93)
[2018.01.22-01.08.40:675][338]LogModuleManager: Shutting down and abandoning module Android_ETC2TargetPlatform (91)
[2018.01.22-01.08.40:676][338]LogModuleManager: Shutting down and abandoning module Android_ETC1TargetPlatform (89)
[2018.01.22-01.08.40:676][338]LogModuleManager: Shutting down and abandoning module Android_DXTTargetPlatform (87)
[2018.01.22-01.08.40:676][338]LogModuleManager: Shutting down and abandoning module Android_ATCTargetPlatform (85)
[2018.01.22-01.08.40:676][338]LogModuleManager: Shutting down and abandoning module Android_ASTCTargetPlatform (83)
[2018.01.22-01.08.40:676][338]LogModuleManager: Shutting down and abandoning module AndroidTargetPlatform (81)
[2018.01.22-01.08.40:677][338]LogModuleManager: Shutting down and abandoning module WindowsTargetPlatform (79)
[2018.01.22-01.08.40:677][338]LogModuleManager: Shutting down and abandoning module WindowsServerTargetPlatform (77)
[2018.01.22-01.08.40:677][338]LogModuleManager: Shutting down and abandoning module WindowsNoEditorTargetPlatform (75)
[2018.01.22-01.08.40:677][338]LogModuleManager: Shutting down and abandoning module WindowsClientTargetPlatform (73)
[2018.01.22-01.08.40:677][338]LogModuleManager: Shutting down and abandoning module MacTargetPlatform (71)
[2018.01.22-01.08.40:677][338]LogModuleManager: Shutting down and abandoning module MacServerTargetPlatform (69)
[2018.01.22-01.08.40:677][338]LogModuleManager: Shutting down and abandoning module MacNoEditorTargetPlatform (67)
[2018.01.22-01.08.40:677][338]LogModuleManager: Shutting down and abandoning module MacClientTargetPlatform (65)
[2018.01.22-01.08.40:677][338]LogModuleManager: Shutting down and abandoning module AllDesktopTargetPlatform (63)
[2018.01.22-01.08.40:677][338]LogModuleManager: Shutting down and abandoning module InputCore (60)
[2018.01.22-01.08.40:677][338]LogModuleManager: Shutting down and abandoning module Settings (58)
[2018.01.22-01.08.40:677][338]LogModuleManager: Shutting down and abandoning module OculusRift (56)
[2018.01.22-01.08.40:680][338]LogHMD: Oculus shutdown.
[2018.01.22-01.08.40:680][338]LogModuleManager: Shutting down and abandoning module GearVRController (54)
[2018.01.22-01.08.40:680][338]LogModuleManager: Shutting down and abandoning module GearVR (52)
[2018.01.22-01.08.40:680][338]LogModuleManager: Shutting down and abandoning module ExampleDeviceProfileSelector (50)
[2018.01.22-01.08.40:680][338]LogModuleManager: Shutting down and abandoning module OnlineBlueprintSupport (48)
[2018.01.22-01.08.40:680][338]LogModuleManager: Shutting down and abandoning module OnlineSubsystem (44)
[2018.01.22-01.08.40:680][338]LogOnline:Display: Unloading online subsystem: NULL
[2018.01.22-01.08.40:682][338]LogModuleManager: Shutting down and abandoning module XMPP (43)
[2018.01.22-01.08.40:684][338]LogModuleManager: Shutting down and abandoning module HTTP (41)
[2018.01.22-01.08.40:684][338]LogHttp:Display: Http module shutting down, but needs to wait on 2 outstanding Http requests:
[2018.01.22-01.08.40:684][338]LogHttp:Display: 	verb=[POST] url=[https://datarouter.ol.epicgames.com/datarouter/api/v1/public/data?SessionID=%7BE1221D98-47C3-B800-A06C-E4821A9A4C57%7D&AppID=UEEditor.Rocket.Release&AppVersion=4.16.3-3561208%2B%2B%2BUE4%2BRelease-4.16&UserID=ff1163694f33f79656fd72a56a9dd0c2%7C9b78482a5632474b97854dec7515c72e%7C457b8a5b-5b52-4830-b230-b39bec575c9b&AppEnvironment=datacollector-binary&UploadType=eteventstream] status=Processing
[2018.01.22-01.08.40:684][338]LogHttp:Display: 	verb=[POST] url=[https://datarouter.ol.epicgames.com/datarouter/api/v1/public/data?SessionID=%7BE1221D98-47C3-B800-A06C-E4821A9A4C57%7D&AppID=UEEditor.Rocket.Release&AppVersion=4.16.3-3561208%2B%2B%2BUE4%2BRelease-4.16&UserID=ff1163694f33f79656fd72a56a9dd0c2%7C9b78482a5632474b97854dec7515c72e%7C457b8a5b-5b52-4830-b230-b39bec575c9b&AppEnvironment=datacollector-binary&UploadType=eteventstream] status=Processing
[2018.01.22-01.08.40:684][338]LogHttp:Display: Sleeping 0.5s to wait for 1 outstanding Http requests.
[2018.01.22-01.08.41:185][338]LogHttp:Display: Sleeping 0.5s to wait for 1 outstanding Http requests.
[2018.01.22-01.08.41:686][338]LogHttp:Display: Sleeping 0.5s to wait for 1 outstanding Http requests.
[2018.01.22-01.08.42:186][338]LogHttp:Display: Sleeping 0.5s to wait for 1 outstanding Http requests.
[2018.01.22-01.08.42:687][338]LogHttp:Display: Sleeping 0.5s to wait for 1 outstanding Http requests.
[2018.01.22-01.08.43:188][338]LogHttp:Display: Sleeping 0.5s to wait for 1 outstanding Http requests.
[2018.01.22-01.08.43:688][338]LogHttp:Display: Sleeping 0.5s to wait for 1 outstanding Http requests.
[2018.01.22-01.08.44:188][338]LogHttp:Display: Sleeping 0.5s to wait for 1 outstanding Http requests.
[2018.01.22-01.08.44:689][338]LogHttp:Display: Sleeping 0.5s to wait for 1 outstanding Http requests.
[2018.01.22-01.08.45:189][338]LogHttp:Display: Sleeping 0.5s to wait for 1 outstanding Http requests.
[2018.01.22-01.08.45:689][338]LogHttp:Display: Sleeping 0.5s to wait for 1 outstanding Http requests.
[2018.01.22-01.08.46:190][338]LogHttp:Display: Sleeping 0.5s to wait for 1 outstanding Http requests.
[2018.01.22-01.08.46:690][338]LogHttp:Display: Sleeping 0.5s to wait for 1 outstanding Http requests.
[2018.01.22-01.08.47:190][338]LogHttp:Display: Sleeping 0.5s to wait for 1 outstanding Http requests.
[2018.01.22-01.08.47:691][338]LogHttp:Display: Sleeping 0.5s to wait for 1 outstanding Http requests.
[2018.01.22-01.08.48:191][338]LogHttp:Display: Sleeping 0.5s to wait for 1 outstanding Http requests.
[2018.01.22-01.08.48:691][338]LogHttp:Display: Sleeping 0.5s to wait for 1 outstanding Http requests.
[2018.01.22-01.08.49:192][338]LogHttp:Display: Sleeping 0.5s to wait for 1 outstanding Http requests.
[2018.01.22-01.08.49:692][338]LogHttp:Display: Sleeping 0.5s to wait for 1 outstanding Http requests.
[2018.01.22-01.08.50:193][338]LogHttp:Display: Sleeping 0.5s to wait for 1 outstanding Http requests.
[2018.01.22-01.08.50:693][338]LogHttp:Display: Sleeping 0.5s to wait for 1 outstanding Http requests.
[2018.01.22-01.08.51:193][338]LogHttp:Display: Sleeping 0.5s to wait for 1 outstanding Http requests.
[2018.01.22-01.08.51:694][338]LogHttp:Display: Sleeping 0.5s to wait for 1 outstanding Http requests.
[2018.01.22-01.08.52:195][338]LogHttp:Display: Sleeping 0.5s to wait for 1 outstanding Http requests.
[2018.01.22-01.08.52:695][338]LogHttp:Display: Sleeping 0.5s to wait for 1 outstanding Http requests.
[2018.01.22-01.08.53:196][338]LogHttp:Display: Sleeping 0.5s to wait for 1 outstanding Http requests.
[2018.01.22-01.08.53:696][338]LogHttp:Display: Sleeping 0.5s to wait for 1 outstanding Http requests.
[2018.01.22-01.08.54:196][338]LogHttp:Display: Sleeping 0.5s to wait for 1 outstanding Http requests.
[2018.01.22-01.08.54:697][338]LogHttp:Display: Sleeping 0.5s to wait for 1 outstanding Http requests.
[2018.01.22-01.08.55:197][338]LogHttp:Display: Sleeping 0.5s to wait for 1 outstanding Http requests.
[2018.01.22-01.08.55:698][338]LogHttp:Display: Sleeping 0.5s to wait for 1 outstanding Http requests.
[2018.01.22-01.08.56:198][338]LogHttp:Display: Sleeping 0.5s to wait for 1 outstanding Http requests.
[2018.01.22-01.08.56:699][338]LogHttp:Display: Sleeping 0.5s to wait for 1 outstanding Http requests.
[2018.01.22-01.08.57:199][338]LogHttp:Display: Sleeping 0.5s to wait for 1 outstanding Http requests.
[2018.01.22-01.08.57:699][338]LogHttp:Display: Sleeping 0.5s to wait for 1 outstanding Http requests.
[2018.01.22-01.08.58:200][338]LogHttp:Display: Sleeping 0.5s to wait for 1 outstanding Http requests.
[2018.01.22-01.08.58:700][338]LogHttp:Display: Sleeping 0.5s to wait for 1 outstanding Http requests.
[2018.01.22-01.08.59:200][338]LogHttp:Display: Sleeping 0.5s to wait for 1 outstanding Http requests.
[2018.01.22-01.08.59:701][338]LogHttp:Display: Sleeping 0.5s to wait for 1 outstanding Http requests.
[2018.01.22-01.09.00:202][338]LogHttp:Display: Sleeping 0.5s to wait for 1 outstanding Http requests.
[2018.01.22-01.09.00:702][338]LogHttp:Display: Sleeping 0.5s to wait for 1 outstanding Http requests.
[2018.01.22-01.09.01:202][338]LogHttp:Display: Sleeping 0.5s to wait for 1 outstanding Http requests.
[2018.01.22-01.09.01:703][338]LogHttp:Display: Sleeping 0.5s to wait for 1 outstanding Http requests.
[2018.01.22-01.09.02:204][338]LogHttp:Display: Sleeping 0.5s to wait for 1 outstanding Http requests.
[2018.01.22-01.09.02:704][338]LogHttp:Display: Sleeping 0.5s to wait for 1 outstanding Http requests.
[2018.01.22-01.09.03:205][338]LogHttp:Display: Sleeping 0.5s to wait for 1 outstanding Http requests.
[2018.01.22-01.09.03:705][338]LogHttp:Display: Sleeping 0.5s to wait for 1 outstanding Http requests.
[2018.01.22-01.09.04:205][338]LogHttp:Display: Sleeping 0.5s to wait for 1 outstanding Http requests.
[2018.01.22-01.09.04:705][338]LogHttp:Display: Sleeping 0.5s to wait for 1 outstanding Http requests.
[2018.01.22-01.09.05:206][338]LogHttp:Display: Sleeping 0.5s to wait for 1 outstanding Http requests.
[2018.01.22-01.09.05:706][338]LogHttp:Display: Sleeping 0.5s to wait for 1 outstanding Http requests.
[2018.01.22-01.09.06:206][338]LogHttp:Display: Sleeping 0.5s to wait for 1 outstanding Http requests.
[2018.01.22-01.09.06:707][338]LogHttp:Display: Sleeping 0.5s to wait for 1 outstanding Http requests.
[2018.01.22-01.09.07:207][338]LogHttp:Display: Sleeping 0.5s to wait for 1 outstanding Http requests.
[2018.01.22-01.09.07:707][338]LogHttp:Display: Sleeping 0.5s to wait for 1 outstanding Http requests.
[2018.01.22-01.09.08:208][338]LogHttp:Display: Sleeping 0.5s to wait for 1 outstanding Http requests.
[2018.01.22-01.09.08:709][338]LogHttp:Display: Sleeping 0.5s to wait for 1 outstanding Http requests.
[2018.01.22-01.09.09:209][338]LogHttp:Display: Sleeping 0.5s to wait for 1 outstanding Http requests.
[2018.01.22-01.09.09:710][338]LogHttp:Display: Sleeping 0.5s to wait for 1 outstanding Http requests.
[2018.01.22-01.09.10:210][338]LogHttp:Display: Sleeping 0.5s to wait for 1 outstanding Http requests.
[2018.01.22-01.09.10:710][338]LogHttp:Display: Sleeping 0.5s to wait for 1 outstanding Http requests.
[2018.01.22-01.09.11:211][338]LogHttp:Display: Sleeping 0.5s to wait for 1 outstanding Http requests.
[2018.01.22-01.09.11:712][338]LogHttp:Display: Sleeping 0.5s to wait for 1 outstanding Http requests.
[2018.01.22-01.09.12:212][338]LogHttp:Display: Sleeping 0.5s to wait for 1 outstanding Http requests.
[2018.01.22-01.09.12:712][338]LogHttp:Display: Sleeping 0.5s to wait for 1 outstanding Http requests.
[2018.01.22-01.09.13:213][338]LogHttp:Display: Sleeping 0.5s to wait for 1 outstanding Http requests.
[2018.01.22-01.09.13:713][338]LogHttp:Display: Sleeping 0.5s to wait for 1 outstanding Http requests.
[2018.01.22-01.09.14:213][338]LogHttp:Display: Sleeping 0.5s to wait for 1 outstanding Http requests.
[2018.01.22-01.09.14:714][338]LogHttp:Display: Sleeping 0.5s to wait for 1 outstanding Http requests.
[2018.01.22-01.09.15:214][338]LogHttp:Display: Sleeping 0.5s to wait for 1 outstanding Http requests.
[2018.01.22-01.09.15:715][338]LogHttp:Display: Sleeping 0.5s to wait for 1 outstanding Http requests.
[2018.01.22-01.09.16:215][338]LogHttp:Display: Sleeping 0.5s to wait for 1 outstanding Http requests.
[2018.01.22-01.09.16:715][338]LogHttp:Display: Sleeping 0.5s to wait for 1 outstanding Http requests.
[2018.01.22-01.09.17:216][338]LogHttp:Display: Sleeping 0.5s to wait for 1 outstanding Http requests.
[2018.01.22-01.09.17:716][338]LogHttp:Display: Sleeping 0.5s to wait for 1 outstanding Http requests.
[2018.01.22-01.09.18:216][338]LogHttp:Display: Sleeping 0.5s to wait for 1 outstanding Http requests.
[2018.01.22-01.09.18:717][338]LogHttp:Display: Sleeping 0.5s to wait for 1 outstanding Http requests.
[2018.01.22-01.09.19:217][338]LogHttp:Display: Sleeping 0.5s to wait for 1 outstanding Http requests.
[2018.01.22-01.09.19:717][338]LogHttp:Display: Sleeping 0.5s to wait for 1 outstanding Http requests.
[2018.01.22-01.09.20:218][338]LogHttp:Display: Sleeping 0.5s to wait for 1 outstanding Http requests.
[2018.01.22-01.09.20:718][338]LogHttp:Display: Sleeping 0.5s to wait for 1 outstanding Http requests.
[2018.01.22-01.09.21:218][338]LogHttp:Display: Sleeping 0.5s to wait for 1 outstanding Http requests.
[2018.01.22-01.09.21:719][338]LogHttp:Display: Sleeping 0.5s to wait for 1 outstanding Http requests.
[2018.01.22-01.09.22:220][338]LogHttp:Display: Sleeping 0.5s to wait for 1 outstanding Http requests.
[2018.01.22-01.09.22:721][338]LogHttp:Display: Sleeping 0.5s to wait for 1 outstanding Http requests.
[2018.01.22-01.09.23:222][338]LogHttp:Display: Sleeping 0.5s to wait for 1 outstanding Http requests.
[2018.01.22-01.09.23:722][338]LogHttp:Display: Sleeping 0.5s to wait for 1 outstanding Http requests.
[2018.01.22-01.09.24:223][338]LogHttp:Display: Sleeping 0.5s to wait for 1 outstanding Http requests.
[2018.01.22-01.09.24:723][338]LogHttp:Display: Sleeping 0.5s to wait for 1 outstanding Http requests.
[2018.01.22-01.09.25:223][338]LogHttp:Display: Sleeping 0.5s to wait for 1 outstanding Http requests.
[2018.01.22-01.09.25:724][338]LogHttp:Display: Sleeping 0.5s to wait for 1 outstanding Http requests.
[2018.01.22-01.09.26:224][338]LogHttp:Display: Sleeping 0.5s to wait for 1 outstanding Http requests.
[2018.01.22-01.09.26:725][338]LogHttp:Display: Sleeping 0.5s to wait for 1 outstanding Http requests.
[2018.01.22-01.09.27:225][338]LogHttp:Display: Sleeping 0.5s to wait for 1 outstanding Http requests.
[2018.01.22-01.09.27:726][338]LogHttp:Display: Sleeping 0.5s to wait for 1 outstanding Http requests.
[2018.01.22-01.09.28:226][338]LogHttp:Display: Sleeping 0.5s to wait for 1 outstanding Http requests.
[2018.01.22-01.09.28:727][338]LogHttp:Display: Sleeping 0.5s to wait for 1 outstanding Http requests.
[2018.01.22-01.09.29:227][338]LogHttp:Display: Sleeping 0.5s to wait for 1 outstanding Http requests.
[2018.01.22-01.09.29:728][338]LogHttp:Display: Sleeping 0.5s to wait for 1 outstanding Http requests.
[2018.01.22-01.09.30:229][338]LogHttp:Display: Sleeping 0.5s to wait for 1 outstanding Http requests.
[2018.01.22-01.09.30:729][338]LogHttp:Display: Sleeping 0.5s to wait for 1 outstanding Http requests.
[2018.01.22-01.09.31:229][338]LogHttp:Display: Sleeping 0.5s to wait for 1 outstanding Http requests.
[2018.01.22-01.09.31:730][338]LogHttp:Display: Sleeping 0.5s to wait for 1 outstanding Http requests.
[2018.01.22-01.09.32:230][338]LogHttp:Display: Sleeping 0.5s to wait for 1 outstanding Http requests.
[2018.01.22-01.09.32:731][338]LogHttp:Display: Sleeping 0.5s to wait for 1 outstanding Http requests.
[2018.01.22-01.09.33:232][338]LogHttp:Display: Sleeping 0.5s to wait for 1 outstanding Http requests.
[2018.01.22-01.09.33:733][338]LogHttp:Display: Sleeping 0.5s to wait for 1 outstanding Http requests.
[2018.01.22-01.09.34:233][338]LogHttp:Display: Sleeping 0.5s to wait for 1 outstanding Http requests.
[2018.01.22-01.09.34:734][338]LogHttp:Display: Sleeping 0.5s to wait for 1 outstanding Http requests.
[2018.01.22-01.09.35:234][338]LogHttp:Display: Sleeping 0.5s to wait for 1 outstanding Http requests.
[2018.01.22-01.09.35:734][338]LogHttp:Display: Sleeping 0.5s to wait for 1 outstanding Http requests.
[2018.01.22-01.09.36:235][338]LogHttp:Warning: 00000213C9543700: request failed, libcurl error: 0 (No error)
[2018.01.22-01.09.36:235][338]LogHttp:Warning: 00000213C9543700: libcurl info message cache 0 (Found bundle for host datarouter.ol.epicgames.com: 0x21343b17fb8 [can pipeline])
[2018.01.22-01.09.36:235][338]LogHttp:Warning: 00000213C9543700: libcurl info message cache 1 (Re-using existing connection! (#17) with proxy 127.0.0.1)
[2018.01.22-01.09.36:235][338]LogHttp:Warning: 00000213C9543700: libcurl info message cache 2 (Connected to 127.0.0.1 (127.0.0.1) port 60034 (#17))
[2018.01.22-01.09.36:235][338]LogHttp:Warning: 00000213C9543700: libcurl info message cache 3 (upload completely sent off: 366 out of 366 bytes)
[2018.01.22-01.09.36:235][338]LogHttp:Warning: 00000213C9543700: libcurl info message cache 4 (TLSv1.2 (IN), TLS alert, Client hello (1):)
[2018.01.22-01.09.36:235][338]LogHttp:Warning: 00000213C9543700: libcurl info message cache 5 (Connection died, retrying a fresh connect)
[2018.01.22-01.09.36:235][338]LogHttp:Warning: 00000213C9543700: libcurl info message cache 6 (Closing connection 17)
[2018.01.22-01.09.36:235][338]LogHttp:Warning: 00000213C9543700: libcurl info message cache 7 (TLSv1.2 (OUT), TLS alert, Client hello (1):)
[2018.01.22-01.09.36:235][338]LogHttp:Warning: 00000213C9543700: libcurl info message cache 8 (Issue another request to this URL: 'https://datarouter.ol.epicgames.com/datarouter/api/v1/public/data?SessionID=%7BE1221D98-47C3-B800-A06C-E4821A9A4C57%7D&AppID=UEEditor.Rocket.Release&AppVersion=4.16.3-3561208%2B%2B%2BUE4%2BRelease-4.16&UserID=ff1163694f33f79656fd72a56a9dd0c2%7C9b78482a5632474b97854dec7515c72e%7C457b8a5b-5b52-4830-b230-b39bec575c9b&AppEnvironment=datacollector-binary&UploadType=eteventstream')
[2018.01.22-01.09.36:235][338]LogHttp:Warning: 00000213C9543700: libcurl info message cache 9 (  Trying 127.0.0.1...)
[2018.01.22-01.09.36:235][338]LogHttp:Warning: 00000213C9543700: libcurl info message cache 10 (Connected to 127.0.0.1 (127.0.0.1) port 60034 (#18))
[2018.01.22-01.09.36:235][338]LogHttp:Warning: 00000213C9543700: libcurl info message cache 11 (Establish HTTP proxy tunnel to datarouter.ol.epicgames.com:443)
[2018.01.22-01.09.36:235][338]LogHttp:Warning: 00000213C9543700: libcurl info message cache 12 (Proxy replied OK to CONNECT request)
[2018.01.22-01.09.36:235][338]LogHttp:Warning: 00000213C9543700: libcurl info message cache 13 (ALPN, offering http/1.1)
[2018.01.22-01.09.36:235][338]LogHttp:Warning: 00000213C9543700: libcurl info message cache 14 (Cipher selection: ALL:!EXPORT:!EXPORT40:!EXPORT56:!aNULL:!LOW:!RC4:@STRENGTH)
[2018.01.22-01.09.36:235][338]LogHttp:Warning: 00000213C9543700: libcurl info message cache 15 (SSL re-using session ID)
[2018.01.22-01.09.36:235][338]LogHttp:Warning: 00000213C9543700: libcurl info message cache 16 (TLSv1.2 (OUT), TLS handshake, Client hello (1):)
[2018.01.22-01.09.36:235][338]LogHttp:Warning: 00000213C9543700: libcurl info message cache 17 (Closing connection 18)
[2018.01.22-01.09.36:267][338]LogModuleManager: Shutting down and abandoning module SSL (40)
[2018.01.22-01.09.36:269][338]LogModuleManager: Shutting down and abandoning module HTTPChunkInstaller (36)
[2018.01.22-01.09.36:271][338]LogModuleManager: Shutting down and abandoning module AnimationModifiers (34)
[2018.01.22-01.09.36:272][338]LogModuleManager: Shutting down and abandoning module PropertyEditor (33)
[2018.01.22-01.09.36:272][338]LogModuleManager: Shutting down and abandoning module AudioEditor (30)
[2018.01.22-01.09.36:273][338]LogModuleManager: Shutting down and abandoning module TextureCompressor (28)
[2018.01.22-01.09.36:274][338]LogModuleManager: Shutting down and abandoning module ShaderCore (26)
[2018.01.22-01.09.36:274][338]LogModuleManager: Shutting down and abandoning module Landscape (24)
[2018.01.22-01.09.36:274][338]LogModuleManager: Shutting down and abandoning module SlateRHIRenderer (22)
[2018.01.22-01.09.36:276][338]LogModuleManager: Shutting down and abandoning module OpenGLDrv (20)
[2018.01.22-01.09.36:278][338]LogModuleManager: Shutting down and abandoning module D3D11RHI (18)
[2018.01.22-01.09.36:278][338]LogModuleManager: Shutting down and abandoning module AnimGraphRuntime (16)
[2018.01.22-01.09.36:278][338]LogModuleManager: Shutting down and abandoning module Renderer (14)
[2018.01.22-01.09.36:278][338]LogModuleManager: Shutting down and abandoning module Engine (12)
[2018.01.22-01.09.36:278][338]LogModuleManager: Shutting down and abandoning module CoreUObject (10)
[2018.01.22-01.09.36:278][338]LogModuleManager: Shutting down and abandoning module NetworkFile (8)
[2018.01.22-01.09.36:279][338]LogModuleManager: Shutting down and abandoning module StreamingFile (6)
[2018.01.22-01.09.36:279][338]LogModuleManager: Shutting down and abandoning module SandboxFile (4)
[2018.01.22-01.09.36:280][338]LogModuleManager: Shutting down and abandoning module PakFile (2)
[2018.01.22-01.09.36:283][338]LogExit: Exiting.
[2018.01.22-01.09.36:291][338]Log file closed, 01/22/18 09:09:36
