Log file open, 01/24/18 00:27:50
LogInit:Display: Running engine for game: BoringMachine
LogPlatformFile: Not using cached read wrapper
LogInit:Display: RandInit(-1181855041) SRandInit(-1181855041).
LogTaskGraph: Started task graph with 5 named threads and 8 total threads with 1 sets of task threads.
LogStats: Stats thread started at 0.106456
LogInit: Using libcurl 7.47.1
LogInit:  - built for x86_64-pc-win32
LogInit:  - supports SSL with OpenSSL/1.0.2g
LogInit:  - supports HTTP deflate (compression) using libz 1.2.8
LogInit:  - other features:
LogInit:      CURL_VERSION_SSL
LogInit:      CURL_VERSION_LIBZ
LogInit:      CURL_VERSION_IPV6
LogInit:      CURL_VERSION_ASYNCHDNS
LogInit:      CURL_VERSION_LARGEFILE
LogInit:      CURL_VERSION_IDN
LogInit:  CurlRequestOptions (configurable via config and command line):
LogInit:  - bVerifyPeer = false  - Libcurl will NOT verify peer certificate
LogInit:  - bUseHttpProxy = true  - Libcurl will use HTTP proxy
LogInit:  - HttpProxyAddress = '127.0.0.1:60034'
LogInit:  - bDontReuseConnections = false  - Libcurl will reuse connections
LogInit:  - CertBundlePath = nullptr  - Libcurl will use whatever was configured at build time.
LogHMD: GearVR: Emulating GearVR using Oculus Rift!
LogInit: Build: ++UE4+Release-4.16-CL-3561208
LogInit: Engine Version: 4.16.3-3561208+++UE4+Release-4.16
LogInit: Compatible Engine Version: 4.16.0-3452394+++UE4+Release-4.16
LogInit: Net CL: 3452394
LogDevObjectVersion: Number of dev versions registered: 16
LogDevObjectVersion:   Dev-Blueprints (B0D832E4-1F89-4F0D-ACCF-7EB736FD4AA2): 9
LogDevObjectVersion:   Dev-Build (E1C64328-A22C-4D53-A36C-8E866417BD8C): 0
LogDevObjectVersion:   Dev-Core (375EC13C-06E4-48FB-B500-84F0262A717E): 2
LogDevObjectVersion:   Dev-Editor (E4B068ED-F494-42E9-A231-DA0B2E46BB41): 17
LogDevObjectVersion:   Dev-Framework (CFFC743F-43B0-4480-9391-14DF171D2073): 23
LogDevObjectVersion:   Dev-Mobile (B02B49B5-BB20-44E9-A304-32B752E40360): 0
LogDevObjectVersion:   Dev-Networking (A4E4105C-59A1-49B5-A7C5-40C4547EDFEE): 0
LogDevObjectVersion:   Dev-Online (39C831C9-5AE6-47DC-9A44-9C173E1C8E7C): 0
LogDevObjectVersion:   Dev-Physics (78F01B33-EBEA-4F98-B9B4-84EACCB95AA2): 0
LogDevObjectVersion:   Dev-Platform (6631380F-2D4D-43E0-8009-CF276956A95A): 0
LogDevObjectVersion:   Dev-Rendering (12F88B9F-8875-4AFC-A67C-D90C383ABD29): 15
LogDevObjectVersion:   Dev-Sequencer (7B5AE74C-D270-4C10-A958-57980B212A5A): 4
LogDevObjectVersion:   Dev-VR (D7296918-1DD6-4BDD-9DE2-64A83CC13884): 0
LogDevObjectVersion:   Dev-LoadTimes (C2A15278-BFE7-4AFE-6C17-90FF531DF755): 1
LogDevObjectVersion:   Private-Geometry (6EACA3D4-40EC-4CC1-B786-8BED09428FC5): 1
LogDevObjectVersion:   Dev-AnimPhys (29E575DD-E0A3-4627-9D10-D276232CDCEA): 3
LogInit: Compiled (64-bit): Jul 28 2017 11:49:47
LogInit: Compiled with Visual C++: 19.00.24215.01
LogInit: Build Configuration: Development
LogInit: Branch Name: ++UE4+Release-4.16
LogInit: Command line: 
LogInit: Base directory: D:/UE4_Version/UE_4.16/Engine/Binaries/Win64/
LogInit: Installed Engine Build: 1
LogInit: Presizing for max 8388607 objects, including 0 objects not considered by GC, pre-allocating 0 bytes for permanent pool.
LogInit: Object subsystem initialized
[2018.01.23-16.27.50:952][  0]LogInit: Selected Device Profile: [Windows]
[2018.01.23-16.27.50:952][  0]LogInit: Applying CVar settings loaded from the selected device profile: [Windows]
[2018.01.23-16.27.50:962][  0]LogInit: Computer: DESKTOP-B7IJ9EN
[2018.01.23-16.27.50:962][  0]LogInit: User: Liuxiang
[2018.01.23-16.27.50:962][  0]LogInit: CPU Page size=4096, Cores=4
[2018.01.23-16.27.50:962][  0]LogInit: High frequency timer resolution =2.835936 MHz
[2018.01.23-16.27.50:962][  0]LogMemory: Memory total: Physical=31.9GB (32GB approx)
[2018.01.23-16.27.50:962][  0]LogMemory: Platform Memory Stats for Windows
[2018.01.23-16.27.50:962][  0]LogMemory: Process Physical Memory: 272.45 MB used, 272.45 MB peak
[2018.01.23-16.27.50:962][  0]LogMemory: Process Virtual Memory: 262.91 MB used, 262.91 MB peak
[2018.01.23-16.27.50:962][  0]LogMemory: Physical Memory: 9505.30 MB used,  23132.09 MB free, 32637.40 MB total
[2018.01.23-16.27.50:962][  0]LogMemory: Virtual Memory: 672.28 MB used,  23132.09 MB free, 134217728.00 MB total
[2018.01.23-16.27.51:655][  0]LogInit: Using OS detected language (zh-CN).
[2018.01.23-16.27.51:655][  0]LogInit: Using OS detected locale (zh-CN).
[2018.01.23-16.27.52:690][  0]LogD3D11RHI: D3D11 adapters:
[2018.01.23-16.27.52:757][  0]LogD3D11RHI:    0. 'NVIDIA GeForce GTX 1070' (Feature Level 11_0)
[2018.01.23-16.27.52:757][  0]LogD3D11RHI:       8081/0/16318 MB DedicatedVideo/DedicatedSystem/SharedSystem, Outputs:1, VendorId:0x10de
[2018.01.23-16.27.52:784][  0]LogD3D11RHI:    1. 'Intel(R) HD Graphics 630' (Feature Level 11_0)
[2018.01.23-16.27.52:784][  0]LogD3D11RHI:       128/0/16318 MB DedicatedVideo/DedicatedSystem/SharedSystem, Outputs:0, VendorId:0x8086
[2018.01.23-16.27.52:787][  0]LogD3D11RHI:    2. 'Microsoft Basic Render Driver' (Feature Level 11_0)
[2018.01.23-16.27.52:787][  0]LogD3D11RHI:       0/0/16318 MB DedicatedVideo/DedicatedSystem/SharedSystem, Outputs:0, VendorId:0x1414
[2018.01.23-16.27.52:788][  0]LogD3D11RHI: Chosen D3D11 Adapter: 0
[2018.01.23-16.27.52:799][  0]LogD3D11RHI: Creating new Direct3DDevice
[2018.01.23-16.27.52:799][  0]LogD3D11RHI:     GPU DeviceId: 0x1ba1 (for the marketing name, search the web for "GPU Device Id")
[2018.01.23-16.27.52:799][  0]LogWindows: EnumDisplayDevices:
[2018.01.23-16.27.52:800][  0]LogWindows:    0. 'NVIDIA GeForce GTX 1070' (P:1 D:1)
[2018.01.23-16.27.52:800][  0]LogWindows:    1. 'NVIDIA GeForce GTX 1070' (P:0 D:0)
[2018.01.23-16.27.52:800][  0]LogWindows:    2. 'NVIDIA GeForce GTX 1070' (P:0 D:0)
[2018.01.23-16.27.52:800][  0]LogWindows:    3. 'NVIDIA GeForce GTX 1070' (P:0 D:0)
[2018.01.23-16.27.52:801][  0]LogWindows:    4. 'Intel(R) HD Graphics 630' (P:0 D:0)
[2018.01.23-16.27.52:801][  0]LogWindows:    5. 'Intel(R) HD Graphics 630' (P:0 D:0)
[2018.01.23-16.27.52:801][  0]LogWindows:    6. 'Intel(R) HD Graphics 630' (P:0 D:0)
[2018.01.23-16.27.52:801][  0]LogWindows: DebugString: GetVideoDriverDetailsInvalid PrimaryIsNotTheChoosenAdapter GetVideoDriverDetailsInvalid PrimaryIsNotTheChoosenAdapter GetVideoDriverDetailsInvalid PrimaryIsNotTheChoosenAdapter GetVideoDriverDetailsInvalid PrimaryIsNotTheChoosenAdapter GetVideoDriverDetailsInvalid PrimaryIsNotTheChoosenAdapter GetVideoDriverDetailsInvalid PrimaryIsNotTheChoosenAdapter GetVideoDriverDetailsInvalid PrimaryIsNotTheChoosenAdapter FoundDriverCount:0 
[2018.01.23-16.27.52:801][  0]LogD3D11RHI:     Adapter Name: NVIDIA GeForce GTX 1070
[2018.01.23-16.27.52:801][  0]LogD3D11RHI:   Driver Version: Unknown (internal:Unknown, unified:Unknown)
[2018.01.23-16.27.52:801][  0]LogD3D11RHI:      Driver Date: Unknown
[2018.01.23-16.27.52:801][  0]LogRHI: Texture pool is 1361 MB (70% of 1945 MB)
[2018.01.23-16.27.52:844][  0]LogD3D11RHI: Async texture creation enabled
[2018.01.23-16.27.52:870][  0]LogD3D11RHI: GPU Timing Frequency: 1000.000000 (Debug: 2 2)
[2018.01.23-16.27.52:914][  0]LogShaderCompilers: Guid format shader working directory is 3 characters bigger than the processId version (../../../../../UE4_Project/TEST/BoringMachine/Intermediate/Shaders/WorkingDirectory/19780/).
[2018.01.23-16.27.52:914][  0]LogShaderCompilers: Cleaned the shader compiler working directory 'C:/Users/Liuxiang/AppData/Local/Temp/UnrealShaderWorkingDir/48725E1C48563E9775478FB391A6A761/'.
[2018.01.23-16.27.52:914][  0]LogShaderCompilers:Display: Using Local Shader Compiler.
[2018.01.23-16.27.54:102][  0]LogTemp:Display: Loaded TP AllDesktopTargetPlatform
[2018.01.23-16.27.54:154][  0]LogTemp:Display: Loaded TP MacClientTargetPlatform
[2018.01.23-16.27.54:208][  0]LogTemp:Display: Loaded TP MacNoEditorTargetPlatform
[2018.01.23-16.27.54:257][  0]LogTemp:Display: Loaded TP MacServerTargetPlatform
[2018.01.23-16.27.54:312][  0]LogTemp:Display: Loaded TP MacTargetPlatform
[2018.01.23-16.27.54:364][  0]LogTemp:Display: Loaded TP WindowsClientTargetPlatform
[2018.01.23-16.27.54:425][  0]LogTemp:Display: Loaded TP WindowsNoEditorTargetPlatform
[2018.01.23-16.27.54:487][  0]LogTemp:Display: Loaded TP WindowsServerTargetPlatform
[2018.01.23-16.27.54:542][  0]LogTemp:Display: Loaded TP WindowsTargetPlatform
[2018.01.23-16.27.54:603][  0]LogTemp:Display: Loaded TP AndroidTargetPlatform
[2018.01.23-16.27.54:654][  0]LogTemp:Display: Loaded TP Android_ASTCTargetPlatform
[2018.01.23-16.27.54:711][  0]LogTemp:Display: Loaded TP Android_ATCTargetPlatform
[2018.01.23-16.27.54:768][  0]LogTemp:Display: Loaded TP Android_DXTTargetPlatform
[2018.01.23-16.27.54:825][  0]LogTemp:Display: Loaded TP Android_ETC1TargetPlatform
[2018.01.23-16.27.54:879][  0]LogTemp:Display: Loaded TP Android_ETC2TargetPlatform
[2018.01.23-16.27.54:988][  0]LogTemp:Display: Loaded TP Android_MultiTargetPlatform
[2018.01.23-16.27.54:988][  0]LogTemp:Display: Loaded TP Android_PVRTCTargetPlatform
[2018.01.23-16.27.55:027][  0]LogTemp:Display: Loaded TP HTML5TargetPlatform
[2018.01.23-16.27.55:113][  0]LogTemp:Display: Loaded TP IOSTargetPlatform
[2018.01.23-16.27.55:139][  0]LogTemp:Display: Loaded TP TVOSTargetPlatform
[2018.01.23-16.27.55:195][  0]LogTemp:Display: Loaded TP LinuxClientTargetPlatform
[2018.01.23-16.27.55:243][  0]LogTemp:Display: Loaded TP LinuxNoEditorTargetPlatform
[2018.01.23-16.27.55:291][  0]LogTemp:Display: Loaded TP LinuxServerTargetPlatform
[2018.01.23-16.27.55:341][  0]LogTemp:Display: Loaded TP LinuxTargetPlatform
[2018.01.23-16.27.55:341][  0]LogTargetPlatformManager:Display: Building Assets For Windows
[2018.01.23-16.27.55:815][  0]LogDerivedDataCache:Display: Max Cache Size: 512 MB
[2018.01.23-16.27.55:915][  0]LogDerivedDataCache: Loaded boot cache 0.10s 90MB C:/Users/Liuxiang/AppData/Local/UnrealEngine/4.16/DerivedDataCache/Boot.ddc.
[2018.01.23-16.27.55:915][  0]LogDerivedDataCache:Display: Loaded Boot cache: C:/Users/Liuxiang/AppData/Local/UnrealEngine/4.16/DerivedDataCache/Boot.ddc
[2018.01.23-16.27.55:915][  0]LogDerivedDataCache: FDerivedDataBackendGraph:  Pak pak cache file ../../../../../UE4_Project/TEST/BoringMachine/DerivedDataCache/DDC.ddp not found, will not use a pak cache.
[2018.01.23-16.27.55:915][  0]LogDerivedDataCache: Unable to find inner node Pak for hierarchical cache Hierarchy.
[2018.01.23-16.27.55:915][  0]LogDerivedDataCache: FDerivedDataBackendGraph:  CompressedPak pak cache file ../../../../../UE4_Project/TEST/BoringMachine/DerivedDataCache/Compressed.ddp not found, will not use a pak cache.
[2018.01.23-16.27.55:915][  0]LogDerivedDataCache: Unable to find inner node CompressedPak for hierarchical cache Hierarchy.
[2018.01.23-16.27.55:933][  0]LogDerivedDataCache:Display: Pak cache opened for reading ../../../Engine/DerivedDataCache/Compressed.ddp.
[2018.01.23-16.27.55:946][  0]LogDerivedDataCache: Using Local data cache path C:/Users/Liuxiang/AppData/Local/UnrealEngine/Common/DerivedDataCache: Writable
[2018.01.23-16.27.55:957][  0]LogMaterial: Verifying Global Shaders for PCD3D_SM5
[2018.01.23-16.27.55:957][  0]LogSlate: Using Freetype 2.6.0
[2018.01.23-16.27.55:958][  0]LogSlate: SlateFontCache - WITH_FREETYPE: 1, WITH_HARFBUZZ: 1
[2018.01.23-16.27.55:958][  0]LogSlate: SlateFontCache - WITH_FREETYPE: 1, WITH_HARFBUZZ: 1
[2018.01.23-16.27.56:367][  0]LogInit: Selected Device Profile: [Windows]
[2018.01.23-16.27.56:439][  0]LogContentStreaming: Texture pool size is 0.00 MB
[2018.01.23-16.27.56:613][  0]LogMeshUtilities: Using QuadricMeshReduction for automatic static mesh reduction
[2018.01.23-16.27.56:672][  0]LogSimplygon: Simplygon DLL not present - disabling.
[2018.01.23-16.27.56:741][  0]LogMeshUtilities: Using SimplygonSwarm for distributed automatic mesh merging
[2018.01.23-16.27.56:741][  0]LogMeshUtilities: No automatic skeletal mesh reduction module available
[2018.01.23-16.27.56:741][  0]LogMeshUtilities: No automatic mesh merging module available
[2018.01.23-16.27.57:345][  0]LogNetVersion: BoringMachine , NetCL: 3452394, EngineNetVer: 2, GameNetVer: 0 (Checksum: 1412956445)
[2018.01.23-16.27.57:404][  0]LogAssetRegistry: FAssetRegistry took 0.0252 seconds to start up
[2018.01.23-16.27.57:512][  0]LogPackageLocalizationCache: Processed 4 localized package path(s) for 4 prioritized culture(s) in 0.083593 seconds
[2018.01.23-16.27.57:519][  0]LogUObjectArray: 34137 objects as part of root set at end of initial load.
[2018.01.23-16.27.57:519][  0]LogUObjectAllocator: 7249632 out of 0 bytes used by permanent object pool.
[2018.01.23-16.27.57:519][  0]LogUObjectArray: CloseDisregardForGC: 0/0 objects in disregard for GC pool
[2018.01.23-16.27.57:582][  0]LogInit: WinSock: version 1.1 (2.2), MaxSocks=32767, MaxUdp=65467
[2018.01.23-16.28.00:405][  0]LogTcpMessaging: Initializing TcpMessaging bridge
[2018.01.23-16.28.00:446][  0]LogUdpMessaging: Initializing bridge on interface 0.0.0.0:0 to multicast group 230.0.0.1:6666.
[2018.01.23-16.28.01:039][  0]LogMaterial: Uniform references updated for custom material expression Custom.
[2018.01.23-16.28.01:476][  0]SourceControl: 信息 源码控制已禁用
[2018.01.23-16.28.01:481][  0]SourceControl: 信息 源码控制已禁用
[2018.01.23-16.28.01:536][  0]SourceControl: 信息 源码控制已禁用
[2018.01.23-16.28.01:594][  0]SourceControl: 信息 源码控制已禁用
[2018.01.23-16.28.02:322][  0]LogAndroidPermission: UAndroidPermissionCallbackProxy::GetInstance
[2018.01.23-16.28.02:760][  0]LogEngine: Initializing Engine...
[2018.01.23-16.28.02:760][  0]LogHMD: GearVR starting with CPU: 2 GPU: 3 MinimumVsyncs: 1
