Log file open, 01/18/18 18:04:37
LogInit:Display: Running engine for game: BoringMachine
LogPlatformFile: Not using cached read wrapper
LogInit:Display: RandInit(627693359) SRandInit(627693359).
LogTaskGraph: Started task graph with 5 named threads and 8 total threads with 1 sets of task threads.
LogStats: Stats thread started at 0.112559
LogInit: Using libcurl 7.47.1
LogInit:  - built for x86_64-pc-win32
LogInit:  - supports SSL with OpenSSL/1.0.2g
LogInit:  - supports HTTP deflate (compression) using libz 1.2.8
LogInit:  - other features:
LogInit:      CURL_VERSION_SSL
LogInit:      CURL_VERSION_LIBZ
LogInit:      CURL_VERSION_IPV6
LogInit:      CURL_VERSION_ASYNCHDNS
LogInit:      CURL_VERSION_LARGEFILE
LogInit:      CURL_VERSION_IDN
LogInit:  CurlRequestOptions (configurable via config and command line):
LogInit:  - bVerifyPeer = false  - Libcurl will NOT verify peer certificate
LogInit:  - bUseHttpProxy = true  - Libcurl will use HTTP proxy
LogInit:  - HttpProxyAddress = '127.0.0.1:60034'
LogInit:  - bDontReuseConnections = false  - Libcurl will reuse connections
LogInit:  - CertBundlePath = nullptr  - Libcurl will use whatever was configured at build time.
OCULUS: Info: [CAPI] LibOVR module is located at C:\Program Files\Oculus\Support\oculus-runtime\LibOVRRT64_1.dll
OCULUS: Debug: Connected to the server running version (prod = 1).1.20.0(build = 501061) feature version = 0. Client runs version (prod = 1).1.20.0(build = 501061) feature version = 0
LogHMD: GearVR: Emulating GearVR using Oculus Rift!
LogInit: Build: ++UE4+Release-4.16-CL-3561208
LogInit: Engine Version: 4.16.3-3561208+++UE4+Release-4.16
LogInit: Compatible Engine Version: 4.16.0-3452394+++UE4+Release-4.16
LogInit: Net CL: 3452394
LogDevObjectVersion: Number of dev versions registered: 16
LogDevObjectVersion:   Dev-Blueprints (B0D832E4-1F89-4F0D-ACCF-7EB736FD4AA2): 9
LogDevObjectVersion:   Dev-Build (E1C64328-A22C-4D53-A36C-8E866417BD8C): 0
LogDevObjectVersion:   Dev-Core (375EC13C-06E4-48FB-B500-84F0262A717E): 2
LogDevObjectVersion:   Dev-Editor (E4B068ED-F494-42E9-A231-DA0B2E46BB41): 17
LogDevObjectVersion:   Dev-Framework (CFFC743F-43B0-4480-9391-14DF171D2073): 23
LogDevObjectVersion:   Dev-Mobile (B02B49B5-BB20-44E9-A304-32B752E40360): 0
LogDevObjectVersion:   Dev-Networking (A4E4105C-59A1-49B5-A7C5-40C4547EDFEE): 0
LogDevObjectVersion:   Dev-Online (39C831C9-5AE6-47DC-9A44-9C173E1C8E7C): 0
LogDevObjectVersion:   Dev-Physics (78F01B33-EBEA-4F98-B9B4-84EACCB95AA2): 0
LogDevObjectVersion:   Dev-Platform (6631380F-2D4D-43E0-8009-CF276956A95A): 0
LogDevObjectVersion:   Dev-Rendering (12F88B9F-8875-4AFC-A67C-D90C383ABD29): 15
LogDevObjectVersion:   Dev-Sequencer (7B5AE74C-D270-4C10-A958-57980B212A5A): 4
LogDevObjectVersion:   Dev-VR (D7296918-1DD6-4BDD-9DE2-64A83CC13884): 0
LogDevObjectVersion:   Dev-LoadTimes (C2A15278-BFE7-4AFE-6C17-90FF531DF755): 1
LogDevObjectVersion:   Private-Geometry (6EACA3D4-40EC-4CC1-B786-8BED09428FC5): 1
LogDevObjectVersion:   Dev-AnimPhys (29E575DD-E0A3-4627-9D10-D276232CDCEA): 3
LogInit: Compiled (64-bit): Jul 28 2017 11:49:47
LogInit: Compiled with Visual C++: 19.00.24215.01
LogInit: Build Configuration: Development
LogInit: Branch Name: ++UE4+Release-4.16
LogInit: Command line: 
LogInit: Base directory: D:/UE4_Version/UE_4.16/Engine/Binaries/Win64/
LogInit: Installed Engine Build: 1
LogInit: Presizing for max 8388607 objects, including 0 objects not considered by GC, pre-allocating 0 bytes for permanent pool.
LogInit: Object subsystem initialized
[2018.01.18-10.04.38:555][  0]LogInit: Selected Device Profile: [Windows]
[2018.01.18-10.04.38:555][  0]LogInit: Applying CVar settings loaded from the selected device profile: [Windows]
[2018.01.18-10.04.38:567][  0]LogInit: Computer: DESKTOP-B7IJ9EN
[2018.01.18-10.04.38:567][  0]LogInit: User: Liuxiang
[2018.01.18-10.04.38:567][  0]LogInit: CPU Page size=4096, Cores=4
[2018.01.18-10.04.38:567][  0]LogInit: High frequency timer resolution =2.835940 MHz
[2018.01.18-10.04.38:567][  0]LogMemory: Memory total: Physical=31.9GB (32GB approx)
[2018.01.18-10.04.38:567][  0]LogMemory: Platform Memory Stats for Windows
[2018.01.18-10.04.38:567][  0]LogMemory: Process Physical Memory: 278.15 MB used, 278.15 MB peak
[2018.01.18-10.04.38:567][  0]LogMemory: Process Virtual Memory: 266.34 MB used, 266.34 MB peak
[2018.01.18-10.04.38:567][  0]LogMemory: Physical Memory: 9401.66 MB used,  23235.74 MB free, 32637.40 MB total
[2018.01.18-10.04.38:567][  0]LogMemory: Virtual Memory: 716.20 MB used,  23235.74 MB free, 134217728.00 MB total
[2018.01.18-10.04.39:128][  0]LogInit: Using OS detected language (zh-CN).
[2018.01.18-10.04.39:128][  0]LogInit: Using OS detected locale (zh-CN).
[2018.01.18-10.04.40:003][  0]LogD3D11RHI: D3D11 adapters:
[2018.01.18-10.04.40:058][  0]LogD3D11RHI:    0. 'NVIDIA GeForce GTX 1070' (Feature Level 11_0)
[2018.01.18-10.04.40:058][  0]LogD3D11RHI:       8081/0/16318 MB DedicatedVideo/DedicatedSystem/SharedSystem, Outputs:1, VendorId:0x10de
[2018.01.18-10.04.40:087][  0]LogD3D11RHI:    1. 'Intel(R) HD Graphics 630' (Feature Level 11_0)
[2018.01.18-10.04.40:087][  0]LogD3D11RHI:       128/0/16318 MB DedicatedVideo/DedicatedSystem/SharedSystem, Outputs:0, VendorId:0x8086
[2018.01.18-10.04.40:090][  0]LogD3D11RHI:    2. 'Microsoft Basic Render Driver' (Feature Level 11_0)
[2018.01.18-10.04.40:090][  0]LogD3D11RHI:       0/0/16318 MB DedicatedVideo/DedicatedSystem/SharedSystem, Outputs:0, VendorId:0x1414
[2018.01.18-10.04.40:090][  0]LogD3D11RHI: Chosen D3D11 Adapter: 0
[2018.01.18-10.04.40:100][  0]LogD3D11RHI: Creating new Direct3DDevice
[2018.01.18-10.04.40:100][  0]LogD3D11RHI:     GPU DeviceId: 0x1ba1 (for the marketing name, search the web for "GPU Device Id")
[2018.01.18-10.04.40:100][  0]LogWindows: EnumDisplayDevices:
[2018.01.18-10.04.40:100][  0]LogWindows:    0. 'NVIDIA GeForce GTX 1070' (P:1 D:1)
[2018.01.18-10.04.40:101][  0]LogWindows:    1. 'NVIDIA GeForce GTX 1070' (P:0 D:0)
[2018.01.18-10.04.40:101][  0]LogWindows:    2. 'NVIDIA GeForce GTX 1070' (P:0 D:0)
[2018.01.18-10.04.40:101][  0]LogWindows:    3. 'NVIDIA GeForce GTX 1070' (P:0 D:0)
[2018.01.18-10.04.40:101][  0]LogWindows:    4. 'Intel(R) HD Graphics 630' (P:0 D:0)
[2018.01.18-10.04.40:102][  0]LogWindows:    5. 'Intel(R) HD Graphics 630' (P:0 D:0)
[2018.01.18-10.04.40:102][  0]LogWindows:    6. 'Intel(R) HD Graphics 630' (P:0 D:0)
[2018.01.18-10.04.40:102][  0]LogWindows: DebugString: GetVideoDriverDetailsInvalid PrimaryIsNotTheChoosenAdapter GetVideoDriverDetailsInvalid PrimaryIsNotTheChoosenAdapter GetVideoDriverDetailsInvalid PrimaryIsNotTheChoosenAdapter GetVideoDriverDetailsInvalid PrimaryIsNotTheChoosenAdapter GetVideoDriverDetailsInvalid PrimaryIsNotTheChoosenAdapter GetVideoDriverDetailsInvalid PrimaryIsNotTheChoosenAdapter GetVideoDriverDetailsInvalid PrimaryIsNotTheChoosenAdapter FoundDriverCount:0 
[2018.01.18-10.04.40:102][  0]LogD3D11RHI:     Adapter Name: NVIDIA GeForce GTX 1070
[2018.01.18-10.04.40:102][  0]LogD3D11RHI:   Driver Version: Unknown (internal:Unknown, unified:Unknown)
[2018.01.18-10.04.40:102][  0]LogD3D11RHI:      Driver Date: Unknown
[2018.01.18-10.04.40:102][  0]LogRHI: Texture pool is 1361 MB (70% of 1945 MB)
[2018.01.18-10.04.40:142][  0]LogD3D11RHI: Async texture creation enabled
[2018.01.18-10.04.40:167][  0]LogD3D11RHI: GPU Timing Frequency: 1000.000000 (Debug: 2 2)
[2018.01.18-10.04.40:211][  0]LogShaderCompilers: Guid format shader working directory is 3 characters bigger than the processId version (../../../../../UE4_Project/TEST/BoringMachine/Intermediate/Shaders/WorkingDirectory/18128/).
[2018.01.18-10.04.40:211][  0]LogShaderCompilers: Cleaned the shader compiler working directory 'C:/Users/Liuxiang/AppData/Local/Temp/UnrealShaderWorkingDir/D999A6C34C1AE2BF6D9DE8973FB4F5B8/'.
[2018.01.18-10.04.40:211][  0]LogShaderCompilers:Display: Using Local Shader Compiler.
[2018.01.18-10.04.41:314][  0]LogTemp:Display: Loaded TP AllDesktopTargetPlatform
[2018.01.18-10.04.41:365][  0]LogTemp:Display: Loaded TP MacClientTargetPlatform
[2018.01.18-10.04.41:416][  0]LogTemp:Display: Loaded TP MacNoEditorTargetPlatform
[2018.01.18-10.04.41:467][  0]LogTemp:Display: Loaded TP MacServerTargetPlatform
[2018.01.18-10.04.41:522][  0]LogTemp:Display: Loaded TP MacTargetPlatform
[2018.01.18-10.04.41:584][  0]LogTemp:Display: Loaded TP WindowsClientTargetPlatform
[2018.01.18-10.04.41:637][  0]LogTemp:Display: Loaded TP WindowsNoEditorTargetPlatform
[2018.01.18-10.04.41:688][  0]LogTemp:Display: Loaded TP WindowsServerTargetPlatform
[2018.01.18-10.04.41:735][  0]LogTemp:Display: Loaded TP WindowsTargetPlatform
[2018.01.18-10.04.41:787][  0]LogTemp:Display: Loaded TP AndroidTargetPlatform
[2018.01.18-10.04.41:839][  0]LogTemp:Display: Loaded TP Android_ASTCTargetPlatform
[2018.01.18-10.04.41:889][  0]LogTemp:Display: Loaded TP Android_ATCTargetPlatform
[2018.01.18-10.04.41:940][  0]LogTemp:Display: Loaded TP Android_DXTTargetPlatform
[2018.01.18-10.04.41:992][  0]LogTemp:Display: Loaded TP Android_ETC1TargetPlatform
[2018.01.18-10.04.42:041][  0]LogTemp:Display: Loaded TP Android_ETC2TargetPlatform
[2018.01.18-10.04.42:145][  0]LogTemp:Display: Loaded TP Android_MultiTargetPlatform
[2018.01.18-10.04.42:145][  0]LogTemp:Display: Loaded TP Android_PVRTCTargetPlatform
[2018.01.18-10.04.42:184][  0]LogTemp:Display: Loaded TP HTML5TargetPlatform
[2018.01.18-10.04.42:276][  0]LogTemp:Display: Loaded TP IOSTargetPlatform
[2018.01.18-10.04.42:303][  0]LogTemp:Display: Loaded TP TVOSTargetPlatform
[2018.01.18-10.04.42:357][  0]LogTemp:Display: Loaded TP LinuxClientTargetPlatform
[2018.01.18-10.04.42:410][  0]LogTemp:Display: Loaded TP LinuxNoEditorTargetPlatform
[2018.01.18-10.04.42:464][  0]LogTemp:Display: Loaded TP LinuxServerTargetPlatform
[2018.01.18-10.04.42:512][  0]LogTemp:Display: Loaded TP LinuxTargetPlatform
[2018.01.18-10.04.42:512][  0]LogTargetPlatformManager:Display: Building Assets For Windows
[2018.01.18-10.04.43:000][  0]LogDerivedDataCache:Display: Max Cache Size: 512 MB
[2018.01.18-10.04.43:088][  0]LogDerivedDataCache: Loaded boot cache 0.09s 90MB C:/Users/Liuxiang/AppData/Local/UnrealEngine/4.16/DerivedDataCache/Boot.ddc.
[2018.01.18-10.04.43:088][  0]LogDerivedDataCache:Display: Loaded Boot cache: C:/Users/Liuxiang/AppData/Local/UnrealEngine/4.16/DerivedDataCache/Boot.ddc
[2018.01.18-10.04.43:088][  0]LogDerivedDataCache: FDerivedDataBackendGraph:  Pak pak cache file ../../../../../UE4_Project/TEST/BoringMachine/DerivedDataCache/DDC.ddp not found, will not use a pak cache.
[2018.01.18-10.04.43:088][  0]LogDerivedDataCache: Unable to find inner node Pak for hierarchical cache Hierarchy.
[2018.01.18-10.04.43:088][  0]LogDerivedDataCache: FDerivedDataBackendGraph:  CompressedPak pak cache file ../../../../../UE4_Project/TEST/BoringMachine/DerivedDataCache/Compressed.ddp not found, will not use a pak cache.
[2018.01.18-10.04.43:088][  0]LogDerivedDataCache: Unable to find inner node CompressedPak for hierarchical cache Hierarchy.
[2018.01.18-10.04.43:103][  0]LogDerivedDataCache:Display: Pak cache opened for reading ../../../Engine/DerivedDataCache/Compressed.ddp.
[2018.01.18-10.04.43:116][  0]LogDerivedDataCache: Using Local data cache path C:/Users/Liuxiang/AppData/Local/UnrealEngine/Common/DerivedDataCache: Writable
[2018.01.18-10.04.43:127][  0]LogMaterial: Verifying Global Shaders for PCD3D_SM5
[2018.01.18-10.04.43:128][  0]LogSlate: Using Freetype 2.6.0
[2018.01.18-10.04.43:128][  0]LogSlate: SlateFontCache - WITH_FREETYPE: 1, WITH_HARFBUZZ: 1
[2018.01.18-10.04.43:128][  0]LogSlate: SlateFontCache - WITH_FREETYPE: 1, WITH_HARFBUZZ: 1
[2018.01.18-10.04.43:498][  0]LogInit: Selected Device Profile: [Windows]
[2018.01.18-10.04.43:568][  0]LogContentStreaming: Texture pool size is 0.00 MB
[2018.01.18-10.04.43:732][  0]LogMeshUtilities: Using QuadricMeshReduction for automatic static mesh reduction
[2018.01.18-10.04.43:775][  0]LogSimplygon: Simplygon DLL not present - disabling.
[2018.01.18-10.04.43:827][  0]LogMeshUtilities: Using SimplygonSwarm for distributed automatic mesh merging
[2018.01.18-10.04.43:827][  0]LogMeshUtilities: No automatic skeletal mesh reduction module available
[2018.01.18-10.04.43:827][  0]LogMeshUtilities: No automatic mesh merging module available
[2018.01.18-10.04.44:405][  0]LogNetVersion: BoringMachine , NetCL: 3452394, EngineNetVer: 2, GameNetVer: 0 (Checksum: 1412956445)
[2018.01.18-10.04.44:464][  0]LogAssetRegistry: FAssetRegistry took 0.0257 seconds to start up
[2018.01.18-10.04.44:600][  0]LogPackageLocalizationCache: Processed 4 localized package path(s) for 4 prioritized culture(s) in 0.116438 seconds
[2018.01.18-10.04.44:606][  0]LogUObjectArray: 34195 objects as part of root set at end of initial load.
[2018.01.18-10.04.44:606][  0]LogUObjectAllocator: 7260640 out of 0 bytes used by permanent object pool.
[2018.01.18-10.04.44:606][  0]LogUObjectArray: CloseDisregardForGC: 0/0 objects in disregard for GC pool
[2018.01.18-10.04.44:668][  0]LogInit: WinSock: version 1.1 (2.2), MaxSocks=32767, MaxUdp=65467
[2018.01.18-10.04.47:358][  0]LogSubstanceCoreModule: Substance [CPU] Engine Loaded, Max Texture Size = 2048
[2018.01.18-10.04.47:395][  0]LogTcpMessaging: Initializing TcpMessaging bridge
[2018.01.18-10.04.47:437][  0]LogUdpMessaging: Initializing bridge on interface 0.0.0.0:0 to multicast group 230.0.0.1:6666.
[2018.01.18-10.04.48:027][  0]LogMaterial: Uniform references updated for custom material expression Custom.
[2018.01.18-10.04.48:471][  0]SourceControl: 信息 源码控制已禁用
[2018.01.18-10.04.48:475][  0]SourceControl: 信息 源码控制已禁用
[2018.01.18-10.04.48:534][  0]SourceControl: 信息 源码控制已禁用
[2018.01.18-10.04.48:589][  0]SourceControl: 信息 源码控制已禁用
[2018.01.18-10.04.49:380][  0]LogAndroidPermission: UAndroidPermissionCallbackProxy::GetInstance
[2018.01.18-10.04.50:134][  0]LogEngine: Initializing Engine...
[2018.01.18-10.04.50:149][  0]LogHMD: Oculus plugin initialized. Version: 4.16.3-3561208+++UE4+Release-4.16, LibOVR: 1.20.0, SDK: 1.12.0, built Jul 28 2017, 11:57:22
[2018.01.18-10.04.50:371][  0]LogStats: UGameplayTagsManager::ConstructGameplayTagTree: Construct from data asset -  0.000 s
[2018.01.18-10.04.50:371][  0]LogStats: UGameplayTagsManager::ConstructGameplayTagTree: GameplayTagTreeChangedEvent.Broadcast -  0.000 s
[2018.01.18-10.04.50:498][  0]LogAIModule: Creating AISystem for world Untitled
[2018.01.18-10.04.50:518][  0]LogInit: XAudio2 using '扬声器/听筒 (Realtek Audio)' : 6 channels at 48 kHz using 32 bits per sample (channel mask 0x3f)
[2018.01.18-10.04.50:617][  0]LogInit: FAudioDevice initialized.
[2018.01.18-10.04.50:667][  0]LogDerivedDataCache: Saved boot cache 0.05s 90MB C:/Users/Liuxiang/AppData/Local/UnrealEngine/4.16/DerivedDataCache/Boot.ddc.
[2018.01.18-10.04.50:672][  0]LogInit: Texture streaming: Enabled
[2018.01.18-10.04.50:757][  0]LogEngineSessionManager: EngineSessionManager initialized
[2018.01.18-10.04.51:002][  0]LogInit: Transaction tracking system initialized
[2018.01.18-10.04.51:334][  0]BlueprintLog: New page: 编辑器加载
[2018.01.18-10.04.52:332][  0]LocalizationService: 信息 本地化服务已被禁用
[2018.01.18-10.04.53:040][  0]LogConsoleResponse:Display: 
[2018.01.18-10.04.53:192][  0]LogCook:Display: Max memory allowance for cook 16384mb min free memory 0mb
[2018.01.18-10.04.53:192][  0]LogCook:Display: Mobile HDR setting 1
[2018.01.18-10.04.54:275][  0]LogFileCache: Scanning file cache for directory 'D:/UE4_Project/TEST/BoringMachine/Content/' took 0.02s
[2018.01.18-10.04.54:321][  0]SourceControl: 信息 源码控制已禁用
[2018.01.18-10.04.54:321][  0]Cmd: MAP LOAD FILE="../../../Engine/Content/Maps/Templates/Template_Default.umap" TEMPLATE=1 SHOWPROGRESS=1 FEATURELEVEL=3
[2018.01.18-10.04.54:322][  0]LightingResults: New page: 光照构建
[2018.01.18-10.04.54:365][  0]MapCheck: New page: 地图检测
[2018.01.18-10.04.54:365][  0]LightingResults: New page: 光照构建
[2018.01.18-10.04.54:409][  0]LogLinker:Warning: 无法寻找到文件'/Game/TRT/FYTRT_1102/M/lambert58'
[2018.01.18-10.04.54:409][  0]LogLinker:Warning: 无法在加载../../../Engine/Content/EngineSky/BP_Sky_Sphere.uasset时寻找到资源'/Game/TRT/FYTRT_1102/M/lambert58'的文件。
[2018.01.18-10.04.54:409][  0]LoadErrors:Error: 错误 /Engine/EngineSky/BP_Sky_Sphere : 无法寻找到资源的文件。 /Game/TRT/FYTRT_1102/M/lambert58
[2018.01.18-10.04.54:411][  0]LogLinker:Warning: 无法寻找到文件'/Game/TRT/FYTRT_1102/M/lambert58'
[2018.01.18-10.04.54:411][  0]LogLinker:Warning: 无法在加载../../../Engine/Content/EngineSky/BP_Sky_Sphere.uasset时寻找到资源'/Game/TRT/FYTRT_1102/M/lambert58'的文件。
[2018.01.18-10.04.54:411][  0]LoadErrors:Error: 错误 /Engine/EngineSky/BP_Sky_Sphere : 无法寻找到资源的文件。 /Game/TRT/FYTRT_1102/M/lambert58
[2018.01.18-10.04.54:419][  0]LogLinker:Warning: 无法寻找到文件'/Game/TRT/FYTRT_1102/M/lambert58'
[2018.01.18-10.04.54:419][  0]LogLinker:Warning: 无法在加载../../../Engine/Content/Maps/Templates/Template_Default.umap时寻找到资源'/Game/TRT/FYTRT_1102/M/lambert58'的文件。
[2018.01.18-10.04.54:419][  0]LoadErrors:Error: 错误 /Engine/Maps/Templates/Template_Default : 无法寻找到资源的文件。 /Game/TRT/FYTRT_1102/M/lambert58
[2018.01.18-10.04.54:419][  0]LogLinker:Warning: 无法寻找到文件'/Game/TRT/FYTRT_1102/M/lambert58'
[2018.01.18-10.04.54:419][  0]LogLinker:Warning: 无法在加载../../../Engine/Content/Maps/Templates/Template_Default.umap时寻找到资源'/Game/TRT/FYTRT_1102/M/lambert58'的文件。
[2018.01.18-10.04.54:419][  0]LoadErrors:Error: 错误 /Engine/Maps/Templates/Template_Default : 无法寻找到资源的文件。 /Game/TRT/FYTRT_1102/M/lambert58
[2018.01.18-10.04.54:428][  0]LogLinker:Warning: 无法寻找到文件'/Game/TRT/FYTRT_1102/M/lambert58'
[2018.01.18-10.04.54:428][  0]LoadErrors: 信息 加载失败 /Game/TRT/FYTRT_1102/M/lambert58.lambert58 引用者 StaticMeshComponent_12
[2018.01.18-10.04.54:429][  0]LogLinker:Warning: 无法在加载../../../Engine/Content/Maps/Templates/Template_Default.umap时寻找到资源'/Game/TRT/FYTRT_1102/M/lambert58'的文件。
[2018.01.18-10.04.54:429][  0]LoadErrors: 信息 加载失败 /Game/TRT/FYTRT_1102/M/lambert58.lambert58 引用者 StaticMeshComponent_12
[2018.01.18-10.04.54:429][  0]LoadErrors:Error: 错误 /Engine/Maps/Templates/Template_Default : 无法寻找到资源的文件。 /Game/TRT/FYTRT_1102/M/lambert58
[2018.01.18-10.04.54:532][  0]LogAIModule: Creating AISystem for world Untitled_1
[2018.01.18-10.04.54:533][  0]LogActorComponent: RegisterComponentWithWorld: (/Temp/Untitled_1.Untitled_1:PersistentLevel.WorldSettings_1.StaticMeshComponent0) Trying to register component with IsPendingKill() == true. Aborting.
[2018.01.18-10.04.54:538][  0]LogEditorServer: Finished looking for orphan Actors (0.000 secs)
[2018.01.18-10.04.54:552][  0]Cmd: MAP CHECKDEP NOCLEARLOG
[2018.01.18-10.04.54:612][  0]MapCheck: 信息 地图检测完成：0个错误，0 个警告，用时59.251毫秒完成。
[2018.01.18-10.04.54:612][  0]LogFileHelpers: Loading map 'Template_Default' took 0.290
[2018.01.18-10.04.54:708][  0]LogWindowsTextInputMethodSystem:Display: IME system now activated using TSF (搜狗拼音输入法).
[2018.01.18-10.04.54:831][  0]LogCollectionManager: Loaded 0 collections in 0.001205 seconds
[2018.01.18-10.04.54:927][  0]LogFileCache: Scanning file cache for directory 'D:/UE4_Project/TEST/BoringMachine/Saved/Collections/' took 0.01s
[2018.01.18-10.04.54:927][  0]LogFileCache: Scanning file cache for directory 'D:/UE4_Project/TEST/BoringMachine/Content/Developers/Liuxiang/Collections/' took 0.01s
[2018.01.18-10.04.54:927][  0]LogFileCache: Scanning file cache for directory 'D:/UE4_Project/TEST/BoringMachine/Content/Collections/' took 0.01s
[2018.01.18-10.04.54:927][  0]LogCollectionManager: Rebuilt the GUID cache for 0 collections in 0.000002 seconds
[2018.01.18-10.04.54:939][  0]LogContentBrowser: Native class hierarchy populated in 0.0101 seconds. Added 2343 classes and 497 folders.
[2018.01.18-10.04.55:013][  0]LogContentBrowser: Native class hierarchy updated for 'WidgetCarousel' in 0.0007 seconds. Added 0 classes and 0 folders.
[2018.01.18-10.04.55:231][  0]LogContentBrowser: Native class hierarchy updated for 'AddContentDialog' in 0.0007 seconds. Added 0 classes and 0 folders.
[2018.01.18-10.04.55:285][  0]LogContentBrowser: Native class hierarchy updated for 'SceneOutliner' in 0.0007 seconds. Added 1 classes and 2 folders.
[2018.01.18-10.04.55:356][  0]LogCrashTracker: Crashtracker disabled due to settings.
[2018.01.18-10.04.55:364][  0]LogSlate: Took 0.000294 seconds to synchronously load lazily loaded font '../../../Engine/Content/Slate/Fonts/Roboto-Regular.ttf' (155K)
[2018.01.18-10.04.55:369][  0]LogSlate: Took 0.003175 seconds to synchronously load lazily loaded font '../../../Engine/Content/Slate/Fonts/DroidSansFallback.ttf' (3848K)
[2018.01.18-10.04.55:370][  0]LogSlate: Took 0.000314 seconds to synchronously load lazily loaded font '../../../Engine/Content/Slate/Fonts/Roboto-Bold.ttf' (160K)
[2018.01.18-10.04.55:382][  0]LogSlate: Took 0.003667 seconds to synchronously load lazily loaded font '../../../Engine/Content/Editor/Slate/Fonts/FontAwesome.ttf' (139K)
[2018.01.18-10.04.55:507][  0]LogRenderer: Reallocating scene render targets to support 1216x564 NumSamples 1 (Frame:1).
[2018.01.18-10.04.55:634][  0]LogUObjectGlobals:Warning: 寻找对象'Class 无.'失败
[2018.01.18-10.04.55:702][  0]LogContentBrowser: Native class hierarchy updated for 'HierarchicalLODOutliner' in 0.0008 seconds. Added 1 classes and 2 folders.
[2018.01.18-10.04.55:702][  0]LogLoad: (Engine Initialization) Total time: 19.77 seconds
[2018.01.18-10.04.55:702][  0]LogLoad: (Engine Initialization) Total Blueprint compile time: 0.08 seconds
[2018.01.18-10.04.55:702][  0]LogExternalProfiler: Found external profiler: VSPerf
[2018.01.18-10.04.55:703][  0]LogExternalProfiler: Using external profiler: VSPerf
[2018.01.18-10.04.55:723][  0]LogOcInput: OculusInput pre-init called
[2018.01.18-10.04.55:740][  0]LogOcInput: OculusInput is initialized. Init status 0. Runtime version: 1.20.0
[2018.01.18-10.04.55:740][  0]LogHMD: Starting GearVRController plugin
[2018.01.18-10.04.55:762][  0]LogContentStreaming: Texture pool size now 1000 MB
[2018.01.18-10.04.55:834][  0]LogSlate: Took 0.003584 seconds to synchronously load lazily loaded font '../../../Engine/Content/Slate/Fonts/Roboto-Light.ttf' (159K)
[2018.01.18-10.04.55:866][  1]LogAssetRegistry: Asset discovery search completed in 11.4235 seconds
[2018.01.18-10.04.55:867][  1]LogCollectionManager: Rebuilt the object cache for 0 collections in 0.000000 seconds (found 0 objects)
[2018.01.18-10.04.55:867][  1]LogCollectionManager: Fixed up redirectors for 0 collections in 0.000024 seconds (updated 0 objects)
[2018.01.18-10.05.04:918][542]LogSlate: Took 0.000208 seconds to synchronously load lazily loaded font '../../../Engine/Content/Slate/Fonts/Roboto-Light.ttf' (159K)
[2018.01.18-10.05.05:324][542]LogAIModule: Creating AISystem for world 02
[2018.01.18-10.05.05:351][542]Cmd: MAP LOAD FILE="../../../../../UE4_Project/TEST/BoringMachine/Content/My/MAP/02.umap" TEMPLATE=0 SHOWPROGRESS=1 FEATURELEVEL=3
[2018.01.18-10.05.05:351][542]LightingResults: New page: 光照构建
[2018.01.18-10.05.05:352][542]LoadErrors: New page: 正在加载地图： 02.umap
[2018.01.18-10.05.05:352][542]MapCheck: New page: 地图检测
[2018.01.18-10.05.05:352][542]LightingResults: New page: 光照构建
[2018.01.18-10.05.05:373][542]LogEditorServer: Finished looking for orphan Actors (0.000 secs)
[2018.01.18-10.05.05:404][542]Cmd: MAP CHECKDEP NOCLEARLOG
[2018.01.18-10.05.05:476][542]MapCheck: 信息 地图检测完成：0个错误，0 个警告，用时71.869毫秒完成。
[2018.01.18-10.05.05:476][542]LogFileHelpers: Loading map '02' took 0.126
[2018.01.18-10.05.38:539][515]LogNavigationPoint: PostEditMove Clear paths rebuilt
[2018.01.18-10.05.42:940][777]LogNavigationPoint: PostEditMove Clear paths rebuilt
[2018.01.18-10.05.43:751][825]LogNavigationPoint: PostEditMove Clear paths rebuilt
[2018.01.18-10.05.45:645][938]LogNavigationPoint: PostEditMove Clear paths rebuilt
[2018.01.18-10.05.49:511][168]LogNavigationPoint: PostEditMove Clear paths rebuilt
[2018.01.18-10.05.51:854][308]LogNavigationPoint: PostEditMove Clear paths rebuilt
[2018.01.18-10.05.53:491][405]LogNavigationPoint: PostEditMove Clear paths rebuilt
[2018.01.18-10.07.35:241][507]LogHttp:Warning: 0000010F10DD1780: request failed, libcurl error: 35 (SSL connect error)
[2018.01.18-10.07.35:241][507]LogHttp:Warning: 0000010F10DD1780: libcurl info message cache 0 (Found bundle for host datarouter.ol.epicgames.com: 0x10f48db7fe8 [can pipeline])
[2018.01.18-10.07.35:241][507]LogHttp:Warning: 0000010F10DD1780: libcurl info message cache 1 (Re-using existing connection! (#0) with proxy 127.0.0.1)
[2018.01.18-10.07.35:241][507]LogHttp:Warning: 0000010F10DD1780: libcurl info message cache 2 (Connected to 127.0.0.1 (127.0.0.1) port 60034 (#0))
[2018.01.18-10.07.35:241][507]LogHttp:Warning: 0000010F10DD1780: libcurl info message cache 3 (upload completely sent off: 715 out of 715 bytes)
[2018.01.18-10.07.35:241][507]LogHttp:Warning: 0000010F10DD1780: libcurl info message cache 4 (Connection died, retrying a fresh connect)
[2018.01.18-10.07.35:241][507]LogHttp:Warning: 0000010F10DD1780: libcurl info message cache 5 (Closing connection 0)
[2018.01.18-10.07.35:241][507]LogHttp:Warning: 0000010F10DD1780: libcurl info message cache 6 (TLSv1.2 (OUT), TLS alert, Client hello (1):)
[2018.01.18-10.07.35:241][507]LogHttp:Warning: 0000010F10DD1780: libcurl info message cache 7 (Issue another request to this URL: 'https://datarouter.ol.epicgames.com/datarouter/api/v1/public/data?SessionID=%7BD3EE7968-4C37-7A56-3C89-D9A2A15CF883%7D&AppID=UEEditor.Rocket.Release&AppVersion=4.16.3-3561208%2B%2B%2BUE4%2BRelease-4.16&UserID=ff1163694f33f79656fd72a56a9dd0c2%7C9b78482a5632474b97854dec7515c72e%7C457b8a5b-5b52-4830-b230-b39bec575c9b&AppEnvironment=datacollector-binary&UploadType=eteventstream')
[2018.01.18-10.07.35:241][507]LogHttp:Warning: 0000010F10DD1780: libcurl info message cache 8 (  Trying 127.0.0.1...)
[2018.01.18-10.07.35:241][507]LogHttp:Warning: 0000010F10DD1780: libcurl info message cache 9 (Connected to 127.0.0.1 (127.0.0.1) port 60034 (#1))
[2018.01.18-10.07.35:241][507]LogHttp:Warning: 0000010F10DD1780: libcurl info message cache 10 (Establish HTTP proxy tunnel to datarouter.ol.epicgames.com:443)
[2018.01.18-10.07.35:241][507]LogHttp:Warning: 0000010F10DD1780: libcurl info message cache 11 (Proxy replied OK to CONNECT request)
[2018.01.18-10.07.35:241][507]LogHttp:Warning: 0000010F10DD1780: libcurl info message cache 12 (ALPN, offering http/1.1)
[2018.01.18-10.07.35:241][507]LogHttp:Warning: 0000010F10DD1780: libcurl info message cache 13 (Cipher selection: ALL:!EXPORT:!EXPORT40:!EXPORT56:!aNULL:!LOW:!RC4:@STRENGTH)
[2018.01.18-10.07.35:241][507]LogHttp:Warning: 0000010F10DD1780: libcurl info message cache 14 (SSL re-using session ID)
[2018.01.18-10.07.35:241][507]LogHttp:Warning: 0000010F10DD1780: libcurl info message cache 15 (TLSv1.2 (OUT), TLS handshake, Client hello (1):)
[2018.01.18-10.07.35:241][507]LogHttp:Warning: 0000010F10DD1780: libcurl info message cache 16 (Unknown SSL protocol error in connection to datarouter.ol.epicgames.com:443 )
[2018.01.18-10.07.35:241][507]LogHttp:Warning: 0000010F10DD1780: libcurl info message cache 17 (Closing connection 1)
[2018.01.18-10.14.56:050][950]LogSlate: Took 0.000256 seconds to synchronously load lazily loaded font '../../../Engine/Content/Slate/Fonts/Roboto-Light.ttf' (159K)
[2018.01.18-10.15.05:076][488]Cmd: OBJ SAVEPACKAGE PACKAGE="/Game/My/MAP/02" FILE="../../../../../UE4_Project/TEST/BoringMachine/Saved/Autosaves/Game/My/MAP/02_Auto1.umap" SILENT=true AUTOSAVING=true KEEPDIRTY=false
[2018.01.18-10.15.05:228][488]LogSavePackage: Save=145.61ms
[2018.01.18-10.15.05:228][488]LogSavePackage: Moving '../../../../../UE4_Project/TEST/BoringMachine/Saved/02_Auto17B35E62648FCC1A5A33A5F9EF920F901.tmp' to '../../../../../UE4_Project/TEST/BoringMachine/Saved/Autosaves/Game/My/MAP/02_Auto1.umap'
[2018.01.18-10.15.05:231][488]LogSavePackage:Display: Finished SavePackage ../../../../../UE4_Project/TEST/BoringMachine/Saved/Autosaves/Game/My/MAP/02_Auto1.umap
[2018.01.18-10.15.05:233][488]LogFileHelpers: Editor autosave (incl. sublevels) for '/Game/My/MAP/02' took 0.174
[2018.01.18-10.15.05:233][488]LogFileHelpers: Editor autosave (incl. sublevels) for all levels took 0.174
[2018.01.18-10.16.00:525][805]Cmd: DELETE
[2018.01.18-10.16.00:525][805]Cmd: ACTOR DELETE
[2018.01.18-10.16.00:527][805]LogEditorActor: Deleted Actor: PlayerStart
[2018.01.18-10.16.00:541][805]LogEditorActor: Deleted 1 Actors (0.015 secs)
[2018.01.18-10.16.16:468][759]LogNavigationPoint: PostEditMove Clear paths rebuilt
[2018.01.18-10.16.17:931][846]LogNavigationPoint: PostEditMove Clear paths rebuilt
[2018.01.18-10.16.18:812][898]LogNavigationPoint: PostEditMove Clear paths rebuilt
[2018.01.18-10.16.19:641][947]LogNavigationPoint: PostEditMove Clear paths rebuilt
[2018.01.18-10.16.20:219][981]LogNavigationPoint: PostEditMove Clear paths rebuilt
[2018.01.18-10.16.21:522][ 58]LogTemp: Repeting last play command: 选中的视口
[2018.01.18-10.16.22:484][ 58]LogPlayLevel: PlayLevel: No blueprints needed recompiling
[2018.01.18-10.16.22:485][ 58]PIE: New page: PIE会话: 02 (2018年1月19日 上午2:16:22)
[2018.01.18-10.16.22:485][ 58]LogPlayLevel: Creating play world package: /Game/My/MAP/UEDPIE_0_02
[2018.01.18-10.16.22:491][ 58]LogPlayLevel: PIE: StaticDuplicateObject took: (0.006145s)
[2018.01.18-10.16.22:492][ 58]LogAIModule: Creating AISystem for world 02
[2018.01.18-10.16.22:492][ 58]LogPlayLevel: PIE: World Init took: (0.000659s)
[2018.01.18-10.16.22:492][ 58]LogPlayLevel: PIE: Created PIE world by copying editor world from /Game/My/MAP/02.02 to /Game/My/MAP/UEDPIE_0_02.02 (0.007005s)
[2018.01.18-10.16.22:517][ 58]LogInit: XAudio2 using '扬声器/听筒 (Realtek Audio)' : 6 channels at 48 kHz using 32 bits per sample (channel mask 0x3f)
[2018.01.18-10.16.22:608][ 58]LogInit: FAudioDevice initialized.
[2018.01.18-10.16.22:656][ 58]LogLoad: Game class is 'GameModeBase'
[2018.01.18-10.16.22:662][ 58]LogWorld: Bringing World /Game/My/MAP/UEDPIE_0_02.02 up for play (max tick rate 60) at 2018.01.18-18.16.22
[2018.01.18-10.16.22:663][ 58]LogWorld: Bringing up level for play took: 0.003159
[2018.01.18-10.16.22:711][ 58]LogContentBrowser: Native class hierarchy updated for 'MovieSceneCapture' in 0.0010 seconds. Added 11 classes and 0 folders.
[2018.01.18-10.16.22:712][ 58]PIE: 信息 /Game/My/MAP/UEDPIE_0_02的‘在编辑器中播放’的起始时间0.035
[2018.01.18-10.16.32:530][641]LogEditorViewport: Clicking on Actor (LMB): StaticMeshActor (20180114_dimian_001)
[2018.01.18-10.16.38:397][954]LogRenderer: Reallocating scene render targets to support 1216x788 NumSamples 1 (Frame:1).
[2018.01.18-10.16.43:809][247]LogRenderer: Reallocating scene render targets to support 1216x808 NumSamples 1 (Frame:297).
[2018.01.18-10.16.43:868][247]LogRenderer: Reallocating scene render targets to support 1216x848 NumSamples 1 (Frame:298).
[2018.01.18-10.16.43:928][247]LogRenderer: Reallocating scene render targets to support 1236x884 NumSamples 1 (Frame:299).
[2018.01.18-10.16.43:984][247]LogRenderer: Reallocating scene render targets to support 1272x892 NumSamples 1 (Frame:300).
[2018.01.18-10.16.44:039][247]LogRenderer: Reallocating scene render targets to support 1280x892 NumSamples 1 (Frame:301).
[2018.01.18-10.16.44:093][247]LogRenderer: Reallocating scene render targets to support 1284x892 NumSamples 1 (Frame:302).
[2018.01.18-10.16.44:242][247]LogRenderer: Reallocating scene render targets to support 1296x892 NumSamples 1 (Frame:304).
[2018.01.18-10.16.44:296][247]LogRenderer: Reallocating scene render targets to support 1304x892 NumSamples 1 (Frame:305).
[2018.01.18-10.16.44:472][247]LogRenderer: Reallocating scene render targets to support 1304x904 NumSamples 1 (Frame:307).
[2018.01.18-10.18.00:717][729]LogEditorViewport: Clicking on Actor (LMB): StaticMeshActor (20180114_jiazi_001)
[2018.01.18-10.18.38:329][941]Cmd: OBJ SAVEPACKAGE PACKAGE="/Game/My/MESH/20180114_jiazi_001" FILE="../../../../../UE4_Project/TEST/BoringMachine/Content/My/MESH/20180114_jiazi_001.uasset" SILENT=true
[2018.01.18-10.18.38:348][941]LogSavePackage: Save=12.91ms
[2018.01.18-10.18.38:348][941]LogSavePackage: Moving '../../../../../UE4_Project/TEST/BoringMachine/Saved/20180114_jiazi_001493E3EC34364B4068F74F49A158B5CD9.tmp' to '../../../../../UE4_Project/TEST/BoringMachine/Content/My/MESH/20180114_jiazi_001.uasset'
[2018.01.18-10.18.38:352][941]LogSavePackage:Display: Finished SavePackage ../../../../../UE4_Project/TEST/BoringMachine/Content/My/MESH/20180114_jiazi_001.uasset
[2018.01.18-10.18.44:320][290]Cmd: CAMERA ALIGN ACTIVEVIEWPORTONLY
[2018.01.18-10.18.46:008][390]Cmd: CAMERA ALIGN ACTIVEVIEWPORTONLY
[2018.01.18-10.18.49:534][601]LogEditorViewport: Clicking on Actor (LMB): PlayerStart (PlayerStart)
[2018.01.18-10.18.50:764][673]Cmd: DELETE
[2018.01.18-10.18.50:764][673]Cmd: ACTOR DELETE
[2018.01.18-10.18.50:765][673]LogEditorActor: Deleted Actor: PlayerStart
[2018.01.18-10.18.50:779][673]LogEditorActor: Deleted 1 Actors (0.014 secs)
[2018.01.18-10.18.51:635][725]LogTemp: Repeting last play command: 选中的视口
[2018.01.18-10.18.51:647][725]LogPlayLevel: PlayLevel: No blueprints needed recompiling
[2018.01.18-10.18.51:647][725]PIE: New page: PIE会话: 02 (2018年1月19日 上午2:18:51)
[2018.01.18-10.18.51:647][725]LogPlayLevel: Creating play world package: /Game/My/MAP/UEDPIE_0_02
[2018.01.18-10.18.51:654][725]LogPlayLevel: PIE: StaticDuplicateObject took: (0.006695s)
[2018.01.18-10.18.51:654][725]LogAIModule: Creating AISystem for world 02
[2018.01.18-10.18.51:654][725]LogPlayLevel: PIE: World Init took: (0.000645s)
[2018.01.18-10.18.51:654][725]LogPlayLevel: PIE: Created PIE world by copying editor world from /Game/My/MAP/02.02 to /Game/My/MAP/UEDPIE_0_02.02 (0.007567s)
[2018.01.18-10.18.51:676][725]LogInit: XAudio2 using '扬声器/听筒 (Realtek Audio)' : 6 channels at 48 kHz using 32 bits per sample (channel mask 0x3f)
[2018.01.18-10.18.51:769][725]LogInit: FAudioDevice initialized.
[2018.01.18-10.18.51:799][725]LogLoad: Game class is 'GameModeBase'
[2018.01.18-10.18.51:803][725]LogWorld: Bringing World /Game/My/MAP/UEDPIE_0_02.02 up for play (max tick rate 60) at 2018.01.18-18.18.51
[2018.01.18-10.18.51:804][725]LogWorld: Bringing up level for play took: 0.003030
[2018.01.18-10.18.51:805][725]PIE: 信息 /Game/My/MAP/UEDPIE_0_02的‘在编辑器中播放’的起始时间1.127
[2018.01.18-10.25.40:850][254]Cmd: OBJ SAVEPACKAGE PACKAGE="/Game/My/MAP/02" FILE="../../../../../UE4_Project/TEST/BoringMachine/Saved/Autosaves/Game/My/MAP/02_Auto2.umap" SILENT=true AUTOSAVING=true KEEPDIRTY=false
[2018.01.18-10.25.41:007][254]LogSavePackage: Save=152.44ms
[2018.01.18-10.25.41:007][254]LogSavePackage: Moving '../../../../../UE4_Project/TEST/BoringMachine/Saved/02_Auto2BF5E3E064C6A7AF702635A9EB2851FCA.tmp' to '../../../../../UE4_Project/TEST/BoringMachine/Saved/Autosaves/Game/My/MAP/02_Auto2.umap'
[2018.01.18-10.25.41:009][254]LogSavePackage:Display: Finished SavePackage ../../../../../UE4_Project/TEST/BoringMachine/Saved/Autosaves/Game/My/MAP/02_Auto2.umap
[2018.01.18-10.25.41:011][254]LogFileHelpers: Editor autosave (incl. sublevels) for '/Game/My/MAP/02' took 0.176
[2018.01.18-10.25.41:011][254]LogFileHelpers: Editor autosave (incl. sublevels) for all levels took 0.176
[2018.01.18-10.25.41:014][254]OBJ SavePackage: Generating thumbnails for [1] asset(s) in package [/Game/My/MESH/20180114_dimian_001] ([1] browsable assets)...
[2018.01.18-10.25.41:026][254]OBJ SavePackage:     Rendered thumbnail for [StaticMesh /Game/My/MESH/20180114_dimian_001.20180114_dimian_001]
[2018.01.18-10.25.41:026][254]OBJ SavePackage: Finished generating thumbnails for package [/Game/My/MESH/20180114_dimian_001]
[2018.01.18-10.25.41:044][254]LogSavePackage: Save=12.27ms
[2018.01.18-10.25.41:044][254]LogSavePackage: Moving '../../../../../UE4_Project/TEST/BoringMachine/Saved/20180114_dimian_001_Auto22600BC854A901F011A7DEB96DD63705A.tmp' to '../../../../../UE4_Project/TEST/BoringMachine/Saved/Autosaves/Game/My/MESH/20180114_dimian_001_Auto2.uasset'
[2018.01.18-10.25.41:045][254]LogSavePackage:Display: Finished SavePackage ../../../../../UE4_Project/TEST/BoringMachine/Saved/Autosaves/Game/My/MESH/20180114_dimian_001_Auto2.uasset
[2018.01.18-10.25.41:045][254]LogFileHelpers: Auto-saving content packages took 0.033
[2018.01.18-13.48.48:940][  1]LogWindowsTextInputMethodSystem:Display: IME system now deactivated.
[2018.01.18-13.48.48:940][  1]LogWindowsTextInputMethodSystem:Display: IME system now deactivated.
[2018.01.18-13.49.42:930][239]LogEditorViewport: Clicking on Actor (LMB): StaticMeshActor (20180114_dimian_2)
[2018.01.18-13.49.48:175][550]Cmd: TRANSACTION UNDO
[2018.01.18-13.49.48:175][550]LogEditorTransaction: Undo 设置actor位置
[2018.01.18-13.50.04:986][556]LogEditorViewport: Clicking on Actor (LMB): StaticMeshActor (20180114_dimian_001)
[2018.01.18-13.50.10:742][898]LogEditorViewport: Clicking Background
[2018.01.18-13.51.32:244][234]LogEditorViewport: Clicking on Actor (LMB): PointLight (PointLight)
[2018.01.18-13.51.33:785][324]LogEditorViewport: Clicking on Actor (LMB): PointLight (PointLight11)
[2018.01.18-13.51.35:607][431]Cmd: DELETE
[2018.01.18-13.51.35:607][431]Cmd: ACTOR DELETE
[2018.01.18-13.51.35:608][431]LogEditorActor: Deleted Actor: PointLight
[2018.01.18-13.51.35:617][431]LogEditorActor: Deleted 1 Actors (0.009 secs)
[2018.01.18-13.51.36:342][475]LogEditorViewport: Clicking on Actor (LMB): PointLight (PointLight)
[2018.01.18-13.51.36:845][503]Cmd: DELETE
[2018.01.18-13.51.36:845][503]Cmd: ACTOR DELETE
[2018.01.18-13.51.36:846][503]LogEditorActor: Deleted Actor: PointLight
[2018.01.18-13.51.36:857][503]LogEditorActor: Deleted 1 Actors (0.011 secs)
[2018.01.18-13.51.43:473][900]Cmd: TRANSACTION UNDO
[2018.01.18-13.51.43:473][900]LogEditorTransaction: Undo 删除Actor
[2018.01.18-13.52.03:019][ 63]LogEditorViewport: Clicking on Actor (LMB): SpotLight (SpotLight3)
[2018.01.18-13.52.44:809][313]LogEditorViewport: Clicking on Actor (LMB): PointLight (PointLight)
[2018.01.18-13.53.52:360][950]Cmd: OBJ SAVEPACKAGE PACKAGE="/Game/My/MAP/02" FILE="../../../../../UE4_Project/TEST/BoringMachine/Saved/Autosaves/Game/My/MAP/02_Auto3.umap" SILENT=true AUTOSAVING=true KEEPDIRTY=false
[2018.01.18-13.53.52:529][950]LogSavePackage: Save=161.45ms
[2018.01.18-13.53.52:529][950]LogSavePackage: Moving '../../../../../UE4_Project/TEST/BoringMachine/Saved/02_Auto3A30DE5FC454981073CA99D871F0DCA39.tmp' to '../../../../../UE4_Project/TEST/BoringMachine/Saved/Autosaves/Game/My/MAP/02_Auto3.umap'
[2018.01.18-13.53.52:531][950]LogSavePackage:Display: Finished SavePackage ../../../../../UE4_Project/TEST/BoringMachine/Saved/Autosaves/Game/My/MAP/02_Auto3.umap
[2018.01.18-13.53.52:533][950]LogFileHelpers: Editor autosave (incl. sublevels) for '/Game/My/MAP/02' took 0.188
[2018.01.18-13.53.52:533][950]LogFileHelpers: Editor autosave (incl. sublevels) for all levels took 0.188
[2018.01.18-14.40.08:360][278]LogWindowsTextInputMethodSystem:Display: IME system now deactivated.
[2018.01.18-14.40.08:369][278]LogWindowsTextInputMethodSystem:Display: IME system now activated using TSF (搜狗拼音输入法).
[2018.01.18-14.40.12:094][500]LogEditorViewport: Clicking on Actor (LMB): StaticMeshActor (20180114_jiazi_001)
[2018.01.18-14.40.14:760][643]LogMaterial: Missing cached shader map for material M_Metal_Steel, compiling. 
[2018.01.18-14.40.14:891][643]LogMaterial: Missing cached shader map for material M_Metal_Steel, compiling. 
[2018.01.18-14.40.14:908][643]LogMaterial: Missing cached shader map for material M_Metal_Steel, compiling. 
[2018.01.18-14.40.14:951][643]LogMaterial: Missing cached shader map for material FMatExpressionPreview MaterialExpressionTextureSample_79, compiling. 
[2018.01.18-14.40.14:956][643]LogMaterial: Missing cached shader map for material FMatExpressionPreview MaterialExpressionTextureSample_78, compiling. 
[2018.01.18-14.40.14:960][643]LogMaterial: Missing cached shader map for material FMatExpressionPreview MaterialExpressionTextureSample_81, compiling. 
[2018.01.18-14.40.14:966][643]LogMaterial: Missing cached shader map for material FMatExpressionPreview MaterialExpressionTextureSample_82, compiling. 
[2018.01.18-14.40.14:970][643]LogMaterial: Missing cached shader map for material FMatExpressionPreview MaterialExpressionTextureSample_83, compiling. 
[2018.01.18-14.40.14:975][643]LogMaterial: Missing cached shader map for material FMatExpressionPreview MaterialExpressionConstant3Vector_27, compiling. 
[2018.01.18-14.40.14:992][643]LogSlate: Took 0.002833 seconds to synchronously load lazily loaded font '../../../Engine/Content/Editor/Slate/Fonts/Roboto-BoldCondensed.ttf' (158K)
[2018.01.18-14.40.16:851][727]MaterialEditorStats: 信息 Base pass shader: 105 instructions
[2018.01.18-14.40.16:851][727]MaterialEditorStats: 信息 Vertex shader: 31 instructions
[2018.01.18-14.40.16:851][727]MaterialEditorStats: 信息 Texture samplers: 6/16
[2018.01.18-14.40.16:851][727]MaterialEditorStats: 信息 User interpolators: 2/4 Scalars (1/4 Vectors) (TexCoords: 2, Custom: 0)
[2018.01.18-14.40.38:171][365]LogEditorViewport: Clicking on Actor (LMB): StaticMeshActor (20180114_plane_11)
[2018.01.18-16.13.42:560][234]Cmd: OBJ SAVEPACKAGE PACKAGE="/Game/My/MAP/02" FILE="../../../../../UE4_Project/TEST/BoringMachine/Content/My/MAP/02.umap" SILENT=true AUTOSAVING=false KEEPDIRTY=false
[2018.01.18-16.13.42:743][234]LogSavePackage: Save=165.28ms
[2018.01.18-16.13.42:743][234]LogSavePackage: Moving '../../../../../UE4_Project/TEST/BoringMachine/Saved/02BDF065F74053A3A87FE613B399F6FA5C.tmp' to '../../../../../UE4_Project/TEST/BoringMachine/Content/My/MAP/02.umap'
[2018.01.18-16.13.42:746][234]LogSavePackage:Display: Finished SavePackage ../../../../../UE4_Project/TEST/BoringMachine/Content/My/MAP/02.umap
[2018.01.18-16.13.42:761][234]LogFileHelpers: Saving map '02' took 0.775
[2018.01.18-16.13.42:762][234]Cmd: OBJ SAVEPACKAGE PACKAGE="/Game/My/MESH/20180114_dimian_001" FILE="../../../../../UE4_Project/TEST/BoringMachine/Content/My/MESH/20180114_dimian_001.uasset" SILENT=true
[2018.01.18-16.13.42:771][234]LogSavePackage: Save=3.67ms
[2018.01.18-16.13.42:771][234]LogSavePackage: Moving '../../../../../UE4_Project/TEST/BoringMachine/Saved/20180114_dimian_00145AABCC4482AA51E265DB98D1A0F2F71.tmp' to '../../../../../UE4_Project/TEST/BoringMachine/Content/My/MESH/20180114_dimian_001.uasset'
[2018.01.18-16.13.42:774][234]LogSavePackage:Display: Finished SavePackage ../../../../../UE4_Project/TEST/BoringMachine/Content/My/MESH/20180114_dimian_001.uasset
[2018.01.18-16.13.43:024][235]Cmd: QUIT_EDITOR
[2018.01.18-16.13.43:064][235]LogWindowsTextInputMethodSystem:Display: IME system now activated using TSF (搜狗拼音输入法).
[2018.01.18-16.13.43:073][235]LogExit: Preparing to exit.
[2018.01.18-16.13.43:958][235]LogDirectoryWatcher: A directory notification for 'D:/UE4_Project/TEST/BoringMachine/Content/' was aborted.
[2018.01.18-16.13.43:975][235]LogExit: Editor shut down
[2018.01.18-16.13.43:978][235]LogExit: Transaction tracking system shut down
[2018.01.18-16.13.44:033][235]LogObj: Freed 0b from 0 cluster array pools.
[2018.01.18-16.13.44:033][235]LogExit: Object subsystem successfully closed.
[2018.01.18-16.13.44:055][235]LogD3D11RHI: Shutdown
[2018.01.18-16.13.44:055][235]LogD3D11RHI: CleanupD3DDevice
[2018.01.18-16.13.44:174][235]LogD3D11RHI: ~FD3D11DynamicRHI
[2018.01.18-16.13.44:184][235]LogModuleManager: Shutting down and abandoning module MaterialEditor (534)
[2018.01.18-16.13.44:184][235]LogModuleManager: Shutting down and abandoning module StaticMeshEditor (532)
[2018.01.18-16.13.44:184][235]LogModuleManager: Shutting down and abandoning module MovieSceneCapture (530)
[2018.01.18-16.13.44:184][235]LogModuleManager: Shutting down and abandoning module HierarchicalLODOutliner (528)
[2018.01.18-16.13.44:184][235]LogModuleManager: Shutting down and abandoning module CrashTracker (526)
[2018.01.18-16.13.44:184][235]LogModuleManager: Shutting down and abandoning module SceneOutliner (524)
[2018.01.18-16.13.44:184][235]LogModuleManager: Shutting down and abandoning module AddContentDialog (522)
[2018.01.18-16.13.44:184][235]LogDirectoryWatcher: A directory notification for 'D:/UE4_Version/UE_4.16/FeaturePacks/' was aborted.
[2018.01.18-16.13.44:185][235]LogModuleManager: Shutting down and abandoning module WidgetCarousel (521)
[2018.01.18-16.13.44:185][235]LogModuleManager: Shutting down and abandoning module EditorWidgets (518)
[2018.01.18-16.13.44:185][235]LogModuleManager: Shutting down and abandoning module CollectionManager (516)
[2018.01.18-16.13.44:185][235]LogDirectoryWatcher: A directory notification for 'D:/UE4_Project/TEST/BoringMachine/Content/Collections/' was aborted.
[2018.01.18-16.13.44:186][235]LogDirectoryWatcher: A directory notification for 'D:/UE4_Project/TEST/BoringMachine/Content/Developers/Liuxiang/Collections/' was aborted.
[2018.01.18-16.13.44:186][235]LogDirectoryWatcher: A directory notification for 'D:/UE4_Project/TEST/BoringMachine/Saved/Collections/' was aborted.
[2018.01.18-16.13.44:186][235]LogModuleManager: Shutting down and abandoning module StatsViewer (514)
[2018.01.18-16.13.44:186][235]LogModuleManager: Shutting down and abandoning module FoliageEdit (512)
[2018.01.18-16.13.44:186][235]LogModuleManager: Shutting down and abandoning module LandscapeEditor (510)
[2018.01.18-16.13.44:186][235]LogModuleManager: Shutting down and abandoning module MeshPaintMode (508)
[2018.01.18-16.13.44:186][235]LogModuleManager: Shutting down and abandoning module SceneDepthPickerMode (506)
[2018.01.18-16.13.44:186][235]LogModuleManager: Shutting down and abandoning module ActorPickerMode (504)
[2018.01.18-16.13.44:186][235]LogModuleManager: Shutting down and abandoning module GeometryMode (502)
[2018.01.18-16.13.44:186][235]LogModuleManager: Shutting down and abandoning module TextureAlignMode (500)
[2018.01.18-16.13.44:186][235]LogModuleManager: Shutting down and abandoning module BspMode (498)
[2018.01.18-16.13.44:186][235]LogModuleManager: Shutting down and abandoning module HardwareSurvey (496)
[2018.01.18-16.13.44:186][235]LogModuleManager: Shutting down and abandoning module SequenceRecorderSections (494)
[2018.01.18-16.13.44:186][235]LogModuleManager: Shutting down and abandoning module AutomationWorker (492)
[2018.01.18-16.13.44:186][235]LogModuleManager: Shutting down and abandoning module MatineeToLevelSequence (490)
[2018.01.18-16.13.44:186][235]LogModuleManager: Shutting down and abandoning module LevelSequenceEditor (488)
[2018.01.18-16.13.44:186][235]LogModuleManager: Shutting down and abandoning module PlacementMode (487)
[2018.01.18-16.13.44:186][235]LogModuleManager: Shutting down and abandoning module WmfMediaFactory (484)
[2018.01.18-16.13.44:186][235]LogModuleManager: Shutting down and abandoning module WmfMediaEditor (482)
[2018.01.18-16.13.44:186][235]LogModuleManager: Shutting down and abandoning module AvfMediaFactory (480)
[2018.01.18-16.13.44:186][235]LogModuleManager: Shutting down and abandoning module AvfMediaEditor (478)
[2018.01.18-16.13.44:186][235]LogModuleManager: Shutting down and abandoning module AndroidMediaFactory (476)
[2018.01.18-16.13.44:186][235]LogModuleManager: Shutting down and abandoning module Media (475)
[2018.01.18-16.13.44:186][235]LogModuleManager: Shutting down and abandoning module AndroidMediaEditor (472)
[2018.01.18-16.13.44:186][235]LogModuleManager: Shutting down and abandoning module CharacterAI (470)
[2018.01.18-16.13.44:186][235]LogModuleManager: Shutting down and abandoning module AudioCapture (468)
[2018.01.18-16.13.44:186][235]LogModuleManager: Shutting down and abandoning module SequenceRecorder (467)
[2018.01.18-16.13.44:186][235]LogModuleManager: Shutting down and abandoning module SmartSnapping (464)
[2018.01.18-16.13.44:186][235]LogModuleManager: Shutting down and abandoning module SessionServices (462)
[2018.01.18-16.13.44:187][235]LogModuleManager: Shutting down and abandoning module ViewportSnapping (460)
[2018.01.18-16.13.44:187][235]LogModuleManager: Shutting down and abandoning module ViewportInteraction (458)
[2018.01.18-16.13.44:187][235]LogModuleManager: Shutting down and abandoning module ClothPainter (456)
[2018.01.18-16.13.44:187][235]LogModuleManager: Shutting down and abandoning module LogVisualizer (454)
[2018.01.18-16.13.44:187][235]LogModuleManager: Shutting down and abandoning module IntroTutorials (452)
[2018.01.18-16.13.44:187][235]LogModuleManager: Shutting down and abandoning module GameProjectGeneration (451)
[2018.01.18-16.13.44:187][235]LogModuleManager: Shutting down and abandoning module EditorLiveStreaming (448)
[2018.01.18-16.13.44:187][235]LogModuleManager: Shutting down and abandoning module IOSPlatformEditor (446)
[2018.01.18-16.13.44:187][235]LogModuleManager: Shutting down and abandoning module HTML5PlatformEditor (444)
[2018.01.18-16.13.44:187][235]LogModuleManager: Shutting down and abandoning module AndroidPlatformEditor (442)
[2018.01.18-16.13.44:187][235]LogModuleManager: Shutting down and abandoning module AndroidDeviceDetection (441)
[2018.01.18-16.13.44:968][235]LogModuleManager: Shutting down and abandoning module IOSRuntimeSettings (438)
[2018.01.18-16.13.44:968][235]LogModuleManager: Shutting down and abandoning module AndroidRuntimeSettings (436)
[2018.01.18-16.13.44:968][235]LogModuleManager: Shutting down and abandoning module InputBindingEditor (434)
[2018.01.18-16.13.44:968][235]LogModuleManager: Shutting down and abandoning module MergeActors (432)
[2018.01.18-16.13.44:968][235]LogModuleManager: Shutting down and abandoning module SizeMap (430)
[2018.01.18-16.13.44:968][235]LogModuleManager: Shutting down and abandoning module TreeMap (428)
[2018.01.18-16.13.44:968][235]LogModuleManager: Shutting down and abandoning module ReferenceViewer (426)
[2018.01.18-16.13.44:968][235]LogModuleManager: Shutting down and abandoning module LocalizationDashboard (424)
[2018.01.18-16.13.44:968][235]LogModuleManager: Shutting down and abandoning module LocalizationService (423)
[2018.01.18-16.13.44:968][235]LogModuleManager: Shutting down and abandoning module HardwareTargeting (420)
[2018.01.18-16.13.44:968][235]LogModuleManager: Shutting down and abandoning module DeviceProfileEditor (418)
[2018.01.18-16.13.44:968][235]LogModuleManager: Shutting down and abandoning module UndoHistory (416)
[2018.01.18-16.13.44:968][235]LogModuleManager: Shutting down and abandoning module UserFeedback (414)
[2018.01.18-16.13.44:968][235]LogModuleManager: Shutting down and abandoning module XmlParser (412)
[2018.01.18-16.13.44:968][235]LogModuleManager: Shutting down and abandoning module Blutility (410)
[2018.01.18-16.13.44:969][235]LogModuleManager: Shutting down and abandoning module ProjectSettingsViewer (408)
[2018.01.18-16.13.44:969][235]LogModuleManager: Shutting down and abandoning module ProjectTargetPlatformEditor (407)
[2018.01.18-16.13.44:969][235]LogModuleManager: Shutting down and abandoning module EditorSettingsViewer (404)
[2018.01.18-16.13.44:969][235]LogModuleManager: Shutting down and abandoning module SettingsEditor (402)
[2018.01.18-16.13.44:969][235]LogModuleManager: Shutting down and abandoning module ProjectLauncher (400)
[2018.01.18-16.13.44:969][235]LogModuleManager: Shutting down and abandoning module SessionFrontend (398)
[2018.01.18-16.13.44:969][235]LogModuleManager: Shutting down and abandoning module ProfilerClient (396)
[2018.01.18-16.13.44:969][235]LogModuleManager: Shutting down and abandoning module DeviceManager (394)
[2018.01.18-16.13.44:969][235]LogModuleManager: Shutting down and abandoning module TargetDeviceServices (393)
[2018.01.18-16.13.45:034][235]LogModuleManager: Shutting down and abandoning module AutomationController (390)
[2018.01.18-16.13.45:034][235]LogModuleManager: Shutting down and abandoning module AutomationWindow (388)
[2018.01.18-16.13.45:034][235]LogModuleManager: Shutting down and abandoning module Layers (386)
[2018.01.18-16.13.45:034][235]LogModuleManager: Shutting down and abandoning module ComponentVisualizers (384)
[2018.01.18-16.13.45:034][235]LogModuleManager: Shutting down and abandoning module DetailCustomizations (382)
[2018.01.18-16.13.45:034][235]LogModuleManager: Shutting down and abandoning module PackagesDialog (380)
[2018.01.18-16.13.45:034][235]LogModuleManager: Shutting down and abandoning module Persona (378)
[2018.01.18-16.13.45:034][235]LogModuleManager: Shutting down and abandoning module AdvancedPreviewScene (377)
[2018.01.18-16.13.45:034][235]LogModuleManager: Shutting down and abandoning module AnimGraph (375)
[2018.01.18-16.13.45:034][235]LogModuleManager: Shutting down and abandoning module Kismet (372)
[2018.01.18-16.13.45:034][235]LogModuleManager: Shutting down and abandoning module ClassViewer (370)
[2018.01.18-16.13.45:034][235]LogModuleManager: Shutting down and abandoning module Toolbox (368)
[2018.01.18-16.13.45:034][235]LogModuleManager: Shutting down and abandoning module ModuleUI (366)
[2018.01.18-16.13.45:034][235]LogModuleManager: Shutting down and abandoning module MovieSceneTools (364)
[2018.01.18-16.13.45:034][235]LogModuleManager: Shutting down and abandoning module OutputLog (362)
[2018.01.18-16.13.45:034][235]LogModuleManager: Shutting down and abandoning module GammaUI (360)
[2018.01.18-16.13.45:034][235]LogModuleManager: Shutting down and abandoning module Documentation (358)
[2018.01.18-16.13.45:034][235]LogModuleManager: Shutting down and abandoning module MovieSceneTracks (356)
[2018.01.18-16.13.45:034][235]LogModuleManager: Shutting down and abandoning module MovieScene (354)
[2018.01.18-16.13.45:034][235]LogModuleManager: Shutting down and abandoning module Niagara (352)
[2018.01.18-16.13.45:034][235]LogModuleManager: Shutting down and abandoning module NiagaraEditor (351)
[2018.01.18-16.13.45:034][235]LogModuleManager: Shutting down and abandoning module StreamingPauseRendering (348)
[2018.01.18-16.13.45:034][235]LogModuleManager: Shutting down and abandoning module AnalyticsET (346)
[2018.01.18-16.13.45:034][235]LogModuleManager: Shutting down and abandoning module PortalServices (344)
[2018.01.18-16.13.45:034][235]LogModuleManager: Shutting down and abandoning module PortalRpc (342)
[2018.01.18-16.13.45:034][235]LogModuleManager: Shutting down and abandoning module MessagingRpc (340)
[2018.01.18-16.13.45:034][235]LogModuleManager: Shutting down and abandoning module AIModule (338)
[2018.01.18-16.13.45:034][235]LogModuleManager: Shutting down and abandoning module GameplayDebugger (337)
[2018.01.18-16.13.45:034][235]LogModuleManager: Shutting down and abandoning module AITestSuite (335)
[2018.01.18-16.13.45:034][235]LogModuleManager: Shutting down and abandoning module ProfilerService (332)
[2018.01.18-16.13.45:179][235]LogModuleManager: Shutting down and abandoning module TaskGraph (330)
[2018.01.18-16.13.45:179][235]LogModuleManager: Shutting down and abandoning module SubstanceEditor (328)
[2018.01.18-16.13.45:180][235]LogModuleManager: Shutting down and abandoning module SteamVRController (326)
[2018.01.18-16.13.45:180][235]LogModuleManager: Shutting down and abandoning module SteamVR (324)
[2018.01.18-16.13.45:180][235]LogModuleManager: Shutting down and abandoning module ProceduralMeshComponentEditor (322)
[2018.01.18-16.13.45:180][235]LogModuleManager: Shutting down and abandoning module ProceduralMeshComponent (320)
[2018.01.18-16.13.45:180][235]LogModuleManager: Shutting down and abandoning module OculusLibrary (318)
[2018.01.18-16.13.45:180][235]LogModuleManager: Shutting down and abandoning module OculusInput (316)
[2018.01.18-16.13.45:180][235]LogModuleManager: Shutting down and abandoning module MobilePatchingUtils (314)
[2018.01.18-16.13.45:180][235]LogModuleManager: Shutting down and abandoning module CustomMeshComponent (312)
[2018.01.18-16.13.45:180][235]LogModuleManager: Shutting down and abandoning module CableComponent (310)
[2018.01.18-16.13.45:180][235]LogModuleManager: Shutting down and abandoning module ArchVisCharacter (308)
[2018.01.18-16.13.45:180][235]LogModuleManager: Shutting down and abandoning module AndroidPermission (306)
[2018.01.18-16.13.45:180][235]LogModuleManager: Shutting down and abandoning module MediaPlayerEditor (302)
[2018.01.18-16.13.45:180][235]LogModuleManager: Shutting down and abandoning module HTML5Networking (300)
[2018.01.18-16.13.45:180][235]LogModuleManager: Shutting down and abandoning module AlembicImporter (298)
[2018.01.18-16.13.45:180][235]LogModuleManager: Shutting down and abandoning module AlembicLibrary (297)
[2018.01.18-16.13.45:180][235]LogModuleManager: Shutting down and abandoning module GeometryCache (296)
[2018.01.18-16.13.45:180][235]LogModuleManager: Shutting down and abandoning module GeometryCacheEd (295)
[2018.01.18-16.13.45:180][235]LogModuleManager: Shutting down and abandoning module SuperSearchEditor (290)
[2018.01.18-16.13.45:180][235]LogModuleManager: Shutting down and abandoning module SuperSearch (289)
[2018.01.18-16.13.45:180][235]LogModuleManager: Shutting down and abandoning module SpeedTreeImporter (286)
[2018.01.18-16.13.45:180][235]LogModuleManager: Shutting down and abandoning module PluginBrowser (284)
[2018.01.18-16.13.45:180][235]LogModuleManager: Shutting down and abandoning module MobileLauncherProfileWizard (282)
[2018.01.18-16.13.45:180][235]LogModuleManager: Shutting down and abandoning module VisualStudioSourceCodeAccess (280)
[2018.01.18-16.13.45:180][235]LogModuleManager: Shutting down and abandoning module DesktopPlatform (279)
[2018.01.18-16.13.45:180][235]LogModuleManager: Shutting down and abandoning module UObjectPlugin (276)
[2018.01.18-16.13.45:180][235]LogModuleManager: Shutting down and abandoning module SubversionSourceControl (274)
[2018.01.18-16.13.45:180][235]LogModuleManager: Shutting down and abandoning module PerforceSourceControl (272)
[2018.01.18-16.13.45:180][235]LogModuleManager: Shutting down and abandoning module GitSourceControl (270)
[2018.01.18-16.13.45:180][235]LogModuleManager: Shutting down and abandoning module SourceControl (269)
[2018.01.18-16.13.45:180][235]LogModuleManager: Shutting down and abandoning module LightPropagationVolumeEditor (266)
[2018.01.18-16.13.45:181][235]LogModuleManager: Shutting down and abandoning module PaperTiledImporter (264)
[2018.01.18-16.13.45:181][235]LogModuleManager: Shutting down and abandoning module PaperSpriteSheetImporter (262)
[2018.01.18-16.13.45:181][235]LogModuleManager: Shutting down and abandoning module Paper2DEditor (260)
[2018.01.18-16.13.45:181][235]LogModuleManager: Shutting down and abandoning module MeshPaint (259)
[2018.01.18-16.13.45:181][235]LogModuleManager: Shutting down and abandoning module LevelEditor (257)
[2018.01.18-16.13.45:181][235]LogModuleManager: Shutting down and abandoning module PixelInspectorModule (256)
[2018.01.18-16.13.45:181][235]LogModuleManager: Shutting down and abandoning module MainFrame (254)
[2018.01.18-16.13.45:181][235]LogModuleManager: Shutting down and abandoning module HotReload (253)
[2018.01.18-16.13.45:182][235]LogModuleManager: Shutting down and abandoning module PhysXVehiclesEditor (248)
[2018.01.18-16.13.45:182][235]LogModuleManager: Shutting down and abandoning module PhysXVehicles (246)
[2018.01.18-16.13.45:182][235]LogModuleManager: Shutting down and abandoning module LocationServicesBPLibrary (244)
[2018.01.18-16.13.45:182][235]LogModuleManager: Shutting down and abandoning module ImmediatePhysicsEditor (242)
[2018.01.18-16.13.45:182][235]LogModuleManager: Shutting down and abandoning module ImmediatePhysics (240)
[2018.01.18-16.13.45:182][235]LogModuleManager: Shutting down and abandoning module UdpMessaging (238)
[2018.01.18-16.13.45:282][235]LogModuleManager: Shutting down and abandoning module TcpMessaging (236)
[2018.01.18-16.13.45:382][235]LogModuleManager: Shutting down and abandoning module SubstanceCore (234)
[2018.01.18-16.13.45:382][235]LogModuleManager: Shutting down and abandoning module GameplayTagsEditor (232)
[2018.01.18-16.13.45:382][235]LogModuleManager: Shutting down and abandoning module FacialAnimationEditor (230)
[2018.01.18-16.13.45:382][235]LogModuleManager: Shutting down and abandoning module FacialAnimation (228)
[2018.01.18-16.13.45:382][235]LogModuleManager: Shutting down and abandoning module AssetManagerEditor (226)
[2018.01.18-16.13.45:382][235]LogModuleManager: Shutting down and abandoning module GraphEditor (225)
[2018.01.18-16.13.45:382][235]LogModuleManager: Shutting down and abandoning module ContentBrowser (223)
[2018.01.18-16.13.45:384][235]LogModuleManager: Shutting down and abandoning module LightPropagationVolumeRuntime (220)
[2018.01.18-16.13.45:384][235]LogModuleManager: Shutting down and abandoning module Paper2D (218)
[2018.01.18-16.13.45:384][235]LogModuleManager: Shutting down and abandoning module WindowsMoviePlayer (216)
[2018.01.18-16.13.45:384][235]LogModuleManager: Shutting down and abandoning module WmfMedia (214)
[2018.01.18-16.13.45:385][235]LogModuleManager: Shutting down and abandoning module ClothingSystemEditor (212)
[2018.01.18-16.13.45:385][235]LogModuleManager: Shutting down and abandoning module ClothingSystemRuntime (210)
[2018.01.18-16.13.45:385][235]LogModuleManager: Shutting down and abandoning module MediaAssets (208)
[2018.01.18-16.13.45:385][235]LogModuleManager: Shutting down and abandoning module GameLiveStreaming (206)
[2018.01.18-16.13.45:385][235]LogModuleManager: Shutting down and abandoning module VREditor (204)
[2018.01.18-16.13.45:385][235]LogModuleManager: Shutting down and abandoning module StringTableEditor (202)
[2018.01.18-16.13.45:385][235]LogModuleManager: Shutting down and abandoning module GameplayTasksEditor (200)
[2018.01.18-16.13.45:385][235]LogModuleManager: Shutting down and abandoning module BehaviorTreeEditor (198)
[2018.01.18-16.13.45:385][235]LogModuleManager: Shutting down and abandoning module FunctionalTesting (196)
[2018.01.18-16.13.45:385][235]LogModuleManager: Shutting down and abandoning module CollisionAnalyzer (194)
[2018.01.18-16.13.45:385][235]LogModuleManager: Shutting down and abandoning module UMG (192)
[2018.01.18-16.13.45:385][235]LogModuleManager: Shutting down and abandoning module UMGEditor (191)
[2018.01.18-16.13.45:386][235]LogModuleManager: Shutting down and abandoning module Sequencer (190)
[2018.01.18-16.13.45:386][235]LogModuleManager: Shutting down and abandoning module AssetTools (188)
[2018.01.18-16.13.45:386][235]LogModuleManager: Shutting down and abandoning module MessageLog (187)
[2018.01.18-16.13.45:386][235]LogModuleManager: Shutting down and abandoning module WorkspaceMenuStructure (186)
[2018.01.18-16.13.45:386][235]LogModuleManager: Shutting down and abandoning module SlateReflector (180)
[2018.01.18-16.13.45:386][235]LogModuleManager: Shutting down and abandoning module Slate (178)
[2018.01.18-16.13.45:386][235]LogModuleManager: Shutting down and abandoning module EditorStyle (176)
[2018.01.18-16.13.45:388][235]LogModuleManager: Shutting down and abandoning module SourceCodeAccess (174)
[2018.01.18-16.13.45:388][235]LogModuleManager: Shutting down and abandoning module HeadMountedDisplay (172)
[2018.01.18-16.13.45:388][235]LogModuleManager: Shutting down and abandoning module XAudio2 (170)
[2018.01.18-16.13.45:388][235]LogModuleManager: Shutting down and abandoning module Networking (168)
[2018.01.18-16.13.45:388][235]LogModuleManager: Shutting down and abandoning module Core (164)
[2018.01.18-16.13.45:388][235]LogModuleManager: Shutting down and abandoning module AssetRegistry (162)
[2018.01.18-16.13.45:498][235]LogDirectoryWatcher: A directory notification for '../../../Engine/Content/' was aborted.
[2018.01.18-16.13.45:498][235]LogDirectoryWatcher: A directory notification for '../../../../../UE4_Project/TEST/BoringMachine/Content/' was aborted.
[2018.01.18-16.13.45:498][235]LogDirectoryWatcher: A directory notification for '../../../Engine/Plugins/2D/Paper2D/Content/' was aborted.
[2018.01.18-16.13.45:498][235]LogDirectoryWatcher: A directory notification for '../../../Engine/Plugins/Runtime/GearVR/Content/' was aborted.
[2018.01.18-16.13.45:500][235]LogModuleManager: Shutting down and abandoning module DirectoryWatcher (161)
[2018.01.18-16.13.45:500][235]LogModuleManager: Shutting down and abandoning module KismetCompiler (158)
[2018.01.18-16.13.45:500][235]LogModuleManager: Shutting down and abandoning module LevelSequence (156)
[2018.01.18-16.13.45:500][235]LogModuleManager: Shutting down and abandoning module PhysXFormats (154)
[2018.01.18-16.13.45:501][235]LogModuleManager: Shutting down and abandoning module MeshUtilities (152)
[2018.01.18-16.13.45:501][235]LogModuleManager: Shutting down and abandoning module SimplygonSwarm (151)
[2018.01.18-16.13.45:501][235]LogModuleManager: Shutting down and abandoning module SimplygonMeshReduction (149)
[2018.01.18-16.13.45:501][235]LogModuleManager: Shutting down and abandoning module QuadricMeshReduction (147)
[2018.01.18-16.13.45:501][235]LogModuleManager: Shutting down and abandoning module DerivedDataCache (144)
[2018.01.18-16.13.45:589][235]LogDerivedDataCache: Shutdown
[2018.01.18-16.13.45:589][235]LogModuleManager: Shutting down and abandoning module TargetPlatform (142)
[2018.01.18-16.13.45:589][235]LogModuleManager: Shutting down and abandoning module VulkanShaderFormat (141)
[2018.01.18-16.13.45:589][235]LogModuleManager: Shutting down and abandoning module ShaderFormatVectorVM (139)
[2018.01.18-16.13.45:589][235]LogModuleManager: Shutting down and abandoning module ShaderFormatOpenGL (137)
[2018.01.18-16.13.45:589][235]LogModuleManager: Shutting down and abandoning module ShaderFormatD3D (135)
[2018.01.18-16.13.45:589][235]LogModuleManager: Shutting down and abandoning module MetalShaderFormat (133)
[2018.01.18-16.13.45:589][235]LogModuleManager: Shutting down and abandoning module TextureFormatUncompressed (131)
[2018.01.18-16.13.45:589][235]LogModuleManager: Shutting down and abandoning module TextureFormatPVR (129)
[2018.01.18-16.13.45:589][235]LogModuleManager: Shutting down and abandoning module TextureFormatDXT (127)
[2018.01.18-16.13.45:589][235]LogModuleManager: Shutting down and abandoning module TextureFormatIntelISPCTexComp (125)
[2018.01.18-16.13.45:589][235]LogModuleManager: Shutting down and abandoning module TextureFormatASTC (123)
[2018.01.18-16.13.45:589][235]LogModuleManager: Shutting down and abandoning module ImageWrapper (122)
[2018.01.18-16.13.45:589][235]LogModuleManager: Shutting down and abandoning module TextureFormatAndroid (119)
[2018.01.18-16.13.45:589][235]LogModuleManager: Shutting down and abandoning module AudioFormatOpus (117)
[2018.01.18-16.13.45:589][235]LogModuleManager: Shutting down and abandoning module AudioFormatOgg (115)
[2018.01.18-16.13.45:589][235]LogModuleManager: Shutting down and abandoning module AudioFormatADPCM (113)
[2018.01.18-16.13.45:589][235]LogModuleManager: Shutting down and abandoning module LinuxTargetPlatform (111)
[2018.01.18-16.13.45:589][235]LogModuleManager: Shutting down and abandoning module LinuxServerTargetPlatform (109)
[2018.01.18-16.13.45:589][235]LogModuleManager: Shutting down and abandoning module LinuxNoEditorTargetPlatform (107)
[2018.01.18-16.13.45:589][235]LogModuleManager: Shutting down and abandoning module LinuxClientTargetPlatform (105)
[2018.01.18-16.13.45:589][235]LogModuleManager: Shutting down and abandoning module TVOSTargetPlatform (103)
[2018.01.18-16.13.45:589][235]LogModuleManager: Shutting down and abandoning module Messaging (101)
[2018.01.18-16.13.45:589][235]LogModuleManager: Shutting down and abandoning module IOSTargetPlatform (99)
[2018.01.18-16.13.45:589][235]LogModuleManager: Shutting down and abandoning module HTML5TargetPlatform (97)
[2018.01.18-16.13.45:589][235]LogModuleManager: Shutting down and abandoning module Android_PVRTCTargetPlatform (95)
[2018.01.18-16.13.45:589][235]LogModuleManager: Shutting down and abandoning module Android_MultiTargetPlatform (93)
[2018.01.18-16.13.45:589][235]LogModuleManager: Shutting down and abandoning module Android_ETC2TargetPlatform (91)
[2018.01.18-16.13.45:589][235]LogModuleManager: Shutting down and abandoning module Android_ETC1TargetPlatform (89)
[2018.01.18-16.13.45:589][235]LogModuleManager: Shutting down and abandoning module Android_DXTTargetPlatform (87)
[2018.01.18-16.13.45:589][235]LogModuleManager: Shutting down and abandoning module Android_ATCTargetPlatform (85)
[2018.01.18-16.13.45:589][235]LogModuleManager: Shutting down and abandoning module Android_ASTCTargetPlatform (83)
[2018.01.18-16.13.45:589][235]LogModuleManager: Shutting down and abandoning module AndroidTargetPlatform (81)
[2018.01.18-16.13.45:589][235]LogModuleManager: Shutting down and abandoning module WindowsTargetPlatform (79)
[2018.01.18-16.13.45:589][235]LogModuleManager: Shutting down and abandoning module WindowsServerTargetPlatform (77)
[2018.01.18-16.13.45:589][235]LogModuleManager: Shutting down and abandoning module WindowsNoEditorTargetPlatform (75)
[2018.01.18-16.13.45:589][235]LogModuleManager: Shutting down and abandoning module WindowsClientTargetPlatform (73)
[2018.01.18-16.13.45:589][235]LogModuleManager: Shutting down and abandoning module MacTargetPlatform (71)
[2018.01.18-16.13.45:589][235]LogModuleManager: Shutting down and abandoning module MacServerTargetPlatform (69)
[2018.01.18-16.13.45:589][235]LogModuleManager: Shutting down and abandoning module MacNoEditorTargetPlatform (67)
[2018.01.18-16.13.45:589][235]LogModuleManager: Shutting down and abandoning module MacClientTargetPlatform (65)
[2018.01.18-16.13.45:589][235]LogModuleManager: Shutting down and abandoning module AllDesktopTargetPlatform (63)
[2018.01.18-16.13.45:589][235]LogModuleManager: Shutting down and abandoning module InputCore (60)
[2018.01.18-16.13.45:589][235]LogModuleManager: Shutting down and abandoning module Settings (58)
[2018.01.18-16.13.45:589][235]LogModuleManager: Shutting down and abandoning module OculusRift (56)
[2018.01.18-16.13.45:591][235]LogHMD: Oculus shutdown.
[2018.01.18-16.13.45:591][235]LogModuleManager: Shutting down and abandoning module GearVRController (54)
[2018.01.18-16.13.45:591][235]LogModuleManager: Shutting down and abandoning module GearVR (52)
[2018.01.18-16.13.45:591][235]LogModuleManager: Shutting down and abandoning module ExampleDeviceProfileSelector (50)
[2018.01.18-16.13.45:591][235]LogModuleManager: Shutting down and abandoning module OnlineBlueprintSupport (48)
[2018.01.18-16.13.45:591][235]LogModuleManager: Shutting down and abandoning module OnlineSubsystem (44)
[2018.01.18-16.13.45:591][235]LogOnline:Display: Unloading online subsystem: NULL
[2018.01.18-16.13.45:591][235]LogModuleManager: Shutting down and abandoning module XMPP (43)
[2018.01.18-16.13.45:591][235]LogModuleManager: Shutting down and abandoning module HTTP (41)
[2018.01.18-16.13.45:591][235]LogHttp:Display: Http module shutting down, but needs to wait on 1 outstanding Http requests:
[2018.01.18-16.13.45:591][235]LogHttp:Display: 	verb=[POST] url=[https://datarouter.ol.epicgames.com/datarouter/api/v1/public/data?SessionID=%7BD3EE7968-4C37-7A56-3C89-D9A2A15CF883%7D&AppID=UEEditor.Rocket.Release&AppVersion=4.16.3-3561208%2B%2B%2BUE4%2BRelease-4.16&UserID=ff1163694f33f79656fd72a56a9dd0c2%7C9b78482a5632474b97854dec7515c72e%7C457b8a5b-5b52-4830-b230-b39bec575c9b&AppEnvironment=datacollector-binary&UploadType=eteventstream] status=Processing
[2018.01.18-16.13.45:597][235]LogModuleManager: Shutting down and abandoning module SSL (40)
[2018.01.18-16.13.45:599][235]LogModuleManager: Shutting down and abandoning module HTTPChunkInstaller (36)
[2018.01.18-16.13.45:599][235]LogModuleManager: Shutting down and abandoning module AnimationModifiers (34)
[2018.01.18-16.13.45:599][235]LogModuleManager: Shutting down and abandoning module PropertyEditor (33)
[2018.01.18-16.13.45:599][235]LogModuleManager: Shutting down and abandoning module AudioEditor (30)
[2018.01.18-16.13.45:599][235]LogModuleManager: Shutting down and abandoning module TextureCompressor (28)
[2018.01.18-16.13.45:599][235]LogModuleManager: Shutting down and abandoning module ShaderCore (26)
[2018.01.18-16.13.45:599][235]LogModuleManager: Shutting down and abandoning module Landscape (24)
[2018.01.18-16.13.45:599][235]LogModuleManager: Shutting down and abandoning module SlateRHIRenderer (22)
[2018.01.18-16.13.45:601][235]LogModuleManager: Shutting down and abandoning module OpenGLDrv (20)
[2018.01.18-16.13.45:601][235]LogModuleManager: Shutting down and abandoning module D3D11RHI (18)
[2018.01.18-16.13.45:601][235]LogModuleManager: Shutting down and abandoning module AnimGraphRuntime (16)
[2018.01.18-16.13.45:601][235]LogModuleManager: Shutting down and abandoning module Renderer (14)
[2018.01.18-16.13.45:601][235]LogModuleManager: Shutting down and abandoning module Engine (12)
[2018.01.18-16.13.45:601][235]LogModuleManager: Shutting down and abandoning module CoreUObject (10)
[2018.01.18-16.13.45:601][235]LogModuleManager: Shutting down and abandoning module NetworkFile (8)
[2018.01.18-16.13.45:601][235]LogModuleManager: Shutting down and abandoning module StreamingFile (6)
[2018.01.18-16.13.45:601][235]LogModuleManager: Shutting down and abandoning module SandboxFile (4)
[2018.01.18-16.13.45:601][235]LogModuleManager: Shutting down and abandoning module PakFile (2)
[2018.01.18-16.13.45:602][235]LogExit: Exiting.
[2018.01.18-16.13.45:613][235]Log file closed, 01/19/18 00:13:45
