Log file open, 01/25/18 13:14:31
LogInit:Display: Running engine for game: BoringMachine
LogPlatformFile: Not using cached read wrapper
LogInit:Display: RandInit(362122644) SRandInit(362122645).
LogTaskGraph: Started task graph with 5 named threads and 8 total threads with 1 sets of task threads.
LogStats: Stats thread started at 0.081351
LogInit: Using libcurl 7.47.1
LogInit:  - built for x86_64-pc-win32
LogInit:  - supports SSL with OpenSSL/1.0.2g
LogInit:  - supports HTTP deflate (compression) using libz 1.2.8
LogInit:  - other features:
LogInit:      CURL_VERSION_SSL
LogInit:      CURL_VERSION_LIBZ
LogInit:      CURL_VERSION_IPV6
LogInit:      CURL_VERSION_ASYNCHDNS
LogInit:      CURL_VERSION_LARGEFILE
LogInit:      CURL_VERSION_IDN
LogInit:  CurlRequestOptions (configurable via config and command line):
LogInit:  - bVerifyPeer = false  - Libcurl will NOT verify peer certificate
LogInit:  - bUseHttpProxy = false  - Libcurl will NOT use HTTP proxy
LogInit:  - bDontReuseConnections = false  - Libcurl will reuse connections
LogInit:  - CertBundlePath = nullptr  - Libcurl will use whatever was configured at build time.
LogInit: Build: ++UE4+Release-4.16-CL-3561208
LogInit: Engine Version: 4.16.3-3561208+++UE4+Release-4.16
LogInit: Compatible Engine Version: 4.16.0-3452394+++UE4+Release-4.16
LogInit: Net CL: 3452394
LogDevObjectVersion: Number of dev versions registered: 16
LogDevObjectVersion:   Dev-Blueprints (B0D832E4-1F89-4F0D-ACCF-7EB736FD4AA2): 9
LogDevObjectVersion:   Dev-Build (E1C64328-A22C-4D53-A36C-8E866417BD8C): 0
LogDevObjectVersion:   Dev-Core (375EC13C-06E4-48FB-B500-84F0262A717E): 2
LogDevObjectVersion:   Dev-Editor (E4B068ED-F494-42E9-A231-DA0B2E46BB41): 17
LogDevObjectVersion:   Dev-Framework (CFFC743F-43B0-4480-9391-14DF171D2073): 23
LogDevObjectVersion:   Dev-Mobile (B02B49B5-BB20-44E9-A304-32B752E40360): 0
LogDevObjectVersion:   Dev-Networking (A4E4105C-59A1-49B5-A7C5-40C4547EDFEE): 0
LogDevObjectVersion:   Dev-Online (39C831C9-5AE6-47DC-9A44-9C173E1C8E7C): 0
LogDevObjectVersion:   Dev-Physics (78F01B33-EBEA-4F98-B9B4-84EACCB95AA2): 0
LogDevObjectVersion:   Dev-Platform (6631380F-2D4D-43E0-8009-CF276956A95A): 0
LogDevObjectVersion:   Dev-Rendering (12F88B9F-8875-4AFC-A67C-D90C383ABD29): 15
LogDevObjectVersion:   Dev-Sequencer (7B5AE74C-D270-4C10-A958-57980B212A5A): 4
LogDevObjectVersion:   Dev-VR (D7296918-1DD6-4BDD-9DE2-64A83CC13884): 0
LogDevObjectVersion:   Dev-LoadTimes (C2A15278-BFE7-4AFE-6C17-90FF531DF755): 1
LogDevObjectVersion:   Private-Geometry (6EACA3D4-40EC-4CC1-B786-8BED09428FC5): 1
LogDevObjectVersion:   Dev-AnimPhys (29E575DD-E0A3-4627-9D10-D276232CDCEA): 3
LogInit: Compiled (64-bit): Jul 28 2017 11:49:47
LogInit: Compiled with Visual C++: 19.00.24215.01
LogInit: Build Configuration: Development
LogInit: Branch Name: ++UE4+Release-4.16
LogInit: Command line:  
LogInit: Base directory: C:/Program Files/Epic Games/UE_4.16/Engine/Binaries/Win64/
LogInit: Installed Engine Build: 1
LogInit: Presizing for max 8388607 objects, including 0 objects not considered by GC, pre-allocating 0 bytes for permanent pool.
LogInit: Object subsystem initialized
[2018.01.25-05.14.31:596][  0]LogInit: Selected Device Profile: [Windows]
[2018.01.25-05.14.31:596][  0]LogInit: Applying CVar settings loaded from the selected device profile: [Windows]
[2018.01.25-05.14.31:603][  0]LogInit: Computer: VR1-PC
[2018.01.25-05.14.31:603][  0]LogInit: User: Vr1
[2018.01.25-05.14.31:603][  0]LogInit: CPU Page size=4096, Cores=4
[2018.01.25-05.14.31:603][  0]LogInit: High frequency timer resolution =3.421923 MHz
[2018.01.25-05.14.31:603][  0]LogMemory: Memory total: Physical=16.0GB (16GB approx)
[2018.01.25-05.14.31:603][  0]LogMemory: Platform Memory Stats for Windows
[2018.01.25-05.14.31:603][  0]LogMemory: Process Physical Memory: 272.66 MB used, 272.66 MB peak
[2018.01.25-05.14.31:603][  0]LogMemory: Process Virtual Memory: 259.62 MB used, 259.62 MB peak
[2018.01.25-05.14.31:603][  0]LogMemory: Physical Memory: 4592.14 MB used,  11740.95 MB free, 16333.09 MB total
[2018.01.25-05.14.31:603][  0]LogMemory: Virtual Memory: 607.47 MB used,  11740.95 MB free, 8388608.00 MB total
[2018.01.25-05.14.31:669][  0]LogInit: Overriding language with editor language configuration option (en).
[2018.01.25-05.14.31:669][  0]LogInit: Overriding locale with editor locale configuration option (en).
[2018.01.25-05.14.32:452][  0]LogD3D11RHI: D3D11 adapters:
[2018.01.25-05.14.32:482][  0]LogD3D11RHI:    0. 'NVIDIA GeForce GTX 1080' (Feature Level 11_0)
[2018.01.25-05.14.32:482][  0]LogD3D11RHI:       8084/0/7910 MB DedicatedVideo/DedicatedSystem/SharedSystem, Outputs:1, VendorId:0x10de
[2018.01.25-05.14.32:482][  0]LogD3D11RHI: Chosen D3D11 Adapter: 0
[2018.01.25-05.14.32:486][  0]LogD3D11RHI: Creating new Direct3DDevice
[2018.01.25-05.14.32:486][  0]LogD3D11RHI:     GPU DeviceId: 0x1b80 (for the marketing name, search the web for "GPU Device Id")
[2018.01.25-05.14.32:486][  0]LogWindows: EnumDisplayDevices:
[2018.01.25-05.14.32:487][  0]LogWindows:    0. 'NVIDIA GeForce GTX 1080' (P:1 D:1)
[2018.01.25-05.14.32:487][  0]LogWindows:    1. 'NVIDIA GeForce GTX 1080' (P:0 D:0)
[2018.01.25-05.14.32:487][  0]LogWindows:    2. 'NVIDIA GeForce GTX 1080' (P:0 D:0)
[2018.01.25-05.14.32:488][  0]LogWindows:    3. 'NVIDIA GeForce GTX 1080' (P:0 D:0)
[2018.01.25-05.14.32:488][  0]LogWindows:    4. 'RDPDD Chained DD' (P:0 D:0)
[2018.01.25-05.14.32:488][  0]LogWindows:    5. 'RDP Encoder Mirror Driver' (P:0 D:0)
[2018.01.25-05.14.32:488][  0]LogWindows:    6. 'RDP Reflector Display Driver' (P:0 D:0)
[2018.01.25-05.14.32:488][  0]LogWindows: DebugString: GetVideoDriverDetailsInvalid PrimaryIsNotTheChoosenAdapter GetVideoDriverDetailsInvalid PrimaryIsNotTheChoosenAdapter GetVideoDriverDetailsInvalid PrimaryIsNotTheChoosenAdapter FoundDriverCount:4 
[2018.01.25-05.14.32:489][  0]LogD3D11RHI:     Adapter Name: NVIDIA GeForce GTX 1080
[2018.01.25-05.14.32:489][  0]LogD3D11RHI:   Driver Version: 376.33 (internal:21.21.13.7633, unified:376.33)
[2018.01.25-05.14.32:489][  0]LogD3D11RHI:      Driver Date: 12-11-2016
[2018.01.25-05.14.32:489][  0]LogRHI: Texture pool is 1361 MB (70% of 1945 MB)
[2018.01.25-05.14.32:498][  0]LogD3D11RHI: Async texture creation enabled
[2018.01.25-05.14.32:512][  0]LogD3D11RHI: GPU Timing Frequency: 1000.000000 (Debug: 2 2)
[2018.01.25-05.14.32:555][  0]LogShaderCompilers: Guid format shader working directory is 15 characters bigger than the processId version (E:/Projects/UE4/BoringMachine/Intermediate/Shaders/WorkingDirectory/5424/).
[2018.01.25-05.14.32:556][  0]LogShaderCompilers: Cleaned the shader compiler working directory 'C:/Users/Vr1/AppData/Local/Temp/UnrealShaderWorkingDir/EDD4F4CE45888EBBEAF6938A958FF990/'.
[2018.01.25-05.14.32:556][  0]LogShaderCompilers:Display: Using Local Shader Compiler.
[2018.01.25-05.14.33:487][  0]LogTemp:Display: Loaded TP AllDesktopTargetPlatform
[2018.01.25-05.14.33:534][  0]LogTemp:Display: Loaded TP MacClientTargetPlatform
[2018.01.25-05.14.33:583][  0]LogTemp:Display: Loaded TP MacNoEditorTargetPlatform
[2018.01.25-05.14.33:629][  0]LogTemp:Display: Loaded TP MacServerTargetPlatform
[2018.01.25-05.14.33:676][  0]LogTemp:Display: Loaded TP MacTargetPlatform
[2018.01.25-05.14.33:722][  0]LogTemp:Display: Loaded TP WindowsClientTargetPlatform
[2018.01.25-05.14.33:768][  0]LogTemp:Display: Loaded TP WindowsNoEditorTargetPlatform
[2018.01.25-05.14.33:814][  0]LogTemp:Display: Loaded TP WindowsServerTargetPlatform
[2018.01.25-05.14.33:855][  0]LogTemp:Display: Loaded TP WindowsTargetPlatform
[2018.01.25-05.14.33:901][  0]LogTemp:Display: Loaded TP AndroidTargetPlatform
[2018.01.25-05.14.33:946][  0]LogTemp:Display: Loaded TP Android_ASTCTargetPlatform
[2018.01.25-05.14.33:991][  0]LogTemp:Display: Loaded TP Android_ATCTargetPlatform
[2018.01.25-05.14.34:036][  0]LogTemp:Display: Loaded TP Android_DXTTargetPlatform
[2018.01.25-05.14.34:085][  0]LogTemp:Display: Loaded TP Android_ETC1TargetPlatform
[2018.01.25-05.14.34:136][  0]LogTemp:Display: Loaded TP Android_ETC2TargetPlatform
[2018.01.25-05.14.34:227][  0]LogTemp:Display: Loaded TP Android_MultiTargetPlatform
[2018.01.25-05.14.34:227][  0]LogTemp:Display: Loaded TP Android_PVRTCTargetPlatform
[2018.01.25-05.14.34:263][  0]LogTemp:Display: Loaded TP HTML5TargetPlatform
[2018.01.25-05.14.34:347][  0]LogTemp:Display: Loaded TP IOSTargetPlatform
[2018.01.25-05.14.34:372][  0]LogTemp:Display: Loaded TP TVOSTargetPlatform
[2018.01.25-05.14.34:417][  0]LogTemp:Display: Loaded TP LinuxClientTargetPlatform
[2018.01.25-05.14.34:462][  0]LogTemp:Display: Loaded TP LinuxNoEditorTargetPlatform
[2018.01.25-05.14.34:507][  0]LogTemp:Display: Loaded TP LinuxServerTargetPlatform
[2018.01.25-05.14.34:554][  0]LogTemp:Display: Loaded TP LinuxTargetPlatform
[2018.01.25-05.14.34:554][  0]LogTargetPlatformManager:Display: Building Assets For Windows
[2018.01.25-05.14.34:968][  0]LogDerivedDataCache:Display: Max Cache Size: 512 MB
[2018.01.25-05.14.35:054][  0]LogDerivedDataCache: Loaded boot cache 0.09s 90MB C:/Users/Vr1/AppData/Local/UnrealEngine/4.16/DerivedDataCache/Boot.ddc.
[2018.01.25-05.14.35:054][  0]LogDerivedDataCache:Display: Loaded Boot cache: C:/Users/Vr1/AppData/Local/UnrealEngine/4.16/DerivedDataCache/Boot.ddc
[2018.01.25-05.14.35:054][  0]LogDerivedDataCache: FDerivedDataBackendGraph:  Pak pak cache file E:/Projects/UE4/BoringMachine/DerivedDataCache/DDC.ddp not found, will not use a pak cache.
[2018.01.25-05.14.35:054][  0]LogDerivedDataCache: Unable to find inner node Pak for hierarchical cache Hierarchy.
[2018.01.25-05.14.35:054][  0]LogDerivedDataCache: FDerivedDataBackendGraph:  CompressedPak pak cache file E:/Projects/UE4/BoringMachine/DerivedDataCache/Compressed.ddp not found, will not use a pak cache.
[2018.01.25-05.14.35:054][  0]LogDerivedDataCache: Unable to find inner node CompressedPak for hierarchical cache Hierarchy.
[2018.01.25-05.14.35:070][  0]LogDerivedDataCache:Display: Pak cache opened for reading ../../../Engine/DerivedDataCache/Compressed.ddp.
[2018.01.25-05.14.35:082][  0]LogDerivedDataCache: Using Local data cache path C:/Users/Vr1/AppData/Local/UnrealEngine/Common/DerivedDataCache: Writable
[2018.01.25-05.14.35:091][  0]LogMaterial: Verifying Global Shaders for PCD3D_SM5
[2018.01.25-05.14.35:091][  0]LogSlate: Using Freetype 2.6.0
[2018.01.25-05.14.35:091][  0]LogSlate: SlateFontCache - WITH_FREETYPE: 1, WITH_HARFBUZZ: 1
[2018.01.25-05.14.35:091][  0]LogSlate: SlateFontCache - WITH_FREETYPE: 1, WITH_HARFBUZZ: 1
[2018.01.25-05.14.35:414][  0]LogInit: Selected Device Profile: [Windows]
[2018.01.25-05.14.35:415][  0]LogContentStreaming: Texture pool size is 0.00 MB
[2018.01.25-05.14.35:639][  0]LogMeshUtilities: Using QuadricMeshReduction for automatic static mesh reduction
[2018.01.25-05.14.35:679][  0]LogSimplygon: Simplygon DLL not present - disabling.
[2018.01.25-05.14.35:722][  0]LogMeshUtilities: Using SimplygonSwarm for distributed automatic mesh merging
[2018.01.25-05.14.35:722][  0]LogMeshUtilities: No automatic skeletal mesh reduction module available
[2018.01.25-05.14.35:722][  0]LogMeshUtilities: No automatic mesh merging module available
[2018.01.25-05.14.36:173][  0]LogNetVersion: BoringMachine , NetCL: 3452394, EngineNetVer: 2, GameNetVer: 0 (Checksum: 1412956445)
[2018.01.25-05.14.36:227][  0]LogAssetRegistry: FAssetRegistry took 0.0230 seconds to start up
[2018.01.25-05.14.36:260][  0]LogPackageLocalizationCache: Processed 4 localized package path(s) for 1 prioritized culture(s) in 0.016310 seconds
[2018.01.25-05.14.36:265][  0]LogUObjectArray: 34136 objects as part of root set at end of initial load.
[2018.01.25-05.14.36:265][  0]LogUObjectAllocator: 7249416 out of 0 bytes used by permanent object pool.
[2018.01.25-05.14.36:266][  0]LogUObjectArray: CloseDisregardForGC: 0/0 objects in disregard for GC pool
[2018.01.25-05.14.36:316][  0]LogInit: WinSock: version 1.1 (2.2), MaxSocks=32767, MaxUdp=65467
[2018.01.25-05.14.38:421][  0]LogSubstanceCoreModule: Substance [CPU] Engine Loaded, Max Texture Size = 2048
[2018.01.25-05.14.38:444][  0]LogTcpMessaging: Initializing TcpMessaging bridge
[2018.01.25-05.14.38:476][  0]LogUdpMessaging: Initializing bridge on interface 0.0.0.0:0 to multicast group 230.0.0.1:6666.
[2018.01.25-05.14.38:943][  0]LogMaterial: Uniform references updated for custom material expression Custom.
[2018.01.25-05.14.39:312][  0]SourceControl: Info Source control is disabled
[2018.01.25-05.14.39:313][  0]SourceControl: Info Source control is disabled
[2018.01.25-05.14.39:354][  0]SourceControl: Info Source control is disabled
[2018.01.25-05.14.39:396][  0]SourceControl: Info Source control is disabled
[2018.01.25-05.14.39:982][  0]LogAndroidPermission: UAndroidPermissionCallbackProxy::GetInstance
[2018.01.25-05.14.40:371][  0]LogEngine: Initializing Engine...
[2018.01.25-05.14.40:551][  0]LogStats: UGameplayTagsManager::ConstructGameplayTagTree: Construct from data asset -  0.000 s
[2018.01.25-05.14.40:551][  0]LogStats: UGameplayTagsManager::ConstructGameplayTagTree: GameplayTagTreeChangedEvent.Broadcast -  0.000 s
[2018.01.25-05.14.40:667][  0]LogAIModule: Creating AISystem for world Untitled
[2018.01.25-05.14.40:705][  0]LogInit: XAudio2 using 'Realtek HD Audio 2nd output (Realtek High Definition Audio)' : 2 channels at 48 kHz using 32 bits per sample (channel mask 0x3)
[2018.01.25-05.14.40:721][  0]LogInit: FAudioDevice initialized.
[2018.01.25-05.14.40:759][  0]LogDerivedDataCache: Saved boot cache 0.04s 90MB C:/Users/Vr1/AppData/Local/UnrealEngine/4.16/DerivedDataCache/Boot.ddc.
[2018.01.25-05.14.40:763][  0]LogInit: Texture streaming: Enabled
[2018.01.25-05.14.40:834][  0]LogEngineSessionManager: EngineSessionManager initialized
[2018.01.25-05.14.41:017][  0]LogInit: Transaction tracking system initialized
[2018.01.25-05.14.41:309][  0]BlueprintLog: New page: Editor Load
[2018.01.25-05.14.42:135][  0]LocalizationService: Info Localization service is disabled
[2018.01.25-05.14.42:740][  0]LogConsoleResponse:Display: 
[2018.01.25-05.14.42:909][  0]LogCook:Display: Max memory allowance for cook 16384mb min free memory 0mb
[2018.01.25-05.14.42:909][  0]LogCook:Display: Mobile HDR setting 1
[2018.01.25-05.14.43:736][  0]LogFileCache: Scanning file cache for directory 'E:/Projects/UE4/BoringMachine/Content/' took 0.02s
[2018.01.25-05.14.43:776][  0]SourceControl: Info Source control is disabled
[2018.01.25-05.14.43:776][  0]Cmd: MAP LOAD FILE="../../../Engine/Content/Maps/Templates/Template_Default.umap" TEMPLATE=1 SHOWPROGRESS=1 FEATURELEVEL=3
[2018.01.25-05.14.43:776][  0]LightingResults: New page: Lighting Build
[2018.01.25-05.14.43:813][  0]MapCheck: New page: Map Check
[2018.01.25-05.14.43:813][  0]LightingResults: New page: Lighting Build
[2018.01.25-05.14.43:986][  0]LogAIModule: Creating AISystem for world Untitled_1
[2018.01.25-05.14.43:987][  0]LogActorComponent: RegisterComponentWithWorld: (/Temp/Untitled_1.Untitled_1:PersistentLevel.WorldSettings_1.StaticMeshComponent0) Trying to register component with IsPendingKill() == true. Aborting.
[2018.01.25-05.14.43:990][  0]LogEditorServer: Finished looking for orphan Actors (0.000 secs)
[2018.01.25-05.14.44:003][  0]Cmd: MAP CHECKDEP NOCLEARLOG
[2018.01.25-05.14.44:032][  0]MapCheck: Info Map check complete: 0 Error(s), 0 Warning(s), took 29.126ms to complete.
[2018.01.25-05.14.44:032][  0]LogFileHelpers: Loading map 'Template_Default' took 0.256
[2018.01.25-05.14.44:154][  0]LogCollectionManager: Loaded 0 collections in 0.001137 seconds
[2018.01.25-05.14.44:228][  0]LogFileCache: Scanning file cache for directory 'E:/Projects/UE4/BoringMachine/Saved/Collections/' took 0.01s
[2018.01.25-05.14.44:228][  0]LogFileCache: Scanning file cache for directory 'E:/Projects/UE4/BoringMachine/Content/Developers/Vr1/Collections/' took 0.01s
[2018.01.25-05.14.44:228][  0]LogFileCache: Scanning file cache for directory 'E:/Projects/UE4/BoringMachine/Content/Collections/' took 0.01s
[2018.01.25-05.14.44:228][  0]LogCollectionManager: Rebuilt the GUID cache for 0 collections in 0.000001 seconds
[2018.01.25-05.14.44:237][  0]LogContentBrowser: Native class hierarchy populated in 0.0084 seconds. Added 2338 classes and 487 folders.
[2018.01.25-05.14.44:294][  0]LogContentBrowser: Native class hierarchy updated for 'WidgetCarousel' in 0.0004 seconds. Added 0 classes and 0 folders.
[2018.01.25-05.14.44:323][  0]LogContentBrowser: Native class hierarchy updated for 'AddContentDialog' in 0.0005 seconds. Added 0 classes and 0 folders.
[2018.01.25-05.14.44:361][  0]LogContentBrowser: Native class hierarchy updated for 'SceneOutliner' in 0.0004 seconds. Added 1 classes and 2 folders.
[2018.01.25-05.14.44:393][  0]LogCrashTracker: Crashtracker disabled due to settings.
[2018.01.25-05.14.44:397][  0]LogSlate: Took 0.000119 seconds to synchronously load lazily loaded font '../../../Engine/Content/Slate/Fonts/Roboto-Regular.ttf' (155K)
[2018.01.25-05.14.44:399][  0]LogSlate: Took 0.000147 seconds to synchronously load lazily loaded font '../../../Engine/Content/Slate/Fonts/Roboto-Bold.ttf' (160K)
[2018.01.25-05.14.44:404][  0]LogSlate: Took 0.000228 seconds to synchronously load lazily loaded font '../../../Engine/Content/Editor/Slate/Fonts/FontAwesome.ttf' (139K)
[2018.01.25-05.14.44:507][  0]LogRenderer: Reallocating scene render targets to support 1208x576 NumSamples 1 (Frame:1).
[2018.01.25-05.14.44:613][  0]LogUObjectGlobals:Warning: Failed to find object 'Class None.'
[2018.01.25-05.14.44:673][  0]LogContentBrowser: Native class hierarchy updated for 'HierarchicalLODOutliner' in 0.0005 seconds. Added 1 classes and 2 folders.
[2018.01.25-05.14.44:673][  0]LogLoad: (Engine Initialization) Total time: 14.20 seconds
[2018.01.25-05.14.44:673][  0]LogLoad: (Engine Initialization) Total Blueprint compile time: 0.08 seconds
[2018.01.25-05.14.44:673][  0]LogExternalProfiler: Found external profiler: VSPerf
[2018.01.25-05.14.44:673][  0]LogExternalProfiler: Using external profiler: VSPerf
[2018.01.25-05.14.45:012][  0]LogHMD: Starting GearVRController plugin
[2018.01.25-05.14.45:031][  0]LogContentStreaming: Texture pool size now 1000 MB
[2018.01.25-05.14.45:082][  0]LogSlate: Took 0.000159 seconds to synchronously load lazily loaded font '../../../Engine/Content/Slate/Fonts/Roboto-Light.ttf' (159K)
[2018.01.25-05.14.45:350][  1]LogAssetRegistry: Asset discovery search completed in 9.1433 seconds
[2018.01.25-05.14.45:352][  1]LogCollectionManager: Rebuilt the object cache for 0 collections in 0.000001 seconds (found 0 objects)
[2018.01.25-05.14.45:352][  1]LogCollectionManager: Fixed up redirectors for 0 collections in 0.000032 seconds (updated 0 objects)
[2018.01.25-05.16.15:325][903]Cmd: QUIT_EDITOR
[2018.01.25-05.16.15:346][903]LogExit: Preparing to exit.
[2018.01.25-05.16.15:601][903]LogExit: Editor shut down
[2018.01.25-05.16.15:603][903]LogExit: Transaction tracking system shut down
[2018.01.25-05.16.15:647][903]LogObj: Freed 0b from 0 cluster array pools.
[2018.01.25-05.16.15:647][903]LogExit: Object subsystem successfully closed.
[2018.01.25-05.16.15:667][903]LogD3D11RHI: Shutdown
[2018.01.25-05.16.15:667][903]LogD3D11RHI: CleanupD3DDevice
[2018.01.25-05.16.15:720][903]LogD3D11RHI: ~FD3D11DynamicRHI
[2018.01.25-05.16.15:729][903]LogModuleManager: Shutting down and abandoning module HierarchicalLODOutliner (518)
[2018.01.25-05.16.15:729][903]LogModuleManager: Shutting down and abandoning module CrashTracker (516)
[2018.01.25-05.16.15:729][903]LogModuleManager: Shutting down and abandoning module SceneOutliner (514)
[2018.01.25-05.16.15:729][903]LogModuleManager: Shutting down and abandoning module AddContentDialog (512)
[2018.01.25-05.16.15:729][903]LogDirectoryWatcher: A directory notification for 'C:/Program Files/Epic Games/UE_4.16/FeaturePacks/' was aborted.
[2018.01.25-05.16.15:730][903]LogModuleManager: Shutting down and abandoning module WidgetCarousel (511)
[2018.01.25-05.16.15:730][903]LogModuleManager: Shutting down and abandoning module EditorWidgets (508)
[2018.01.25-05.16.15:730][903]LogModuleManager: Shutting down and abandoning module CollectionManager (506)
[2018.01.25-05.16.15:730][903]LogDirectoryWatcher: A directory notification for 'E:/Projects/UE4/BoringMachine/Content/Collections/' was aborted.
[2018.01.25-05.16.15:730][903]LogDirectoryWatcher: A directory notification for 'E:/Projects/UE4/BoringMachine/Content/Developers/Vr1/Collections/' was aborted.
[2018.01.25-05.16.15:730][903]LogDirectoryWatcher: A directory notification for 'E:/Projects/UE4/BoringMachine/Saved/Collections/' was aborted.
[2018.01.25-05.16.15:730][903]LogModuleManager: Shutting down and abandoning module StatsViewer (504)
[2018.01.25-05.16.15:730][903]LogModuleManager: Shutting down and abandoning module FoliageEdit (502)
[2018.01.25-05.16.15:730][903]LogModuleManager: Shutting down and abandoning module LandscapeEditor (500)
[2018.01.25-05.16.15:731][903]LogModuleManager: Shutting down and abandoning module MeshPaintMode (498)
[2018.01.25-05.16.15:731][903]LogModuleManager: Shutting down and abandoning module SceneDepthPickerMode (496)
[2018.01.25-05.16.15:731][903]LogModuleManager: Shutting down and abandoning module ActorPickerMode (494)
[2018.01.25-05.16.15:731][903]LogModuleManager: Shutting down and abandoning module GeometryMode (492)
[2018.01.25-05.16.15:731][903]LogModuleManager: Shutting down and abandoning module TextureAlignMode (490)
[2018.01.25-05.16.15:731][903]LogModuleManager: Shutting down and abandoning module BspMode (488)
[2018.01.25-05.16.15:731][903]LogModuleManager: Shutting down and abandoning module HardwareSurvey (486)
[2018.01.25-05.16.15:731][903]LogModuleManager: Shutting down and abandoning module SequenceRecorderSections (484)
[2018.01.25-05.16.15:731][903]LogModuleManager: Shutting down and abandoning module AutomationWorker (482)
[2018.01.25-05.16.15:731][903]LogModuleManager: Shutting down and abandoning module MatineeToLevelSequence (480)
[2018.01.25-05.16.15:731][903]LogModuleManager: Shutting down and abandoning module LevelSequenceEditor (478)
[2018.01.25-05.16.15:731][903]LogModuleManager: Shutting down and abandoning module PlacementMode (477)
[2018.01.25-05.16.15:731][903]LogModuleManager: Shutting down and abandoning module WmfMediaFactory (474)
[2018.01.25-05.16.15:731][903]LogModuleManager: Shutting down and abandoning module WmfMediaEditor (472)
[2018.01.25-05.16.15:731][903]LogModuleManager: Shutting down and abandoning module AvfMediaFactory (470)
[2018.01.25-05.16.15:731][903]LogModuleManager: Shutting down and abandoning module AvfMediaEditor (468)
[2018.01.25-05.16.15:731][903]LogModuleManager: Shutting down and abandoning module AndroidMediaFactory (466)
[2018.01.25-05.16.15:731][903]LogModuleManager: Shutting down and abandoning module Media (465)
[2018.01.25-05.16.15:731][903]LogModuleManager: Shutting down and abandoning module AndroidMediaEditor (462)
[2018.01.25-05.16.15:731][903]LogModuleManager: Shutting down and abandoning module CharacterAI (460)
[2018.01.25-05.16.15:731][903]LogModuleManager: Shutting down and abandoning module AudioCapture (458)
[2018.01.25-05.16.15:731][903]LogModuleManager: Shutting down and abandoning module SequenceRecorder (457)
[2018.01.25-05.16.15:731][903]LogModuleManager: Shutting down and abandoning module SmartSnapping (454)
[2018.01.25-05.16.15:731][903]LogModuleManager: Shutting down and abandoning module SessionServices (452)
[2018.01.25-05.16.15:731][903]LogModuleManager: Shutting down and abandoning module ViewportSnapping (450)
[2018.01.25-05.16.15:731][903]LogModuleManager: Shutting down and abandoning module ViewportInteraction (448)
[2018.01.25-05.16.15:731][903]LogModuleManager: Shutting down and abandoning module ClothPainter (446)
[2018.01.25-05.16.15:731][903]LogModuleManager: Shutting down and abandoning module LogVisualizer (444)
[2018.01.25-05.16.15:731][903]LogModuleManager: Shutting down and abandoning module IntroTutorials (442)
[2018.01.25-05.16.15:731][903]LogModuleManager: Shutting down and abandoning module GameProjectGeneration (441)
[2018.01.25-05.16.15:731][903]LogModuleManager: Shutting down and abandoning module EditorLiveStreaming (438)
[2018.01.25-05.16.15:731][903]LogModuleManager: Shutting down and abandoning module IOSPlatformEditor (436)
[2018.01.25-05.16.15:731][903]LogModuleManager: Shutting down and abandoning module HTML5PlatformEditor (434)
[2018.01.25-05.16.15:731][903]LogModuleManager: Shutting down and abandoning module AndroidPlatformEditor (432)
[2018.01.25-05.16.15:731][903]LogModuleManager: Shutting down and abandoning module AndroidDeviceDetection (431)
[2018.01.25-05.16.16:407][903]LogModuleManager: Shutting down and abandoning module IOSRuntimeSettings (428)
[2018.01.25-05.16.16:407][903]LogModuleManager: Shutting down and abandoning module AndroidRuntimeSettings (426)
[2018.01.25-05.16.16:407][903]LogModuleManager: Shutting down and abandoning module InputBindingEditor (424)
[2018.01.25-05.16.16:407][903]LogModuleManager: Shutting down and abandoning module MergeActors (422)
[2018.01.25-05.16.16:407][903]LogModuleManager: Shutting down and abandoning module SizeMap (420)
[2018.01.25-05.16.16:407][903]LogModuleManager: Shutting down and abandoning module TreeMap (418)
[2018.01.25-05.16.16:407][903]LogModuleManager: Shutting down and abandoning module ReferenceViewer (416)
[2018.01.25-05.16.16:407][903]LogModuleManager: Shutting down and abandoning module LocalizationDashboard (414)
[2018.01.25-05.16.16:407][903]LogModuleManager: Shutting down and abandoning module LocalizationService (413)
[2018.01.25-05.16.16:407][903]LogModuleManager: Shutting down and abandoning module HardwareTargeting (410)
[2018.01.25-05.16.16:407][903]LogModuleManager: Shutting down and abandoning module DeviceProfileEditor (408)
[2018.01.25-05.16.16:407][903]LogModuleManager: Shutting down and abandoning module UndoHistory (406)
[2018.01.25-05.16.16:407][903]LogModuleManager: Shutting down and abandoning module UserFeedback (404)
[2018.01.25-05.16.16:407][903]LogModuleManager: Shutting down and abandoning module XmlParser (402)
[2018.01.25-05.16.16:407][903]LogModuleManager: Shutting down and abandoning module Blutility (400)
[2018.01.25-05.16.16:407][903]LogModuleManager: Shutting down and abandoning module ProjectSettingsViewer (398)
[2018.01.25-05.16.16:407][903]LogModuleManager: Shutting down and abandoning module ProjectTargetPlatformEditor (397)
[2018.01.25-05.16.16:407][903]LogModuleManager: Shutting down and abandoning module EditorSettingsViewer (394)
[2018.01.25-05.16.16:407][903]LogModuleManager: Shutting down and abandoning module SettingsEditor (392)
[2018.01.25-05.16.16:407][903]LogModuleManager: Shutting down and abandoning module ProjectLauncher (390)
[2018.01.25-05.16.16:407][903]LogModuleManager: Shutting down and abandoning module SessionFrontend (388)
[2018.01.25-05.16.16:407][903]LogModuleManager: Shutting down and abandoning module ProfilerClient (386)
[2018.01.25-05.16.16:407][903]LogModuleManager: Shutting down and abandoning module DeviceManager (384)
[2018.01.25-05.16.16:407][903]LogModuleManager: Shutting down and abandoning module TargetDeviceServices (383)
[2018.01.25-05.16.16:467][903]LogModuleManager: Shutting down and abandoning module AutomationController (380)
[2018.01.25-05.16.16:467][903]LogModuleManager: Shutting down and abandoning module AutomationWindow (378)
[2018.01.25-05.16.16:467][903]LogModuleManager: Shutting down and abandoning module Layers (376)
[2018.01.25-05.16.16:467][903]LogModuleManager: Shutting down and abandoning module ComponentVisualizers (374)
[2018.01.25-05.16.16:467][903]LogModuleManager: Shutting down and abandoning module DetailCustomizations (372)
[2018.01.25-05.16.16:467][903]LogModuleManager: Shutting down and abandoning module PackagesDialog (370)
[2018.01.25-05.16.16:467][903]LogModuleManager: Shutting down and abandoning module Persona (368)
[2018.01.25-05.16.16:467][903]LogModuleManager: Shutting down and abandoning module AdvancedPreviewScene (367)
[2018.01.25-05.16.16:467][903]LogModuleManager: Shutting down and abandoning module AnimGraph (365)
[2018.01.25-05.16.16:467][903]LogModuleManager: Shutting down and abandoning module Kismet (362)
[2018.01.25-05.16.16:467][903]LogModuleManager: Shutting down and abandoning module ClassViewer (360)
[2018.01.25-05.16.16:467][903]LogModuleManager: Shutting down and abandoning module Toolbox (358)
[2018.01.25-05.16.16:467][903]LogModuleManager: Shutting down and abandoning module ModuleUI (356)
[2018.01.25-05.16.16:467][903]LogModuleManager: Shutting down and abandoning module MovieSceneTools (354)
[2018.01.25-05.16.16:467][903]LogModuleManager: Shutting down and abandoning module OutputLog (352)
[2018.01.25-05.16.16:467][903]LogModuleManager: Shutting down and abandoning module GammaUI (350)
[2018.01.25-05.16.16:467][903]LogModuleManager: Shutting down and abandoning module Documentation (348)
[2018.01.25-05.16.16:467][903]LogModuleManager: Shutting down and abandoning module MovieSceneTracks (346)
[2018.01.25-05.16.16:467][903]LogModuleManager: Shutting down and abandoning module MovieScene (344)
[2018.01.25-05.16.16:467][903]LogModuleManager: Shutting down and abandoning module Niagara (342)
[2018.01.25-05.16.16:467][903]LogModuleManager: Shutting down and abandoning module NiagaraEditor (341)
[2018.01.25-05.16.16:467][903]LogModuleManager: Shutting down and abandoning module StreamingPauseRendering (338)
[2018.01.25-05.16.16:467][903]LogModuleManager: Shutting down and abandoning module AnalyticsET (336)
[2018.01.25-05.16.16:467][903]LogModuleManager: Shutting down and abandoning module PortalServices (334)
[2018.01.25-05.16.16:467][903]LogModuleManager: Shutting down and abandoning module PortalRpc (332)
[2018.01.25-05.16.16:467][903]LogModuleManager: Shutting down and abandoning module MessagingRpc (330)
[2018.01.25-05.16.16:467][903]LogModuleManager: Shutting down and abandoning module AIModule (328)
[2018.01.25-05.16.16:467][903]LogModuleManager: Shutting down and abandoning module GameplayDebugger (327)
[2018.01.25-05.16.16:467][903]LogModuleManager: Shutting down and abandoning module AITestSuite (325)
[2018.01.25-05.16.16:467][903]LogModuleManager: Shutting down and abandoning module ProfilerService (322)
[2018.01.25-05.16.16:603][903]LogModuleManager: Shutting down and abandoning module TaskGraph (320)
[2018.01.25-05.16.16:603][903]LogModuleManager: Shutting down and abandoning module SubstanceEditor (318)
[2018.01.25-05.16.16:603][903]LogModuleManager: Shutting down and abandoning module ProceduralMeshComponentEditor (316)
[2018.01.25-05.16.16:603][903]LogModuleManager: Shutting down and abandoning module ProceduralMeshComponent (314)
[2018.01.25-05.16.16:603][903]LogModuleManager: Shutting down and abandoning module MobilePatchingUtils (312)
[2018.01.25-05.16.16:603][903]LogModuleManager: Shutting down and abandoning module CustomMeshComponent (310)
[2018.01.25-05.16.16:603][903]LogModuleManager: Shutting down and abandoning module CableComponent (308)
[2018.01.25-05.16.16:603][903]LogModuleManager: Shutting down and abandoning module ArchVisCharacter (306)
[2018.01.25-05.16.16:603][903]LogModuleManager: Shutting down and abandoning module AndroidPermission (304)
[2018.01.25-05.16.16:603][903]LogModuleManager: Shutting down and abandoning module MediaPlayerEditor (300)
[2018.01.25-05.16.16:603][903]LogModuleManager: Shutting down and abandoning module HTML5Networking (298)
[2018.01.25-05.16.16:603][903]LogModuleManager: Shutting down and abandoning module AlembicImporter (296)
[2018.01.25-05.16.16:603][903]LogModuleManager: Shutting down and abandoning module AlembicLibrary (295)
[2018.01.25-05.16.16:603][903]LogModuleManager: Shutting down and abandoning module GeometryCache (294)
[2018.01.25-05.16.16:603][903]LogModuleManager: Shutting down and abandoning module GeometryCacheEd (293)
[2018.01.25-05.16.16:603][903]LogModuleManager: Shutting down and abandoning module SuperSearchEditor (288)
[2018.01.25-05.16.16:603][903]LogModuleManager: Shutting down and abandoning module SuperSearch (287)
[2018.01.25-05.16.16:603][903]LogModuleManager: Shutting down and abandoning module SpeedTreeImporter (284)
[2018.01.25-05.16.16:603][903]LogModuleManager: Shutting down and abandoning module PluginBrowser (282)
[2018.01.25-05.16.16:603][903]LogModuleManager: Shutting down and abandoning module MobileLauncherProfileWizard (280)
[2018.01.25-05.16.16:603][903]LogModuleManager: Shutting down and abandoning module VisualStudioSourceCodeAccess (278)
[2018.01.25-05.16.16:603][903]LogModuleManager: Shutting down and abandoning module DesktopPlatform (277)
[2018.01.25-05.16.16:603][903]LogModuleManager: Shutting down and abandoning module UObjectPlugin (274)
[2018.01.25-05.16.16:603][903]LogModuleManager: Shutting down and abandoning module SubversionSourceControl (272)
[2018.01.25-05.16.16:603][903]LogModuleManager: Shutting down and abandoning module PerforceSourceControl (270)
[2018.01.25-05.16.16:603][903]LogModuleManager: Shutting down and abandoning module GitSourceControl (268)
[2018.01.25-05.16.16:603][903]LogModuleManager: Shutting down and abandoning module SourceControl (267)
[2018.01.25-05.16.16:603][903]LogModuleManager: Shutting down and abandoning module LightPropagationVolumeEditor (264)
[2018.01.25-05.16.16:603][903]LogModuleManager: Shutting down and abandoning module PaperTiledImporter (262)
[2018.01.25-05.16.16:603][903]LogModuleManager: Shutting down and abandoning module PaperSpriteSheetImporter (260)
[2018.01.25-05.16.16:603][903]LogModuleManager: Shutting down and abandoning module Paper2DEditor (258)
[2018.01.25-05.16.16:603][903]LogModuleManager: Shutting down and abandoning module MeshPaint (257)
[2018.01.25-05.16.16:603][903]LogModuleManager: Shutting down and abandoning module LevelEditor (255)
[2018.01.25-05.16.16:604][903]LogModuleManager: Shutting down and abandoning module PixelInspectorModule (254)
[2018.01.25-05.16.16:604][903]LogModuleManager: Shutting down and abandoning module MainFrame (252)
[2018.01.25-05.16.16:604][903]LogModuleManager: Shutting down and abandoning module HotReload (251)
[2018.01.25-05.16.16:605][903]LogModuleManager: Shutting down and abandoning module PhysXVehiclesEditor (246)
[2018.01.25-05.16.16:605][903]LogModuleManager: Shutting down and abandoning module PhysXVehicles (244)
[2018.01.25-05.16.16:605][903]LogModuleManager: Shutting down and abandoning module LocationServicesBPLibrary (242)
[2018.01.25-05.16.16:605][903]LogModuleManager: Shutting down and abandoning module ImmediatePhysicsEditor (240)
[2018.01.25-05.16.16:605][903]LogModuleManager: Shutting down and abandoning module ImmediatePhysics (238)
[2018.01.25-05.16.16:605][903]LogModuleManager: Shutting down and abandoning module UdpMessaging (236)
[2018.01.25-05.16.16:705][903]LogModuleManager: Shutting down and abandoning module TcpMessaging (234)
[2018.01.25-05.16.16:805][903]LogModuleManager: Shutting down and abandoning module SubstanceCore (232)
[2018.01.25-05.16.16:805][903]LogModuleManager: Shutting down and abandoning module GameplayTagsEditor (230)
[2018.01.25-05.16.16:805][903]LogModuleManager: Shutting down and abandoning module FacialAnimationEditor (228)
[2018.01.25-05.16.16:805][903]LogModuleManager: Shutting down and abandoning module FacialAnimation (226)
[2018.01.25-05.16.16:805][903]LogModuleManager: Shutting down and abandoning module AssetManagerEditor (224)
[2018.01.25-05.16.16:805][903]LogModuleManager: Shutting down and abandoning module GraphEditor (223)
[2018.01.25-05.16.16:805][903]LogModuleManager: Shutting down and abandoning module ContentBrowser (221)
[2018.01.25-05.16.16:805][903]LogModuleManager: Shutting down and abandoning module LightPropagationVolumeRuntime (218)
[2018.01.25-05.16.16:805][903]LogModuleManager: Shutting down and abandoning module Paper2D (216)
[2018.01.25-05.16.16:805][903]LogModuleManager: Shutting down and abandoning module WindowsMoviePlayer (214)
[2018.01.25-05.16.16:805][903]LogModuleManager: Shutting down and abandoning module WmfMedia (212)
[2018.01.25-05.16.16:809][903]LogModuleManager: Shutting down and abandoning module ClothingSystemEditor (210)
[2018.01.25-05.16.16:809][903]LogModuleManager: Shutting down and abandoning module ClothingSystemRuntime (208)
[2018.01.25-05.16.16:809][903]LogModuleManager: Shutting down and abandoning module MediaAssets (206)
[2018.01.25-05.16.16:809][903]LogModuleManager: Shutting down and abandoning module GameLiveStreaming (204)
[2018.01.25-05.16.16:809][903]LogModuleManager: Shutting down and abandoning module VREditor (202)
[2018.01.25-05.16.16:809][903]LogModuleManager: Shutting down and abandoning module StringTableEditor (200)
[2018.01.25-05.16.16:809][903]LogModuleManager: Shutting down and abandoning module GameplayTasksEditor (198)
[2018.01.25-05.16.16:809][903]LogModuleManager: Shutting down and abandoning module BehaviorTreeEditor (196)
[2018.01.25-05.16.16:809][903]LogModuleManager: Shutting down and abandoning module FunctionalTesting (194)
[2018.01.25-05.16.16:809][903]LogModuleManager: Shutting down and abandoning module CollisionAnalyzer (192)
[2018.01.25-05.16.16:809][903]LogModuleManager: Shutting down and abandoning module UMG (190)
[2018.01.25-05.16.16:809][903]LogModuleManager: Shutting down and abandoning module UMGEditor (189)
[2018.01.25-05.16.16:809][903]LogModuleManager: Shutting down and abandoning module Sequencer (188)
[2018.01.25-05.16.16:809][903]LogModuleManager: Shutting down and abandoning module AssetTools (186)
[2018.01.25-05.16.16:809][903]LogModuleManager: Shutting down and abandoning module MessageLog (185)
[2018.01.25-05.16.16:809][903]LogModuleManager: Shutting down and abandoning module WorkspaceMenuStructure (184)
[2018.01.25-05.16.16:809][903]LogModuleManager: Shutting down and abandoning module SlateReflector (178)
[2018.01.25-05.16.16:809][903]LogModuleManager: Shutting down and abandoning module Slate (176)
[2018.01.25-05.16.16:809][903]LogModuleManager: Shutting down and abandoning module EditorStyle (174)
[2018.01.25-05.16.16:811][903]LogModuleManager: Shutting down and abandoning module SourceCodeAccess (172)
[2018.01.25-05.16.16:811][903]LogModuleManager: Shutting down and abandoning module HeadMountedDisplay (170)
[2018.01.25-05.16.16:811][903]LogModuleManager: Shutting down and abandoning module XAudio2 (168)
[2018.01.25-05.16.16:811][903]LogModuleManager: Shutting down and abandoning module Networking (166)
[2018.01.25-05.16.16:811][903]LogModuleManager: Shutting down and abandoning module Core (162)
[2018.01.25-05.16.16:811][903]LogModuleManager: Shutting down and abandoning module AssetRegistry (160)
[2018.01.25-05.16.16:996][903]LogDirectoryWatcher: A directory notification for '../../../Engine/Content/' was aborted.
[2018.01.25-05.16.16:996][903]LogDirectoryWatcher: A directory notification for 'E:/Projects/UE4/BoringMachine/Content/' was aborted.
[2018.01.25-05.16.16:997][903]LogDirectoryWatcher: A directory notification for '../../../Engine/Plugins/2D/Paper2D/Content/' was aborted.
[2018.01.25-05.16.16:997][903]LogDirectoryWatcher: A directory notification for '../../../Engine/Plugins/Runtime/GearVR/Content/' was aborted.
[2018.01.25-05.16.16:998][903]LogModuleManager: Shutting down and abandoning module DirectoryWatcher (159)
[2018.01.25-05.16.16:999][903]LogModuleManager: Shutting down and abandoning module KismetCompiler (156)
[2018.01.25-05.16.16:999][903]LogModuleManager: Shutting down and abandoning module PhysXFormats (154)
[2018.01.25-05.16.16:999][903]LogModuleManager: Shutting down and abandoning module MeshUtilities (152)
[2018.01.25-05.16.16:999][903]LogModuleManager: Shutting down and abandoning module SimplygonSwarm (151)
[2018.01.25-05.16.16:999][903]LogModuleManager: Shutting down and abandoning module SimplygonMeshReduction (149)
[2018.01.25-05.16.16:999][903]LogModuleManager: Shutting down and abandoning module QuadricMeshReduction (147)
[2018.01.25-05.16.16:999][903]LogModuleManager: Shutting down and abandoning module LevelSequence (144)
[2018.01.25-05.16.16:999][903]LogModuleManager: Shutting down and abandoning module DerivedDataCache (142)
[2018.01.25-05.16.17:078][903]LogDerivedDataCache: Shutdown
[2018.01.25-05.16.17:078][903]LogModuleManager: Shutting down and abandoning module TargetPlatform (140)
[2018.01.25-05.16.17:078][903]LogModuleManager: Shutting down and abandoning module VulkanShaderFormat (139)
[2018.01.25-05.16.17:078][903]LogModuleManager: Shutting down and abandoning module ShaderFormatVectorVM (137)
[2018.01.25-05.16.17:078][903]LogModuleManager: Shutting down and abandoning module ShaderFormatOpenGL (135)
[2018.01.25-05.16.17:079][903]LogModuleManager: Shutting down and abandoning module ShaderFormatD3D (133)
[2018.01.25-05.16.17:079][903]LogModuleManager: Shutting down and abandoning module MetalShaderFormat (131)
[2018.01.25-05.16.17:079][903]LogModuleManager: Shutting down and abandoning module TextureFormatUncompressed (129)
[2018.01.25-05.16.17:079][903]LogModuleManager: Shutting down and abandoning module TextureFormatPVR (127)
[2018.01.25-05.16.17:079][903]LogModuleManager: Shutting down and abandoning module TextureFormatDXT (125)
[2018.01.25-05.16.17:079][903]LogModuleManager: Shutting down and abandoning module TextureFormatIntelISPCTexComp (123)
[2018.01.25-05.16.17:079][903]LogModuleManager: Shutting down and abandoning module TextureFormatASTC (121)
[2018.01.25-05.16.17:079][903]LogModuleManager: Shutting down and abandoning module ImageWrapper (120)
[2018.01.25-05.16.17:079][903]LogModuleManager: Shutting down and abandoning module TextureFormatAndroid (117)
[2018.01.25-05.16.17:079][903]LogModuleManager: Shutting down and abandoning module AudioFormatOpus (115)
[2018.01.25-05.16.17:079][903]LogModuleManager: Shutting down and abandoning module AudioFormatOgg (113)
[2018.01.25-05.16.17:079][903]LogModuleManager: Shutting down and abandoning module AudioFormatADPCM (111)
[2018.01.25-05.16.17:079][903]LogModuleManager: Shutting down and abandoning module LinuxTargetPlatform (109)
[2018.01.25-05.16.17:079][903]LogModuleManager: Shutting down and abandoning module LinuxServerTargetPlatform (107)
[2018.01.25-05.16.17:079][903]LogModuleManager: Shutting down and abandoning module LinuxNoEditorTargetPlatform (105)
[2018.01.25-05.16.17:079][903]LogModuleManager: Shutting down and abandoning module LinuxClientTargetPlatform (103)
[2018.01.25-05.16.17:079][903]LogModuleManager: Shutting down and abandoning module TVOSTargetPlatform (101)
[2018.01.25-05.16.17:079][903]LogModuleManager: Shutting down and abandoning module Messaging (99)
[2018.01.25-05.16.17:079][903]LogModuleManager: Shutting down and abandoning module IOSTargetPlatform (97)
[2018.01.25-05.16.17:079][903]LogModuleManager: Shutting down and abandoning module HTML5TargetPlatform (95)
[2018.01.25-05.16.17:079][903]LogModuleManager: Shutting down and abandoning module Android_PVRTCTargetPlatform (93)
[2018.01.25-05.16.17:079][903]LogModuleManager: Shutting down and abandoning module Android_MultiTargetPlatform (91)
[2018.01.25-05.16.17:079][903]LogModuleManager: Shutting down and abandoning module Android_ETC2TargetPlatform (89)
[2018.01.25-05.16.17:079][903]LogModuleManager: Shutting down and abandoning module Android_ETC1TargetPlatform (87)
[2018.01.25-05.16.17:079][903]LogModuleManager: Shutting down and abandoning module Android_DXTTargetPlatform (85)
[2018.01.25-05.16.17:079][903]LogModuleManager: Shutting down and abandoning module Android_ATCTargetPlatform (83)
[2018.01.25-05.16.17:079][903]LogModuleManager: Shutting down and abandoning module Android_ASTCTargetPlatform (81)
[2018.01.25-05.16.17:079][903]LogModuleManager: Shutting down and abandoning module AndroidTargetPlatform (79)
[2018.01.25-05.16.17:079][903]LogModuleManager: Shutting down and abandoning module WindowsTargetPlatform (77)
[2018.01.25-05.16.17:079][903]LogModuleManager: Shutting down and abandoning module WindowsServerTargetPlatform (75)
[2018.01.25-05.16.17:079][903]LogModuleManager: Shutting down and abandoning module WindowsNoEditorTargetPlatform (73)
[2018.01.25-05.16.17:079][903]LogModuleManager: Shutting down and abandoning module WindowsClientTargetPlatform (71)
[2018.01.25-05.16.17:079][903]LogModuleManager: Shutting down and abandoning module MacTargetPlatform (69)
[2018.01.25-05.16.17:079][903]LogModuleManager: Shutting down and abandoning module MacServerTargetPlatform (67)
[2018.01.25-05.16.17:079][903]LogModuleManager: Shutting down and abandoning module MacNoEditorTargetPlatform (65)
[2018.01.25-05.16.17:079][903]LogModuleManager: Shutting down and abandoning module MacClientTargetPlatform (63)
[2018.01.25-05.16.17:079][903]LogModuleManager: Shutting down and abandoning module AllDesktopTargetPlatform (61)
[2018.01.25-05.16.17:079][903]LogModuleManager: Shutting down and abandoning module InputCore (58)
[2018.01.25-05.16.17:079][903]LogModuleManager: Shutting down and abandoning module Settings (56)
[2018.01.25-05.16.17:079][903]LogModuleManager: Shutting down and abandoning module GearVRController (54)
[2018.01.25-05.16.17:079][903]LogModuleManager: Shutting down and abandoning module GearVR (52)
[2018.01.25-05.16.17:079][903]LogModuleManager: Shutting down and abandoning module ExampleDeviceProfileSelector (50)
[2018.01.25-05.16.17:079][903]LogModuleManager: Shutting down and abandoning module OnlineBlueprintSupport (48)
[2018.01.25-05.16.17:079][903]LogModuleManager: Shutting down and abandoning module OnlineSubsystem (44)
[2018.01.25-05.16.17:079][903]LogOnline:Display: Unloading online subsystem: NULL
[2018.01.25-05.16.17:079][903]LogModuleManager: Shutting down and abandoning module XMPP (43)
[2018.01.25-05.16.17:079][903]LogModuleManager: Shutting down and abandoning module HTTP (41)
[2018.01.25-05.16.17:079][903]LogHttp:Display: Http module shutting down, but needs to wait on 1 outstanding Http requests:
[2018.01.25-05.16.17:079][903]LogHttp:Display: 	verb=[POST] url=[https://datarouter.ol.epicgames.com/datarouter/api/v1/public/data?SessionID=%7B8BCF9DF3-4318-CF3D-BBB9-F5B02A907AD1%7D&AppID=UEEditor.Rocket.Release&AppVersion=4.16.3-3561208%2B%2B%2BUE4%2BRelease-4.16&UserID=871bc2ea4251745466dd20a3a7c75c13%7C17b9900037344c10b9b9506380a9cbb5%7C5bfdc309-bfdd-4641-a80f-cdc1840afaf6&AppEnvironment=datacollector-binary&UploadType=eteventstream] status=Processing
[2018.01.25-05.16.17:092][903]LogModuleManager: Shutting down and abandoning module SSL (40)
[2018.01.25-05.16.17:093][903]LogModuleManager: Shutting down and abandoning module HTTPChunkInstaller (36)
[2018.01.25-05.16.17:093][903]LogModuleManager: Shutting down and abandoning module AnimationModifiers (34)
[2018.01.25-05.16.17:093][903]LogModuleManager: Shutting down and abandoning module PropertyEditor (33)
[2018.01.25-05.16.17:093][903]LogModuleManager: Shutting down and abandoning module AudioEditor (30)
[2018.01.25-05.16.17:093][903]LogModuleManager: Shutting down and abandoning module TextureCompressor (28)
[2018.01.25-05.16.17:093][903]LogModuleManager: Shutting down and abandoning module ShaderCore (26)
[2018.01.25-05.16.17:093][903]LogModuleManager: Shutting down and abandoning module Landscape (24)
[2018.01.25-05.16.17:093][903]LogModuleManager: Shutting down and abandoning module SlateRHIRenderer (22)
[2018.01.25-05.16.17:094][903]LogModuleManager: Shutting down and abandoning module OpenGLDrv (20)
[2018.01.25-05.16.17:094][903]LogModuleManager: Shutting down and abandoning module D3D11RHI (18)
[2018.01.25-05.16.17:094][903]LogModuleManager: Shutting down and abandoning module AnimGraphRuntime (16)
[2018.01.25-05.16.17:094][903]LogModuleManager: Shutting down and abandoning module Renderer (14)
[2018.01.25-05.16.17:094][903]LogModuleManager: Shutting down and abandoning module Engine (12)
[2018.01.25-05.16.17:094][903]LogModuleManager: Shutting down and abandoning module CoreUObject (10)
[2018.01.25-05.16.17:094][903]LogModuleManager: Shutting down and abandoning module NetworkFile (8)
[2018.01.25-05.16.17:094][903]LogModuleManager: Shutting down and abandoning module StreamingFile (6)
[2018.01.25-05.16.17:094][903]LogModuleManager: Shutting down and abandoning module SandboxFile (4)
[2018.01.25-05.16.17:094][903]LogModuleManager: Shutting down and abandoning module PakFile (2)
[2018.01.25-05.16.17:095][903]LogExit: Exiting.
[2018.01.25-05.16.17:104][903]Log file closed, 01/25/18 13:16:17
