Log file open, 01/17/18 14:03:37
LogInit:Display: Running engine for game: BoringMachine
LogPlatformFile: Not using cached read wrapper
LogInit:Display: RandInit(-1953489003) SRandInit(-1953489003).
LogTaskGraph: Started task graph with 5 named threads and 8 total threads with 1 sets of task threads.
LogStats: Stats thread started at 0.115564
LogInit: Using libcurl 7.47.1
LogInit:  - built for x86_64-pc-win32
LogInit:  - supports SSL with OpenSSL/1.0.2g
LogInit:  - supports HTTP deflate (compression) using libz 1.2.8
LogInit:  - other features:
LogInit:      CURL_VERSION_SSL
LogInit:      CURL_VERSION_LIBZ
LogInit:      CURL_VERSION_IPV6
LogInit:      CURL_VERSION_ASYNCHDNS
LogInit:      CURL_VERSION_LARGEFILE
LogInit:      CURL_VERSION_IDN
LogInit:  CurlRequestOptions (configurable via config and command line):
LogInit:  - bVerifyPeer = false  - Libcurl will NOT verify peer certificate
LogInit:  - bUseHttpProxy = true  - Libcurl will use HTTP proxy
LogInit:  - HttpProxyAddress = '127.0.0.1:60034'
LogInit:  - bDontReuseConnections = false  - Libcurl will reuse connections
LogInit:  - CertBundlePath = nullptr  - Libcurl will use whatever was configured at build time.
OCULUS: Info: [CAPI] LibOVR module is located at C:\Program Files\Oculus\Support\oculus-runtime\LibOVRRT64_1.dll
OCULUS: Debug: Connected to the server running version (prod = 1).1.20.0(build = 501061) feature version = 0. Client runs version (prod = 1).1.20.0(build = 501061) feature version = 0
LogHMD: GearVR: Emulating GearVR using Oculus Rift!
LogInit: Build: ++UE4+Release-4.16-CL-3561208
LogInit: Engine Version: 4.16.3-3561208+++UE4+Release-4.16
LogInit: Compatible Engine Version: 4.16.0-3452394+++UE4+Release-4.16
LogInit: Net CL: 3452394
LogDevObjectVersion: Number of dev versions registered: 16
LogDevObjectVersion:   Dev-Blueprints (B0D832E4-1F89-4F0D-ACCF-7EB736FD4AA2): 9
LogDevObjectVersion:   Dev-Build (E1C64328-A22C-4D53-A36C-8E866417BD8C): 0
LogDevObjectVersion:   Dev-Core (375EC13C-06E4-48FB-B500-84F0262A717E): 2
LogDevObjectVersion:   Dev-Editor (E4B068ED-F494-42E9-A231-DA0B2E46BB41): 17
LogDevObjectVersion:   Dev-Framework (CFFC743F-43B0-4480-9391-14DF171D2073): 23
LogDevObjectVersion:   Dev-Mobile (B02B49B5-BB20-44E9-A304-32B752E40360): 0
LogDevObjectVersion:   Dev-Networking (A4E4105C-59A1-49B5-A7C5-40C4547EDFEE): 0
LogDevObjectVersion:   Dev-Online (39C831C9-5AE6-47DC-9A44-9C173E1C8E7C): 0
LogDevObjectVersion:   Dev-Physics (78F01B33-EBEA-4F98-B9B4-84EACCB95AA2): 0
LogDevObjectVersion:   Dev-Platform (6631380F-2D4D-43E0-8009-CF276956A95A): 0
LogDevObjectVersion:   Dev-Rendering (12F88B9F-8875-4AFC-A67C-D90C383ABD29): 15
LogDevObjectVersion:   Dev-Sequencer (7B5AE74C-D270-4C10-A958-57980B212A5A): 4
LogDevObjectVersion:   Dev-VR (D7296918-1DD6-4BDD-9DE2-64A83CC13884): 0
LogDevObjectVersion:   Dev-LoadTimes (C2A15278-BFE7-4AFE-6C17-90FF531DF755): 1
LogDevObjectVersion:   Private-Geometry (6EACA3D4-40EC-4CC1-B786-8BED09428FC5): 1
LogDevObjectVersion:   Dev-AnimPhys (29E575DD-E0A3-4627-9D10-D276232CDCEA): 3
LogInit: Compiled (64-bit): Jul 28 2017 11:49:47
LogInit: Compiled with Visual C++: 19.00.24215.01
LogInit: Build Configuration: Development
LogInit: Branch Name: ++UE4+Release-4.16
LogInit: Command line: 
LogInit: Base directory: D:/UE4_Version/UE_4.16/Engine/Binaries/Win64/
LogInit: Installed Engine Build: 1
LogInit: Presizing for max 8388607 objects, including 0 objects not considered by GC, pre-allocating 0 bytes for permanent pool.
LogInit: Object subsystem initialized
[2018.01.17-06.03.39:061][  0]LogInit: Selected Device Profile: [Windows]
[2018.01.17-06.03.39:061][  0]LogInit: Applying CVar settings loaded from the selected device profile: [Windows]
[2018.01.17-06.03.39:069][  0]LogInit: Computer: DESKTOP-B7IJ9EN
[2018.01.17-06.03.39:069][  0]LogInit: User: Liuxiang
[2018.01.17-06.03.39:069][  0]LogInit: CPU Page size=4096, Cores=4
[2018.01.17-06.03.39:069][  0]LogInit: High frequency timer resolution =2.835940 MHz
[2018.01.17-06.03.39:069][  0]LogMemory: Memory total: Physical=31.9GB (32GB approx)
[2018.01.17-06.03.39:069][  0]LogMemory: Platform Memory Stats for Windows
[2018.01.17-06.03.39:069][  0]LogMemory: Process Physical Memory: 278.26 MB used, 278.26 MB peak
[2018.01.17-06.03.39:069][  0]LogMemory: Process Virtual Memory: 266.64 MB used, 266.64 MB peak
[2018.01.17-06.03.39:069][  0]LogMemory: Physical Memory: 7353.74 MB used,  25283.66 MB free, 32637.40 MB total
[2018.01.17-06.03.39:069][  0]LogMemory: Virtual Memory: 715.85 MB used,  25283.66 MB free, 134217728.00 MB total
[2018.01.17-06.03.39:688][  0]LogInit: Using OS detected language (zh-CN).
[2018.01.17-06.03.39:688][  0]LogInit: Using OS detected locale (zh-CN).
[2018.01.17-06.03.40:645][  0]LogD3D11RHI: D3D11 adapters:
[2018.01.17-06.03.40:701][  0]LogD3D11RHI:    0. 'NVIDIA GeForce GTX 1070' (Feature Level 11_0)
[2018.01.17-06.03.40:701][  0]LogD3D11RHI:       8074/0/16318 MB DedicatedVideo/DedicatedSystem/SharedSystem, Outputs:1, VendorId:0x10de
[2018.01.17-06.03.40:729][  0]LogD3D11RHI:    1. 'Intel(R) HD Graphics 630' (Feature Level 11_0)
[2018.01.17-06.03.40:729][  0]LogD3D11RHI:       128/0/16318 MB DedicatedVideo/DedicatedSystem/SharedSystem, Outputs:0, VendorId:0x8086
[2018.01.17-06.03.40:733][  0]LogD3D11RHI:    2. 'Microsoft Basic Render Driver' (Feature Level 11_0)
[2018.01.17-06.03.40:733][  0]LogD3D11RHI:       0/0/16318 MB DedicatedVideo/DedicatedSystem/SharedSystem, Outputs:0, VendorId:0x1414
[2018.01.17-06.03.40:733][  0]LogD3D11RHI: Chosen D3D11 Adapter: 0
[2018.01.17-06.03.40:744][  0]LogD3D11RHI: Creating new Direct3DDevice
[2018.01.17-06.03.40:744][  0]LogD3D11RHI:     GPU DeviceId: 0x1ba1 (for the marketing name, search the web for "GPU Device Id")
[2018.01.17-06.03.40:744][  0]LogWindows: EnumDisplayDevices:
[2018.01.17-06.03.40:744][  0]LogWindows:    0. 'NVIDIA GeForce GTX 1070' (P:1 D:1)
[2018.01.17-06.03.40:744][  0]LogWindows:    1. 'NVIDIA GeForce GTX 1070' (P:0 D:0)
[2018.01.17-06.03.40:744][  0]LogWindows:    2. 'NVIDIA GeForce GTX 1070' (P:0 D:0)
[2018.01.17-06.03.40:744][  0]LogWindows:    3. 'NVIDIA GeForce GTX 1070' (P:0 D:0)
[2018.01.17-06.03.40:744][  0]LogWindows:    4. 'Intel(R) HD Graphics 630' (P:0 D:0)
[2018.01.17-06.03.40:745][  0]LogWindows:    5. 'Intel(R) HD Graphics 630' (P:0 D:0)
[2018.01.17-06.03.40:745][  0]LogWindows:    6. 'Intel(R) HD Graphics 630' (P:0 D:0)
[2018.01.17-06.03.40:745][  0]LogWindows: DebugString: GetVideoDriverDetailsInvalid PrimaryIsNotTheChoosenAdapter GetVideoDriverDetailsInvalid PrimaryIsNotTheChoosenAdapter GetVideoDriverDetailsInvalid PrimaryIsNotTheChoosenAdapter GetVideoDriverDetailsInvalid PrimaryIsNotTheChoosenAdapter GetVideoDriverDetailsInvalid PrimaryIsNotTheChoosenAdapter GetVideoDriverDetailsInvalid PrimaryIsNotTheChoosenAdapter GetVideoDriverDetailsInvalid PrimaryIsNotTheChoosenAdapter FoundDriverCount:0 
[2018.01.17-06.03.40:745][  0]LogD3D11RHI:     Adapter Name: NVIDIA GeForce GTX 1070
[2018.01.17-06.03.40:745][  0]LogD3D11RHI:   Driver Version: Unknown (internal:Unknown, unified:Unknown)
[2018.01.17-06.03.40:745][  0]LogD3D11RHI:      Driver Date: Unknown
[2018.01.17-06.03.40:745][  0]LogRHI: Texture pool is 1361 MB (70% of 1945 MB)
[2018.01.17-06.03.40:784][  0]LogD3D11RHI: Async texture creation enabled
[2018.01.17-06.03.40:798][  0]LogD3D11RHI: GPU Timing Frequency: 1000.000000 (Debug: 2 1)
[2018.01.17-06.03.40:843][  0]LogShaderCompilers: Guid format shader working directory is 4 characters bigger than the processId version (../../../../../UE4_Project/TEST/BoringMachine/Intermediate/Shaders/WorkingDirectory/7796/).
[2018.01.17-06.03.40:844][  0]LogShaderCompilers: Cleaned the shader compiler working directory 'C:/Users/Liuxiang/AppData/Local/Temp/UnrealShaderWorkingDir/FB77C18246384B6D5B23F099D66A657B/'.
[2018.01.17-06.03.40:844][  0]LogShaderCompilers:Display: Using Local Shader Compiler.
[2018.01.17-06.03.42:019][  0]LogTemp:Display: Loaded TP AllDesktopTargetPlatform
[2018.01.17-06.03.42:071][  0]LogTemp:Display: Loaded TP MacClientTargetPlatform
[2018.01.17-06.03.42:132][  0]LogTemp:Display: Loaded TP MacNoEditorTargetPlatform
[2018.01.17-06.03.42:190][  0]LogTemp:Display: Loaded TP MacServerTargetPlatform
[2018.01.17-06.03.42:249][  0]LogTemp:Display: Loaded TP MacTargetPlatform
[2018.01.17-06.03.42:303][  0]LogTemp:Display: Loaded TP WindowsClientTargetPlatform
[2018.01.17-06.03.42:374][  0]LogTemp:Display: Loaded TP WindowsNoEditorTargetPlatform
[2018.01.17-06.03.42:430][  0]LogTemp:Display: Loaded TP WindowsServerTargetPlatform
[2018.01.17-06.03.42:485][  0]LogTemp:Display: Loaded TP WindowsTargetPlatform
[2018.01.17-06.03.42:555][  0]LogTemp:Display: Loaded TP AndroidTargetPlatform
[2018.01.17-06.03.42:615][  0]LogTemp:Display: Loaded TP Android_ASTCTargetPlatform
[2018.01.17-06.03.42:666][  0]LogTemp:Display: Loaded TP Android_ATCTargetPlatform
[2018.01.17-06.03.42:719][  0]LogTemp:Display: Loaded TP Android_DXTTargetPlatform
[2018.01.17-06.03.42:771][  0]LogTemp:Display: Loaded TP Android_ETC1TargetPlatform
[2018.01.17-06.03.42:822][  0]LogTemp:Display: Loaded TP Android_ETC2TargetPlatform
[2018.01.17-06.03.42:928][  0]LogTemp:Display: Loaded TP Android_MultiTargetPlatform
[2018.01.17-06.03.42:928][  0]LogTemp:Display: Loaded TP Android_PVRTCTargetPlatform
[2018.01.17-06.03.42:973][  0]LogTemp:Display: Loaded TP HTML5TargetPlatform
[2018.01.17-06.03.43:074][  0]LogTemp:Display: Loaded TP IOSTargetPlatform
[2018.01.17-06.03.43:103][  0]LogTemp:Display: Loaded TP TVOSTargetPlatform
[2018.01.17-06.03.43:164][  0]LogTemp:Display: Loaded TP LinuxClientTargetPlatform
[2018.01.17-06.03.43:218][  0]LogTemp:Display: Loaded TP LinuxNoEditorTargetPlatform
[2018.01.17-06.03.43:279][  0]LogTemp:Display: Loaded TP LinuxServerTargetPlatform
[2018.01.17-06.03.43:334][  0]LogTemp:Display: Loaded TP LinuxTargetPlatform
[2018.01.17-06.03.43:334][  0]LogTargetPlatformManager:Display: Building Assets For Windows
[2018.01.17-06.03.43:834][  0]LogDerivedDataCache:Display: Max Cache Size: 512 MB
[2018.01.17-06.03.43:927][  0]LogDerivedDataCache: Loaded boot cache 0.09s 90MB C:/Users/Liuxiang/AppData/Local/UnrealEngine/4.16/DerivedDataCache/Boot.ddc.
[2018.01.17-06.03.43:927][  0]LogDerivedDataCache:Display: Loaded Boot cache: C:/Users/Liuxiang/AppData/Local/UnrealEngine/4.16/DerivedDataCache/Boot.ddc
[2018.01.17-06.03.43:927][  0]LogDerivedDataCache: FDerivedDataBackendGraph:  Pak pak cache file ../../../../../UE4_Project/TEST/BoringMachine/DerivedDataCache/DDC.ddp not found, will not use a pak cache.
[2018.01.17-06.03.43:927][  0]LogDerivedDataCache: Unable to find inner node Pak for hierarchical cache Hierarchy.
[2018.01.17-06.03.43:927][  0]LogDerivedDataCache: FDerivedDataBackendGraph:  CompressedPak pak cache file ../../../../../UE4_Project/TEST/BoringMachine/DerivedDataCache/Compressed.ddp not found, will not use a pak cache.
[2018.01.17-06.03.43:927][  0]LogDerivedDataCache: Unable to find inner node CompressedPak for hierarchical cache Hierarchy.
[2018.01.17-06.03.43:944][  0]LogDerivedDataCache:Display: Pak cache opened for reading ../../../Engine/DerivedDataCache/Compressed.ddp.
[2018.01.17-06.03.43:957][  0]LogDerivedDataCache: Using Local data cache path C:/Users/Liuxiang/AppData/Local/UnrealEngine/Common/DerivedDataCache: Writable
[2018.01.17-06.03.43:967][  0]LogMaterial: Verifying Global Shaders for PCD3D_SM5
[2018.01.17-06.03.43:968][  0]LogSlate: Using Freetype 2.6.0
[2018.01.17-06.03.43:968][  0]LogSlate: SlateFontCache - WITH_FREETYPE: 1, WITH_HARFBUZZ: 1
[2018.01.17-06.03.43:968][  0]LogSlate: SlateFontCache - WITH_FREETYPE: 1, WITH_HARFBUZZ: 1
[2018.01.17-06.03.44:346][  0]LogInit: Selected Device Profile: [Windows]
[2018.01.17-06.03.44:417][  0]LogContentStreaming: Texture pool size is 0.00 MB
[2018.01.17-06.03.44:596][  0]LogMeshUtilities: Using QuadricMeshReduction for automatic static mesh reduction
[2018.01.17-06.03.44:641][  0]LogSimplygon: Simplygon DLL not present - disabling.
[2018.01.17-06.03.44:695][  0]LogMeshUtilities: Using SimplygonSwarm for distributed automatic mesh merging
[2018.01.17-06.03.44:695][  0]LogMeshUtilities: No automatic skeletal mesh reduction module available
[2018.01.17-06.03.44:695][  0]LogMeshUtilities: No automatic mesh merging module available
[2018.01.17-06.03.45:294][  0]LogNetVersion: BoringMachine , NetCL: 3452394, EngineNetVer: 2, GameNetVer: 0 (Checksum: 1412956445)
[2018.01.17-06.03.45:356][  0]LogAssetRegistry: FAssetRegistry took 0.0249 seconds to start up
[2018.01.17-06.03.45:461][  0]LogPackageLocalizationCache: Processed 4 localized package path(s) for 4 prioritized culture(s) in 0.077909 seconds
[2018.01.17-06.03.45:466][  0]LogUObjectArray: 34195 objects as part of root set at end of initial load.
[2018.01.17-06.03.45:466][  0]LogUObjectAllocator: 7260640 out of 0 bytes used by permanent object pool.
[2018.01.17-06.03.45:466][  0]LogUObjectArray: CloseDisregardForGC: 0/0 objects in disregard for GC pool
[2018.01.17-06.03.45:523][  0]LogInit: WinSock: version 1.1 (2.2), MaxSocks=32767, MaxUdp=65467
[2018.01.17-06.03.48:425][  0]LogSubstanceCoreModule: Substance [CPU] Engine Loaded, Max Texture Size = 2048
[2018.01.17-06.03.48:467][  0]LogTcpMessaging: Initializing TcpMessaging bridge
[2018.01.17-06.03.48:511][  0]LogUdpMessaging: Initializing bridge on interface 0.0.0.0:0 to multicast group 230.0.0.1:6666.
[2018.01.17-06.03.49:137][  0]LogMaterial: Uniform references updated for custom material expression Custom.
[2018.01.17-06.03.49:612][  0]SourceControl: 信息 源码控制已禁用
[2018.01.17-06.03.49:616][  0]SourceControl: 信息 源码控制已禁用
[2018.01.17-06.03.49:675][  0]SourceControl: 信息 源码控制已禁用
[2018.01.17-06.03.49:734][  0]SourceControl: 信息 源码控制已禁用
[2018.01.17-06.03.50:525][  0]LogAndroidPermission: UAndroidPermissionCallbackProxy::GetInstance
[2018.01.17-06.03.51:291][  0]LogEngine: Initializing Engine...
[2018.01.17-06.03.51:308][  0]LogHMD: Oculus plugin initialized. Version: 4.16.3-3561208+++UE4+Release-4.16, LibOVR: 1.20.0, SDK: 1.12.0, built Jul 28 2017, 11:57:22
[2018.01.17-06.03.51:528][  0]LogStats: UGameplayTagsManager::ConstructGameplayTagTree: Construct from data asset -  0.000 s
[2018.01.17-06.03.51:528][  0]LogStats: UGameplayTagsManager::ConstructGameplayTagTree: GameplayTagTreeChangedEvent.Broadcast -  0.000 s
[2018.01.17-06.03.51:671][  0]LogAIModule: Creating AISystem for world Untitled
[2018.01.17-06.03.51:694][  0]LogInit: XAudio2 using '扬声器/听筒 (Realtek Audio)' : 6 channels at 48 kHz using 32 bits per sample (channel mask 0x3f)
[2018.01.17-06.03.51:910][  0]LogInit: FAudioDevice initialized.
[2018.01.17-06.03.51:960][  0]LogDerivedDataCache: Saved boot cache 0.05s 90MB C:/Users/Liuxiang/AppData/Local/UnrealEngine/4.16/DerivedDataCache/Boot.ddc.
[2018.01.17-06.03.51:965][  0]LogInit: Texture streaming: Enabled
[2018.01.17-06.03.52:061][  0]LogEngineSessionManager: EngineSessionManager initialized
[2018.01.17-06.03.52:330][  0]LogInit: Transaction tracking system initialized
[2018.01.17-06.03.52:685][  0]BlueprintLog: New page: 编辑器加载
[2018.01.17-06.03.53:772][  0]LocalizationService: 信息 本地化服务已被禁用
[2018.01.17-06.03.54:621][  0]LogConsoleResponse:Display: 
[2018.01.17-06.03.54:806][  0]LogCook:Display: Max memory allowance for cook 16384mb min free memory 0mb
[2018.01.17-06.03.54:807][  0]LogCook:Display: Mobile HDR setting 1
[2018.01.17-06.03.55:929][  0]LogFileCache: Scanning file cache for directory 'D:/UE4_Project/TEST/BoringMachine/Content/' took 0.02s
[2018.01.17-06.03.55:980][  0]SourceControl: 信息 源码控制已禁用
[2018.01.17-06.03.55:980][  0]Cmd: MAP LOAD FILE="../../../Engine/Content/Maps/Templates/Template_Default.umap" TEMPLATE=1 SHOWPROGRESS=1 FEATURELEVEL=3
[2018.01.17-06.03.55:981][  0]LightingResults: New page: 光照构建
[2018.01.17-06.03.56:025][  0]MapCheck: New page: 地图检测
[2018.01.17-06.03.56:025][  0]LightingResults: New page: 光照构建
[2018.01.17-06.03.56:073][  0]LogLinker:Warning: 无法寻找到文件'/Game/TRT/FYTRT_1102/M/lambert58'
[2018.01.17-06.03.56:073][  0]LogLinker:Warning: 无法在加载../../../Engine/Content/EngineSky/BP_Sky_Sphere.uasset时寻找到资源'/Game/TRT/FYTRT_1102/M/lambert58'的文件。
[2018.01.17-06.03.56:073][  0]LoadErrors:Error: 错误 /Engine/EngineSky/BP_Sky_Sphere : 无法寻找到资源的文件。 /Game/TRT/FYTRT_1102/M/lambert58
[2018.01.17-06.03.56:075][  0]LogLinker:Warning: 无法寻找到文件'/Game/TRT/FYTRT_1102/M/lambert58'
[2018.01.17-06.03.56:075][  0]LogLinker:Warning: 无法在加载../../../Engine/Content/EngineSky/BP_Sky_Sphere.uasset时寻找到资源'/Game/TRT/FYTRT_1102/M/lambert58'的文件。
[2018.01.17-06.03.56:075][  0]LoadErrors:Error: 错误 /Engine/EngineSky/BP_Sky_Sphere : 无法寻找到资源的文件。 /Game/TRT/FYTRT_1102/M/lambert58
[2018.01.17-06.03.56:080][  0]LogLinker:Warning: 无法寻找到文件'/Game/TRT/FYTRT_1102/M/lambert58'
[2018.01.17-06.03.56:080][  0]LogLinker:Warning: 无法在加载../../../Engine/Content/Maps/Templates/Template_Default.umap时寻找到资源'/Game/TRT/FYTRT_1102/M/lambert58'的文件。
[2018.01.17-06.03.56:080][  0]LoadErrors:Error: 错误 /Engine/Maps/Templates/Template_Default : 无法寻找到资源的文件。 /Game/TRT/FYTRT_1102/M/lambert58
[2018.01.17-06.03.56:080][  0]LogLinker:Warning: 无法寻找到文件'/Game/TRT/FYTRT_1102/M/lambert58'
[2018.01.17-06.03.56:080][  0]LogLinker:Warning: 无法在加载../../../Engine/Content/Maps/Templates/Template_Default.umap时寻找到资源'/Game/TRT/FYTRT_1102/M/lambert58'的文件。
[2018.01.17-06.03.56:080][  0]LoadErrors:Error: 错误 /Engine/Maps/Templates/Template_Default : 无法寻找到资源的文件。 /Game/TRT/FYTRT_1102/M/lambert58
[2018.01.17-06.03.56:089][  0]LogLinker:Warning: 无法寻找到文件'/Game/TRT/FYTRT_1102/M/lambert58'
[2018.01.17-06.03.56:089][  0]LoadErrors: 信息 加载失败 /Game/TRT/FYTRT_1102/M/lambert58.lambert58 引用者 StaticMeshComponent_12
[2018.01.17-06.03.56:089][  0]LogLinker:Warning: 无法在加载../../../Engine/Content/Maps/Templates/Template_Default.umap时寻找到资源'/Game/TRT/FYTRT_1102/M/lambert58'的文件。
[2018.01.17-06.03.56:089][  0]LoadErrors: 信息 加载失败 /Game/TRT/FYTRT_1102/M/lambert58.lambert58 引用者 StaticMeshComponent_12
[2018.01.17-06.03.56:089][  0]LoadErrors:Error: 错误 /Engine/Maps/Templates/Template_Default : 无法寻找到资源的文件。 /Game/TRT/FYTRT_1102/M/lambert58
[2018.01.17-06.03.56:193][  0]LogAIModule: Creating AISystem for world Untitled_1
[2018.01.17-06.03.56:194][  0]LogActorComponent: RegisterComponentWithWorld: (/Temp/Untitled_1.Untitled_1:PersistentLevel.WorldSettings_1.StaticMeshComponent0) Trying to register component with IsPendingKill() == true. Aborting.
[2018.01.17-06.03.56:198][  0]LogEditorServer: Finished looking for orphan Actors (0.000 secs)
[2018.01.17-06.03.56:216][  0]Cmd: MAP CHECKDEP NOCLEARLOG
[2018.01.17-06.03.56:275][  0]MapCheck: 信息 地图检测完成：0个错误，0 个警告，用时59.336毫秒完成。
[2018.01.17-06.03.56:275][  0]LogFileHelpers: Loading map 'Template_Default' took 0.295
[2018.01.17-06.03.56:452][  0]LogCollectionManager: Loaded 0 collections in 0.001147 seconds
[2018.01.17-06.03.56:548][  0]LogFileCache: Scanning file cache for directory 'D:/UE4_Project/TEST/BoringMachine/Saved/Collections/' took 0.01s
[2018.01.17-06.03.56:548][  0]LogFileCache: Scanning file cache for directory 'D:/UE4_Project/TEST/BoringMachine/Content/Developers/Liuxiang/Collections/' took 0.01s
[2018.01.17-06.03.56:548][  0]LogFileCache: Scanning file cache for directory 'D:/UE4_Project/TEST/BoringMachine/Content/Collections/' took 0.01s
[2018.01.17-06.03.56:548][  0]LogCollectionManager: Rebuilt the GUID cache for 0 collections in 0.000002 seconds
[2018.01.17-06.03.56:559][  0]LogContentBrowser: Native class hierarchy populated in 0.0102 seconds. Added 2343 classes and 497 folders.
[2018.01.17-06.03.56:629][  0]LogContentBrowser: Native class hierarchy updated for 'WidgetCarousel' in 0.0006 seconds. Added 0 classes and 0 folders.
[2018.01.17-06.03.56:767][  0]LogContentBrowser: Native class hierarchy updated for 'AddContentDialog' in 0.0007 seconds. Added 0 classes and 0 folders.
[2018.01.17-06.03.56:829][  0]LogContentBrowser: Native class hierarchy updated for 'SceneOutliner' in 0.0010 seconds. Added 1 classes and 2 folders.
[2018.01.17-06.03.56:904][  0]LogCrashTracker: Crashtracker disabled due to settings.
[2018.01.17-06.03.56:915][  0]LogSlate: Took 0.000329 seconds to synchronously load lazily loaded font '../../../Engine/Content/Slate/Fonts/Roboto-Regular.ttf' (155K)
[2018.01.17-06.03.56:920][  0]LogSlate: Took 0.003041 seconds to synchronously load lazily loaded font '../../../Engine/Content/Slate/Fonts/DroidSansFallback.ttf' (3848K)
[2018.01.17-06.03.56:921][  0]LogSlate: Took 0.000244 seconds to synchronously load lazily loaded font '../../../Engine/Content/Slate/Fonts/Roboto-Bold.ttf' (160K)
[2018.01.17-06.03.56:928][  0]LogSlate: Took 0.001254 seconds to synchronously load lazily loaded font '../../../Engine/Content/Editor/Slate/Fonts/FontAwesome.ttf' (139K)
[2018.01.17-06.03.57:053][  0]LogRenderer: Reallocating scene render targets to support 1216x564 NumSamples 1 (Frame:1).
[2018.01.17-06.03.57:182][  0]LogUObjectGlobals:Warning: 寻找对象'Class 无.'失败
[2018.01.17-06.03.57:252][  0]LogContentBrowser: Native class hierarchy updated for 'HierarchicalLODOutliner' in 0.0007 seconds. Added 1 classes and 2 folders.
[2018.01.17-06.03.57:252][  0]LogLoad: (Engine Initialization) Total time: 20.72 seconds
[2018.01.17-06.03.57:252][  0]LogLoad: (Engine Initialization) Total Blueprint compile time: 0.08 seconds
[2018.01.17-06.03.57:252][  0]LogExternalProfiler: Found external profiler: VSPerf
[2018.01.17-06.03.57:252][  0]LogExternalProfiler: Using external profiler: VSPerf
[2018.01.17-06.03.57:593][  0]LogOcInput: OculusInput pre-init called
[2018.01.17-06.03.57:613][  0]LogOcInput: OculusInput is initialized. Init status 0. Runtime version: 1.20.0
[2018.01.17-06.03.57:613][  0]LogHMD: Starting GearVRController plugin
[2018.01.17-06.03.57:633][  0]LogContentStreaming: Texture pool size now 1000 MB
[2018.01.17-06.03.57:690][  0]LogSlate: Took 0.001621 seconds to synchronously load lazily loaded font '../../../Engine/Content/Slate/Fonts/Roboto-Light.ttf' (159K)
[2018.01.17-06.03.57:935][  1]LogAssetRegistry: Asset discovery search completed in 12.6004 seconds
[2018.01.17-06.03.57:936][  1]LogCollectionManager: Rebuilt the object cache for 0 collections in 0.000001 seconds (found 0 objects)
[2018.01.17-06.03.57:936][  1]LogCollectionManager: Fixed up redirectors for 0 collections in 0.000035 seconds (updated 0 objects)
[2018.01.17-06.04.25:133][504]LogSlate: Took 0.000195 seconds to synchronously load lazily loaded font '../../../Engine/Content/Slate/Fonts/Roboto-Light.ttf' (159K)
[2018.01.17-06.04.25:413][504]LogAIModule: Creating AISystem for world 02
[2018.01.17-06.04.25:432][504]Cmd: MAP LOAD FILE="../../../../../UE4_Project/TEST/BoringMachine/Content/My/MAP/02.umap" TEMPLATE=0 SHOWPROGRESS=1 FEATURELEVEL=3
[2018.01.17-06.04.25:432][504]LightingResults: New page: 光照构建
[2018.01.17-06.04.25:432][504]LoadErrors: New page: 正在加载地图： 02.umap
[2018.01.17-06.04.25:433][504]MapCheck: New page: 地图检测
[2018.01.17-06.04.25:433][504]LightingResults: New page: 光照构建
[2018.01.17-06.04.25:448][504]LogEditorServer: Finished looking for orphan Actors (0.000 secs)
[2018.01.17-06.04.25:475][504]Cmd: MAP CHECKDEP NOCLEARLOG
[2018.01.17-06.04.25:539][504]MapCheck: 信息 地图检测完成：0个错误，0 个警告，用时64.155毫秒完成。
[2018.01.17-06.04.25:540][504]LogFileHelpers: Loading map '02' took 0.108
[2018.01.17-06.04.45:719][712]LogEditorViewport: Clicking on Actor (LMB): PointLight (PointLight11)
[2018.01.17-06.05.10:228][ 98]Cmd: OBJ SAVEPACKAGE PACKAGE="/Game/My/MAP/02" FILE="../../../../../UE4_Project/TEST/BoringMachine/Content/My/MAP/02.umap" SILENT=true AUTOSAVING=false KEEPDIRTY=false
[2018.01.17-06.05.10:396][ 98]LogSavePackage: Save=153.08ms
[2018.01.17-06.05.10:397][ 98]LogSavePackage: Moving '../../../../../UE4_Project/TEST/BoringMachine/Saved/02F2882366442486B126743EA1BA5855C4.tmp' to '../../../../../UE4_Project/TEST/BoringMachine/Content/My/MAP/02.umap'
[2018.01.17-06.05.10:400][ 98]LogSavePackage:Display: Finished SavePackage ../../../../../UE4_Project/TEST/BoringMachine/Content/My/MAP/02.umap
[2018.01.17-06.05.10:416][ 98]LogFileHelpers: Saving map '02' took 0.256
[2018.01.17-06.25.39:070][546]LogEditorViewport: Clicking on Actor (LMB): SpotLight (SpotLight3)
[2018.01.17-06.25.49:440][165]LogEditorViewport: Clicking on Actor (LMB): PointLight (PointLight11)
[2018.01.17-06.25.52:994][376]LogEditorViewport: Clicking on Actor (LMB): SpotLight (SpotLight3)
[2018.01.17-06.26.01:486][882]Cmd: TRANSACTION UNDO
[2018.01.17-06.26.01:486][882]LogEditorTransaction: Undo 移动Actor
[2018.01.17-06.26.01:501][882]LogSlate: Took 0.001772 seconds to synchronously load lazily loaded font '../../../Engine/Content/Slate/Fonts/Roboto-Light.ttf' (159K)
[2018.01.17-06.28.24:100][176]LogEditorViewport: Clicking on Actor (LMB): SkyLight (SkyLight)
[2018.01.17-06.28.25:433][253]Cmd: DELETE
[2018.01.17-06.28.25:433][253]Cmd: ACTOR DELETE
[2018.01.17-06.28.25:435][253]LogEditorActor: Deleted Actor: SkyLight
[2018.01.17-06.28.25:446][253]LogEditorActor: Deleted 1 Actors (0.011 secs)
[2018.01.17-06.30.15:165][715]Cmd: OBJ SAVEPACKAGE PACKAGE="/Game/My/MAP/02" FILE="../../../../../UE4_Project/TEST/BoringMachine/Content/My/MAP/02.umap" SILENT=true AUTOSAVING=false KEEPDIRTY=false
[2018.01.17-06.30.15:316][715]LogSavePackage: Save=137.14ms
[2018.01.17-06.30.15:316][715]LogSavePackage: Moving '../../../../../UE4_Project/TEST/BoringMachine/Saved/02F3469D0B4D4D24B547DEB691C02959D5.tmp' to '../../../../../UE4_Project/TEST/BoringMachine/Content/My/MAP/02.umap'
[2018.01.17-06.30.15:319][715]LogSavePackage:Display: Finished SavePackage ../../../../../UE4_Project/TEST/BoringMachine/Content/My/MAP/02.umap
[2018.01.17-06.30.15:335][715]LogFileHelpers: Saving map '02' took 0.725
[2018.01.17-06.30.19:094][940]LogEditorViewport: Clicking on Actor (LMB): PointLight (PointLight11)
[2018.01.17-06.30.20:126][999]LogEditorViewport: Clicking on Actor (LMB): SpotLight (SpotLight3)
[2018.01.17-06.30.25:248][304]LogEditorViewport: Clicking on Actor (LMB): PostProcessVolume (PostProcessVolume)
[2018.01.17-06.33.57:485][246]Cmd: OBJ SAVEPACKAGE PACKAGE="/Game/My/MAP/02" FILE="../../../../../UE4_Project/TEST/BoringMachine/Content/My/MAP/02.umap" SILENT=true AUTOSAVING=false KEEPDIRTY=false
[2018.01.17-06.33.57:643][246]LogSavePackage: Save=142.71ms
[2018.01.17-06.33.57:643][246]LogSavePackage: Moving '../../../../../UE4_Project/TEST/BoringMachine/Saved/02CECBEEF9429C919C5BB29FAC36DBF822.tmp' to '../../../../../UE4_Project/TEST/BoringMachine/Content/My/MAP/02.umap'
[2018.01.17-06.33.57:646][246]LogSavePackage:Display: Finished SavePackage ../../../../../UE4_Project/TEST/BoringMachine/Content/My/MAP/02.umap
[2018.01.17-06.33.57:662][246]LogFileHelpers: Saving map '02' took 0.248
[2018.01.17-06.33.58:805][301]Cmd: QUIT_EDITOR
[2018.01.17-06.33.58:865][301]LogWindowsTextInputMethodSystem:Display: IME system now activated using TSF (搜狗拼音输入法).
[2018.01.17-06.33.58:879][301]LogExit: Preparing to exit.
[2018.01.17-06.33.59:310][301]LogDirectoryWatcher: A directory notification for 'D:/UE4_Project/TEST/BoringMachine/Content/' was aborted.
[2018.01.17-06.33.59:328][301]LogExit: Editor shut down
[2018.01.17-06.33.59:332][301]LogExit: Transaction tracking system shut down
[2018.01.17-06.33.59:383][301]LogObj: Freed 0b from 0 cluster array pools.
[2018.01.17-06.33.59:383][301]LogExit: Object subsystem successfully closed.
[2018.01.17-06.33.59:401][301]LogD3D11RHI: Shutdown
[2018.01.17-06.33.59:401][301]LogD3D11RHI: CleanupD3DDevice
[2018.01.17-06.33.59:493][301]LogD3D11RHI: ~FD3D11DynamicRHI
[2018.01.17-06.33.59:504][301]LogModuleManager: Shutting down and abandoning module HierarchicalLODOutliner (528)
[2018.01.17-06.33.59:504][301]LogModuleManager: Shutting down and abandoning module CrashTracker (526)
[2018.01.17-06.33.59:504][301]LogModuleManager: Shutting down and abandoning module SceneOutliner (524)
[2018.01.17-06.33.59:504][301]LogModuleManager: Shutting down and abandoning module AddContentDialog (522)
[2018.01.17-06.33.59:504][301]LogDirectoryWatcher: A directory notification for 'D:/UE4_Version/UE_4.16/FeaturePacks/' was aborted.
[2018.01.17-06.33.59:505][301]LogModuleManager: Shutting down and abandoning module WidgetCarousel (521)
[2018.01.17-06.33.59:505][301]LogModuleManager: Shutting down and abandoning module EditorWidgets (518)
[2018.01.17-06.33.59:505][301]LogModuleManager: Shutting down and abandoning module CollectionManager (516)
[2018.01.17-06.33.59:505][301]LogDirectoryWatcher: A directory notification for 'D:/UE4_Project/TEST/BoringMachine/Content/Collections/' was aborted.
[2018.01.17-06.33.59:505][301]LogDirectoryWatcher: A directory notification for 'D:/UE4_Project/TEST/BoringMachine/Content/Developers/Liuxiang/Collections/' was aborted.
[2018.01.17-06.33.59:505][301]LogDirectoryWatcher: A directory notification for 'D:/UE4_Project/TEST/BoringMachine/Saved/Collections/' was aborted.
[2018.01.17-06.33.59:505][301]LogModuleManager: Shutting down and abandoning module StatsViewer (514)
[2018.01.17-06.33.59:505][301]LogModuleManager: Shutting down and abandoning module FoliageEdit (512)
[2018.01.17-06.33.59:505][301]LogModuleManager: Shutting down and abandoning module LandscapeEditor (510)
[2018.01.17-06.33.59:506][301]LogModuleManager: Shutting down and abandoning module MeshPaintMode (508)
[2018.01.17-06.33.59:506][301]LogModuleManager: Shutting down and abandoning module SceneDepthPickerMode (506)
[2018.01.17-06.33.59:506][301]LogModuleManager: Shutting down and abandoning module ActorPickerMode (504)
[2018.01.17-06.33.59:506][301]LogModuleManager: Shutting down and abandoning module GeometryMode (502)
[2018.01.17-06.33.59:506][301]LogModuleManager: Shutting down and abandoning module TextureAlignMode (500)
[2018.01.17-06.33.59:506][301]LogModuleManager: Shutting down and abandoning module BspMode (498)
[2018.01.17-06.33.59:506][301]LogModuleManager: Shutting down and abandoning module HardwareSurvey (496)
[2018.01.17-06.33.59:506][301]LogModuleManager: Shutting down and abandoning module SequenceRecorderSections (494)
[2018.01.17-06.33.59:506][301]LogModuleManager: Shutting down and abandoning module AutomationWorker (492)
[2018.01.17-06.33.59:506][301]LogModuleManager: Shutting down and abandoning module MatineeToLevelSequence (490)
[2018.01.17-06.33.59:506][301]LogModuleManager: Shutting down and abandoning module LevelSequenceEditor (488)
[2018.01.17-06.33.59:506][301]LogModuleManager: Shutting down and abandoning module PlacementMode (487)
[2018.01.17-06.33.59:506][301]LogModuleManager: Shutting down and abandoning module WmfMediaFactory (484)
[2018.01.17-06.33.59:506][301]LogModuleManager: Shutting down and abandoning module WmfMediaEditor (482)
[2018.01.17-06.33.59:506][301]LogModuleManager: Shutting down and abandoning module AvfMediaFactory (480)
[2018.01.17-06.33.59:506][301]LogModuleManager: Shutting down and abandoning module AvfMediaEditor (478)
[2018.01.17-06.33.59:506][301]LogModuleManager: Shutting down and abandoning module AndroidMediaFactory (476)
[2018.01.17-06.33.59:506][301]LogModuleManager: Shutting down and abandoning module Media (475)
[2018.01.17-06.33.59:506][301]LogModuleManager: Shutting down and abandoning module AndroidMediaEditor (472)
[2018.01.17-06.33.59:506][301]LogModuleManager: Shutting down and abandoning module CharacterAI (470)
[2018.01.17-06.33.59:506][301]LogModuleManager: Shutting down and abandoning module AudioCapture (468)
[2018.01.17-06.33.59:506][301]LogModuleManager: Shutting down and abandoning module SequenceRecorder (467)
[2018.01.17-06.33.59:506][301]LogModuleManager: Shutting down and abandoning module SmartSnapping (464)
[2018.01.17-06.33.59:506][301]LogModuleManager: Shutting down and abandoning module SessionServices (462)
[2018.01.17-06.33.59:506][301]LogModuleManager: Shutting down and abandoning module ViewportSnapping (460)
[2018.01.17-06.33.59:506][301]LogModuleManager: Shutting down and abandoning module ViewportInteraction (458)
[2018.01.17-06.33.59:506][301]LogModuleManager: Shutting down and abandoning module ClothPainter (456)
[2018.01.17-06.33.59:506][301]LogModuleManager: Shutting down and abandoning module LogVisualizer (454)
[2018.01.17-06.33.59:506][301]LogModuleManager: Shutting down and abandoning module IntroTutorials (452)
[2018.01.17-06.33.59:506][301]LogModuleManager: Shutting down and abandoning module GameProjectGeneration (451)
[2018.01.17-06.33.59:506][301]LogModuleManager: Shutting down and abandoning module EditorLiveStreaming (448)
[2018.01.17-06.33.59:506][301]LogModuleManager: Shutting down and abandoning module IOSPlatformEditor (446)
[2018.01.17-06.33.59:506][301]LogModuleManager: Shutting down and abandoning module HTML5PlatformEditor (444)
[2018.01.17-06.33.59:506][301]LogModuleManager: Shutting down and abandoning module AndroidPlatformEditor (442)
[2018.01.17-06.33.59:506][301]LogModuleManager: Shutting down and abandoning module AndroidDeviceDetection (441)
[2018.01.17-06.33.59:843][301]LogModuleManager: Shutting down and abandoning module IOSRuntimeSettings (438)
[2018.01.17-06.33.59:843][301]LogModuleManager: Shutting down and abandoning module AndroidRuntimeSettings (436)
[2018.01.17-06.33.59:843][301]LogModuleManager: Shutting down and abandoning module InputBindingEditor (434)
[2018.01.17-06.33.59:843][301]LogModuleManager: Shutting down and abandoning module MergeActors (432)
[2018.01.17-06.33.59:843][301]LogModuleManager: Shutting down and abandoning module SizeMap (430)
[2018.01.17-06.33.59:843][301]LogModuleManager: Shutting down and abandoning module TreeMap (428)
[2018.01.17-06.33.59:843][301]LogModuleManager: Shutting down and abandoning module ReferenceViewer (426)
[2018.01.17-06.33.59:843][301]LogModuleManager: Shutting down and abandoning module LocalizationDashboard (424)
[2018.01.17-06.33.59:843][301]LogModuleManager: Shutting down and abandoning module LocalizationService (423)
[2018.01.17-06.33.59:844][301]LogModuleManager: Shutting down and abandoning module HardwareTargeting (420)
[2018.01.17-06.33.59:844][301]LogModuleManager: Shutting down and abandoning module DeviceProfileEditor (418)
[2018.01.17-06.33.59:844][301]LogModuleManager: Shutting down and abandoning module UndoHistory (416)
[2018.01.17-06.33.59:844][301]LogModuleManager: Shutting down and abandoning module UserFeedback (414)
[2018.01.17-06.33.59:844][301]LogModuleManager: Shutting down and abandoning module XmlParser (412)
[2018.01.17-06.33.59:844][301]LogModuleManager: Shutting down and abandoning module Blutility (410)
[2018.01.17-06.33.59:844][301]LogModuleManager: Shutting down and abandoning module ProjectSettingsViewer (408)
[2018.01.17-06.33.59:844][301]LogModuleManager: Shutting down and abandoning module ProjectTargetPlatformEditor (407)
[2018.01.17-06.33.59:844][301]LogModuleManager: Shutting down and abandoning module EditorSettingsViewer (404)
[2018.01.17-06.33.59:844][301]LogModuleManager: Shutting down and abandoning module SettingsEditor (402)
[2018.01.17-06.33.59:844][301]LogModuleManager: Shutting down and abandoning module ProjectLauncher (400)
[2018.01.17-06.33.59:844][301]LogModuleManager: Shutting down and abandoning module SessionFrontend (398)
[2018.01.17-06.33.59:844][301]LogModuleManager: Shutting down and abandoning module ProfilerClient (396)
[2018.01.17-06.33.59:844][301]LogModuleManager: Shutting down and abandoning module DeviceManager (394)
[2018.01.17-06.33.59:844][301]LogModuleManager: Shutting down and abandoning module TargetDeviceServices (393)
[2018.01.17-06.33.59:908][301]LogModuleManager: Shutting down and abandoning module AutomationController (390)
[2018.01.17-06.33.59:908][301]LogModuleManager: Shutting down and abandoning module AutomationWindow (388)
[2018.01.17-06.33.59:908][301]LogModuleManager: Shutting down and abandoning module Layers (386)
[2018.01.17-06.33.59:908][301]LogModuleManager: Shutting down and abandoning module ComponentVisualizers (384)
[2018.01.17-06.33.59:908][301]LogModuleManager: Shutting down and abandoning module DetailCustomizations (382)
[2018.01.17-06.33.59:908][301]LogModuleManager: Shutting down and abandoning module PackagesDialog (380)
[2018.01.17-06.33.59:908][301]LogModuleManager: Shutting down and abandoning module Persona (378)
[2018.01.17-06.33.59:908][301]LogModuleManager: Shutting down and abandoning module AdvancedPreviewScene (377)
[2018.01.17-06.33.59:908][301]LogModuleManager: Shutting down and abandoning module AnimGraph (375)
[2018.01.17-06.33.59:908][301]LogModuleManager: Shutting down and abandoning module Kismet (372)
[2018.01.17-06.33.59:909][301]LogModuleManager: Shutting down and abandoning module ClassViewer (370)
[2018.01.17-06.33.59:909][301]LogModuleManager: Shutting down and abandoning module Toolbox (368)
[2018.01.17-06.33.59:909][301]LogModuleManager: Shutting down and abandoning module ModuleUI (366)
[2018.01.17-06.33.59:909][301]LogModuleManager: Shutting down and abandoning module MovieSceneTools (364)
[2018.01.17-06.33.59:909][301]LogModuleManager: Shutting down and abandoning module OutputLog (362)
[2018.01.17-06.33.59:909][301]LogModuleManager: Shutting down and abandoning module GammaUI (360)
[2018.01.17-06.33.59:909][301]LogModuleManager: Shutting down and abandoning module Documentation (358)
[2018.01.17-06.33.59:909][301]LogModuleManager: Shutting down and abandoning module MovieSceneTracks (356)
[2018.01.17-06.33.59:909][301]LogModuleManager: Shutting down and abandoning module MovieScene (354)
[2018.01.17-06.33.59:909][301]LogModuleManager: Shutting down and abandoning module Niagara (352)
[2018.01.17-06.33.59:909][301]LogModuleManager: Shutting down and abandoning module NiagaraEditor (351)
[2018.01.17-06.33.59:909][301]LogModuleManager: Shutting down and abandoning module StreamingPauseRendering (348)
[2018.01.17-06.33.59:909][301]LogModuleManager: Shutting down and abandoning module AnalyticsET (346)
[2018.01.17-06.33.59:909][301]LogModuleManager: Shutting down and abandoning module PortalServices (344)
[2018.01.17-06.33.59:909][301]LogModuleManager: Shutting down and abandoning module PortalRpc (342)
[2018.01.17-06.33.59:909][301]LogModuleManager: Shutting down and abandoning module MessagingRpc (340)
[2018.01.17-06.33.59:909][301]LogModuleManager: Shutting down and abandoning module AIModule (338)
[2018.01.17-06.33.59:909][301]LogModuleManager: Shutting down and abandoning module GameplayDebugger (337)
[2018.01.17-06.33.59:909][301]LogModuleManager: Shutting down and abandoning module AITestSuite (335)
[2018.01.17-06.33.59:909][301]LogModuleManager: Shutting down and abandoning module ProfilerService (332)
[2018.01.17-06.34.00:108][301]LogModuleManager: Shutting down and abandoning module TaskGraph (330)
[2018.01.17-06.34.00:108][301]LogModuleManager: Shutting down and abandoning module SubstanceEditor (328)
[2018.01.17-06.34.00:109][301]LogModuleManager: Shutting down and abandoning module SteamVRController (326)
[2018.01.17-06.34.00:109][301]LogModuleManager: Shutting down and abandoning module SteamVR (324)
[2018.01.17-06.34.00:109][301]LogModuleManager: Shutting down and abandoning module ProceduralMeshComponentEditor (322)
[2018.01.17-06.34.00:109][301]LogModuleManager: Shutting down and abandoning module ProceduralMeshComponent (320)
[2018.01.17-06.34.00:109][301]LogModuleManager: Shutting down and abandoning module OculusLibrary (318)
[2018.01.17-06.34.00:109][301]LogModuleManager: Shutting down and abandoning module OculusInput (316)
[2018.01.17-06.34.00:109][301]LogModuleManager: Shutting down and abandoning module MobilePatchingUtils (314)
[2018.01.17-06.34.00:109][301]LogModuleManager: Shutting down and abandoning module CustomMeshComponent (312)
[2018.01.17-06.34.00:109][301]LogModuleManager: Shutting down and abandoning module CableComponent (310)
[2018.01.17-06.34.00:109][301]LogModuleManager: Shutting down and abandoning module ArchVisCharacter (308)
[2018.01.17-06.34.00:109][301]LogModuleManager: Shutting down and abandoning module AndroidPermission (306)
[2018.01.17-06.34.00:109][301]LogModuleManager: Shutting down and abandoning module MediaPlayerEditor (302)
[2018.01.17-06.34.00:109][301]LogModuleManager: Shutting down and abandoning module HTML5Networking (300)
[2018.01.17-06.34.00:109][301]LogModuleManager: Shutting down and abandoning module AlembicImporter (298)
[2018.01.17-06.34.00:109][301]LogModuleManager: Shutting down and abandoning module AlembicLibrary (297)
[2018.01.17-06.34.00:109][301]LogModuleManager: Shutting down and abandoning module GeometryCache (296)
[2018.01.17-06.34.00:109][301]LogModuleManager: Shutting down and abandoning module GeometryCacheEd (295)
[2018.01.17-06.34.00:109][301]LogModuleManager: Shutting down and abandoning module SuperSearchEditor (290)
[2018.01.17-06.34.00:109][301]LogModuleManager: Shutting down and abandoning module SuperSearch (289)
[2018.01.17-06.34.00:109][301]LogModuleManager: Shutting down and abandoning module SpeedTreeImporter (286)
[2018.01.17-06.34.00:109][301]LogModuleManager: Shutting down and abandoning module PluginBrowser (284)
[2018.01.17-06.34.00:109][301]LogModuleManager: Shutting down and abandoning module MobileLauncherProfileWizard (282)
[2018.01.17-06.34.00:109][301]LogModuleManager: Shutting down and abandoning module VisualStudioSourceCodeAccess (280)
[2018.01.17-06.34.00:109][301]LogModuleManager: Shutting down and abandoning module DesktopPlatform (279)
[2018.01.17-06.34.00:109][301]LogModuleManager: Shutting down and abandoning module UObjectPlugin (276)
[2018.01.17-06.34.00:109][301]LogModuleManager: Shutting down and abandoning module SubversionSourceControl (274)
[2018.01.17-06.34.00:109][301]LogModuleManager: Shutting down and abandoning module PerforceSourceControl (272)
[2018.01.17-06.34.00:109][301]LogModuleManager: Shutting down and abandoning module GitSourceControl (270)
[2018.01.17-06.34.00:109][301]LogModuleManager: Shutting down and abandoning module SourceControl (269)
[2018.01.17-06.34.00:109][301]LogModuleManager: Shutting down and abandoning module LightPropagationVolumeEditor (266)
[2018.01.17-06.34.00:109][301]LogModuleManager: Shutting down and abandoning module PaperTiledImporter (264)
[2018.01.17-06.34.00:109][301]LogModuleManager: Shutting down and abandoning module PaperSpriteSheetImporter (262)
[2018.01.17-06.34.00:109][301]LogModuleManager: Shutting down and abandoning module Paper2DEditor (260)
[2018.01.17-06.34.00:109][301]LogModuleManager: Shutting down and abandoning module MeshPaint (259)
[2018.01.17-06.34.00:109][301]LogModuleManager: Shutting down and abandoning module LevelEditor (257)
[2018.01.17-06.34.00:110][301]LogModuleManager: Shutting down and abandoning module PixelInspectorModule (256)
[2018.01.17-06.34.00:110][301]LogModuleManager: Shutting down and abandoning module MainFrame (254)
[2018.01.17-06.34.00:110][301]LogModuleManager: Shutting down and abandoning module HotReload (253)
[2018.01.17-06.34.00:110][301]LogModuleManager: Shutting down and abandoning module PhysXVehiclesEditor (248)
[2018.01.17-06.34.00:110][301]LogModuleManager: Shutting down and abandoning module PhysXVehicles (246)
[2018.01.17-06.34.00:110][301]LogModuleManager: Shutting down and abandoning module LocationServicesBPLibrary (244)
[2018.01.17-06.34.00:110][301]LogModuleManager: Shutting down and abandoning module ImmediatePhysicsEditor (242)
[2018.01.17-06.34.00:110][301]LogModuleManager: Shutting down and abandoning module ImmediatePhysics (240)
[2018.01.17-06.34.00:110][301]LogModuleManager: Shutting down and abandoning module UdpMessaging (238)
[2018.01.17-06.34.00:211][301]LogModuleManager: Shutting down and abandoning module TcpMessaging (236)
[2018.01.17-06.34.00:311][301]LogModuleManager: Shutting down and abandoning module SubstanceCore (234)
[2018.01.17-06.34.00:311][301]LogModuleManager: Shutting down and abandoning module GameplayTagsEditor (232)
[2018.01.17-06.34.00:312][301]LogModuleManager: Shutting down and abandoning module FacialAnimationEditor (230)
[2018.01.17-06.34.00:312][301]LogModuleManager: Shutting down and abandoning module FacialAnimation (228)
[2018.01.17-06.34.00:312][301]LogModuleManager: Shutting down and abandoning module AssetManagerEditor (226)
[2018.01.17-06.34.00:312][301]LogModuleManager: Shutting down and abandoning module GraphEditor (225)
[2018.01.17-06.34.00:312][301]LogModuleManager: Shutting down and abandoning module ContentBrowser (223)
[2018.01.17-06.34.00:313][301]LogModuleManager: Shutting down and abandoning module LightPropagationVolumeRuntime (220)
[2018.01.17-06.34.00:313][301]LogModuleManager: Shutting down and abandoning module Paper2D (218)
[2018.01.17-06.34.00:313][301]LogModuleManager: Shutting down and abandoning module WindowsMoviePlayer (216)
[2018.01.17-06.34.00:313][301]LogModuleManager: Shutting down and abandoning module WmfMedia (214)
[2018.01.17-06.34.00:315][301]LogModuleManager: Shutting down and abandoning module ClothingSystemEditor (212)
[2018.01.17-06.34.00:315][301]LogModuleManager: Shutting down and abandoning module ClothingSystemRuntime (210)
[2018.01.17-06.34.00:315][301]LogModuleManager: Shutting down and abandoning module MediaAssets (208)
[2018.01.17-06.34.00:315][301]LogModuleManager: Shutting down and abandoning module GameLiveStreaming (206)
[2018.01.17-06.34.00:315][301]LogModuleManager: Shutting down and abandoning module VREditor (204)
[2018.01.17-06.34.00:315][301]LogModuleManager: Shutting down and abandoning module StringTableEditor (202)
[2018.01.17-06.34.00:315][301]LogModuleManager: Shutting down and abandoning module GameplayTasksEditor (200)
[2018.01.17-06.34.00:315][301]LogModuleManager: Shutting down and abandoning module BehaviorTreeEditor (198)
[2018.01.17-06.34.00:315][301]LogModuleManager: Shutting down and abandoning module FunctionalTesting (196)
[2018.01.17-06.34.00:315][301]LogModuleManager: Shutting down and abandoning module CollisionAnalyzer (194)
[2018.01.17-06.34.00:315][301]LogModuleManager: Shutting down and abandoning module UMG (192)
[2018.01.17-06.34.00:315][301]LogModuleManager: Shutting down and abandoning module UMGEditor (191)
[2018.01.17-06.34.00:315][301]LogModuleManager: Shutting down and abandoning module Sequencer (190)
[2018.01.17-06.34.00:315][301]LogModuleManager: Shutting down and abandoning module AssetTools (188)
[2018.01.17-06.34.00:315][301]LogModuleManager: Shutting down and abandoning module MessageLog (187)
[2018.01.17-06.34.00:315][301]LogModuleManager: Shutting down and abandoning module WorkspaceMenuStructure (186)
[2018.01.17-06.34.00:315][301]LogModuleManager: Shutting down and abandoning module SlateReflector (180)
[2018.01.17-06.34.00:315][301]LogModuleManager: Shutting down and abandoning module Slate (178)
[2018.01.17-06.34.00:315][301]LogModuleManager: Shutting down and abandoning module EditorStyle (176)
[2018.01.17-06.34.00:316][301]LogModuleManager: Shutting down and abandoning module SourceCodeAccess (174)
[2018.01.17-06.34.00:316][301]LogModuleManager: Shutting down and abandoning module HeadMountedDisplay (172)
[2018.01.17-06.34.00:316][301]LogModuleManager: Shutting down and abandoning module XAudio2 (170)
[2018.01.17-06.34.00:316][301]LogModuleManager: Shutting down and abandoning module Networking (168)
[2018.01.17-06.34.00:316][301]LogModuleManager: Shutting down and abandoning module Core (164)
[2018.01.17-06.34.00:316][301]LogModuleManager: Shutting down and abandoning module AssetRegistry (162)
[2018.01.17-06.34.00:424][301]LogDirectoryWatcher: A directory notification for '../../../Engine/Content/' was aborted.
[2018.01.17-06.34.00:424][301]LogDirectoryWatcher: A directory notification for '../../../../../UE4_Project/TEST/BoringMachine/Content/' was aborted.
[2018.01.17-06.34.00:424][301]LogDirectoryWatcher: A directory notification for '../../../Engine/Plugins/2D/Paper2D/Content/' was aborted.
[2018.01.17-06.34.00:424][301]LogDirectoryWatcher: A directory notification for '../../../Engine/Plugins/Runtime/GearVR/Content/' was aborted.
[2018.01.17-06.34.00:427][301]LogModuleManager: Shutting down and abandoning module DirectoryWatcher (161)
[2018.01.17-06.34.00:427][301]LogModuleManager: Shutting down and abandoning module KismetCompiler (158)
[2018.01.17-06.34.00:427][301]LogModuleManager: Shutting down and abandoning module LevelSequence (156)
[2018.01.17-06.34.00:427][301]LogModuleManager: Shutting down and abandoning module PhysXFormats (154)
[2018.01.17-06.34.00:427][301]LogModuleManager: Shutting down and abandoning module MeshUtilities (152)
[2018.01.17-06.34.00:427][301]LogModuleManager: Shutting down and abandoning module SimplygonSwarm (151)
[2018.01.17-06.34.00:427][301]LogModuleManager: Shutting down and abandoning module SimplygonMeshReduction (149)
[2018.01.17-06.34.00:427][301]LogModuleManager: Shutting down and abandoning module QuadricMeshReduction (147)
[2018.01.17-06.34.00:427][301]LogModuleManager: Shutting down and abandoning module DerivedDataCache (144)
[2018.01.17-06.34.00:487][301]LogDerivedDataCache: Shutdown
[2018.01.17-06.34.00:487][301]LogModuleManager: Shutting down and abandoning module TargetPlatform (142)
[2018.01.17-06.34.00:487][301]LogModuleManager: Shutting down and abandoning module VulkanShaderFormat (141)
[2018.01.17-06.34.00:487][301]LogModuleManager: Shutting down and abandoning module ShaderFormatVectorVM (139)
[2018.01.17-06.34.00:487][301]LogModuleManager: Shutting down and abandoning module ShaderFormatOpenGL (137)
[2018.01.17-06.34.00:487][301]LogModuleManager: Shutting down and abandoning module ShaderFormatD3D (135)
[2018.01.17-06.34.00:487][301]LogModuleManager: Shutting down and abandoning module MetalShaderFormat (133)
[2018.01.17-06.34.00:487][301]LogModuleManager: Shutting down and abandoning module TextureFormatUncompressed (131)
[2018.01.17-06.34.00:487][301]LogModuleManager: Shutting down and abandoning module TextureFormatPVR (129)
[2018.01.17-06.34.00:487][301]LogModuleManager: Shutting down and abandoning module TextureFormatDXT (127)
[2018.01.17-06.34.00:487][301]LogModuleManager: Shutting down and abandoning module TextureFormatIntelISPCTexComp (125)
[2018.01.17-06.34.00:488][301]LogModuleManager: Shutting down and abandoning module TextureFormatASTC (123)
[2018.01.17-06.34.00:488][301]LogModuleManager: Shutting down and abandoning module ImageWrapper (122)
[2018.01.17-06.34.00:488][301]LogModuleManager: Shutting down and abandoning module TextureFormatAndroid (119)
[2018.01.17-06.34.00:488][301]LogModuleManager: Shutting down and abandoning module AudioFormatOpus (117)
[2018.01.17-06.34.00:488][301]LogModuleManager: Shutting down and abandoning module AudioFormatOgg (115)
[2018.01.17-06.34.00:488][301]LogModuleManager: Shutting down and abandoning module AudioFormatADPCM (113)
[2018.01.17-06.34.00:488][301]LogModuleManager: Shutting down and abandoning module LinuxTargetPlatform (111)
[2018.01.17-06.34.00:488][301]LogModuleManager: Shutting down and abandoning module LinuxServerTargetPlatform (109)
[2018.01.17-06.34.00:488][301]LogModuleManager: Shutting down and abandoning module LinuxNoEditorTargetPlatform (107)
[2018.01.17-06.34.00:488][301]LogModuleManager: Shutting down and abandoning module LinuxClientTargetPlatform (105)
[2018.01.17-06.34.00:488][301]LogModuleManager: Shutting down and abandoning module TVOSTargetPlatform (103)
[2018.01.17-06.34.00:488][301]LogModuleManager: Shutting down and abandoning module Messaging (101)
[2018.01.17-06.34.00:488][301]LogModuleManager: Shutting down and abandoning module IOSTargetPlatform (99)
[2018.01.17-06.34.00:488][301]LogModuleManager: Shutting down and abandoning module HTML5TargetPlatform (97)
[2018.01.17-06.34.00:488][301]LogModuleManager: Shutting down and abandoning module Android_PVRTCTargetPlatform (95)
[2018.01.17-06.34.00:488][301]LogModuleManager: Shutting down and abandoning module Android_MultiTargetPlatform (93)
[2018.01.17-06.34.00:488][301]LogModuleManager: Shutting down and abandoning module Android_ETC2TargetPlatform (91)
[2018.01.17-06.34.00:488][301]LogModuleManager: Shutting down and abandoning module Android_ETC1TargetPlatform (89)
[2018.01.17-06.34.00:488][301]LogModuleManager: Shutting down and abandoning module Android_DXTTargetPlatform (87)
[2018.01.17-06.34.00:488][301]LogModuleManager: Shutting down and abandoning module Android_ATCTargetPlatform (85)
[2018.01.17-06.34.00:488][301]LogModuleManager: Shutting down and abandoning module Android_ASTCTargetPlatform (83)
[2018.01.17-06.34.00:488][301]LogModuleManager: Shutting down and abandoning module AndroidTargetPlatform (81)
[2018.01.17-06.34.00:488][301]LogModuleManager: Shutting down and abandoning module WindowsTargetPlatform (79)
[2018.01.17-06.34.00:488][301]LogModuleManager: Shutting down and abandoning module WindowsServerTargetPlatform (77)
[2018.01.17-06.34.00:488][301]LogModuleManager: Shutting down and abandoning module WindowsNoEditorTargetPlatform (75)
[2018.01.17-06.34.00:488][301]LogModuleManager: Shutting down and abandoning module WindowsClientTargetPlatform (73)
[2018.01.17-06.34.00:488][301]LogModuleManager: Shutting down and abandoning module MacTargetPlatform (71)
[2018.01.17-06.34.00:488][301]LogModuleManager: Shutting down and abandoning module MacServerTargetPlatform (69)
[2018.01.17-06.34.00:488][301]LogModuleManager: Shutting down and abandoning module MacNoEditorTargetPlatform (67)
[2018.01.17-06.34.00:488][301]LogModuleManager: Shutting down and abandoning module MacClientTargetPlatform (65)
[2018.01.17-06.34.00:488][301]LogModuleManager: Shutting down and abandoning module AllDesktopTargetPlatform (63)
[2018.01.17-06.34.00:488][301]LogModuleManager: Shutting down and abandoning module InputCore (60)
[2018.01.17-06.34.00:488][301]LogModuleManager: Shutting down and abandoning module Settings (58)
[2018.01.17-06.34.00:488][301]LogModuleManager: Shutting down and abandoning module OculusRift (56)
[2018.01.17-06.34.00:489][301]LogHMD: Oculus shutdown.
[2018.01.17-06.34.00:489][301]LogModuleManager: Shutting down and abandoning module GearVRController (54)
[2018.01.17-06.34.00:489][301]LogModuleManager: Shutting down and abandoning module GearVR (52)
[2018.01.17-06.34.00:489][301]LogModuleManager: Shutting down and abandoning module ExampleDeviceProfileSelector (50)
[2018.01.17-06.34.00:489][301]LogModuleManager: Shutting down and abandoning module OnlineBlueprintSupport (48)
[2018.01.17-06.34.00:489][301]LogModuleManager: Shutting down and abandoning module OnlineSubsystem (44)
[2018.01.17-06.34.00:489][301]LogOnline:Display: Unloading online subsystem: NULL
[2018.01.17-06.34.00:489][301]LogModuleManager: Shutting down and abandoning module XMPP (43)
[2018.01.17-06.34.00:489][301]LogModuleManager: Shutting down and abandoning module HTTP (41)
[2018.01.17-06.34.00:489][301]LogHttp:Display: Http module shutting down, but needs to wait on 1 outstanding Http requests:
[2018.01.17-06.34.00:489][301]LogHttp:Display: 	verb=[POST] url=[https://datarouter.ol.epicgames.com/datarouter/api/v1/public/data?SessionID=%7BFE25B137-44F6-0F0F-3DA7-3BB67D7C46FE%7D&AppID=UEEditor.Rocket.Release&AppVersion=4.16.3-3561208%2B%2B%2BUE4%2BRelease-4.16&UserID=ff1163694f33f79656fd72a56a9dd0c2%7C9b78482a5632474b97854dec7515c72e%7C457b8a5b-5b52-4830-b230-b39bec575c9b&AppEnvironment=datacollector-binary&UploadType=eteventstream] status=Processing
[2018.01.17-06.34.00:524][301]LogModuleManager: Shutting down and abandoning module SSL (40)
[2018.01.17-06.34.00:525][301]LogModuleManager: Shutting down and abandoning module HTTPChunkInstaller (36)
[2018.01.17-06.34.00:525][301]LogModuleManager: Shutting down and abandoning module AnimationModifiers (34)
[2018.01.17-06.34.00:525][301]LogModuleManager: Shutting down and abandoning module PropertyEditor (33)
[2018.01.17-06.34.00:525][301]LogModuleManager: Shutting down and abandoning module AudioEditor (30)
[2018.01.17-06.34.00:525][301]LogModuleManager: Shutting down and abandoning module TextureCompressor (28)
[2018.01.17-06.34.00:525][301]LogModuleManager: Shutting down and abandoning module ShaderCore (26)
[2018.01.17-06.34.00:525][301]LogModuleManager: Shutting down and abandoning module Landscape (24)
[2018.01.17-06.34.00:525][301]LogModuleManager: Shutting down and abandoning module SlateRHIRenderer (22)
[2018.01.17-06.34.00:526][301]LogModuleManager: Shutting down and abandoning module OpenGLDrv (20)
[2018.01.17-06.34.00:527][301]LogModuleManager: Shutting down and abandoning module D3D11RHI (18)
[2018.01.17-06.34.00:527][301]LogModuleManager: Shutting down and abandoning module AnimGraphRuntime (16)
[2018.01.17-06.34.00:527][301]LogModuleManager: Shutting down and abandoning module Renderer (14)
[2018.01.17-06.34.00:527][301]LogModuleManager: Shutting down and abandoning module Engine (12)
[2018.01.17-06.34.00:527][301]LogModuleManager: Shutting down and abandoning module CoreUObject (10)
[2018.01.17-06.34.00:527][301]LogModuleManager: Shutting down and abandoning module NetworkFile (8)
[2018.01.17-06.34.00:527][301]LogModuleManager: Shutting down and abandoning module StreamingFile (6)
[2018.01.17-06.34.00:527][301]LogModuleManager: Shutting down and abandoning module SandboxFile (4)
[2018.01.17-06.34.00:527][301]LogModuleManager: Shutting down and abandoning module PakFile (2)
[2018.01.17-06.34.00:529][301]LogExit: Exiting.
[2018.01.17-06.34.00:537][301]Log file closed, 01/17/18 14:34:00
