Log file open, 01/19/18 22:53:11
LogInit:Display: Running engine for game: BoringMachine
LogPlatformFile: Not using cached read wrapper
LogInit:Display: RandInit(-1589487156) SRandInit(-1589487156).
LogTaskGraph: Started task graph with 5 named threads and 8 total threads with 1 sets of task threads.
LogStats: Stats thread started at 0.120419
LogInit: Using libcurl 7.47.1
LogInit:  - built for x86_64-pc-win32
LogInit:  - supports SSL with OpenSSL/1.0.2g
LogInit:  - supports HTTP deflate (compression) using libz 1.2.8
LogInit:  - other features:
LogInit:      CURL_VERSION_SSL
LogInit:      CURL_VERSION_LIBZ
LogInit:      CURL_VERSION_IPV6
LogInit:      CURL_VERSION_ASYNCHDNS
LogInit:      CURL_VERSION_LARGEFILE
LogInit:      CURL_VERSION_IDN
LogInit:  CurlRequestOptions (configurable via config and command line):
LogInit:  - bVerifyPeer = false  - Libcurl will NOT verify peer certificate
LogInit:  - bUseHttpProxy = true  - Libcurl will use HTTP proxy
LogInit:  - HttpProxyAddress = '127.0.0.1:60034'
LogInit:  - bDontReuseConnections = false  - Libcurl will reuse connections
LogInit:  - CertBundlePath = nullptr  - Libcurl will use whatever was configured at build time.
OCULUS: Info: [CAPI] LibOVR module is located at C:\Program Files\Oculus\Support\oculus-runtime\LibOVRRT64_1.dll
OCULUS: Debug: Connected to the server running version (prod = 1).1.20.0(build = 501061) feature version = 0. Client runs version (prod = 1).1.20.0(build = 501061) feature version = 0
LogHMD: GearVR: Emulating GearVR using Oculus Rift!
LogInit: Build: ++UE4+Release-4.16-CL-3561208
LogInit: Engine Version: 4.16.3-3561208+++UE4+Release-4.16
LogInit: Compatible Engine Version: 4.16.0-3452394+++UE4+Release-4.16
LogInit: Net CL: 3452394
LogDevObjectVersion: Number of dev versions registered: 16
LogDevObjectVersion:   Dev-Blueprints (B0D832E4-1F89-4F0D-ACCF-7EB736FD4AA2): 9
LogDevObjectVersion:   Dev-Build (E1C64328-A22C-4D53-A36C-8E866417BD8C): 0
LogDevObjectVersion:   Dev-Core (375EC13C-06E4-48FB-B500-84F0262A717E): 2
LogDevObjectVersion:   Dev-Editor (E4B068ED-F494-42E9-A231-DA0B2E46BB41): 17
LogDevObjectVersion:   Dev-Framework (CFFC743F-43B0-4480-9391-14DF171D2073): 23
LogDevObjectVersion:   Dev-Mobile (B02B49B5-BB20-44E9-A304-32B752E40360): 0
LogDevObjectVersion:   Dev-Networking (A4E4105C-59A1-49B5-A7C5-40C4547EDFEE): 0
LogDevObjectVersion:   Dev-Online (39C831C9-5AE6-47DC-9A44-9C173E1C8E7C): 0
LogDevObjectVersion:   Dev-Physics (78F01B33-EBEA-4F98-B9B4-84EACCB95AA2): 0
LogDevObjectVersion:   Dev-Platform (6631380F-2D4D-43E0-8009-CF276956A95A): 0
LogDevObjectVersion:   Dev-Rendering (12F88B9F-8875-4AFC-A67C-D90C383ABD29): 15
LogDevObjectVersion:   Dev-Sequencer (7B5AE74C-D270-4C10-A958-57980B212A5A): 4
LogDevObjectVersion:   Dev-VR (D7296918-1DD6-4BDD-9DE2-64A83CC13884): 0
LogDevObjectVersion:   Dev-LoadTimes (C2A15278-BFE7-4AFE-6C17-90FF531DF755): 1
LogDevObjectVersion:   Private-Geometry (6EACA3D4-40EC-4CC1-B786-8BED09428FC5): 1
LogDevObjectVersion:   Dev-AnimPhys (29E575DD-E0A3-4627-9D10-D276232CDCEA): 3
LogInit: Compiled (64-bit): Jul 28 2017 11:49:47
LogInit: Compiled with Visual C++: 19.00.24215.01
LogInit: Build Configuration: Development
LogInit: Branch Name: ++UE4+Release-4.16
LogInit: Command line: 
LogInit: Base directory: D:/UE4_Version/UE_4.16/Engine/Binaries/Win64/
LogInit: Installed Engine Build: 1
LogInit: Presizing for max 8388607 objects, including 0 objects not considered by GC, pre-allocating 0 bytes for permanent pool.
LogInit: Object subsystem initialized
[2018.01.19-14.53.12:216][  0]LogInit: Selected Device Profile: [Windows]
[2018.01.19-14.53.12:216][  0]LogInit: Applying CVar settings loaded from the selected device profile: [Windows]
[2018.01.19-14.53.12:226][  0]LogInit: Computer: DESKTOP-B7IJ9EN
[2018.01.19-14.53.12:226][  0]LogInit: User: Liuxiang
[2018.01.19-14.53.12:226][  0]LogInit: CPU Page size=4096, Cores=4
[2018.01.19-14.53.12:226][  0]LogInit: High frequency timer resolution =2.835940 MHz
[2018.01.19-14.53.12:227][  0]LogMemory: Memory total: Physical=31.9GB (32GB approx)
[2018.01.19-14.53.12:227][  0]LogMemory: Platform Memory Stats for Windows
[2018.01.19-14.53.12:227][  0]LogMemory: Process Physical Memory: 278.51 MB used, 278.51 MB peak
[2018.01.19-14.53.12:227][  0]LogMemory: Process Virtual Memory: 266.73 MB used, 266.73 MB peak
[2018.01.19-14.53.12:227][  0]LogMemory: Physical Memory: 13763.68 MB used,  18873.71 MB free, 32637.40 MB total
[2018.01.19-14.53.12:227][  0]LogMemory: Virtual Memory: 716.20 MB used,  18873.71 MB free, 134217728.00 MB total
[2018.01.19-14.53.12:874][  0]LogInit: Using OS detected language (zh-CN).
[2018.01.19-14.53.12:874][  0]LogInit: Using OS detected locale (zh-CN).
[2018.01.19-14.53.13:839][  0]LogD3D11RHI: D3D11 adapters:
[2018.01.19-14.53.13:895][  0]LogD3D11RHI:    0. 'NVIDIA GeForce GTX 1070' (Feature Level 11_0)
[2018.01.19-14.53.13:895][  0]LogD3D11RHI:       8081/0/16318 MB DedicatedVideo/DedicatedSystem/SharedSystem, Outputs:1, VendorId:0x10de
[2018.01.19-14.53.13:920][  0]LogD3D11RHI:    1. 'Intel(R) HD Graphics 630' (Feature Level 11_0)
[2018.01.19-14.53.13:920][  0]LogD3D11RHI:       128/0/16318 MB DedicatedVideo/DedicatedSystem/SharedSystem, Outputs:0, VendorId:0x8086
[2018.01.19-14.53.13:924][  0]LogD3D11RHI:    2. 'Microsoft Basic Render Driver' (Feature Level 11_0)
[2018.01.19-14.53.13:924][  0]LogD3D11RHI:       0/0/16318 MB DedicatedVideo/DedicatedSystem/SharedSystem, Outputs:0, VendorId:0x1414
[2018.01.19-14.53.13:924][  0]LogD3D11RHI: Chosen D3D11 Adapter: 0
[2018.01.19-14.53.13:935][  0]LogD3D11RHI: Creating new Direct3DDevice
[2018.01.19-14.53.13:935][  0]LogD3D11RHI:     GPU DeviceId: 0x1ba1 (for the marketing name, search the web for "GPU Device Id")
[2018.01.19-14.53.13:935][  0]LogWindows: EnumDisplayDevices:
[2018.01.19-14.53.13:935][  0]LogWindows:    0. 'NVIDIA GeForce GTX 1070' (P:1 D:1)
[2018.01.19-14.53.13:936][  0]LogWindows:    1. 'NVIDIA GeForce GTX 1070' (P:0 D:0)
[2018.01.19-14.53.13:936][  0]LogWindows:    2. 'NVIDIA GeForce GTX 1070' (P:0 D:0)
[2018.01.19-14.53.13:936][  0]LogWindows:    3. 'NVIDIA GeForce GTX 1070' (P:0 D:0)
[2018.01.19-14.53.13:936][  0]LogWindows:    4. 'Intel(R) HD Graphics 630' (P:0 D:0)
[2018.01.19-14.53.13:937][  0]LogWindows:    5. 'Intel(R) HD Graphics 630' (P:0 D:0)
[2018.01.19-14.53.13:937][  0]LogWindows:    6. 'Intel(R) HD Graphics 630' (P:0 D:0)
[2018.01.19-14.53.13:937][  0]LogWindows: DebugString: GetVideoDriverDetailsInvalid PrimaryIsNotTheChoosenAdapter GetVideoDriverDetailsInvalid PrimaryIsNotTheChoosenAdapter GetVideoDriverDetailsInvalid PrimaryIsNotTheChoosenAdapter GetVideoDriverDetailsInvalid PrimaryIsNotTheChoosenAdapter GetVideoDriverDetailsInvalid PrimaryIsNotTheChoosenAdapter GetVideoDriverDetailsInvalid PrimaryIsNotTheChoosenAdapter GetVideoDriverDetailsInvalid PrimaryIsNotTheChoosenAdapter FoundDriverCount:0 
[2018.01.19-14.53.13:937][  0]LogD3D11RHI:     Adapter Name: NVIDIA GeForce GTX 1070
[2018.01.19-14.53.13:937][  0]LogD3D11RHI:   Driver Version: Unknown (internal:Unknown, unified:Unknown)
[2018.01.19-14.53.13:937][  0]LogD3D11RHI:      Driver Date: Unknown
[2018.01.19-14.53.13:937][  0]LogRHI: Texture pool is 1361 MB (70% of 1945 MB)
[2018.01.19-14.53.13:982][  0]LogD3D11RHI: Async texture creation enabled
[2018.01.19-14.53.14:007][  0]LogD3D11RHI: GPU Timing Frequency: 1000.000000 (Debug: 2 2)
[2018.01.19-14.53.14:051][  0]LogShaderCompilers: Guid format shader working directory is 3 characters bigger than the processId version (../../../../../UE4_Project/TEST/BoringMachine/Intermediate/Shaders/WorkingDirectory/32724/).
[2018.01.19-14.53.14:051][  0]LogShaderCompilers: Cleaned the shader compiler working directory 'C:/Users/Liuxiang/AppData/Local/Temp/UnrealShaderWorkingDir/F8C0A7D1455E7B2ED4E7199980A103C5/'.
[2018.01.19-14.53.14:051][  0]LogShaderCompilers:Display: Using Local Shader Compiler.
[2018.01.19-14.53.15:316][  0]LogTemp:Display: Loaded TP AllDesktopTargetPlatform
[2018.01.19-14.53.15:369][  0]LogTemp:Display: Loaded TP MacClientTargetPlatform
[2018.01.19-14.53.15:426][  0]LogTemp:Display: Loaded TP MacNoEditorTargetPlatform
[2018.01.19-14.53.15:485][  0]LogTemp:Display: Loaded TP MacServerTargetPlatform
[2018.01.19-14.53.15:540][  0]LogTemp:Display: Loaded TP MacTargetPlatform
[2018.01.19-14.53.15:595][  0]LogTemp:Display: Loaded TP WindowsClientTargetPlatform
[2018.01.19-14.53.15:651][  0]LogTemp:Display: Loaded TP WindowsNoEditorTargetPlatform
[2018.01.19-14.53.15:704][  0]LogTemp:Display: Loaded TP WindowsServerTargetPlatform
[2018.01.19-14.53.15:758][  0]LogTemp:Display: Loaded TP WindowsTargetPlatform
[2018.01.19-14.53.15:826][  0]LogTemp:Display: Loaded TP AndroidTargetPlatform
[2018.01.19-14.53.15:891][  0]LogTemp:Display: Loaded TP Android_ASTCTargetPlatform
[2018.01.19-14.53.15:960][  0]LogTemp:Display: Loaded TP Android_ATCTargetPlatform
[2018.01.19-14.53.16:021][  0]LogTemp:Display: Loaded TP Android_DXTTargetPlatform
[2018.01.19-14.53.16:087][  0]LogTemp:Display: Loaded TP Android_ETC1TargetPlatform
[2018.01.19-14.53.16:152][  0]LogTemp:Display: Loaded TP Android_ETC2TargetPlatform
[2018.01.19-14.53.16:280][  0]LogTemp:Display: Loaded TP Android_MultiTargetPlatform
[2018.01.19-14.53.16:280][  0]LogTemp:Display: Loaded TP Android_PVRTCTargetPlatform
[2018.01.19-14.53.16:326][  0]LogTemp:Display: Loaded TP HTML5TargetPlatform
[2018.01.19-14.53.16:431][  0]LogTemp:Display: Loaded TP IOSTargetPlatform
[2018.01.19-14.53.16:468][  0]LogTemp:Display: Loaded TP TVOSTargetPlatform
[2018.01.19-14.53.16:534][  0]LogTemp:Display: Loaded TP LinuxClientTargetPlatform
[2018.01.19-14.53.16:596][  0]LogTemp:Display: Loaded TP LinuxNoEditorTargetPlatform
[2018.01.19-14.53.16:654][  0]LogTemp:Display: Loaded TP LinuxServerTargetPlatform
[2018.01.19-14.53.16:714][  0]LogTemp:Display: Loaded TP LinuxTargetPlatform
[2018.01.19-14.53.16:714][  0]LogTargetPlatformManager:Display: Building Assets For Windows
[2018.01.19-14.53.17:258][  0]LogDerivedDataCache:Display: Max Cache Size: 512 MB
[2018.01.19-14.53.17:363][  0]LogDerivedDataCache: Loaded boot cache 0.10s 101MB C:/Users/Liuxiang/AppData/Local/UnrealEngine/4.16/DerivedDataCache/Boot.ddc.
[2018.01.19-14.53.17:363][  0]LogDerivedDataCache:Display: Loaded Boot cache: C:/Users/Liuxiang/AppData/Local/UnrealEngine/4.16/DerivedDataCache/Boot.ddc
[2018.01.19-14.53.17:363][  0]LogDerivedDataCache: FDerivedDataBackendGraph:  Pak pak cache file ../../../../../UE4_Project/TEST/BoringMachine/DerivedDataCache/DDC.ddp not found, will not use a pak cache.
[2018.01.19-14.53.17:363][  0]LogDerivedDataCache: Unable to find inner node Pak for hierarchical cache Hierarchy.
[2018.01.19-14.53.17:363][  0]LogDerivedDataCache: FDerivedDataBackendGraph:  CompressedPak pak cache file ../../../../../UE4_Project/TEST/BoringMachine/DerivedDataCache/Compressed.ddp not found, will not use a pak cache.
[2018.01.19-14.53.17:363][  0]LogDerivedDataCache: Unable to find inner node CompressedPak for hierarchical cache Hierarchy.
[2018.01.19-14.53.17:381][  0]LogDerivedDataCache:Display: Pak cache opened for reading ../../../Engine/DerivedDataCache/Compressed.ddp.
[2018.01.19-14.53.17:393][  0]LogDerivedDataCache: Using Local data cache path C:/Users/Liuxiang/AppData/Local/UnrealEngine/Common/DerivedDataCache: Writable
[2018.01.19-14.53.17:403][  0]LogMaterial: Verifying Global Shaders for PCD3D_SM5
[2018.01.19-14.53.17:404][  0]LogSlate: Using Freetype 2.6.0
[2018.01.19-14.53.17:404][  0]LogSlate: SlateFontCache - WITH_FREETYPE: 1, WITH_HARFBUZZ: 1
[2018.01.19-14.53.17:404][  0]LogSlate: SlateFontCache - WITH_FREETYPE: 1, WITH_HARFBUZZ: 1
[2018.01.19-14.53.17:812][  0]LogInit: Selected Device Profile: [Windows]
[2018.01.19-14.53.17:878][  0]LogContentStreaming: Texture pool size is 0.00 MB
[2018.01.19-14.53.18:056][  0]LogMeshUtilities: Using QuadricMeshReduction for automatic static mesh reduction
[2018.01.19-14.53.18:103][  0]LogSimplygon: Simplygon DLL not present - disabling.
[2018.01.19-14.53.18:165][  0]LogMeshUtilities: Using SimplygonSwarm for distributed automatic mesh merging
[2018.01.19-14.53.18:165][  0]LogMeshUtilities: No automatic skeletal mesh reduction module available
[2018.01.19-14.53.18:165][  0]LogMeshUtilities: No automatic mesh merging module available
[2018.01.19-14.53.18:753][  0]LogNetVersion: BoringMachine , NetCL: 3452394, EngineNetVer: 2, GameNetVer: 0 (Checksum: 1412956445)
[2018.01.19-14.53.18:814][  0]LogAssetRegistry: FAssetRegistry took 0.0262 seconds to start up
[2018.01.19-14.53.18:919][  0]LogPackageLocalizationCache: Processed 4 localized package path(s) for 4 prioritized culture(s) in 0.083499 seconds
[2018.01.19-14.53.18:925][  0]LogUObjectArray: 34195 objects as part of root set at end of initial load.
[2018.01.19-14.53.18:925][  0]LogUObjectAllocator: 7260648 out of 0 bytes used by permanent object pool.
[2018.01.19-14.53.18:925][  0]LogUObjectArray: CloseDisregardForGC: 0/0 objects in disregard for GC pool
[2018.01.19-14.53.18:986][  0]LogInit: WinSock: version 1.1 (2.2), MaxSocks=32767, MaxUdp=65467
[2018.01.19-14.53.21:880][  0]LogSubstanceCoreModule: Substance [CPU] Engine Loaded, Max Texture Size = 2048
[2018.01.19-14.53.21:914][  0]LogTcpMessaging: Initializing TcpMessaging bridge
[2018.01.19-14.53.21:960][  0]LogUdpMessaging: Initializing bridge on interface 0.0.0.0:0 to multicast group 230.0.0.1:6666.
[2018.01.19-14.53.22:581][  0]LogMaterial: Uniform references updated for custom material expression Custom.
[2018.01.19-14.53.23:067][  0]SourceControl: 信息 源码控制已禁用
[2018.01.19-14.53.23:072][  0]SourceControl: 信息 源码控制已禁用
[2018.01.19-14.53.23:132][  0]SourceControl: 信息 源码控制已禁用
[2018.01.19-14.53.23:192][  0]SourceControl: 信息 源码控制已禁用
[2018.01.19-14.53.24:009][  0]LogAndroidPermission: UAndroidPermissionCallbackProxy::GetInstance
[2018.01.19-14.53.24:812][  0]LogEngine: Initializing Engine...
[2018.01.19-14.53.24:830][  0]LogHMD: Oculus plugin initialized. Version: 4.16.3-3561208+++UE4+Release-4.16, LibOVR: 1.20.0, SDK: 1.12.0, built Jul 28 2017, 11:57:22
[2018.01.19-14.53.25:021][  0]LogStats: UGameplayTagsManager::ConstructGameplayTagTree: Construct from data asset -  0.000 s
[2018.01.19-14.53.25:022][  0]LogStats: UGameplayTagsManager::ConstructGameplayTagTree: GameplayTagTreeChangedEvent.Broadcast -  0.000 s
[2018.01.19-14.53.25:165][  0]LogAIModule: Creating AISystem for world Untitled
[2018.01.19-14.53.25:179][  0]LogInit: XAudio2 using '扬声器/听筒 (Realtek Audio)' : 6 channels at 48 kHz using 32 bits per sample (channel mask 0x3f)
[2018.01.19-14.53.25:270][  0]LogInit: FAudioDevice initialized.
[2018.01.19-14.53.25:329][  0]LogDerivedDataCache: Saved boot cache 0.06s 101MB C:/Users/Liuxiang/AppData/Local/UnrealEngine/4.16/DerivedDataCache/Boot.ddc.
[2018.01.19-14.53.25:344][  0]LogInit: Texture streaming: Enabled
[2018.01.19-14.53.25:431][  0]LogEngineSessionManager: EngineSessionManager initialized
[2018.01.19-14.53.25:680][  0]LogInit: Transaction tracking system initialized
[2018.01.19-14.53.26:024][  0]BlueprintLog: New page: 编辑器加载
[2018.01.19-14.53.27:082][  0]LocalizationService: 信息 本地化服务已被禁用
[2018.01.19-14.53.27:877][  0]LogConsoleResponse:Display: 
[2018.01.19-14.53.28:036][  0]LogCook:Display: Max memory allowance for cook 16384mb min free memory 0mb
[2018.01.19-14.53.28:037][  0]LogCook:Display: Mobile HDR setting 1
[2018.01.19-14.53.29:193][  0]LogFileCache: Scanning file cache for directory 'D:/UE4_Project/TEST/BoringMachine/Content/' took 0.02s
[2018.01.19-14.53.29:247][  0]SourceControl: 信息 源码控制已禁用
[2018.01.19-14.53.29:247][  0]Cmd: MAP LOAD FILE="../../../Engine/Content/Maps/Templates/Template_Default.umap" TEMPLATE=1 SHOWPROGRESS=1 FEATURELEVEL=3
[2018.01.19-14.53.29:247][  0]LightingResults: New page: 光照构建
[2018.01.19-14.53.29:294][  0]MapCheck: New page: 地图检测
[2018.01.19-14.53.29:294][  0]LightingResults: New page: 光照构建
[2018.01.19-14.53.29:341][  0]LogLinker:Warning: 无法寻找到文件'/Game/TRT/FYTRT_1102/M/lambert58'
[2018.01.19-14.53.29:341][  0]LogLinker:Warning: 无法在加载../../../Engine/Content/EngineSky/BP_Sky_Sphere.uasset时寻找到资源'/Game/TRT/FYTRT_1102/M/lambert58'的文件。
[2018.01.19-14.53.29:341][  0]LoadErrors:Error: 错误 /Engine/EngineSky/BP_Sky_Sphere : 无法寻找到资源的文件。 /Game/TRT/FYTRT_1102/M/lambert58
[2018.01.19-14.53.29:342][  0]LogLinker:Warning: 无法寻找到文件'/Game/TRT/FYTRT_1102/M/lambert58'
[2018.01.19-14.53.29:342][  0]LogLinker:Warning: 无法在加载../../../Engine/Content/EngineSky/BP_Sky_Sphere.uasset时寻找到资源'/Game/TRT/FYTRT_1102/M/lambert58'的文件。
[2018.01.19-14.53.29:342][  0]LoadErrors:Error: 错误 /Engine/EngineSky/BP_Sky_Sphere : 无法寻找到资源的文件。 /Game/TRT/FYTRT_1102/M/lambert58
[2018.01.19-14.53.29:347][  0]LogLinker:Warning: 无法寻找到文件'/Game/TRT/FYTRT_1102/M/lambert58'
[2018.01.19-14.53.29:347][  0]LogLinker:Warning: 无法在加载../../../Engine/Content/Maps/Templates/Template_Default.umap时寻找到资源'/Game/TRT/FYTRT_1102/M/lambert58'的文件。
[2018.01.19-14.53.29:347][  0]LoadErrors:Error: 错误 /Engine/Maps/Templates/Template_Default : 无法寻找到资源的文件。 /Game/TRT/FYTRT_1102/M/lambert58
[2018.01.19-14.53.29:347][  0]LogLinker:Warning: 无法寻找到文件'/Game/TRT/FYTRT_1102/M/lambert58'
[2018.01.19-14.53.29:347][  0]LogLinker:Warning: 无法在加载../../../Engine/Content/Maps/Templates/Template_Default.umap时寻找到资源'/Game/TRT/FYTRT_1102/M/lambert58'的文件。
[2018.01.19-14.53.29:347][  0]LoadErrors:Error: 错误 /Engine/Maps/Templates/Template_Default : 无法寻找到资源的文件。 /Game/TRT/FYTRT_1102/M/lambert58
[2018.01.19-14.53.29:354][  0]LogLinker:Warning: 无法寻找到文件'/Game/TRT/FYTRT_1102/M/lambert58'
[2018.01.19-14.53.29:354][  0]LoadErrors: 信息 加载失败 /Game/TRT/FYTRT_1102/M/lambert58.lambert58 引用者 StaticMeshComponent_12
[2018.01.19-14.53.29:355][  0]LogLinker:Warning: 无法在加载../../../Engine/Content/Maps/Templates/Template_Default.umap时寻找到资源'/Game/TRT/FYTRT_1102/M/lambert58'的文件。
[2018.01.19-14.53.29:355][  0]LoadErrors: 信息 加载失败 /Game/TRT/FYTRT_1102/M/lambert58.lambert58 引用者 StaticMeshComponent_12
[2018.01.19-14.53.29:355][  0]LoadErrors:Error: 错误 /Engine/Maps/Templates/Template_Default : 无法寻找到资源的文件。 /Game/TRT/FYTRT_1102/M/lambert58
[2018.01.19-14.53.29:464][  0]LogAIModule: Creating AISystem for world Untitled_1
[2018.01.19-14.53.29:465][  0]LogActorComponent: RegisterComponentWithWorld: (/Temp/Untitled_1.Untitled_1:PersistentLevel.WorldSettings_1.StaticMeshComponent0) Trying to register component with IsPendingKill() == true. Aborting.
[2018.01.19-14.53.29:470][  0]LogEditorServer: Finished looking for orphan Actors (0.000 secs)
[2018.01.19-14.53.29:486][  0]Cmd: MAP CHECKDEP NOCLEARLOG
[2018.01.19-14.53.29:547][  0]MapCheck: 信息 地图检测完成：0个错误，0 个警告，用时60.779毫秒完成。
[2018.01.19-14.53.29:547][  0]LogFileHelpers: Loading map 'Template_Default' took 0.300
[2018.01.19-14.53.29:701][  0]LogCollectionManager: Loaded 0 collections in 0.001145 seconds
[2018.01.19-14.53.29:784][  0]LogFileCache: Scanning file cache for directory 'D:/UE4_Project/TEST/BoringMachine/Saved/Collections/' took 0.01s
[2018.01.19-14.53.29:784][  0]LogFileCache: Scanning file cache for directory 'D:/UE4_Project/TEST/BoringMachine/Content/Developers/Liuxiang/Collections/' took 0.01s
[2018.01.19-14.53.29:784][  0]LogFileCache: Scanning file cache for directory 'D:/UE4_Project/TEST/BoringMachine/Content/Collections/' took 0.01s
[2018.01.19-14.53.29:784][  0]LogCollectionManager: Rebuilt the GUID cache for 0 collections in 0.000002 seconds
[2018.01.19-14.53.29:797][  0]LogContentBrowser: Native class hierarchy populated in 0.0124 seconds. Added 2343 classes and 497 folders.
[2018.01.19-14.53.29:868][  0]LogContentBrowser: Native class hierarchy updated for 'WidgetCarousel' in 0.0010 seconds. Added 0 classes and 0 folders.
[2018.01.19-14.53.29:949][  0]LogContentBrowser: Native class hierarchy updated for 'AddContentDialog' in 0.0011 seconds. Added 0 classes and 0 folders.
[2018.01.19-14.53.30:007][  0]LogContentBrowser: Native class hierarchy updated for 'SceneOutliner' in 0.0007 seconds. Added 1 classes and 2 folders.
[2018.01.19-14.53.30:046][  0]LogCrashTracker: Crashtracker disabled due to settings.
[2018.01.19-14.53.30:053][  0]LogSlate: Took 0.000299 seconds to synchronously load lazily loaded font '../../../Engine/Content/Slate/Fonts/Roboto-Regular.ttf' (155K)
[2018.01.19-14.53.30:057][  0]LogSlate: Took 0.003234 seconds to synchronously load lazily loaded font '../../../Engine/Content/Slate/Fonts/DroidSansFallback.ttf' (3848K)
[2018.01.19-14.53.30:058][  0]LogSlate: Took 0.000356 seconds to synchronously load lazily loaded font '../../../Engine/Content/Slate/Fonts/Roboto-Bold.ttf' (160K)
[2018.01.19-14.53.30:065][  0]LogSlate: Took 0.000339 seconds to synchronously load lazily loaded font '../../../Engine/Content/Editor/Slate/Fonts/FontAwesome.ttf' (139K)
[2018.01.19-14.53.30:154][  0]LogRenderer: Reallocating scene render targets to support 1196x492 NumSamples 1 (Frame:1).
[2018.01.19-14.53.30:259][  0]LogUObjectGlobals:Warning: 寻找对象'Class 无.'失败
[2018.01.19-14.53.30:341][  0]LogContentBrowser: Native class hierarchy updated for 'HierarchicalLODOutliner' in 0.0009 seconds. Added 1 classes and 2 folders.
[2018.01.19-14.53.30:341][  0]LogLoad: (Engine Initialization) Total time: 20.75 seconds
[2018.01.19-14.53.30:341][  0]LogLoad: (Engine Initialization) Total Blueprint compile time: 0.08 seconds
[2018.01.19-14.53.30:341][  0]LogExternalProfiler: Found external profiler: VSPerf
[2018.01.19-14.53.30:341][  0]LogExternalProfiler: Using external profiler: VSPerf
[2018.01.19-14.53.30:681][  0]LogOcInput: OculusInput pre-init called
[2018.01.19-14.53.30:701][  0]LogOcInput: OculusInput is initialized. Init status 0. Runtime version: 1.20.0
[2018.01.19-14.53.30:701][  0]LogHMD: Starting GearVRController plugin
[2018.01.19-14.53.30:726][  0]LogContentStreaming: Texture pool size now 1000 MB
[2018.01.19-14.53.30:803][  0]LogSlate: Took 0.000342 seconds to synchronously load lazily loaded font '../../../Engine/Content/Slate/Fonts/Roboto-Light.ttf' (159K)
[2018.01.19-14.53.31:021][  1]LogAssetRegistry: Asset discovery search completed in 12.2287 seconds
[2018.01.19-14.53.31:022][  1]LogCollectionManager: Rebuilt the object cache for 0 collections in 0.000001 seconds (found 0 objects)
[2018.01.19-14.53.31:022][  1]LogCollectionManager: Fixed up redirectors for 0 collections in 0.000031 seconds (updated 0 objects)
[2018.01.19-14.53.31:683][  3]LogSlate: Took 0.000331 seconds to synchronously load lazily loaded font '../../../Engine/Content/Slate/Fonts/Roboto-Light.ttf' (159K)
[2018.01.19-14.58.43:378][ 90]LogSlate: Took 0.000313 seconds to synchronously load lazily loaded font '../../../Engine/Content/Slate/Fonts/Roboto-Light.ttf' (159K)
[2018.01.19-14.58.43:395][ 90]LogFactory: FactoryCreateFile: StaticMesh with FbxFactory (0 0 ../../../../../Project/WaJueJi/3_3D/kuangdong/MAYA/Fangkongdong_Project/scenes/20180119_jiazi_001.fbx)
[2018.01.19-14.58.43:408][ 90]LogFbx: ItemName: GlobalSettings, ItemCount : 1
[2018.01.19-14.58.43:408][ 90]LogFbx: ItemName: NodeAttribute, ItemCount : 1
[2018.01.19-14.58.43:408][ 90]LogFbx: ItemName: Model, ItemCount : 2
[2018.01.19-14.58.43:408][ 90]LogFbx: ItemName: Geometry, ItemCount : 1
[2018.01.19-14.58.43:408][ 90]LogFbx: ItemName: Material, ItemCount : 1
[2018.01.19-14.58.43:418][ 90]LogFbx: Loading FBX Scene from ../../../../../Project/WaJueJi/3_3D/kuangdong/MAYA/Fangkongdong_Project/scenes/20180119_jiazi_001.fbx
[2018.01.19-14.58.43:439][ 90]LogFbx: FBX Scene Loaded Succesfully
[2018.01.19-14.58.58:099][ 90]LogFbx: Loading FBX Scene from ../../../../../Project/WaJueJi/3_3D/kuangdong/MAYA/Fangkongdong_Project/scenes/20180119_jiazi_001.fbx
[2018.01.19-14.58.58:113][ 90]LogFbx: FBX Scene Loaded Succesfully
[2018.01.19-14.58.58:133][ 90]LogFbx:Warning: Triangulating static mesh hangdaoxiugaibi3
[2018.01.19-14.58.59:057][ 90]LogStaticMesh: 正在构建静态网格物体20180119_jiazi_001...
[2018.01.19-14.58.59:192][ 90]LogStaticMesh: Built static mesh [0.14s] /Game/My/MESH/20180119_jiazi_001.20180119_jiazi_001
[2018.01.19-14.58.59:238][ 90]LogSlate: Took 0.000221 seconds to synchronously load lazily loaded font '../../../Engine/Content/Slate/Fonts/Roboto-Regular.ttf' (155K)
[2018.01.19-14.59.02:390][225]Cmd: OBJ SAVEPACKAGE PACKAGE="/Game/My/MESH/20180119_jiazi_001" FILE="../../../../../UE4_Project/TEST/BoringMachine/Content/My/MESH/20180119_jiazi_001.uasset" SILENT=true
[2018.01.19-14.59.02:404][225]LogSavePackage: Save=12.05ms
[2018.01.19-14.59.02:404][225]LogSavePackage: Moving '../../../../../UE4_Project/TEST/BoringMachine/Saved/20180119_jiazi_00198D3C35843DD7315CAB9D4B9924E2514.tmp' to '../../../../../UE4_Project/TEST/BoringMachine/Content/My/MESH/20180119_jiazi_001.uasset'
[2018.01.19-14.59.02:407][225]LogSavePackage:Display: Finished SavePackage ../../../../../UE4_Project/TEST/BoringMachine/Content/My/MESH/20180119_jiazi_001.uasset
[2018.01.19-14.59.04:973][370]LogAIModule: Creating AISystem for world 02
[2018.01.19-14.59.04:995][370]Cmd: MAP LOAD FILE="../../../../../UE4_Project/TEST/BoringMachine/Content/My/MAP/02.umap" TEMPLATE=0 SHOWPROGRESS=1 FEATURELEVEL=3
[2018.01.19-14.59.04:995][370]LightingResults: New page: 光照构建
[2018.01.19-14.59.04:996][370]LoadErrors: New page: 正在加载地图： 02.umap
[2018.01.19-14.59.04:996][370]MapCheck: New page: 地图检测
[2018.01.19-14.59.04:996][370]LightingResults: New page: 光照构建
[2018.01.19-14.59.05:014][370]LogEditorServer: Finished looking for orphan Actors (0.000 secs)
[2018.01.19-14.59.05:039][370]Cmd: MAP CHECKDEP NOCLEARLOG
[2018.01.19-14.59.05:107][370]MapCheck: 信息 地图检测完成：0个错误，0 个警告，用时68.16毫秒完成。
[2018.01.19-14.59.05:107][370]LogFileHelpers: Loading map '02' took 0.113
[2018.01.19-14.59.38:321][251]LogEditorViewport: Clicking on Actor (LMB): StaticMeshActor (20180114_jiazi_001)
[2018.01.19-15.00.12:160][664]LogRenderer: Reallocating scene render targets to support 1196x496 NumSamples 1 (Frame:3308).
[2018.01.19-15.00.12:207][665]LogRenderer: Reallocating scene render targets to support 1196x504 NumSamples 1 (Frame:3310).
[2018.01.19-15.00.12:255][666]LogRenderer: Reallocating scene render targets to support 1196x520 NumSamples 1 (Frame:3312).
[2018.01.19-15.00.12:309][667]LogRenderer: Reallocating scene render targets to support 1196x532 NumSamples 1 (Frame:3314).
[2018.01.19-15.00.12:351][668]LogRenderer: Reallocating scene render targets to support 1196x540 NumSamples 1 (Frame:3316).
[2018.01.19-15.00.12:393][669]LogRenderer: Reallocating scene render targets to support 1196x548 NumSamples 1 (Frame:3318).
[2018.01.19-15.00.12:481][671]LogRenderer: Reallocating scene render targets to support 1196x560 NumSamples 1 (Frame:3322).
[2018.01.19-15.00.12:521][672]LogRenderer: Reallocating scene render targets to support 1196x568 NumSamples 1 (Frame:3324).
[2018.01.19-15.00.14:045][762]LogActorFactory: Actor Factory created 20180119_jiazi_001
[2018.01.19-15.00.14:569][793]LogActorFactory: Actor Factory created 20180119_jiazi_001
[2018.01.19-15.00.21:936][231]LogEditorViewport: Clicking on Actor (LMB): StaticMeshActor (20180114_jiazi_001)
[2018.01.19-15.00.49:826][273]Cmd: DELETE
[2018.01.19-15.00.49:826][273]Cmd: ACTOR DELETE
[2018.01.19-15.00.49:826][273]LogEditorActor: Deleted Actor: StaticMeshActor
[2018.01.19-15.00.49:839][273]LogEditorActor: Deleted 1 Actors (0.012 secs)
[2018.01.19-15.02.43:784][670]LogEditorViewport: Clicking on Actor (context menu): StaticMeshActor (cavewall_33)
[2018.01.19-15.02.45:009][739]LogEditorViewport: Clicking Background
[2018.01.19-15.02.45:730][782]LogEditorViewport: Clicking Background
[2018.01.19-15.02.46:447][825]LogEditorViewport: Clicking on Actor (LMB): StaticMeshActor (20180119_jiazi_001)
[2018.01.19-15.03.20:895][888]LogEditorViewport: Clicking Background
[2018.01.19-15.03.25:973][191]LogEditorViewport: Clicking on Actor (LMB): StaticMeshActor (20180114_plane_2)
[2018.01.19-15.03.30:443][455]LogEditorViewport: Clicking on Actor (LMB): StaticMeshActor (20180119_jiazi_001)
[2018.01.19-15.04.48:940][141]LogEditorViewport: Clicking on Actor (LMB): StaticMeshActor (20180119_jiazi_001)
[2018.01.19-15.05.45:660][928]LogSlate: Took 0.000250 seconds to synchronously load lazily loaded font '../../../Engine/Content/Editor/Slate/Fonts/Roboto-Italic.ttf' (157K)
[2018.01.19-15.07.31:844][281]LogEditorViewport: Clicking on Actor (LMB): StaticMeshActor (cavewall_02)
[2018.01.19-15.07.44:254][ 20]LogEditorViewport: Clicking on Actor (LMB): StaticMeshActor (20180119_jiazi_001)
[2018.01.19-15.07.55:289][677]LogEditorViewport: Clicking on Actor (LMB): StaticMeshActor (20180114_dimian_001)
[2018.01.19-15.08.00:167][963]LogEditorViewport: Clicking on Actor (LMB): StaticMeshActor (cavewall_3)
[2018.01.19-15.08.01:250][ 25]LogEditorViewport: Clicking on Actor (LMB): StaticMeshActor (20180119_jiazi_001)
[2018.01.19-15.08.06:683][345]LogMaterial: Missing cached shader map for material Material_0, compiling. 
[2018.01.19-15.08.07:275][378]LogLinker:Warning: 无法寻找到文件'/Game/Substance_Material/Textures/Other/rock_coal'
[2018.01.19-15.08.07:276][378]LogLinker:Warning: 无法在加载../../../../../UE4_Project/TEST/BoringMachine/Content/My/Metarial/Coal_INST.uasset时寻找到资源'/Game/Substance_Material/Textures/Other/rock_coal'的文件。
[2018.01.19-15.08.07:276][378]LoadErrors:Error: 错误 /Game/My/Metarial/Coal_INST : 无法寻找到资源的文件。 /Game/Substance_Material/Textures/Other/rock_coal
[2018.01.19-15.08.07:276][378]LogLinker:Warning: 无法寻找到文件'/Game/Substance_Material/Textures/Other/rock_coal'
[2018.01.19-15.08.07:276][378]LogLinker:Warning: 无法在加载../../../../../UE4_Project/TEST/BoringMachine/Content/My/Metarial/Coal_INST.uasset时寻找到资源'/Game/Substance_Material/Textures/Other/rock_coal'的文件。
[2018.01.19-15.08.07:277][378]LogLinker:Warning: 无法寻找到文件'/Game/Substance_Material/Textures/Other/rock_coal'
[2018.01.19-15.08.07:277][378]LoadErrors: 信息 加载失败 /Game/Substance_Material/Textures/Other/rock_coal.rock_coal 引用者 Coal_INST
[2018.01.19-15.08.07:277][378]LogLinker:Warning: 无法在加载NULL时寻找到资源'/Game/Substance_Material/Textures/Other/rock_coal'的文件。
[2018.01.19-15.08.07:277][378]LogLinker:Warning: 无法寻找到文件'/Game/Substance_Material/Textures/Other/rock_coal'
[2018.01.19-15.08.07:277][378]LogLinker:Warning: 无法在加载NULL时寻找到资源'/Game/Substance_Material/Textures/Other/rock_coal'的文件。
[2018.01.19-15.08.26:975][541]LogEditorViewport: Clicking on Actor (LMB): StaticMeshActor (20180114_dimian_001)
[2018.01.19-15.08.43:545][526]LogEditorViewport: Clicking on Actor (LMB): StaticMeshActor (cavewall_5)
[2018.01.19-15.08.47:763][772]LogEditorViewport: Clicking on Actor (LMB): StaticMeshActor (20180119_jiazi_001)
[2018.01.19-15.08.51:172][970]LogEditorViewport: Clicking on Actor (LMB): StaticMeshActor (cavewall_5)
[2018.01.19-15.09.19:627][671]LogEditorViewport: Clicking on Actor (LMB): StaticMeshActor (20180114_plane_5)
[2018.01.19-15.09.20:158][700]Cmd: TRANSACTION UNDO
[2018.01.19-15.09.20:158][700]LogEditorTransaction: Undo 点击Actor
[2018.01.19-15.09.20:604][724]Cmd: TRANSACTION UNDO
[2018.01.19-15.09.20:604][724]LogEditorTransaction: Undo 设置actor位置
[2018.01.19-15.09.21:089][752]Cmd: TRANSACTION UNDO
[2018.01.19-15.09.21:089][752]LogEditorTransaction: Undo 设置actor位置
[2018.01.19-15.09.23:259][882]LogEditorViewport: Clicking on Actor (LMB): StaticMeshActor (20180114_plane_4)
[2018.01.19-15.09.24:818][973]LogEditorViewport: Clicking on Actor (LMB): StaticMeshActor (20180114_plane_2)
[2018.01.19-15.09.28:370][182]LogEditorViewport: Clicking on Actor (LMB): StaticMeshActor (20180119_jiazi_001)
[2018.01.19-15.09.43:770][100]LogEditorViewport: Clicking on Actor (LMB): StaticMeshActor (20180114_dimian_001)
[2018.01.19-15.09.53:774][690]LogEditorViewport: Clicking on Actor (LMB): PointLight (PointLight5)
[2018.01.19-15.09.54:872][753]Cmd: DELETE
[2018.01.19-15.09.54:872][753]Cmd: ACTOR DELETE
[2018.01.19-15.09.54:872][753]LogEditorActor: Deleted Actor: PointLight
[2018.01.19-15.09.54:885][753]LogEditorActor: Deleted 1 Actors (0.013 secs)
[2018.01.19-15.09.56:092][826]LogEditorViewport: Clicking on Actor (LMB): PointLight (PointLight)
[2018.01.19-15.10.07:464][500]LogEditorActor: Deleted Actor: AtmosphericFog
[2018.01.19-15.10.07:464][500]LogEditorActor: Deleted Actor: DirectionalLight
[2018.01.19-15.10.07:476][500]LogEditorActor: Deleted 2 Actors (0.012 secs)
[2018.01.19-15.10.26:338][628]MapCheck: New page: 地图检测
[2018.01.19-15.10.26:355][628]LightingResults: New page: 光照构建-  2018年1月20日 上午7:10:26
[2018.01.19-15.10.26:418][628]LogSwarmInterface: [OpenConnection] Registering TCP channel ...
[2018.01.19-15.10.26:543][628]LogSwarmInterface: [OpenConnection] Connecting to agent ...
[2018.01.19-15.10.26:560][628]LogSwarmInterface: [TryOpenConnection] Testing the Agent
[2018.01.19-15.10.27:584][628]LogSwarmInterface: [TryOpenConnection] Opening Connection to Agent
[2018.01.19-15.10.27:584][628]LogSwarmInterface: [TryOpenConnection] Local Process ID is 32724
[2018.01.19-15.10.30:336][628]LogStaticLightingSystem: Running Lightmass w/ ImmediateImport mode ENABLED
[2018.01.19-15.10.30:336][628]LogStaticLightingSystem: Running Lightmass w/ ImmediateProcess mode ENABLED
[2018.01.19-15.10.30:336][628]LogStaticLightingSystem: Running Lightmass w/ Sorting mode ENABLED
[2018.01.19-15.10.30:336][628]LogStaticLightingSystem: Running Lightmass w/ Mapping paddings ENABLED
[2018.01.19-15.10.30:336][628]LogStaticLightingSystem: Running Lightmass w/ Mapping debug paddings DISABLED
[2018.01.19-15.10.30:531][628]LogEditorBuildUtils: Build time 0:04
[2018.01.19-15.10.30:542][628]LogMaterial: Missing cached shader map for material FLightmassMaterialRenderer M_Water_Lake, compiling. 
[2018.01.19-15.10.30:550][628]LogMaterial: Missing cached shader map for material FLightmassMaterialRenderer M_Water_Lake, compiling. 
[2018.01.19-15.10.36:416][908]Job is a success!
[2018.01.19-15.10.36:715][909]LogTexture:Display: Building textures: HQ_Lightmap1_1 (AutoDXT, 512X512)
[2018.01.19-15.10.36:715][909]LogTexture:Display: Building textures: LQ_Lightmap_1_1 (DXT1, 512X512)
[2018.01.19-15.10.36:715][909]LogTexture:Display: Building textures: ShadowMapTexture2D_0 (BGRA8, 1024X128)
[2018.01.19-15.10.36:748][909]Lightmass on DESKTOP-B7IJ9EN: 4.76 sec total, 247 ms importing, 199 ms setup, 490 ms photons, 3.77 sec processing, 0 ms extra exporting [85/85 mappings]. Threads: 26.2 sec total, 19.2 sec processing.
[2018.01.19-15.10.36:773][909]LogStaticLightingSystem: Illumination: 10.3 sec (109 ms encoding lightmaps, 42 ms encoding shadowmaps)
[2018.01.19-15.10.36:773][909]LogStaticLightingSystem: Lightmap texture memory:  0.5 MB (0.5 MB streaming, 0.0 MB non-streaming), 2 textures
[2018.01.19-15.10.36:773][909]LogStaticLightingSystem: Shadowmap texture memory: 0.7 MB (0.7 MB streaming, 0.0 MB non-streaming), 1 textures
[2018.01.19-15.10.37:345][909]DumpUnbuiltLightIteractions
[2018.01.19-15.10.37:345][909]Lights with unbuilt interactions: 0
[2018.01.19-15.10.37:345][909]
[2018.01.19-15.10.37:345][909]Primitives with unbuilt interactions: 0
[2018.01.19-15.10.37:356][910]Cmd: MAP CHECK NOTIFYRESULTS
[2018.01.19-15.10.37:356][910]MapCheck: New page: 02 - 2018年1月20日 上午7:10:37
[2018.01.19-15.10.37:431][910]MapCheck: 信息 地图检测完成：0个错误，0 个警告，用时75.074毫秒完成。
[2018.01.19-15.11.11:222][934]Cmd: OBJ SAVEPACKAGE PACKAGE="/Game/My/MAP/02" FILE="../../../../../UE4_Project/TEST/BoringMachine/Saved/Autosaves/Game/My/MAP/02_Auto1.umap" SILENT=true AUTOSAVING=true KEEPDIRTY=false
[2018.01.19-15.11.11:361][934]LogSavePackage: Save=134.48ms
[2018.01.19-15.11.11:361][934]LogSavePackage: Moving '../../../../../UE4_Project/TEST/BoringMachine/Saved/02_Auto16A4E926D41AC0FC2C5320BB765515F36.tmp' to '../../../../../UE4_Project/TEST/BoringMachine/Saved/Autosaves/Game/My/MAP/02_Auto1.umap'
[2018.01.19-15.11.11:363][934]LogSavePackage:Display: Finished SavePackage ../../../../../UE4_Project/TEST/BoringMachine/Saved/Autosaves/Game/My/MAP/02_Auto1.umap
[2018.01.19-15.11.11:365][934]LogFileHelpers: Editor autosave (incl. sublevels) for '/Game/My/MAP/02' took 0.154
[2018.01.19-15.11.11:365][934]LogFileHelpers: Editor autosave (incl. sublevels) for all levels took 0.154
[2018.01.19-15.11.11:367][934]OBJ SavePackage: Generating thumbnails for [0] asset(s) in package [/Game/My/MAP/02_BuiltData] ([1] browsable assets)...
[2018.01.19-15.11.11:367][934]OBJ SavePackage: Finished generating thumbnails for package [/Game/My/MAP/02_BuiltData]
[2018.01.19-15.11.11:367][934]Cmd: OBJ SAVEPACKAGE PACKAGE="/Game/My/MAP/02_BuiltData" FILE="../../../../../UE4_Project/TEST/BoringMachine/Saved/Autosaves/Game/My/MAP/02_BuiltData_Auto1.uasset" SILENT=false AUTOSAVING=true
[2018.01.19-15.11.11:386][934]LogSavePackage: Save=15.33ms
[2018.01.19-15.11.11:386][934]LogSavePackage: Moving '../../../../../UE4_Project/TEST/BoringMachine/Saved/02_BuiltData_Auto12A023907429990F986859C998321647A.tmp' to '../../../../../UE4_Project/TEST/BoringMachine/Saved/Autosaves/Game/My/MAP/02_BuiltData_Auto1.uasset'
[2018.01.19-15.11.11:388][934]LogSavePackage:Display: Finished SavePackage ../../../../../UE4_Project/TEST/BoringMachine/Saved/Autosaves/Game/My/MAP/02_BuiltData_Auto1.uasset
[2018.01.19-15.11.11:388][934]LogFileHelpers: Auto-saving content packages took 0.023
[2018.01.19-15.13.09:433][ 15]LogEditorViewport: Clicking on Actor (LMB): StaticMeshActor (20180114_plane_7)
[2018.01.19-15.13.10:977][105]LogEditorViewport: Clicking on Actor (LMB): StaticMeshActor (cavewall_10)
[2018.01.19-15.13.15:111][350]LogEditorViewport: Clicking on Actor (LMB): StaticMeshActor (20180114_dimian_001)
[2018.01.19-15.13.25:462][958]Cmd: OBJ SAVEPACKAGE PACKAGE="/Game/My/MAP/02" FILE="../../../../../UE4_Project/TEST/BoringMachine/Content/My/MAP/02.umap" SILENT=true AUTOSAVING=false KEEPDIRTY=false
[2018.01.19-15.13.25:622][958]LogSavePackage: Save=144.68ms
[2018.01.19-15.13.25:623][958]LogSavePackage: Moving '../../../../../UE4_Project/TEST/BoringMachine/Saved/0279657DF347C842AE61E12BAE133A2E76.tmp' to '../../../../../UE4_Project/TEST/BoringMachine/Content/My/MAP/02.umap'
[2018.01.19-15.13.25:626][958]LogSavePackage:Display: Finished SavePackage ../../../../../UE4_Project/TEST/BoringMachine/Content/My/MAP/02.umap
[2018.01.19-15.13.25:644][958]LogFileHelpers: Saving map '02' took 0.251
[2018.01.19-15.13.25:646][958]Cmd: OBJ SAVEPACKAGE PACKAGE="/Game/My/MAP/02_BuiltData" FILE="../../../../../UE4_Project/TEST/BoringMachine/Content/My/MAP/02_BuiltData.uasset" SILENT=true
[2018.01.19-15.13.25:714][958]LogSavePackage: Save=64.17ms
[2018.01.19-15.13.25:714][958]LogSavePackage: Moving '../../../../../UE4_Project/TEST/BoringMachine/Saved/02_BuiltData590E16824C388BBE23147D8B3F33719A.tmp' to '../../../../../UE4_Project/TEST/BoringMachine/Content/My/MAP/02_BuiltData.uasset'
[2018.01.19-15.13.25:718][958]LogSavePackage:Display: Finished SavePackage ../../../../../UE4_Project/TEST/BoringMachine/Content/My/MAP/02_BuiltData.uasset
[2018.01.19-15.13.34:544][478]LogAIModule: Creating AISystem for world 02_2
[2018.01.19-15.13.40:177][770]Cmd: OBJ SAVEPACKAGE PACKAGE="/Game/My/MAP/03" FILE="../../../../../UE4_Project/TEST/BoringMachine/Content/My/MAP/03.umap" SILENT=true AUTOSAVING=false KEEPDIRTY=false
[2018.01.19-15.13.40:398][770]LogSavePackage: Save=200.32ms
[2018.01.19-15.13.40:398][770]LogSavePackage: Moving '../../../../../UE4_Project/TEST/BoringMachine/Saved/038795FB754D3D0101CAF5F294566727CD.tmp' to '../../../../../UE4_Project/TEST/BoringMachine/Content/My/MAP/03.umap'
[2018.01.19-15.13.40:401][770]LogSavePackage:Display: Finished SavePackage ../../../../../UE4_Project/TEST/BoringMachine/Content/My/MAP/03.umap
[2018.01.19-15.13.40:404][770]LogFileHelpers: Saving map '03' took 0.304
[2018.01.19-15.13.43:760][962]Cmd: MAP LOAD FILE="../../../../../UE4_Project/TEST/BoringMachine/Content/My/MAP/03.umap" TEMPLATE=0 SHOWPROGRESS=1 FEATURELEVEL=3
[2018.01.19-15.13.43:760][962]LightingResults: New page: 光照构建
[2018.01.19-15.13.43:761][962]LoadErrors: New page: 正在加载地图： 03.umap
[2018.01.19-15.13.43:762][962]MapCheck: New page: 地图检测
[2018.01.19-15.13.43:762][962]LightingResults: New page: 光照构建
[2018.01.19-15.13.43:777][962]LogEditorServer: Finished looking for orphan Actors (0.000 secs)
[2018.01.19-15.13.43:804][962]Cmd: MAP CHECKDEP NOCLEARLOG
[2018.01.19-15.13.43:874][962]MapCheck: 信息 地图检测完成：0个错误，0 个警告，用时69.558毫秒完成。
[2018.01.19-15.13.43:875][962]LogFileHelpers: Loading map '03' took 0.115
[2018.01.19-15.13.47:058][150]Cmd: MAP LOAD FILE="../../../../../UE4_Project/TEST/BoringMachine/Content/My/MAP/03.umap" TEMPLATE=0 SHOWPROGRESS=1 FEATURELEVEL=3
[2018.01.19-15.13.47:058][150]LightingResults: New page: 光照构建
[2018.01.19-15.13.47:058][150]LoadErrors: New page: 正在加载地图： 03.umap
[2018.01.19-15.13.47:059][150]MapCheck: New page: 地图检测
[2018.01.19-15.13.47:059][150]LightingResults: New page: 光照构建
[2018.01.19-15.13.47:128][150]LogAIModule: Creating AISystem for world 03
[2018.01.19-15.13.47:134][150]LogEditorServer: Finished looking for orphan Actors (0.000 secs)
[2018.01.19-15.13.47:164][150]Cmd: MAP CHECKDEP NOCLEARLOG
[2018.01.19-15.13.47:246][150]MapCheck: 信息 地图检测完成：0个错误，0 个警告，用时81.082毫秒完成。
[2018.01.19-15.13.47:246][150]LogFileHelpers: Loading map '03' took 0.190
[2018.01.19-16.03.41:297][635]LogLinker:Warning: 无法寻找到文件'/Game/Substance_Material/Textures/Other/rock_coal'
[2018.01.19-16.03.41:297][635]LogLinker:Warning: 无法在加载../../../../../UE4_Project/TEST/BoringMachine/Content/My/Metarial/Coal_INST.uasset时寻找到资源'/Game/Substance_Material/Textures/Other/rock_coal'的文件。
[2018.01.19-16.03.41:297][635]LoadErrors:Error: 错误 /Game/My/Metarial/Coal_INST : 无法寻找到资源的文件。 /Game/Substance_Material/Textures/Other/rock_coal
[2018.01.19-16.03.41:297][635]LogLinker:Warning: 无法寻找到文件'/Game/Substance_Material/Textures/Other/rock_coal'
[2018.01.19-16.03.41:297][635]LogLinker:Warning: 无法在加载../../../../../UE4_Project/TEST/BoringMachine/Content/My/Metarial/Coal_INST.uasset时寻找到资源'/Game/Substance_Material/Textures/Other/rock_coal'的文件。
[2018.01.19-16.04.33:321][180]Cmd: OBJ SAVEPACKAGE PACKAGE="/Game/My/MAP/03" FILE="../../../../../UE4_Project/TEST/BoringMachine/Saved/Autosaves/Game/My/MAP/03_Auto2.umap" SILENT=true AUTOSAVING=true KEEPDIRTY=false
[2018.01.19-16.04.33:554][180]LogSavePackage: Save=226.68ms
[2018.01.19-16.04.33:554][180]LogSavePackage: Moving '../../../../../UE4_Project/TEST/BoringMachine/Saved/03_Auto2D072829F46AB73C0D988F68CDC0FCBCB.tmp' to '../../../../../UE4_Project/TEST/BoringMachine/Saved/Autosaves/Game/My/MAP/03_Auto2.umap'
[2018.01.19-16.04.33:556][180]LogSavePackage:Display: Finished SavePackage ../../../../../UE4_Project/TEST/BoringMachine/Saved/Autosaves/Game/My/MAP/03_Auto2.umap
[2018.01.19-16.04.33:558][180]LogFileHelpers: Editor autosave (incl. sublevels) for '/Game/My/MAP/03' took 0.253
[2018.01.19-16.04.33:558][180]LogFileHelpers: Editor autosave (incl. sublevels) for all levels took 0.253
[2018.01.19-16.04.54:397][530]Cmd: OBJ SAVEPACKAGE PACKAGE="/Game/My/MAP/03" FILE="../../../../../UE4_Project/TEST/BoringMachine/Content/My/MAP/03.umap" SILENT=true AUTOSAVING=false KEEPDIRTY=false
[2018.01.19-16.04.54:619][530]LogSavePackage: Save=204.31ms
[2018.01.19-16.04.54:619][530]LogSavePackage: Moving '../../../../../UE4_Project/TEST/BoringMachine/Saved/03ADBF049241145A2F36531CBE9D5073BB.tmp' to '../../../../../UE4_Project/TEST/BoringMachine/Content/My/MAP/03.umap'
[2018.01.19-16.04.54:623][530]LogSavePackage:Display: Finished SavePackage ../../../../../UE4_Project/TEST/BoringMachine/Content/My/MAP/03.umap
[2018.01.19-16.04.54:640][530]LogFileHelpers: Saving map '03' took 0.321
[2018.01.19-16.06.20:655][821]Cmd: QUIT_EDITOR
[2018.01.19-16.06.20:680][821]LogWindowsTextInputMethodSystem:Display: IME system now deactivated.
[2018.01.19-16.06.20:696][821]LogExit: Preparing to exit.
[2018.01.19-16.06.21:397][821]LogDirectoryWatcher: A directory notification for 'D:/UE4_Project/TEST/BoringMachine/Content/' was aborted.
[2018.01.19-16.06.21:422][821]LogExit: Editor shut down
[2018.01.19-16.06.21:426][821]LogExit: Transaction tracking system shut down
[2018.01.19-16.06.21:531][821]LogObj: Freed 0b from 0 cluster array pools.
[2018.01.19-16.06.21:531][821]LogExit: Object subsystem successfully closed.
[2018.01.19-16.06.21:554][821]LogD3D11RHI: Shutdown
[2018.01.19-16.06.21:554][821]LogD3D11RHI: CleanupD3DDevice
[2018.01.19-16.06.21:675][821]LogD3D11RHI: ~FD3D11DynamicRHI
[2018.01.19-16.06.21:721][821]LogModuleManager: Shutting down and abandoning module HierarchicalLODUtilities (530)
[2018.01.19-16.06.21:721][821]LogModuleManager: Shutting down and abandoning module HierarchicalLODOutliner (528)
[2018.01.19-16.06.21:721][821]LogModuleManager: Shutting down and abandoning module CrashTracker (526)
[2018.01.19-16.06.21:721][821]LogModuleManager: Shutting down and abandoning module SceneOutliner (524)
[2018.01.19-16.06.21:721][821]LogModuleManager: Shutting down and abandoning module AddContentDialog (522)
[2018.01.19-16.06.21:721][821]LogDirectoryWatcher: A directory notification for 'D:/UE4_Version/UE_4.16/FeaturePacks/' was aborted.
[2018.01.19-16.06.21:724][821]LogModuleManager: Shutting down and abandoning module WidgetCarousel (521)
[2018.01.19-16.06.21:724][821]LogModuleManager: Shutting down and abandoning module EditorWidgets (518)
[2018.01.19-16.06.21:724][821]LogModuleManager: Shutting down and abandoning module CollectionManager (516)
[2018.01.19-16.06.21:724][821]LogDirectoryWatcher: A directory notification for 'D:/UE4_Project/TEST/BoringMachine/Content/Collections/' was aborted.
[2018.01.19-16.06.21:725][821]LogDirectoryWatcher: A directory notification for 'D:/UE4_Project/TEST/BoringMachine/Content/Developers/Liuxiang/Collections/' was aborted.
[2018.01.19-16.06.21:725][821]LogDirectoryWatcher: A directory notification for 'D:/UE4_Project/TEST/BoringMachine/Saved/Collections/' was aborted.
[2018.01.19-16.06.21:725][821]LogModuleManager: Shutting down and abandoning module StatsViewer (514)
[2018.01.19-16.06.21:725][821]LogModuleManager: Shutting down and abandoning module FoliageEdit (512)
[2018.01.19-16.06.21:725][821]LogModuleManager: Shutting down and abandoning module LandscapeEditor (510)
[2018.01.19-16.06.21:725][821]LogModuleManager: Shutting down and abandoning module MeshPaintMode (508)
[2018.01.19-16.06.21:725][821]LogModuleManager: Shutting down and abandoning module SceneDepthPickerMode (506)
[2018.01.19-16.06.21:725][821]LogModuleManager: Shutting down and abandoning module ActorPickerMode (504)
[2018.01.19-16.06.21:725][821]LogModuleManager: Shutting down and abandoning module GeometryMode (502)
[2018.01.19-16.06.21:725][821]LogModuleManager: Shutting down and abandoning module TextureAlignMode (500)
[2018.01.19-16.06.21:725][821]LogModuleManager: Shutting down and abandoning module BspMode (498)
[2018.01.19-16.06.21:725][821]LogModuleManager: Shutting down and abandoning module HardwareSurvey (496)
[2018.01.19-16.06.21:725][821]LogModuleManager: Shutting down and abandoning module SequenceRecorderSections (494)
[2018.01.19-16.06.21:725][821]LogModuleManager: Shutting down and abandoning module AutomationWorker (492)
[2018.01.19-16.06.21:725][821]LogModuleManager: Shutting down and abandoning module MatineeToLevelSequence (490)
[2018.01.19-16.06.21:725][821]LogModuleManager: Shutting down and abandoning module LevelSequenceEditor (488)
[2018.01.19-16.06.21:725][821]LogModuleManager: Shutting down and abandoning module PlacementMode (487)
[2018.01.19-16.06.21:725][821]LogModuleManager: Shutting down and abandoning module WmfMediaFactory (484)
[2018.01.19-16.06.21:725][821]LogModuleManager: Shutting down and abandoning module WmfMediaEditor (482)
[2018.01.19-16.06.21:725][821]LogModuleManager: Shutting down and abandoning module AvfMediaFactory (480)
[2018.01.19-16.06.21:725][821]LogModuleManager: Shutting down and abandoning module AvfMediaEditor (478)
[2018.01.19-16.06.21:725][821]LogModuleManager: Shutting down and abandoning module AndroidMediaFactory (476)
[2018.01.19-16.06.21:725][821]LogModuleManager: Shutting down and abandoning module Media (475)
[2018.01.19-16.06.21:725][821]LogModuleManager: Shutting down and abandoning module AndroidMediaEditor (472)
[2018.01.19-16.06.21:725][821]LogModuleManager: Shutting down and abandoning module CharacterAI (470)
[2018.01.19-16.06.21:725][821]LogModuleManager: Shutting down and abandoning module AudioCapture (468)
[2018.01.19-16.06.21:725][821]LogModuleManager: Shutting down and abandoning module SequenceRecorder (467)
[2018.01.19-16.06.21:725][821]LogModuleManager: Shutting down and abandoning module SmartSnapping (464)
[2018.01.19-16.06.21:725][821]LogModuleManager: Shutting down and abandoning module SessionServices (462)
[2018.01.19-16.06.21:725][821]LogModuleManager: Shutting down and abandoning module ViewportSnapping (460)
[2018.01.19-16.06.21:726][821]LogModuleManager: Shutting down and abandoning module ViewportInteraction (458)
[2018.01.19-16.06.21:726][821]LogModuleManager: Shutting down and abandoning module ClothPainter (456)
[2018.01.19-16.06.21:726][821]LogModuleManager: Shutting down and abandoning module LogVisualizer (454)
[2018.01.19-16.06.21:727][821]LogModuleManager: Shutting down and abandoning module IntroTutorials (452)
[2018.01.19-16.06.21:727][821]LogModuleManager: Shutting down and abandoning module GameProjectGeneration (451)
[2018.01.19-16.06.21:727][821]LogModuleManager: Shutting down and abandoning module EditorLiveStreaming (448)
[2018.01.19-16.06.21:727][821]LogModuleManager: Shutting down and abandoning module IOSPlatformEditor (446)
[2018.01.19-16.06.21:727][821]LogModuleManager: Shutting down and abandoning module HTML5PlatformEditor (444)
[2018.01.19-16.06.21:727][821]LogModuleManager: Shutting down and abandoning module AndroidPlatformEditor (442)
[2018.01.19-16.06.21:727][821]LogModuleManager: Shutting down and abandoning module AndroidDeviceDetection (441)
[2018.01.19-16.06.22:573][821]LogModuleManager: Shutting down and abandoning module IOSRuntimeSettings (438)
[2018.01.19-16.06.22:573][821]LogModuleManager: Shutting down and abandoning module AndroidRuntimeSettings (436)
[2018.01.19-16.06.22:573][821]LogModuleManager: Shutting down and abandoning module InputBindingEditor (434)
[2018.01.19-16.06.22:573][821]LogModuleManager: Shutting down and abandoning module MergeActors (432)
[2018.01.19-16.06.22:573][821]LogModuleManager: Shutting down and abandoning module SizeMap (430)
[2018.01.19-16.06.22:573][821]LogModuleManager: Shutting down and abandoning module TreeMap (428)
[2018.01.19-16.06.22:573][821]LogModuleManager: Shutting down and abandoning module ReferenceViewer (426)
[2018.01.19-16.06.22:573][821]LogModuleManager: Shutting down and abandoning module LocalizationDashboard (424)
[2018.01.19-16.06.22:573][821]LogModuleManager: Shutting down and abandoning module LocalizationService (423)
[2018.01.19-16.06.22:573][821]LogModuleManager: Shutting down and abandoning module HardwareTargeting (420)
[2018.01.19-16.06.22:573][821]LogModuleManager: Shutting down and abandoning module DeviceProfileEditor (418)
[2018.01.19-16.06.22:573][821]LogModuleManager: Shutting down and abandoning module UndoHistory (416)
[2018.01.19-16.06.22:573][821]LogModuleManager: Shutting down and abandoning module UserFeedback (414)
[2018.01.19-16.06.22:573][821]LogModuleManager: Shutting down and abandoning module XmlParser (412)
[2018.01.19-16.06.22:573][821]LogModuleManager: Shutting down and abandoning module Blutility (410)
[2018.01.19-16.06.22:573][821]LogModuleManager: Shutting down and abandoning module ProjectSettingsViewer (408)
[2018.01.19-16.06.22:573][821]LogModuleManager: Shutting down and abandoning module ProjectTargetPlatformEditor (407)
[2018.01.19-16.06.22:573][821]LogModuleManager: Shutting down and abandoning module EditorSettingsViewer (404)
[2018.01.19-16.06.22:573][821]LogModuleManager: Shutting down and abandoning module SettingsEditor (402)
[2018.01.19-16.06.22:573][821]LogModuleManager: Shutting down and abandoning module ProjectLauncher (400)
[2018.01.19-16.06.22:573][821]LogModuleManager: Shutting down and abandoning module SessionFrontend (398)
[2018.01.19-16.06.22:573][821]LogModuleManager: Shutting down and abandoning module ProfilerClient (396)
[2018.01.19-16.06.22:573][821]LogModuleManager: Shutting down and abandoning module DeviceManager (394)
[2018.01.19-16.06.22:573][821]LogModuleManager: Shutting down and abandoning module TargetDeviceServices (393)
[2018.01.19-16.06.22:636][821]LogModuleManager: Shutting down and abandoning module AutomationController (390)
[2018.01.19-16.06.22:636][821]LogModuleManager: Shutting down and abandoning module AutomationWindow (388)
[2018.01.19-16.06.22:636][821]LogModuleManager: Shutting down and abandoning module Layers (386)
[2018.01.19-16.06.22:636][821]LogModuleManager: Shutting down and abandoning module ComponentVisualizers (384)
[2018.01.19-16.06.22:636][821]LogModuleManager: Shutting down and abandoning module DetailCustomizations (382)
[2018.01.19-16.06.22:636][821]LogModuleManager: Shutting down and abandoning module PackagesDialog (380)
[2018.01.19-16.06.22:636][821]LogModuleManager: Shutting down and abandoning module Persona (378)
[2018.01.19-16.06.22:636][821]LogModuleManager: Shutting down and abandoning module AdvancedPreviewScene (377)
[2018.01.19-16.06.22:636][821]LogModuleManager: Shutting down and abandoning module AnimGraph (375)
[2018.01.19-16.06.22:636][821]LogModuleManager: Shutting down and abandoning module Kismet (372)
[2018.01.19-16.06.22:637][821]LogModuleManager: Shutting down and abandoning module ClassViewer (370)
[2018.01.19-16.06.22:637][821]LogModuleManager: Shutting down and abandoning module Toolbox (368)
[2018.01.19-16.06.22:637][821]LogModuleManager: Shutting down and abandoning module ModuleUI (366)
[2018.01.19-16.06.22:637][821]LogModuleManager: Shutting down and abandoning module MovieSceneTools (364)
[2018.01.19-16.06.22:637][821]LogModuleManager: Shutting down and abandoning module OutputLog (362)
[2018.01.19-16.06.22:637][821]LogModuleManager: Shutting down and abandoning module GammaUI (360)
[2018.01.19-16.06.22:637][821]LogModuleManager: Shutting down and abandoning module Documentation (358)
[2018.01.19-16.06.22:637][821]LogModuleManager: Shutting down and abandoning module MovieSceneTracks (356)
[2018.01.19-16.06.22:637][821]LogModuleManager: Shutting down and abandoning module MovieScene (354)
[2018.01.19-16.06.22:637][821]LogModuleManager: Shutting down and abandoning module Niagara (352)
[2018.01.19-16.06.22:637][821]LogModuleManager: Shutting down and abandoning module NiagaraEditor (351)
[2018.01.19-16.06.22:637][821]LogModuleManager: Shutting down and abandoning module StreamingPauseRendering (348)
[2018.01.19-16.06.22:637][821]LogModuleManager: Shutting down and abandoning module AnalyticsET (346)
[2018.01.19-16.06.22:637][821]LogModuleManager: Shutting down and abandoning module PortalServices (344)
[2018.01.19-16.06.22:637][821]LogModuleManager: Shutting down and abandoning module PortalRpc (342)
[2018.01.19-16.06.22:637][821]LogModuleManager: Shutting down and abandoning module MessagingRpc (340)
[2018.01.19-16.06.22:637][821]LogModuleManager: Shutting down and abandoning module AIModule (338)
[2018.01.19-16.06.22:637][821]LogModuleManager: Shutting down and abandoning module GameplayDebugger (337)
[2018.01.19-16.06.22:637][821]LogModuleManager: Shutting down and abandoning module AITestSuite (335)
[2018.01.19-16.06.22:637][821]LogModuleManager: Shutting down and abandoning module ProfilerService (332)
[2018.01.19-16.06.22:731][821]LogModuleManager: Shutting down and abandoning module TaskGraph (330)
[2018.01.19-16.06.22:731][821]LogModuleManager: Shutting down and abandoning module SubstanceEditor (328)
[2018.01.19-16.06.22:731][821]LogModuleManager: Shutting down and abandoning module SteamVRController (326)
[2018.01.19-16.06.22:731][821]LogModuleManager: Shutting down and abandoning module SteamVR (324)
[2018.01.19-16.06.22:731][821]LogModuleManager: Shutting down and abandoning module ProceduralMeshComponentEditor (322)
[2018.01.19-16.06.22:731][821]LogModuleManager: Shutting down and abandoning module ProceduralMeshComponent (320)
[2018.01.19-16.06.22:731][821]LogModuleManager: Shutting down and abandoning module OculusLibrary (318)
[2018.01.19-16.06.22:731][821]LogModuleManager: Shutting down and abandoning module OculusInput (316)
[2018.01.19-16.06.22:731][821]LogModuleManager: Shutting down and abandoning module MobilePatchingUtils (314)
[2018.01.19-16.06.22:731][821]LogModuleManager: Shutting down and abandoning module CustomMeshComponent (312)
[2018.01.19-16.06.22:731][821]LogModuleManager: Shutting down and abandoning module CableComponent (310)
[2018.01.19-16.06.22:731][821]LogModuleManager: Shutting down and abandoning module ArchVisCharacter (308)
[2018.01.19-16.06.22:731][821]LogModuleManager: Shutting down and abandoning module AndroidPermission (306)
[2018.01.19-16.06.22:731][821]LogModuleManager: Shutting down and abandoning module MediaPlayerEditor (302)
[2018.01.19-16.06.22:732][821]LogModuleManager: Shutting down and abandoning module HTML5Networking (300)
[2018.01.19-16.06.22:732][821]LogModuleManager: Shutting down and abandoning module AlembicImporter (298)
[2018.01.19-16.06.22:732][821]LogModuleManager: Shutting down and abandoning module AlembicLibrary (297)
[2018.01.19-16.06.22:732][821]LogModuleManager: Shutting down and abandoning module GeometryCache (296)
[2018.01.19-16.06.22:732][821]LogModuleManager: Shutting down and abandoning module GeometryCacheEd (295)
[2018.01.19-16.06.22:732][821]LogModuleManager: Shutting down and abandoning module SuperSearchEditor (290)
[2018.01.19-16.06.22:732][821]LogModuleManager: Shutting down and abandoning module SuperSearch (289)
[2018.01.19-16.06.22:732][821]LogModuleManager: Shutting down and abandoning module SpeedTreeImporter (286)
[2018.01.19-16.06.22:732][821]LogModuleManager: Shutting down and abandoning module PluginBrowser (284)
[2018.01.19-16.06.22:732][821]LogModuleManager: Shutting down and abandoning module MobileLauncherProfileWizard (282)
[2018.01.19-16.06.22:732][821]LogModuleManager: Shutting down and abandoning module VisualStudioSourceCodeAccess (280)
[2018.01.19-16.06.22:732][821]LogModuleManager: Shutting down and abandoning module DesktopPlatform (279)
[2018.01.19-16.06.22:732][821]LogModuleManager: Shutting down and abandoning module UObjectPlugin (276)
[2018.01.19-16.06.22:732][821]LogModuleManager: Shutting down and abandoning module SubversionSourceControl (274)
[2018.01.19-16.06.22:732][821]LogModuleManager: Shutting down and abandoning module PerforceSourceControl (272)
[2018.01.19-16.06.22:732][821]LogModuleManager: Shutting down and abandoning module GitSourceControl (270)
[2018.01.19-16.06.22:732][821]LogModuleManager: Shutting down and abandoning module SourceControl (269)
[2018.01.19-16.06.22:732][821]LogModuleManager: Shutting down and abandoning module LightPropagationVolumeEditor (266)
[2018.01.19-16.06.22:732][821]LogModuleManager: Shutting down and abandoning module PaperTiledImporter (264)
[2018.01.19-16.06.22:732][821]LogModuleManager: Shutting down and abandoning module PaperSpriteSheetImporter (262)
[2018.01.19-16.06.22:732][821]LogModuleManager: Shutting down and abandoning module Paper2DEditor (260)
[2018.01.19-16.06.22:732][821]LogModuleManager: Shutting down and abandoning module MeshPaint (259)
[2018.01.19-16.06.22:732][821]LogModuleManager: Shutting down and abandoning module LevelEditor (257)
[2018.01.19-16.06.22:733][821]LogModuleManager: Shutting down and abandoning module PixelInspectorModule (256)
[2018.01.19-16.06.22:733][821]LogModuleManager: Shutting down and abandoning module MainFrame (254)
[2018.01.19-16.06.22:733][821]LogModuleManager: Shutting down and abandoning module HotReload (253)
[2018.01.19-16.06.22:733][821]LogModuleManager: Shutting down and abandoning module PhysXVehiclesEditor (248)
[2018.01.19-16.06.22:733][821]LogModuleManager: Shutting down and abandoning module PhysXVehicles (246)
[2018.01.19-16.06.22:733][821]LogModuleManager: Shutting down and abandoning module LocationServicesBPLibrary (244)
[2018.01.19-16.06.22:733][821]LogModuleManager: Shutting down and abandoning module ImmediatePhysicsEditor (242)
[2018.01.19-16.06.22:733][821]LogModuleManager: Shutting down and abandoning module ImmediatePhysics (240)
[2018.01.19-16.06.22:733][821]LogModuleManager: Shutting down and abandoning module UdpMessaging (238)
[2018.01.19-16.06.22:833][821]LogModuleManager: Shutting down and abandoning module TcpMessaging (236)
[2018.01.19-16.06.22:934][821]LogModuleManager: Shutting down and abandoning module SubstanceCore (234)
[2018.01.19-16.06.22:934][821]LogModuleManager: Shutting down and abandoning module GameplayTagsEditor (232)
[2018.01.19-16.06.22:934][821]LogModuleManager: Shutting down and abandoning module FacialAnimationEditor (230)
[2018.01.19-16.06.22:934][821]LogModuleManager: Shutting down and abandoning module FacialAnimation (228)
[2018.01.19-16.06.22:934][821]LogModuleManager: Shutting down and abandoning module AssetManagerEditor (226)
[2018.01.19-16.06.22:934][821]LogModuleManager: Shutting down and abandoning module GraphEditor (225)
[2018.01.19-16.06.22:934][821]LogModuleManager: Shutting down and abandoning module ContentBrowser (223)
[2018.01.19-16.06.22:935][821]LogModuleManager: Shutting down and abandoning module LightPropagationVolumeRuntime (220)
[2018.01.19-16.06.22:935][821]LogModuleManager: Shutting down and abandoning module Paper2D (218)
[2018.01.19-16.06.22:935][821]LogModuleManager: Shutting down and abandoning module WindowsMoviePlayer (216)
[2018.01.19-16.06.22:935][821]LogModuleManager: Shutting down and abandoning module WmfMedia (214)
[2018.01.19-16.06.22:936][821]LogModuleManager: Shutting down and abandoning module ClothingSystemEditor (212)
[2018.01.19-16.06.22:936][821]LogModuleManager: Shutting down and abandoning module ClothingSystemRuntime (210)
[2018.01.19-16.06.22:936][821]LogModuleManager: Shutting down and abandoning module MediaAssets (208)
[2018.01.19-16.06.22:936][821]LogModuleManager: Shutting down and abandoning module GameLiveStreaming (206)
[2018.01.19-16.06.22:936][821]LogModuleManager: Shutting down and abandoning module VREditor (204)
[2018.01.19-16.06.22:936][821]LogModuleManager: Shutting down and abandoning module StringTableEditor (202)
[2018.01.19-16.06.22:936][821]LogModuleManager: Shutting down and abandoning module GameplayTasksEditor (200)
[2018.01.19-16.06.22:936][821]LogModuleManager: Shutting down and abandoning module BehaviorTreeEditor (198)
[2018.01.19-16.06.22:937][821]LogModuleManager: Shutting down and abandoning module FunctionalTesting (196)
[2018.01.19-16.06.22:937][821]LogModuleManager: Shutting down and abandoning module CollisionAnalyzer (194)
[2018.01.19-16.06.22:937][821]LogModuleManager: Shutting down and abandoning module UMG (192)
[2018.01.19-16.06.22:937][821]LogModuleManager: Shutting down and abandoning module UMGEditor (191)
[2018.01.19-16.06.22:937][821]LogModuleManager: Shutting down and abandoning module Sequencer (190)
[2018.01.19-16.06.22:937][821]LogModuleManager: Shutting down and abandoning module AssetTools (188)
[2018.01.19-16.06.22:937][821]LogModuleManager: Shutting down and abandoning module MessageLog (187)
[2018.01.19-16.06.22:937][821]LogModuleManager: Shutting down and abandoning module WorkspaceMenuStructure (186)
[2018.01.19-16.06.22:937][821]LogModuleManager: Shutting down and abandoning module SlateReflector (180)
[2018.01.19-16.06.22:937][821]LogModuleManager: Shutting down and abandoning module Slate (178)
[2018.01.19-16.06.22:937][821]LogModuleManager: Shutting down and abandoning module EditorStyle (176)
[2018.01.19-16.06.22:940][821]LogModuleManager: Shutting down and abandoning module SourceCodeAccess (174)
[2018.01.19-16.06.22:940][821]LogModuleManager: Shutting down and abandoning module HeadMountedDisplay (172)
[2018.01.19-16.06.22:940][821]LogModuleManager: Shutting down and abandoning module XAudio2 (170)
[2018.01.19-16.06.22:940][821]LogModuleManager: Shutting down and abandoning module Networking (168)
[2018.01.19-16.06.22:940][821]LogModuleManager: Shutting down and abandoning module Core (164)
[2018.01.19-16.06.22:940][821]LogModuleManager: Shutting down and abandoning module AssetRegistry (162)
[2018.01.19-16.06.23:118][821]LogDirectoryWatcher: A directory notification for '../../../Engine/Content/' was aborted.
[2018.01.19-16.06.23:118][821]LogDirectoryWatcher: A directory notification for '../../../../../UE4_Project/TEST/BoringMachine/Content/' was aborted.
[2018.01.19-16.06.23:118][821]LogDirectoryWatcher: A directory notification for '../../../Engine/Plugins/2D/Paper2D/Content/' was aborted.
[2018.01.19-16.06.23:118][821]LogDirectoryWatcher: A directory notification for '../../../Engine/Plugins/Runtime/GearVR/Content/' was aborted.
[2018.01.19-16.06.23:121][821]LogModuleManager: Shutting down and abandoning module DirectoryWatcher (161)
[2018.01.19-16.06.23:122][821]LogModuleManager: Shutting down and abandoning module KismetCompiler (158)
[2018.01.19-16.06.23:122][821]LogModuleManager: Shutting down and abandoning module LevelSequence (156)
[2018.01.19-16.06.23:122][821]LogModuleManager: Shutting down and abandoning module PhysXFormats (154)
[2018.01.19-16.06.23:122][821]LogModuleManager: Shutting down and abandoning module MeshUtilities (152)
[2018.01.19-16.06.23:122][821]LogModuleManager: Shutting down and abandoning module SimplygonSwarm (151)
[2018.01.19-16.06.23:122][821]LogModuleManager: Shutting down and abandoning module SimplygonMeshReduction (149)
[2018.01.19-16.06.23:122][821]LogModuleManager: Shutting down and abandoning module QuadricMeshReduction (147)
[2018.01.19-16.06.23:122][821]LogModuleManager: Shutting down and abandoning module DerivedDataCache (144)
[2018.01.19-16.06.23:136][821]LogDerivedDataCache: Shutdown
[2018.01.19-16.06.23:136][821]LogModuleManager: Shutting down and abandoning module TargetPlatform (142)
[2018.01.19-16.06.23:136][821]LogModuleManager: Shutting down and abandoning module VulkanShaderFormat (141)
[2018.01.19-16.06.23:136][821]LogModuleManager: Shutting down and abandoning module ShaderFormatVectorVM (139)
[2018.01.19-16.06.23:136][821]LogModuleManager: Shutting down and abandoning module ShaderFormatOpenGL (137)
[2018.01.19-16.06.23:136][821]LogModuleManager: Shutting down and abandoning module ShaderFormatD3D (135)
[2018.01.19-16.06.23:136][821]LogModuleManager: Shutting down and abandoning module MetalShaderFormat (133)
[2018.01.19-16.06.23:136][821]LogModuleManager: Shutting down and abandoning module TextureFormatUncompressed (131)
[2018.01.19-16.06.23:136][821]LogModuleManager: Shutting down and abandoning module TextureFormatPVR (129)
[2018.01.19-16.06.23:136][821]LogModuleManager: Shutting down and abandoning module TextureFormatDXT (127)
[2018.01.19-16.06.23:136][821]LogModuleManager: Shutting down and abandoning module TextureFormatIntelISPCTexComp (125)
[2018.01.19-16.06.23:136][821]LogModuleManager: Shutting down and abandoning module TextureFormatASTC (123)
[2018.01.19-16.06.23:136][821]LogModuleManager: Shutting down and abandoning module ImageWrapper (122)
[2018.01.19-16.06.23:136][821]LogModuleManager: Shutting down and abandoning module TextureFormatAndroid (119)
[2018.01.19-16.06.23:136][821]LogModuleManager: Shutting down and abandoning module AudioFormatOpus (117)
[2018.01.19-16.06.23:136][821]LogModuleManager: Shutting down and abandoning module AudioFormatOgg (115)
[2018.01.19-16.06.23:136][821]LogModuleManager: Shutting down and abandoning module AudioFormatADPCM (113)
[2018.01.19-16.06.23:136][821]LogModuleManager: Shutting down and abandoning module LinuxTargetPlatform (111)
[2018.01.19-16.06.23:136][821]LogModuleManager: Shutting down and abandoning module LinuxServerTargetPlatform (109)
[2018.01.19-16.06.23:136][821]LogModuleManager: Shutting down and abandoning module LinuxNoEditorTargetPlatform (107)
[2018.01.19-16.06.23:136][821]LogModuleManager: Shutting down and abandoning module LinuxClientTargetPlatform (105)
[2018.01.19-16.06.23:136][821]LogModuleManager: Shutting down and abandoning module TVOSTargetPlatform (103)
[2018.01.19-16.06.23:136][821]LogModuleManager: Shutting down and abandoning module Messaging (101)
[2018.01.19-16.06.23:136][821]LogModuleManager: Shutting down and abandoning module IOSTargetPlatform (99)
[2018.01.19-16.06.23:136][821]LogModuleManager: Shutting down and abandoning module HTML5TargetPlatform (97)
[2018.01.19-16.06.23:136][821]LogModuleManager: Shutting down and abandoning module Android_PVRTCTargetPlatform (95)
[2018.01.19-16.06.23:136][821]LogModuleManager: Shutting down and abandoning module Android_MultiTargetPlatform (93)
[2018.01.19-16.06.23:136][821]LogModuleManager: Shutting down and abandoning module Android_ETC2TargetPlatform (91)
[2018.01.19-16.06.23:136][821]LogModuleManager: Shutting down and abandoning module Android_ETC1TargetPlatform (89)
[2018.01.19-16.06.23:136][821]LogModuleManager: Shutting down and abandoning module Android_DXTTargetPlatform (87)
[2018.01.19-16.06.23:136][821]LogModuleManager: Shutting down and abandoning module Android_ATCTargetPlatform (85)
[2018.01.19-16.06.23:136][821]LogModuleManager: Shutting down and abandoning module Android_ASTCTargetPlatform (83)
[2018.01.19-16.06.23:136][821]LogModuleManager: Shutting down and abandoning module AndroidTargetPlatform (81)
[2018.01.19-16.06.23:136][821]LogModuleManager: Shutting down and abandoning module WindowsTargetPlatform (79)
[2018.01.19-16.06.23:136][821]LogModuleManager: Shutting down and abandoning module WindowsServerTargetPlatform (77)
[2018.01.19-16.06.23:137][821]LogModuleManager: Shutting down and abandoning module WindowsNoEditorTargetPlatform (75)
[2018.01.19-16.06.23:137][821]LogModuleManager: Shutting down and abandoning module WindowsClientTargetPlatform (73)
[2018.01.19-16.06.23:137][821]LogModuleManager: Shutting down and abandoning module MacTargetPlatform (71)
[2018.01.19-16.06.23:137][821]LogModuleManager: Shutting down and abandoning module MacServerTargetPlatform (69)
[2018.01.19-16.06.23:137][821]LogModuleManager: Shutting down and abandoning module MacNoEditorTargetPlatform (67)
[2018.01.19-16.06.23:137][821]LogModuleManager: Shutting down and abandoning module MacClientTargetPlatform (65)
[2018.01.19-16.06.23:137][821]LogModuleManager: Shutting down and abandoning module AllDesktopTargetPlatform (63)
[2018.01.19-16.06.23:137][821]LogModuleManager: Shutting down and abandoning module InputCore (60)
[2018.01.19-16.06.23:137][821]LogModuleManager: Shutting down and abandoning module Settings (58)
[2018.01.19-16.06.23:137][821]LogModuleManager: Shutting down and abandoning module OculusRift (56)
[2018.01.19-16.06.23:138][821]LogHMD: Oculus shutdown.
[2018.01.19-16.06.23:138][821]LogModuleManager: Shutting down and abandoning module GearVRController (54)
[2018.01.19-16.06.23:138][821]LogModuleManager: Shutting down and abandoning module GearVR (52)
[2018.01.19-16.06.23:138][821]LogModuleManager: Shutting down and abandoning module ExampleDeviceProfileSelector (50)
[2018.01.19-16.06.23:138][821]LogModuleManager: Shutting down and abandoning module OnlineBlueprintSupport (48)
[2018.01.19-16.06.23:138][821]LogModuleManager: Shutting down and abandoning module OnlineSubsystem (44)
[2018.01.19-16.06.23:138][821]LogOnline:Display: Unloading online subsystem: NULL
[2018.01.19-16.06.23:138][821]LogModuleManager: Shutting down and abandoning module XMPP (43)
[2018.01.19-16.06.23:138][821]LogModuleManager: Shutting down and abandoning module HTTP (41)
[2018.01.19-16.06.23:138][821]LogHttp:Display: Http module shutting down, but needs to wait on 1 outstanding Http requests:
[2018.01.19-16.06.23:138][821]LogHttp:Display: 	verb=[POST] url=[https://datarouter.ol.epicgames.com/datarouter/api/v1/public/data?SessionID=%7B10E73747-4FB6-8DCB-FB0C-06869864ABB3%7D&AppID=UEEditor.Rocket.Release&AppVersion=4.16.3-3561208%2B%2B%2BUE4%2BRelease-4.16&UserID=ff1163694f33f79656fd72a56a9dd0c2%7C9b78482a5632474b97854dec7515c72e%7C457b8a5b-5b52-4830-b230-b39bec575c9b&AppEnvironment=datacollector-binary&UploadType=eteventstream] status=Processing
[2018.01.19-16.06.23:170][821]LogModuleManager: Shutting down and abandoning module SSL (40)
[2018.01.19-16.06.23:171][821]LogModuleManager: Shutting down and abandoning module HTTPChunkInstaller (36)
[2018.01.19-16.06.23:171][821]LogModuleManager: Shutting down and abandoning module AnimationModifiers (34)
[2018.01.19-16.06.23:171][821]LogModuleManager: Shutting down and abandoning module PropertyEditor (33)
[2018.01.19-16.06.23:171][821]LogModuleManager: Shutting down and abandoning module AudioEditor (30)
[2018.01.19-16.06.23:171][821]LogModuleManager: Shutting down and abandoning module TextureCompressor (28)
[2018.01.19-16.06.23:171][821]LogModuleManager: Shutting down and abandoning module ShaderCore (26)
[2018.01.19-16.06.23:171][821]LogModuleManager: Shutting down and abandoning module Landscape (24)
[2018.01.19-16.06.23:171][821]LogModuleManager: Shutting down and abandoning module SlateRHIRenderer (22)
[2018.01.19-16.06.23:173][821]LogModuleManager: Shutting down and abandoning module OpenGLDrv (20)
[2018.01.19-16.06.23:173][821]LogModuleManager: Shutting down and abandoning module D3D11RHI (18)
[2018.01.19-16.06.23:173][821]LogModuleManager: Shutting down and abandoning module AnimGraphRuntime (16)
[2018.01.19-16.06.23:173][821]LogModuleManager: Shutting down and abandoning module Renderer (14)
[2018.01.19-16.06.23:173][821]LogModuleManager: Shutting down and abandoning module Engine (12)
[2018.01.19-16.06.23:173][821]LogModuleManager: Shutting down and abandoning module CoreUObject (10)
[2018.01.19-16.06.23:173][821]LogModuleManager: Shutting down and abandoning module NetworkFile (8)
[2018.01.19-16.06.23:173][821]LogModuleManager: Shutting down and abandoning module StreamingFile (6)
[2018.01.19-16.06.23:173][821]LogModuleManager: Shutting down and abandoning module SandboxFile (4)
[2018.01.19-16.06.23:173][821]LogModuleManager: Shutting down and abandoning module PakFile (2)
[2018.01.19-16.06.23:175][821]LogExit: Exiting.
[2018.01.19-16.06.23:183][821]Log file closed, 01/20/18 00:06:23
